Scenario - phase2_matchingPennies_algorithm1
Logfile written - 06/10/2023 12:37:01

Subject	Trial	Event Type	Code	Time	TTime	Uncertainty	Duration	Uncertainty	ReqTime	ReqDur	Stim Type	Pair Index

23514	1	Nothing	61	10512	0	1			0		other	0
23514	1	Manual	06/10/2023 12:15:19	10665	153	NA
23514	1	Port Input	1	125130	114619	4
23514	1	Response	2	125130	114619	4
23514	1	Port Input	2	126864	116353	4
23514	1	Response	3	126864	116353	4
23514	1	Port Input	1	128662	118151	4
23514	1	Response	2	128662	118151	4
23514	1	Port Input	1	195538	185026	4
23514	1	Response	2	195538	185026	4
23514	1	Port Input	1	195542	185030	4
23514	1	Port Input	1	195545	185034	3
23514	1	Port Input	2	196842	186330	4
23514	1	Response	3	196842	186330	4
23514	1	Port Input	2	328084	317572	3
23514	1	Response	3	328084	317572	3
23514	1	Port Input	2	329474	318962	6
23514	1	Response	3	329474	318962	6
23514	2	Nothing	52	675460	0	1			0		other	0
23514	2	Port Input	1	683075	7615	7
23514	2	Response	2	683075	7615	7
23514	3	Nothing	1000	683096	0	1			0		other	0
23514	4	Nothing	62	683203	0	1			0		other	0
23514	5	Nothing	110	683315	0	1			0		other	0
23514	6	Nothing	19	713846	0	1			0		other	0
23514	7	Nothing	52	747763	0	1			0		other	0
23514	7	Port Input	1	751577	3814	5
23514	7	Response	2	751577	3814	5
23514	8	Nothing	1000	751596	0	1			0		other	0
23514	9	Nothing	62	751703	0	0			0		other	0
23514	10	Nothing	110	751816	0	1			0		false_alarm	33
23514	10	Port Input	1	753326	1510	6
23514	10	Response	2	753326	1510	6
23514	10	Port Input	1	755128	3313	3
23514	10	Response	2	755128	3313	3
23514	10	Port Input	1	755132	3317	4
23514	10	Port Input	1	755136	3320	4
23514	11	Nothing	19	782097	0	1			0		other	0
23514	12	Nothing	51	793578	0	1			0		other	0
23514	12	Port Input	2	799341	5763	4
23514	12	Response	3	799341	5763	4
23514	13	Nothing	1000	799355	0	1			0		other	0
23514	14	Nothing	62	799464	0	0			0		other	0
23514	15	Nothing	101	799581	0	1			0		false_alarm	46
23514	15	Port Input	2	800909	1328	4
23514	15	Response	3	800909	1328	4
23514	15	Port Input	2	800914	1333	3
23514	16	Nothing	19	829953	0	1			0		other	0
23514	17	Nothing	52	855328	0	0			0		other	0
23514	17	Port Input	1	862873	7545	3
23514	17	Response	2	862873	7545	3
23514	17	Port Input	1	862878	7550	5
23514	18	Nothing	1000	862885	0	1			0		other	0
23514	19	Nothing	62	862994	0	1			0		other	0
23514	20	Nothing	110	863110	0	1			0		false_alarm	57
23514	20	Port Input	2	864430	1320	4
23514	20	Response	3	864430	1320	4
23514	20	Port Input	2	864434	1324	4
23514	20	Port Input	2	865987	2877	4
23514	20	Response	3	865987	2877	4
23514	21	Nothing	19	893509	0	1			0		other	0
23514	23	Nothing	51	940477	0	0			0		other	0
23514	23	Port Input	1	945918	5441	4
23514	23	Response	2	945918	5441	4
23514	24	Nothing	1000	945932	0	1			0		other	0
23514	25	Nothing	62	946039	0	1			0		other	0
23514	26	Nothing	100	946157	0	1			0		false_alarm	69
23514	26	Port Input	2	947777	1620	3
23514	26	Response	3	947777	1620	3
23514	26	Port Input	2	949103	2946	3
23514	26	Response	3	949103	2946	3
23514	27	Nothing	19	976847	0	1			0		other	0
23514	28	Nothing	51	997603	0	1			0		other	0
23514	28	Port Input	1	1003543	5940	5
23514	28	Response	2	1003543	5940	5
23514	29	Nothing	1000	1003559	0	1			0		other	0
23514	30	Nothing	62	1003666	0	1			0		other	0
23514	31	Nothing	100	1003785	0	0			0		false_alarm	80
23514	31	Port Input	2	1007117	3332	4
23514	31	Response	3	1007117	3332	4
23514	32	Nothing	19	1036394	0	1			0		other	0
23514	33	Nothing	52	1076916	0	1			0		other	0
23514	33	Port Input	2	1083497	6581	4
23514	33	Response	3	1083497	6581	4
23514	33	Port Input	2	1083503	6587	5
23514	34	Nothing	1000	1083510	0	1			0		other	0
23514	35	Nothing	62	1083619	0	1			0		other	0
23514	36	Nothing	111	1083746	0	1			0		false_alarm	90
23514	36	Port Input	2	1084957	1211	4
23514	36	Response	3	1084957	1211	4
23514	36	Port Input	2	1084960	1215	4
23514	37	Nothing	19	1116455	0	0			0		other	0
23514	38	Nothing	52	1146271	0	1			0		other	0
23514	38	Port Input	2	1150523	4252	4
23514	38	Response	3	1150523	4252	4
23514	39	Nothing	1000	1150538	0	1			0		other	0
23514	40	Nothing	62	1150645	0	1			0		other	0
23514	41	Nothing	111	1150764	0	1			0		false_alarm	100
23514	41	Port Input	2	1152882	2118	3
23514	41	Response	3	1152882	2118	3
23514	41	Port Input	2	1154376	3612	3
23514	41	Response	3	1154376	3612	3
23514	41	Port Input	2	1156086	5322	3
23514	41	Response	3	1156086	5322	3
23514	41	Port Input	2	1156089	5325	3
23514	41	Port Input	2	1157610	6846	4
23514	41	Response	3	1157610	6846	4
23514	41	Port Input	2	1159155	8391	4
23514	41	Response	3	1159155	8391	4
23514	41	Port Input	2	1159159	8395	4
23514	41	Port Input	2	1160842	10078	4
23514	41	Response	3	1160842	10078	4
23514	42	Nothing	19	1183340	0	1			0		other	0
23514	42	Port Input	2	1187966	4626	4
23514	42	Response	3	1187966	4626	4
23514	42	Port Input	2	1189408	6068	3
23514	42	Response	3	1189408	6068	3
23514	42	Port Input	2	1190974	7634	5
23514	42	Response	3	1190974	7634	5
23514	43	Nothing	19	1210047	0	1			0		other	0
23514	44	Nothing	52	1251667	0	0			0		other	0
23514	44	Port Input	2	1254924	3257	3
23514	44	Response	3	1254924	3257	3
23514	45	Nothing	1000	1254936	0	1			0		other	0
23514	46	Nothing	62	1255045	0	1			0		other	0
23514	47	Nothing	111	1255165	0	0			0		false_alarm	128
23514	47	Port Input	2	1256308	1144	4
23514	47	Response	3	1256308	1144	4
23514	47	Port Input	2	1257556	2391	4
23514	47	Response	3	1257556	2391	4
23514	47	Port Input	2	1258781	3616	8
23514	47	Response	3	1258781	3616	8
23514	47	Port Input	2	1260013	4848	4
23514	47	Response	3	1260013	4848	4
23514	47	Port Input	2	1261281	6116	4
23514	47	Response	3	1261281	6116	4
23514	47	Port Input	2	1262511	7347	4
23514	47	Response	3	1262511	7347	4
23514	47	Port Input	1	1263686	8522	4
23514	47	Response	2	1263686	8522	4
23514	47	Port Input	2	1265248	10083	3
23514	47	Response	3	1265248	10083	3
23514	47	Port Input	2	1266670	11506	4
23514	47	Response	3	1266670	11506	4
23514	47	Port Input	1	1267854	12689	4
23514	47	Response	2	1267854	12689	4
23514	47	Port Input	1	1267861	12696	5
23514	47	Port Input	2	1269466	14301	4
23514	47	Response	3	1269466	14301	4
23514	47	Port Input	2	1269470	14305	4
23514	47	Port Input	2	1270848	15683	4
23514	47	Response	3	1270848	15683	4
23514	47	Port Input	2	1270851	15687	3
23514	48	Nothing	19	1287769	0	1			0		other	0
23514	50	Nothing	51	1301339	0	1			0		other	0
23514	50	Port Input	2	1304823	3484	4
23514	50	Response	3	1304823	3484	4
23514	51	Nothing	1000	1304836	0	1			0		other	0
23514	52	Nothing	62	1304942	0	1			0		other	0
23514	53	Nothing	101	1305059	0	1			0		false_alarm	162
23514	53	Port Input	2	1306313	1253	5
23514	53	Response	3	1306313	1253	5
23514	53	Port Input	2	1307889	2830	4
23514	53	Response	3	1307889	2830	4
23514	53	Port Input	2	1309395	4336	3
23514	53	Response	3	1309395	4336	3
23514	53	Port Input	2	1311092	6032	5
23514	53	Response	3	1311092	6032	5
23514	54	Nothing	19	1337643	0	1			0		other	0
23514	55	Nothing	51	1366151	0	1			0		other	0
23514	55	Port Input	2	1369562	3411	4
23514	55	Response	3	1369562	3411	4
23514	56	Nothing	1000	1369577	0	1			0		other	0
23514	57	Nothing	62	1369685	0	1			0		other	0
23514	58	Nothing	101	1369801	0	1			0		false_alarm	177
23514	58	Port Input	2	1371020	1219	4
23514	58	Response	3	1371020	1219	4
23514	58	Port Input	2	1372478	2676	3
23514	58	Response	3	1372478	2676	3
23514	58	Port Input	2	1373933	4131	3
23514	58	Response	3	1373933	4131	3
23514	59	Nothing	19	1402386	0	1			0		other	0
23514	60	Nothing	51	1430305	0	0			0		other	0
23514	60	Port Input	2	1433629	3324	3
23514	60	Response	3	1433629	3324	3
23514	60	Port Input	2	1433632	3327	4
23514	61	Nothing	1000	1433641	0	0			0		other	0
23514	62	Nothing	62	1433748	0	1			0		other	0
23514	63	Nothing	101	1433865	0	1			0		false_alarm	191
23514	63	Port Input	2	1434935	1070	3
23514	63	Response	3	1434935	1070	3
23514	63	Port Input	2	1434938	1074	3
23514	63	Port Input	2	1436256	2391	4
23514	63	Response	3	1436256	2391	4
23514	64	Nothing	19	1466437	0	1			0		other	0
23514	65	Nothing	52	1483040	0	1			0		other	0
23514	65	Port Input	2	1486695	3654	4
23514	65	Response	3	1486695	3654	4
23514	66	Nothing	1000	1486710	0	1			0		other	0
23514	67	Nothing	62	1486818	0	1			0		other	0
23514	68	Nothing	111	1486936	0	1			0		false_alarm	203
23514	68	Port Input	2	1488416	1480	3
23514	68	Response	3	1488416	1480	3
23514	68	Port Input	2	1489761	2825	4
23514	68	Response	3	1489761	2825	4
23514	68	Port Input	2	1491010	4074	4
23514	68	Response	3	1491010	4074	4
23514	68	Port Input	2	1492294	5358	3
23514	68	Response	3	1492294	5358	3
23514	68	Port Input	2	1493703	6767	4
23514	68	Response	3	1493703	6767	4
23514	68	Port Input	2	1495069	8133	4
23514	68	Response	3	1495069	8133	4
23514	68	Port Input	2	1496526	9590	3
23514	68	Response	3	1496526	9590	3
23514	68	Port Input	2	1498035	11099	4
23514	68	Response	3	1498035	11099	4
23514	68	Port Input	2	1499682	12746	4
23514	68	Response	3	1499682	12746	4
23514	68	Port Input	2	1501092	14156	4
23514	68	Response	3	1501092	14156	4
23514	68	Port Input	2	1501095	14160	4
23514	69	Nothing	19	1519646	0	1			0		other	0
23514	70	Nothing	51	1543276	0	1			0		other	0
23514	70	Port Input	2	1545562	2286	4
23514	70	Response	3	1545562	2286	4
23514	70	Port Input	2	1545566	2290	4
23514	71	Nothing	1000	1545577	0	1			0		other	0
23514	72	Nothing	62	1545685	0	1			0		other	0
23514	73	Nothing	101	1545800	0	1			0		false_alarm	232
23514	73	Port Input	2	1546928	1128	3
23514	73	Response	3	1546928	1128	3
23514	73	Port Input	2	1548707	2907	4
23514	73	Response	3	1548707	2907	4
23514	73	Port Input	2	1550169	4369	4
23514	73	Response	3	1550169	4369	4
23514	73	Port Input	2	1551829	6029	3
23514	73	Response	3	1551829	6029	3
23514	73	Port Input	2	1553491	7691	5
23514	73	Response	3	1553491	7691	5
23514	74	Nothing	19	1578387	0	1			0		other	0
23514	76	Nothing	51	1590708	0	1			0		other	0
23514	76	Port Input	2	1592796	2088	4
23514	76	Response	3	1592796	2088	4
23514	77	Nothing	1000	1592810	0	1			0		other	0
23514	78	Nothing	62	1592918	0	1			0		other	0
23514	79	Nothing	101	1593035	0	1			0		false_alarm	249
23514	79	Port Input	2	1594335	1300	3
23514	79	Response	3	1594335	1300	3
23514	79	Port Input	2	1595986	2951	4
23514	79	Response	3	1595986	2951	4
23514	79	Port Input	2	1597751	4716	4
23514	79	Response	3	1597751	4716	4
23514	80	Nothing	19	1625621	0	1			0		other	0
23514	81	Nothing	51	1661438	0	1			0		other	0
23514	81	Port Input	2	1663403	1965	3
23514	81	Response	3	1663403	1965	3
23514	81	Port Input	2	1663407	1969	4
23514	82	Nothing	1000	1663416	0	1			0		other	0
23514	83	Nothing	62	1663523	0	1			0		other	0
23514	84	Nothing	101	1663638	0	1			0		false_alarm	263
23514	84	Port Input	2	1664690	1052	3
23514	84	Response	3	1664690	1052	3
23514	84	Port Input	2	1664694	1056	5
23514	84	Port Input	2	1666119	2481	5
23514	84	Response	3	1666119	2481	5
23514	84	Port Input	2	1667725	4087	3
23514	84	Response	3	1667725	4087	3
23514	84	Port Input	2	1669528	5890	4
23514	84	Response	3	1669528	5890	4
23514	84	Port Input	2	1669531	5893	3
23514	84	Port Input	2	1671212	7574	4
23514	84	Response	3	1671212	7574	4
23514	85	Nothing	19	1696204	0	1			0		other	0
23514	86	Nothing	51	1735138	0	1			0		other	0
23514	86	Port Input	2	1738440	3302	3
23514	86	Response	3	1738440	3302	3
23514	87	Nothing	1000	1738452	0	1			0		other	0
23514	88	Nothing	62	1738560	0	1			0		other	0
23514	89	Nothing	101	1738674	0	1			0		false_alarm	282
23514	89	Port Input	2	1739851	1177	3
23514	89	Response	3	1739851	1177	3
23514	89	Port Input	2	1741311	2637	3
23514	89	Response	3	1741311	2637	3
23514	90	Nothing	19	1771318	0	1			0		other	0
23514	91	Nothing	51	1800799	0	1			0		other	0
23514	91	Port Input	2	1804427	3629	4
23514	91	Response	3	1804427	3629	4
23514	92	Nothing	1000	1804442	0	1			0		other	0
23514	93	Nothing	62	1804548	0	1			0		other	0
23514	94	Nothing	101	1804664	0	1			0		false_alarm	293
23514	94	Port Input	2	1805839	1175	9
23514	94	Response	3	1805839	1175	9
23514	94	Port Input	2	1805847	1184	4
23514	94	Port Input	2	1807267	2603	4
23514	94	Response	3	1807267	2603	4
23514	95	Nothing	19	1837297	0	1			0		other	0
23514	95	Port Input	2	1842702	5404	4
23514	95	Port Input	2	1842705	5408	3
23514	96	Nothing	51	1852601	0	1			0		other	0
23514	96	Port Input	2	1853333	732	4
23514	96	Response	3	1853333	732	4
23514	97	Nothing	1000	1853353	0	1			0		other	0
23514	98	Nothing	62	1853461	0	1			0		other	0
23514	99	Nothing	101	1853572	0	1			0		false_alarm	307
23514	99	Port Input	2	1854898	1326	4
23514	99	Response	3	1854898	1326	4
23514	99	Port Input	2	1856465	2893	4
23514	99	Response	3	1856465	2893	4
23514	100	Nothing	19	1886131	0	1			0		other	0
23514	102	Nothing	51	1905270	0	1			0		other	0
23514	102	Port Input	2	1908699	3429	4
23514	102	Response	3	1908699	3429	4
23514	103	Nothing	1000	1908711	0	1			0		other	0
23514	104	Nothing	62	1908817	0	0			0		other	0
23514	105	Nothing	101	1908933	0	1			0		false_alarm	318
23514	105	Port Input	2	1910229	1297	4
23514	105	Response	3	1910229	1297	4
23514	105	Port Input	2	1910233	1300	4
23514	106	Nothing	19	1941558	0	1			0		other	0
23514	107	Nothing	51	1969684	0	1			0		other	0
23514	107	Port Input	2	1973212	3528	4
23514	107	Response	3	1973212	3528	4
23514	108	Nothing	1000	1973227	0	1			0		other	0
23514	109	Nothing	62	1973335	0	1			0		other	0
23514	110	Nothing	101	1973449	0	1			0		false_alarm	328
23514	110	Port Input	2	1974457	1008	4
23514	110	Response	3	1974457	1008	4
23514	111	Nothing	19	2005997	0	1			0		other	0
23514	112	Nothing	51	2026624	0	1			0		other	0
23514	112	Port Input	2	2029721	3098	4
23514	112	Response	3	2029721	3098	4
23514	112	Port Input	2	2029725	3101	5
23514	113	Nothing	1000	2029735	0	1			0		other	0
23514	114	Nothing	62	2029842	0	0			0		other	0
23514	115	Nothing	101	2029955	0	1			0		false_alarm	338
23514	115	Port Input	2	2031096	1141	4
23514	115	Response	3	2031096	1141	4
23514	116	Nothing	19	2062829	0	1			0		other	0
23514	117	Nothing	51	2111592	0	1			0		other	0
23514	117	Port Input	2	2114932	3340	3
23514	117	Response	3	2114932	3340	3
23514	117	Port Input	2	2114935	3343	4
23514	118	Nothing	1000	2114944	0	1			0		other	0
23514	119	Nothing	62	2115052	0	1			0		other	0
23514	120	Nothing	101	2115166	0	1			0		false_alarm	348
23514	120	Port Input	2	2116142	976	3
23514	120	Response	3	2116142	976	3
23514	121	Nothing	19	2147789	0	1			0		other	0
23514	122	Nothing	51	2177046	0	1			0		other	0
23514	122	Port Input	2	2179650	2603	4
23514	122	Response	3	2179650	2603	4
23514	123	Nothing	1000	2179664	0	1			0		other	0
23514	124	Nothing	62	2179771	0	1			0		other	0
23514	125	Nothing	101	2179883	0	1			0		false_alarm	357
23514	125	Port Input	2	2181209	1326	8
23514	125	Response	3	2181209	1326	8
23514	126	Nothing	19	2212477	0	1			0		other	0
23514	128	Nothing	51	2231060	0	1			0		other	0
23514	128	Port Input	2	2233883	2823	4
23514	128	Response	3	2233883	2823	4
23514	129	Nothing	1000	2233898	0	1			0		other	0
23514	130	Nothing	62	2234003	0	1			0		other	0
23514	131	Nothing	101	2234117	0	1			0		false_alarm	366
23514	131	Port Input	2	2235135	1018	4
23514	131	Response	3	2235135	1018	4
23514	132	Nothing	19	2266716	0	1			0		other	0
23514	133	Nothing	51	2312474	0	1			0		other	0
23514	133	Port Input	2	2314588	2114	4
23514	133	Response	3	2314588	2114	4
23514	134	Nothing	1000	2314602	0	1			0		other	0
23514	135	Nothing	62	2314710	0	1			0		other	0
23514	136	Nothing	101	2314824	0	1			0		false_alarm	375
23514	136	Port Input	2	2316137	1313	3
23514	136	Response	3	2316137	1313	3
23514	137	Nothing	19	2347400	0	1			0		other	0
23514	138	Nothing	51	2370260	0	1			0		other	0
23514	138	Port Input	2	2373341	3081	4
23514	138	Response	3	2373341	3081	4
23514	139	Nothing	1000	2373358	0	1			0		other	0
23514	140	Nothing	62	2373466	0	1			0		other	0
23514	141	Nothing	101	2373581	0	1			0		other	0
23514	142	Nothing	19	2406216	0	1			0		other	0
23514	143	Nothing	51	2429492	0	1			0		other	0
23514	143	Port Input	2	2432632	3140	4
23514	143	Response	3	2432632	3140	4
23514	144	Nothing	1002	2432647	0	1			0		other	0
23514	145	Nothing	63	2432761	0	1			0		other	0
23514	146	Nothing	101	2432877	0	0			0		false_alarm	391
23514	146	Port Input	2	2434219	1343	4
23514	146	Response	3	2434219	1343	4
23514	147	Nothing	19	2465430	0	1			0		other	0
23514	148	Nothing	51	2483506	0	0			0		other	0
23514	148	Port Input	2	2485626	2120	3
23514	148	Response	3	2485626	2120	3
23514	149	Nothing	1000	2485639	0	0			0		other	0
23514	150	Nothing	62	2485745	0	0			0		other	0
23514	151	Nothing	101	2485860	0	1			0		false_alarm	400
23514	151	Port Input	2	2487044	1184	3
23514	151	Response	3	2487044	1184	3
23514	152	Nothing	19	2518439	0	1			0		other	0
23514	154	Nothing	51	2533610	0	1			0		other	0
23514	154	Port Input	2	2536798	3188	4
23514	154	Response	3	2536798	3188	4
23514	155	Nothing	1000	2536811	0	1			0		other	0
23514	156	Nothing	62	2536919	0	0			0		other	0
23514	157	Nothing	101	2537033	0	1			0		false_alarm	409
23514	157	Port Input	2	2538126	1093	4
23514	157	Response	3	2538126	1093	4
23514	157	Port Input	2	2538129	1097	3
23514	158	Nothing	19	2569647	0	1			0		other	0
23514	159	Nothing	51	2582861	0	1			0		other	0
23514	159	Port Input	2	2585631	2769	4
23514	159	Response	3	2585631	2769	4
23514	160	Nothing	1002	2585646	0	1			0		other	0
23514	161	Nothing	63	2585755	0	1			0		other	0
23514	162	Nothing	101	2585869	0	1			0		false_alarm	419
23514	162	Port Input	2	2586830	961	4
23514	162	Response	3	2586830	961	4
23514	163	Nothing	19	2618424	0	1			0		other	0
23514	164	Nothing	51	2630301	0	1			0		other	0
23514	164	Port Input	2	2632304	2003	4
23514	164	Response	3	2632304	2003	4
23514	165	Nothing	1000	2632320	0	1			0		other	0
23514	166	Nothing	62	2632435	0	1			0		other	0
23514	167	Nothing	101	2632551	0	0			0		false_alarm	428
23514	167	Port Input	2	2633719	1168	4
23514	167	Response	3	2633719	1168	4
23514	167	Port Input	2	2633723	1172	4
23514	168	Nothing	19	2665104	0	1			0		other	0
23514	169	Nothing	51	2684510	0	1			0		other	0
23514	169	Port Input	2	2687842	3332	4
23514	169	Response	3	2687842	3332	4
23514	170	Nothing	1000	2687855	0	1			0		other	0
23514	171	Nothing	62	2687963	0	1			0		other	0
23514	172	Nothing	101	2688076	0	1			0		false_alarm	438
23514	172	Port Input	2	2689406	1330	5
23514	172	Response	3	2689406	1330	5
23514	173	Nothing	19	2720687	0	0			0		other	0
23514	174	Nothing	51	2731331	0	1			0		other	0
23514	174	Port Input	2	2734331	3000	5
23514	174	Response	3	2734331	3000	5
23514	175	Nothing	1000	2734354	0	1			0		other	0
23514	176	Nothing	62	2734461	0	1			0		other	0
23514	177	Nothing	101	2734573	0	1			0		other	0
23514	178	Nothing	19	2767161	0	1			0		other	0
23514	180	Nothing	51	2799590	0	1			0		other	0
23514	180	Port Input	2	2802429	2839	4
23514	180	Response	3	2802429	2839	4
23514	180	Port Input	2	2802432	2842	4
23514	181	Nothing	1000	2802442	0	1			0		other	0
23514	182	Nothing	62	2802550	0	1			0		other	0
23514	183	Nothing	101	2802663	0	0			0		false_alarm	455
23514	183	Port Input	2	2803796	1133	5
23514	183	Response	3	2803796	1133	5
23514	184	Nothing	19	2835254	0	0			0		other	0
23514	185	Nothing	51	2853389	0	1			0		other	0
23514	185	Port Input	2	2856562	3173	4
23514	185	Response	3	2856562	3173	4
23514	186	Nothing	1002	2856575	0	1			0		other	0
23514	187	Nothing	63	2856685	0	1			0		other	0
23514	188	Nothing	101	2856800	0	1			0		false_alarm	464
23514	188	Port Input	2	2858178	1378	4
23514	188	Response	3	2858178	1378	4
23514	189	Nothing	19	2889418	0	1			0		other	0
23514	190	Nothing	51	2922386	0	1			0		other	0
23514	190	Port Input	2	2924338	1952	4
23514	190	Response	3	2924338	1952	4
23514	191	Nothing	1000	2924352	0	1			0		other	0
23514	192	Nothing	62	2924459	0	1			0		other	0
23514	193	Nothing	101	2924574	0	1			0		false_alarm	473
23514	193	Port Input	2	2925631	1057	4
23514	193	Response	3	2925631	1057	4
23514	194	Nothing	19	2957199	0	1			0		other	0
23514	195	Nothing	51	3003538	0	1			0		other	0
23514	195	Port Input	2	3005375	1837	4
23514	195	Response	3	3005375	1837	4
23514	196	Nothing	1000	3005390	0	1			0		other	0
23514	197	Nothing	62	3005498	0	1			0		other	0
23514	198	Nothing	101	3005612	0	1			0		false_alarm	482
23514	198	Port Input	2	3006514	902	8
23514	198	Response	3	3006514	902	8
23514	199	Nothing	19	3038586	0	0			0		other	0
23514	199	Port Input	2	3053124	14538	4
23514	199	Response	3	3053124	14538	4
23514	200	Nothing	19	3053996	0	1			0		other	0
23514	201	Nothing	51	3092097	0	1			0		other	0
23514	201	Port Input	2	3095042	2945	5
23514	201	Response	3	3095042	2945	5
23514	202	Nothing	1002	3095067	0	1			0		other	0
23514	203	Nothing	63	3095184	0	1			0		other	0
23514	204	Nothing	101	3095306	0	1			0		false_alarm	494
23514	204	Port Input	2	3096439	1133	7
23514	204	Response	3	3096439	1133	7
23514	205	Nothing	19	3128788	0	1			0		other	0
23514	205	Port Input	2	3138890	10102	4
23514	205	Response	3	3138890	10102	4
23514	206	Nothing	19	3162166	0	1			0		other	0
23514	208	Nothing	51	3177013	0	1			0		other	0
23514	208	Port Input	2	3180253	3240	5
23514	208	Response	3	3180253	3240	5
23514	209	Nothing	1000	3180274	0	1			0		other	0
23514	210	Nothing	62	3180384	0	1			0		other	0
23514	211	Nothing	101	3180504	0	1			0		other	0
23514	212	Nothing	19	3213900	0	1			0		other	0
23514	213	Nothing	51	3232379	0	1			0		other	0
23514	213	Port Input	2	3235310	2931	3
23514	213	Response	3	3235310	2931	3
23514	214	Nothing	1000	3235328	0	1			0		other	0
23514	215	Nothing	62	3235438	0	1			0		other	0
23514	216	Nothing	101	3235576	0	0			0		other	0
23514	217	Nothing	19	3268954	0	0			0		other	0
23514	218	Nothing	51	3282966	0	0			0		other	0
23514	218	Port Input	2	3291291	8325	4
23514	218	Response	3	3291291	8325	4
23514	219	Nothing	1000	3291308	0	1			0		other	0
23514	220	Nothing	62	3291418	0	1			0		other	0
23514	221	Nothing	101	3291536	0	1			0		false_alarm	522
23514	221	Port Input	2	3293315	1780	4
23514	221	Port Input	2	3293369	1833	5
23514	221	Port Input	2	3300022	8487	5
23514	221	Response	3	3300022	8487	5
23514	222	Nothing	19	3324920	0	1			0		other	0
23514	223	Nothing	51	3346804	0	1			0		other	0
23514	223	Port Input	2	3349591	2787	4
23514	223	Response	3	3349591	2787	4
23514	224	Nothing	1000	3349606	0	1			0		other	0
23514	225	Nothing	62	3349714	0	1			0		other	0
23514	226	Nothing	101	3349833	0	1			0		other	0
23514	227	Nothing	19	3383732	0	1			0		other	0
23514	228	Nothing	51	3394241	0	1			0		other	0
23514	228	Port Input	2	3397337	3096	4
23514	228	Response	3	3397337	3096	4
23514	229	Nothing	1000	3397367	0	1			0		other	0
23514	230	Nothing	62	3397477	0	1			0		other	0
23514	231	Nothing	101	3397592	0	1			0		other	0
23514	232	Nothing	19	3431027	0	1			0		other	0
23514	234	Nothing	51	3448753	0	1			0		other	0
23514	234	Port Input	2	3452789	4036	4
23514	234	Response	3	3452789	4036	4
23514	235	Nothing	1000	3452806	0	1			0		other	0
23514	236	Nothing	62	3452915	0	1			0		other	0
23514	237	Nothing	101	3453034	0	1			0		other	0
23514	238	Nothing	19	3486447	0	1			0		other	0
23514	239	Nothing	51	3499600	0	0			0		other	0
23514	239	Port Input	2	3502771	3170	4
23514	239	Response	3	3502771	3170	4
23514	240	Nothing	1000	3502795	0	1			0		other	0
23514	241	Nothing	62	3502904	0	1			0		other	0
23514	242	Nothing	101	3503027	0	1			0		false_alarm	552
23514	242	Port Input	2	3504205	1178	4
23514	242	Response	3	3504205	1178	4
23514	243	Nothing	19	3536555	0	1			0		other	0
23514	244	Nothing	51	3562507	0	1			0		other	0
23514	244	Port Input	2	3564755	2248	8
23514	244	Response	3	3564755	2248	8
23514	245	Nothing	1000	3564795	0	1			0		other	0
23514	246	Nothing	62	3564903	0	1			0		other	0
23514	247	Nothing	101	3565021	0	0			0		false_alarm	561
23514	247	Port Input	2	3566308	1286	4
23514	247	Response	3	3566308	1286	4
23514	247	Port Input	2	3567750	2728	5
23514	247	Response	3	3567750	2728	5
23514	247	Port Input	2	3595624	30603	4
23514	247	Response	3	3595624	30603	4
23514	248	Nothing	19	3598562	0	1			0		other	0
23514	249	Nothing	51	3632228	0	1			0		other	0
23514	249	Port Input	2	3635536	3308	4
23514	249	Response	3	3635536	3308	4
23514	250	Nothing	1000	3635552	0	1			0		other	0
23514	251	Nothing	62	3635673	0	1			0		other	0
23514	252	Nothing	101	3635790	0	0			0		other	0
23514	253	Nothing	19	3669283	0	1			0		other	0
23514	254	Nothing	51	3694046	0	1			0		other	0
23514	255	Nothing	77	3714059	0	1			0		other	0
23514	256	Nothing	1000	3744065	0	1			0		other	0
23514	257	Nothing	19	3747106	0	1			0		other	0
23514	259	Nothing	51	3759556	0	1			0		other	0
23514	259	Port Input	2	3764603	5047	4
23514	259	Response	3	3764603	5047	4
23514	260	Nothing	1000	3764623	0	1			0		other	0
23514	261	Nothing	62	3764732	0	1			0		other	0
23514	262	Nothing	101	3764852	0	1			0		other	0
23514	263	Nothing	19	3798583	0	1			0		other	0
23514	264	Nothing	51	3810871	0	0			0		other	0
23514	264	Port Input	1	3813181	2310	5
23514	264	Response	2	3813181	2310	5
23514	265	Nothing	1000	3813224	0	1			0		other	0
23514	266	Nothing	62	3813334	0	1			0		other	0
23514	267	Nothing	100	3813461	0	1			0		false_alarm	592
23514	267	Port Input	1	3815159	1699	5
23514	267	Response	2	3815159	1699	5
23514	267	Port Input	2	3818836	5375	4
23514	267	Response	3	3818836	5375	4
23514	267	Port Input	2	3824012	10552	4
23514	267	Response	3	3824012	10552	4
23514	267	Port Input	2	3825841	12380	5
23514	267	Response	3	3825841	12380	5
23514	268	Nothing	19	3847229	0	1			0		other	0
23514	269	Nothing	51	3894736	0	1			0		other	0
23514	270	Nothing	77	3914749	0	1			0		other	0
23514	271	Nothing	1000	3944757	0	0			0		other	0
23514	272	Nothing	19	3947836	0	1			0		other	0
23514	273	Nothing	51	3967680	0	1			0		other	0
23514	273	Port Input	2	3970745	3065	5
23514	273	Response	3	3970745	3065	5
23514	274	Nothing	1000	3970761	0	0			0		other	0
23514	275	Nothing	62	3970880	0	1			0		other	0
23514	276	Nothing	101	3971000	0	1			0		other	0
23514	277	Nothing	19	4004732	0	0			0		other	0
23514	278	Nothing	51	4051227	0	1			0		other	0
23514	278	Port Input	2	4054900	3673	4
23514	278	Response	3	4054900	3673	4
23514	279	Nothing	1000	4054915	0	1			0		other	0
23514	280	Nothing	62	4055024	0	0			0		other	0
23514	281	Nothing	101	4055141	0	1			0		other	0
23514	282	Nothing	19	4088620	0	1			0		other	0
23514	284	Nothing	51	4102572	0	1			0		other	0
23514	284	Port Input	2	4107515	4943	4
23514	284	Response	3	4107515	4943	4
23514	285	Nothing	1002	4107531	0	1			0		other	0
23514	286	Nothing	63	4107645	0	1			0		other	0
23514	287	Nothing	101	4107763	0	1			0		other	0
23514	288	Nothing	19	4141244	0	1			0		other	0
23514	289	Nothing	51	4162118	0	1			0		other	0
23514	289	Port Input	2	4165262	3143	4
23514	289	Response	3	4165262	3143	4
23514	290	Nothing	1000	4165283	0	1			0		other	0
23514	291	Nothing	62	4165398	0	1			0		other	0
23514	292	Nothing	101	4165514	0	1			0		false_alarm	632
23514	292	Port Input	1	4166759	1245	22
23514	292	Response	2	4166759	1245	22
23514	292	Port Input	2	4169988	4474	5
23514	292	Response	3	4169988	4474	5
23514	292	Port Input	2	4169993	4478	4
23514	293	Nothing	19	4198910	0	1			0		other	0
23514	294	Nothing	51	4222722	0	1			0		other	0
23514	294	Port Input	2	4226004	3282	5
23514	294	Response	3	4226004	3282	5
23514	295	Nothing	1000	4226023	0	1			0		other	0
23514	296	Nothing	62	4226141	0	1			0		other	0
23514	297	Nothing	101	4226257	0	1			0		other	0
23514	298	Nothing	19	4259804	0	1			0		other	0
23514	299	Nothing	51	4298732	0	1			0		other	0
23514	299	Port Input	2	4300975	2243	25
23514	299	Response	3	4300975	2243	25
23514	300	Nothing	1000	4301057	0	1			0		other	0
23514	301	Nothing	62	4301170	0	1			0		other	0
23514	302	Nothing	101	4301291	0	1			0		other	0
23514	303	Nothing	19	4334805	0	1			0		other	0
23514	304	Nothing	51	4346611	0	1			0		other	0
23514	304	Port Input	2	4350915	4303	5
23514	304	Response	3	4350915	4303	5
23514	305	Nothing	1000	4350935	0	1			0		other	0
23514	306	Nothing	62	4351047	0	1			0		other	0
23514	307	Nothing	101	4351164	0	1			0		other	0
23514	308	Nothing	19	4384595	0	1			0		other	0
23514	310	Nothing	51	4395192	0	1			0		other	0
23514	310	Port Input	2	4398464	3272	4
23514	310	Response	3	4398464	3272	4
23514	311	Nothing	1000	4398482	0	1			0		other	0
23514	312	Nothing	62	4398590	0	1			0		other	0
23514	313	Nothing	101	4398705	0	1			0		false_alarm	665
23514	313	Port Input	1	4399821	1116	4
23514	313	Response	2	4399821	1116	4
23514	313	Port Input	1	4399826	1121	5
23514	314	Nothing	19	4431623	0	1			0		other	0
23514	315	Nothing	51	4463502	0	1			0		other	0
23514	315	Port Input	2	4466081	2579	5
23514	315	Response	3	4466081	2579	5
23514	316	Nothing	1000	4466098	0	1			0		other	0
23514	317	Nothing	62	4466205	0	1			0		other	0
23514	318	Nothing	101	4466319	0	1			0		other	0
23514	319	Nothing	19	4499015	0	1			0		other	0
23514	320	Nothing	51	4511007	0	1			0		other	0
23514	320	Port Input	1	4516110	5103	5
23514	320	Response	2	4516110	5103	5
23514	321	Nothing	1000	4516123	0	1			0		other	0
23514	322	Nothing	62	4516230	0	1			0		other	0
23514	323	Nothing	100	4516352	0	1			0		other	0
23514	324	Nothing	19	4549235	0	1			0		other	0
23514	325	Nothing	51	4584176	0	1			0		other	0
23514	325	Port Input	2	4587091	2915	4
23514	325	Response	3	4587091	2915	4
23514	326	Nothing	1000	4587105	0	1			0		other	0
23514	327	Nothing	62	4587215	0	1			0		other	0
23514	328	Nothing	101	4587329	0	1			0		other	0
23514	329	Nothing	19	4620433	0	1			0		other	0
23514	330	Nothing	51	4652403	0	1			0		other	0
23514	330	Port Input	2	4655943	3540	4
23514	330	Response	3	4655943	3540	4
23514	331	Nothing	1000	4655959	0	1			0		other	0
23514	332	Nothing	62	4656068	0	1			0		other	0
23514	333	Nothing	101	4656186	0	1			0		other	0
23514	334	Nothing	19	4688933	0	1			0		other	0
23514	336	Nothing	51	4704573	0	1			0		other	0
23514	336	Port Input	2	4707485	2911	4
23514	336	Response	3	4707485	2911	4
23514	337	Nothing	1000	4707499	0	1			0		other	0
23514	338	Nothing	62	4707608	0	1			0		other	0
23514	339	Nothing	101	4707724	0	1			0		false_alarm	703
23514	339	Port Input	2	4710693	2969	5
23514	339	Response	3	4710693	2969	5
23514	339	Port Input	2	4712313	4589	3
23514	339	Response	3	4712313	4589	3
23514	339	Port Input	2	4714025	6302	3
23514	339	Response	3	4714025	6302	3
23514	340	Nothing	19	4740578	0	1			0		other	0
23514	341	Nothing	51	4784848	0	0			0		other	0
23514	341	Port Input	2	4787797	2949	3
23514	341	Response	3	4787797	2949	3
23514	342	Nothing	1000	4787809	0	0			0		other	0
23514	343	Nothing	62	4787915	0	1			0		other	0
23514	344	Nothing	101	4788032	0	1			0		other	0
23514	345	Nothing	19	4820775	0	0			0		other	0
23514	346	Nothing	51	4834319	0	1			0		other	0
23514	346	Port Input	2	4838742	4423	4
23514	346	Response	3	4838742	4423	4
23514	346	Port Input	2	4838746	4427	4
23514	347	Nothing	1000	4838756	0	0			0		other	0
23514	348	Nothing	62	4838863	0	1			0		other	0
23514	349	Nothing	101	4838978	0	1			0		other	0
23514	350	Nothing	19	4871786	0	1			0		other	0
23514	351	Nothing	51	4885714	0	1			0		other	0
23514	351	Port Input	2	4888232	2518	4
23514	351	Response	3	4888232	2518	4
23514	352	Nothing	1000	4888246	0	1			0		other	0
23514	353	Nothing	62	4888357	0	1			0		other	0
23514	354	Nothing	101	4888471	0	1			0		other	0
23514	355	Nothing	19	4921191	0	0			0		other	0
23514	356	Nothing	51	4946839	0	1			0		other	0
23514	356	Port Input	2	4949867	3028	4
23514	356	Response	3	4949867	3028	4
23514	357	Nothing	1000	4949881	0	0			0		other	0
23514	358	Nothing	62	4949988	0	1			0		other	0
23514	359	Nothing	101	4950107	0	1			0		false_alarm	738
23514	359	Port Input	2	4951360	1253	4
23514	359	Response	3	4951360	1253	4
23514	360	Nothing	19	4982842	0	1			0		other	0
23514	362	Nothing	51	4997519	0	1			0		other	0
23514	362	Port Input	2	5000226	2707	4
23514	362	Response	3	5000226	2707	4
23514	363	Nothing	1000	5000238	0	1			0		other	0
23514	364	Nothing	62	5000351	0	0			0		other	0
23514	365	Nothing	101	5000465	0	0			0		false_alarm	747
23514	365	Port Input	1	5001970	1505	4
23514	365	Response	2	5001970	1505	4
23514	365	Port Input	2	5005027	4562	4
23514	365	Response	3	5005027	4562	4
23514	366	Nothing	19	5033264	0	0			0		other	0
23514	367	Nothing	51	5056446	0	1			0		other	0
23514	367	Port Input	2	5060058	3612	3
23514	367	Response	3	5060058	3612	3
23514	367	Port Input	2	5060061	3615	3
23514	368	Nothing	1000	5060069	0	0			0		other	0
23514	369	Nothing	62	5060177	0	1			0		other	0
23514	370	Nothing	101	5060293	0	1			0		false_alarm	759
23514	370	Port Input	2	5061389	1096	3
23514	370	Response	3	5061389	1096	3
23514	370	Port Input	2	5064783	4490	3
23514	370	Response	3	5064783	4490	3
23514	370	Port Input	2	5064786	4493	3
23514	371	Nothing	19	5093024	0	0			0		other	0
23514	372	Nothing	51	5139204	0	1			0		other	0
23514	372	Port Input	2	5142396	3192	3
23514	372	Response	3	5142396	3192	3
23514	373	Nothing	1000	5142409	0	1			0		other	0
23514	374	Nothing	62	5142516	0	1			0		other	0
23514	375	Nothing	101	5142634	0	1			0		other	0
23514	376	Nothing	19	5175359	0	1			0		other	0
23514	377	Nothing	51	5216497	0	1			0		other	0
23514	377	Port Input	2	5218834	2337	4
23514	377	Response	3	5218834	2337	4
23514	378	Nothing	1000	5218850	0	1			0		other	0
23514	379	Nothing	62	5218959	0	0			0		other	0
23514	380	Nothing	101	5219076	0	1			0		other	0
23514	381	Nothing	19	5251831	0	1			0		other	0
23514	382	Nothing	51	5269687	0	1			0		other	0
23514	382	Port Input	2	5272905	3218	4
23514	382	Response	3	5272905	3218	4
23514	383	Nothing	1000	5272918	0	1			0		other	0
23514	384	Nothing	62	5273025	0	1			0		other	0
23514	385	Nothing	101	5273138	0	1			0		other	0
23514	386	Nothing	19	5305895	0	1			0		other	0
23514	388	Nothing	51	5342082	0	1			0		other	0
23514	388	Port Input	2	5346175	4093	3
23514	388	Response	3	5346175	4093	3
23514	388	Port Input	2	5346179	4096	4
23514	389	Nothing	1000	5346189	0	0			0		other	0
23514	390	Nothing	62	5346296	0	1			0		other	0
23514	391	Nothing	101	5346408	0	0			0		other	0
23514	392	Nothing	19	5379183	0	1			0		other	0
23514	393	Nothing	51	5403923	0	0			0		other	0
23514	393	Port Input	2	5407126	3204	3
23514	393	Response	3	5407126	3204	3
23514	393	Port Input	2	5407130	3207	3
23514	394	Nothing	1002	5407138	0	0			0		other	0
23514	395	Nothing	63	5407248	0	1			0		other	0
23514	396	Nothing	101	5407361	0	1			0		other	0
23514	397	Nothing	19	5440224	0	1			0		other	0
23514	398	Nothing	51	5457049	0	1			0		other	0
23514	398	Port Input	2	5460057	3008	3
23514	398	Response	3	5460057	3008	3
23514	398	Port Input	2	5460059	3011	4
23514	399	Nothing	1000	5460069	0	0			0		other	0
23514	400	Nothing	62	5460174	0	1			0		other	0
23514	401	Nothing	101	5460288	0	0			0		other	0
23514	402	Nothing	19	5493038	0	1			0		other	0
23514	403	Nothing	51	5516078	0	1			0		other	0
23514	404	Nothing	77	5536088	0	1			0		other	0
23514	405	Nothing	1000	5566094	0	1			0		other	0
23514	406	Nothing	19	5568505	0	1			0		other	0
23514	407	Nothing	51	5606618	0	0			0		other	0
23514	407	Port Input	2	5612754	6137	5
23514	407	Response	3	5612754	6137	5
23514	408	Nothing	1000	5612769	0	1			0		other	0
23514	409	Nothing	62	5612878	0	1			0		other	0
23514	410	Nothing	101	5612993	0	1			0		other	0
23514	411	Nothing	19	5646001	0	1			0		other	0
23514	413	Nothing	51	5662035	0	1			0		other	0
23514	413	Port Input	2	5665711	3675	3
23514	413	Response	3	5665711	3675	3
23514	413	Port Input	2	5665714	3679	4
23514	414	Nothing	1002	5665723	0	1			0		other	0
23514	415	Nothing	63	5665833	0	1			0		other	0
23514	416	Nothing	101	5665945	0	1			0		false_alarm	828
23514	416	Port Input	1	5667031	1085	4
23514	416	Response	2	5667031	1085	4
23514	417	Nothing	19	5698718	0	1			0		other	0
23514	418	Nothing	51	5731992	0	1			0		other	0
23514	418	Port Input	2	5734910	2917	4
23514	418	Response	3	5734910	2917	4
23514	419	Nothing	1000	5734929	0	1			0		other	0
23514	420	Nothing	62	5735039	0	1			0		other	0
23514	421	Nothing	101	5735156	0	1			0		other	0
23514	422	Nothing	19	5768053	0	1			0		other	0
23514	423	Nothing	51	5779329	0	1			0		other	0
23514	423	Port Input	2	5782417	3089	4
23514	423	Response	3	5782417	3089	4
23514	424	Nothing	1000	5782434	0	1			0		other	0
23514	425	Nothing	62	5782541	0	1			0		other	0
23514	426	Nothing	101	5782656	0	1			0		other	0
23514	427	Nothing	19	5815615	0	1			0		other	0
23514	428	Nothing	51	5835911	0	1			0		other	0
23514	428	Port Input	2	5839061	3150	4
23514	428	Response	3	5839061	3150	4
23514	429	Nothing	1002	5839076	0	1			0		other	0
23514	430	Nothing	63	5839186	0	1			0		other	0
23514	431	Nothing	101	5839300	0	1			0		other	0
23514	432	Nothing	19	5872361	0	1			0		other	0
23514	433	Nothing	51	5915500	0	1			0		other	0
23514	433	Port Input	2	5918600	3100	4
23514	433	Response	3	5918600	3100	4
23514	434	Nothing	1002	5918619	0	1			0		other	0
23514	435	Nothing	63	5918731	0	1			0		other	0
23514	436	Nothing	101	5918844	0	1			0		other	0
23514	437	Nothing	19	5951550	0	1			0		other	0
23514	439	Nothing	51	5988336	0	1			0		other	0
23514	439	Port Input	2	5992509	4174	4
23514	439	Response	3	5992509	4174	4
23514	440	Nothing	1000	5992526	0	1			0		other	0
23514	441	Nothing	62	5992632	0	1			0		other	0
23514	442	Nothing	101	5992748	0	1			0		other	0
23514	443	Nothing	19	6025545	0	0			0		other	0
23514	444	Nothing	51	6056974	0	0			0		other	0
23514	444	Port Input	2	6059882	2908	3
23514	444	Response	3	6059882	2908	3
23514	445	Nothing	1002	6059896	0	1			0		other	0
23514	446	Nothing	63	6060006	0	0			0		other	0
23514	447	Nothing	101	6060123	0	1			0		other	0
23514	448	Nothing	19	6092877	0	0			0		other	0
23514	449	Nothing	51	6127454	0	1			0		other	0
23514	449	Port Input	2	6131030	3577	3
23514	449	Response	3	6131030	3577	3
23514	450	Nothing	1000	6131044	0	1			0		other	0
23514	451	Nothing	62	6131152	0	1			0		other	0
23514	452	Nothing	101	6131267	0	1			0		other	0
23514	453	Nothing	19	6163981	0	1			0		other	0
23514	454	Nothing	51	6180330	0	1			0		other	0
23514	454	Port Input	2	6183880	3550	4
23514	454	Response	3	6183880	3550	4
23514	455	Nothing	1000	6183896	0	0			0		other	0
23514	456	Nothing	62	6184002	0	1			0		other	0
23514	457	Nothing	101	6184117	0	1			0		other	0
23514	458	Nothing	19	6216849	0	1			0		other	0
23514	459	Nothing	51	6232135	0	1			0		other	0
23514	459	Port Input	2	6235676	3540	4
23514	459	Response	3	6235676	3540	4
23514	460	Nothing	1002	6235689	0	1			0		other	0
23514	461	Nothing	63	6235800	0	1			0		other	0
23514	462	Nothing	101	6235917	0	0			0		other	0
23514	463	Nothing	19	6268644	0	1			0		other	0
23514	465	Nothing	52	6284362	0	1			0		other	0
23514	466	Nothing	77	6304372	0	1			0		other	0
23514	467	Nothing	1000	6334379	0	1			0		other	0
23514	468	Nothing	19	6336811	0	1			0		other	0
23514	469	Nothing	51	6347926	0	1			0		other	0
23514	469	Port Input	1	6353442	5515	4
23514	469	Response	2	6353442	5515	4
23514	470	Nothing	1000	6353456	0	1			0		other	0
23514	471	Nothing	62	6353564	0	1			0		other	0
23514	472	Nothing	100	6353690	0	1			0		false_alarm	904
23514	472	Port Input	1	6355058	1368	4
23514	472	Response	2	6355058	1368	4
23514	472	Port Input	1	6356485	2796	4
23514	472	Response	2	6356485	2796	4
23514	472	Port Input	1	6356489	2799	4
23514	472	Port Input	1	6357788	4099	4
23514	472	Response	2	6357788	4099	4
23514	472	Port Input	1	6359074	5384	3
23514	472	Response	2	6359074	5384	3
23514	472	Port Input	1	6359077	5388	4
23514	472	Port Input	1	6360276	6587	4
23514	472	Response	2	6360276	6587	4
23514	472	Port Input	1	6361553	7863	4
23514	472	Response	2	6361553	7863	4
23514	472	Port Input	1	6362863	9173	3
23514	472	Response	2	6362863	9173	3
23514	472	Port Input	1	6362867	9177	3
23514	472	Port Input	1	6364236	10547	3
23514	472	Response	2	6364236	10547	3
23514	472	Port Input	1	6365816	12126	4
23514	472	Response	2	6365816	12126	4
23514	472	Port Input	2	6368837	15147	4
23514	472	Response	3	6368837	15147	4
23514	472	Port Input	2	6370573	16884	3
23514	472	Response	3	6370573	16884	3
23514	472	Port Input	2	6370576	16887	3
23514	473	Nothing	19	6386705	0	1			0		other	0
23514	474	Nothing	51	6426669	0	1			0		other	0
23514	474	Port Input	2	6429166	2497	5
23514	474	Response	3	6429166	2497	5
23514	475	Nothing	1000	6429184	0	1			0		other	0
23514	476	Nothing	62	6429291	0	0			0		other	0
23514	477	Nothing	101	6429404	0	1			0		false_alarm	937
23514	477	Port Input	1	6431165	1760	3
23514	477	Response	2	6431165	1760	3
23514	477	Port Input	1	6431169	1765	4
23514	477	Port Input	1	6432644	3240	4
23514	477	Response	2	6432644	3240	4
23514	477	Port Input	1	6434058	4653	4
23514	477	Response	2	6434058	4653	4
23514	477	Port Input	1	6435459	6055	4
23514	477	Response	2	6435459	6055	4
23514	477	Port Input	2	6438219	8815	4
23514	477	Response	3	6438219	8815	4
23514	477	Port Input	2	6441169	11765	4
23514	477	Response	3	6441169	11765	4
23514	478	Nothing	19	6462242	0	1			0		other	0
23514	479	Nothing	51	6478028	0	1			0		other	0
23514	479	Port Input	2	6480677	2649	4
23514	479	Response	3	6480677	2649	4
23514	480	Nothing	1002	6480692	0	1			0		other	0
23514	481	Nothing	63	6480804	0	1			0		other	0
23514	482	Nothing	101	6480919	0	1			0		false_alarm	957
23514	482	Port Input	1	6483392	2473	4
23514	482	Response	2	6483392	2473	4
23514	482	Port Input	2	6484957	4038	4
23514	482	Response	3	6484957	4038	4
23514	483	Nothing	19	6513673	0	0			0		other	0
23514	484	Nothing	51	6545958	0	1			0		other	0
23514	484	Port Input	2	6548865	2907	5
23514	484	Response	3	6548865	2907	5
23514	485	Nothing	1000	6548878	0	1			0		other	0
23514	486	Nothing	62	6548985	0	1			0		other	0
23514	487	Nothing	101	6549100	0	0			0		other	0
23514	488	Nothing	19	6581854	0	1			0		other	0
23514	490	Nothing	51	6596691	0	1			0		other	0
23514	490	Port Input	2	6600527	3836	3
23514	490	Port Input	1	6602117	5426	4
23514	490	Response	2	6602117	5426	4
23514	491	Nothing	1002	6602130	0	0			0		other	0
23514	492	Nothing	63	6602242	0	0			0		other	0
23514	493	Nothing	100	6602361	0	1			0		false_alarm	976
23514	493	Port Input	1	6603668	1307	4
23514	493	Response	2	6603668	1307	4
23514	493	Port Input	1	6604872	2510	4
23514	493	Response	2	6604872	2510	4
23514	493	Port Input	1	6604876	2514	3
23514	493	Port Input	1	6606186	3824	3
23514	493	Response	2	6606186	3824	3
23514	493	Port Input	1	6607590	5228	4
23514	493	Response	2	6607590	5228	4
23514	493	Port Input	1	6607596	5235	4
23514	493	Port Input	1	6608807	6445	4
23514	493	Response	2	6608807	6445	4
23514	493	Port Input	1	6608810	6449	3
23514	493	Port Input	1	6610190	7828	4
23514	493	Response	2	6610190	7828	4
23514	493	Port Input	1	6611405	9044	4
23514	493	Response	2	6611405	9044	4
23514	493	Port Input	1	6612826	10465	4
23514	493	Response	2	6612826	10465	4
23514	493	Port Input	2	6614166	11805	4
23514	493	Response	3	6614166	11805	4
23514	493	Port Input	2	6615652	13290	4
23514	493	Response	3	6615652	13290	4
23514	493	Port Input	2	6617220	14859	4
23514	493	Response	3	6617220	14859	4
23514	493	Port Input	2	6617225	14863	4
23514	493	Port Input	1	6618758	16396	3
23514	493	Response	2	6618758	16396	3
23514	493	Port Input	1	6618761	16399	4
23514	493	Port Input	1	6620698	18336	4
23514	493	Response	2	6620698	18336	4
23514	493	Port Input	1	6622177	19816	4
23514	493	Response	2	6622177	19816	4
23514	493	Port Input	2	6623683	21322	3
23514	493	Response	3	6623683	21322	3
23514	493	Port Input	2	6625120	22758	4
23514	493	Response	3	6625120	22758	4
23514	494	Nothing	19	6635224	0	0			0		other	0
23514	494	Port Input	2	6671044	35820	4
23514	494	Response	3	6671044	35820	4
23514	494	Port Input	1	6672714	37490	5
23514	494	Response	2	6672714	37490	5
23514	494	Port Input	1	6674037	38813	4
23514	494	Response	2	6674037	38813	4
23514	494	Port Input	1	6675429	40205	5
23514	494	Response	2	6675429	40205	5
23514	495	Nothing	19	6676341	0	1			0		other	0
23514	495	Port Input	2	6676747	405	4
23514	495	Response	3	6676747	405	4
23514	495	Port Input	2	6676752	410	4
23514	495	Port Input	2	6678179	1837	4
23514	495	Response	3	6678179	1837	4
23514	495	Port Input	2	6679915	3574	4
23514	495	Response	3	6679915	3574	4
23514	496	Nothing	19	6696197	0	1			0		other	0
23514	497	Nothing	51	6713718	0	1			0		other	0
23514	497	Port Input	2	6716288	2570	4
23514	497	Response	3	6716288	2570	4
23514	498	Nothing	1000	6716303	0	1			0		other	0
23514	499	Nothing	62	6716413	0	1			0		other	0
23514	500	Nothing	101	6716530	0	1			0		false_alarm	1037
23514	500	Port Input	1	6719388	2859	4
23514	500	Response	2	6719388	2859	4
23514	501	Nothing	19	6749411	0	1			0		other	0
23514	502	Nothing	51	6763169	0	1			0		other	0
23514	503	Nothing	77	6783179	0	1			0		other	0
23514	504	Nothing	1000	6813186	0	1			0		other	0
23514	505	Nothing	19	6815640	0	1			0		other	0
23514	506	Nothing	51	6850783	0	1			0		other	0
23514	506	Port Input	2	6853705	2922	4
23514	506	Response	3	6853705	2922	4
23514	507	Nothing	1000	6853720	0	1			0		other	0
23514	508	Nothing	62	6853831	0	1			0		other	0
23514	509	Nothing	101	6853946	0	1			0		other	0
23514	510	Nothing	19	6886945	0	1			0		other	0
23514	511	Nothing	52	6902419	0	1			0		other	0
23514	511	Port Input	2	6905513	3093	4
23514	511	Response	3	6905513	3093	4
23514	512	Nothing	1000	6905527	0	0			0		other	0
23514	513	Nothing	62	6905636	0	1			0		other	0
23514	514	Nothing	111	6905753	0	1			0		false_alarm	1057
23514	514	Port Input	2	6907094	1342	3
23514	514	Response	3	6907094	1342	3
23514	514	Port Input	2	6909547	3794	4
23514	514	Response	3	6909547	3794	4
23514	514	Port Input	2	6910805	5052	4
23514	514	Response	3	6910805	5052	4
23514	514	Port Input	2	6912045	6292	3
23514	514	Response	3	6912045	6292	3
23514	514	Port Input	2	6913370	7618	5
23514	514	Response	3	6913370	7618	5
23514	514	Port Input	2	6913375	7622	4
23514	514	Port Input	1	6914595	8843	3
23514	514	Response	2	6914595	8843	3
23514	514	Port Input	1	6916154	10401	4
23514	514	Response	2	6916154	10401	4
23514	514	Port Input	1	6916157	10405	4
23514	514	Port Input	2	6919304	13551	3
23514	514	Response	3	6919304	13551	3
23514	514	Port Input	2	6920827	15075	4
23514	514	Response	3	6920827	15075	4
23514	514	Port Input	1	6922320	16568	4
23514	514	Response	2	6922320	16568	4
23514	514	Port Input	1	6923785	18032	3
23514	514	Response	2	6923785	18032	3
23514	514	Port Input	2	6925290	19538	3
23514	514	Response	3	6925290	19538	3
23514	514	Port Input	2	6925293	19541	4
23514	514	Port Input	2	6926762	21009	3
23514	514	Response	3	6926762	21009	3
23514	514	Port Input	2	6928171	22418	4
23514	514	Response	3	6928171	22418	4
23514	514	Port Input	2	6929531	23778	4
23514	514	Response	3	6929531	23778	4
23514	514	Port Input	2	6931003	25251	3
23514	514	Response	3	6931003	25251	3
23514	514	Port Input	2	6931007	25254	4
23514	515	Nothing	19	6938477	0	1			0		other	0
23514	517	Nothing	51	6967218	0	0			0		other	0
23514	517	Port Input	2	6970534	3316	4
23514	517	Response	3	6970534	3316	4
23514	518	Nothing	1000	6970548	0	1			0		other	0
23514	519	Nothing	62	6970658	0	1			0		other	0
23514	520	Nothing	101	6970775	0	1			0		false_alarm	1100
23514	520	Port Input	2	6971983	1208	3
23514	520	Response	3	6971983	1208	3
23514	520	Port Input	2	6971986	1211	4
23514	520	Port Input	1	6973444	2669	4
23514	520	Response	2	6973444	2669	4
23514	520	Port Input	1	6975033	4258	4
23514	520	Response	2	6975033	4258	4
23514	520	Port Input	2	6976440	5664	4
23514	520	Response	3	6976440	5664	4
23514	521	Nothing	19	7003503	0	1			0		other	0
23514	522	Nothing	51	7023354	0	0			0		other	0
23514	522	Port Input	2	7026224	2870	4
23514	522	Response	3	7026224	2870	4
23514	523	Nothing	1000	7026237	0	1			0		other	0
23514	524	Nothing	62	7026344	0	1			0		other	0
23514	525	Nothing	101	7026465	0	1			0		false_alarm	1116
23514	525	Port Input	2	7027563	1098	4
23514	525	Response	3	7027563	1098	4
23514	525	Port Input	1	7030566	4101	3
23514	525	Response	2	7030566	4101	3
23514	525	Port Input	2	7032242	5777	4
23514	525	Response	3	7032242	5777	4
23514	525	Port Input	2	7033773	7308	3
23514	525	Response	3	7033773	7308	3
23514	525	Port Input	2	7035370	8905	4
23514	525	Response	3	7035370	8905	4
23514	526	Nothing	19	7059273	0	1			0		other	0
23514	527	Nothing	51	7086798	0	1			0		other	0
23514	527	Port Input	2	7089726	2929	4
23514	527	Response	3	7089726	2929	4
23514	528	Nothing	1000	7089741	0	1			0		other	0
23514	529	Nothing	62	7089849	0	1			0		other	0
23514	530	Nothing	101	7089964	0	1			0		false_alarm	1133
23514	530	Port Input	2	7091053	1089	4
23514	530	Response	3	7091053	1089	4
23514	530	Port Input	1	7094045	4081	4
23514	530	Response	2	7094045	4081	4
23514	530	Port Input	2	7095525	5560	4
23514	530	Response	3	7095525	5560	4
23514	530	Port Input	2	7097172	7208	4
23514	530	Response	3	7097172	7208	4
23514	531	Nothing	19	7122740	0	1			0		other	0
23514	532	Nothing	51	7168210	0	1			0		other	0
23514	532	Port Input	2	7171439	3228	4
23514	532	Response	3	7171439	3228	4
23514	533	Nothing	1000	7171454	0	1			0		other	0
23514	534	Nothing	62	7171562	0	1			0		other	0
23514	535	Nothing	101	7171678	0	1			0		other	0
23514	536	Nothing	19	7204433	0	1			0		other	0
23514	537	Nothing	51	7230019	0	1			0		other	0
23514	537	Port Input	2	7233637	3618	4
23514	537	Response	3	7233637	3618	4
23514	538	Nothing	1000	7233651	0	1			0		other	0
23514	539	Nothing	62	7233758	0	1			0		other	0
23514	540	Nothing	101	7233875	0	1			0		other	0
23514	541	Nothing	19	7266654	0	1			0		other	0
23514	543	Nothing	51	7316801	0	0			0		other	0
23514	543	Port Input	2	7319582	2781	3
23514	543	Response	3	7319582	2781	3
23514	544	Nothing	1000	7319594	0	1			0		other	0
23514	545	Nothing	62	7319701	0	1			0		other	0
23514	546	Nothing	101	7319816	0	1			0		other	0
23514	547	Nothing	19	7352544	0	1			0		other	0
23514	548	Nothing	51	7386429	0	1			0		other	0
23514	548	Port Input	2	7389137	2707	4
23514	548	Response	3	7389137	2707	4
23514	549	Nothing	1000	7389151	0	1			0		other	0
23514	550	Nothing	62	7389258	0	1			0		other	0
23514	551	Nothing	101	7389381	0	0			0		other	0
23514	551	Port Input	2	7390472	1091	4
23514	552	Nothing	19	7422118	0	1			0		other	0
23514	553	Nothing	51	7447142	0	1			0		other	0
23514	553	Port Input	2	7449896	2753	4
23514	553	Response	3	7449896	2753	4
23514	554	Nothing	1000	7449910	0	1			0		other	0
23514	555	Nothing	62	7450019	0	1			0		other	0
23514	556	Nothing	101	7450136	0	1			0		other	0
23514	556	Port Input	2	7451618	1483	4
23514	557	Nothing	19	7482900	0	1			0		other	0
23514	558	Nothing	52	7527853	0	0			0		other	0
23514	558	Port Input	2	7531817	3963	4
23514	558	Response	3	7531817	3963	4
23514	559	Nothing	1000	7531829	0	1			0		other	0
23514	560	Nothing	62	7531938	0	1			0		other	0
23514	561	Nothing	111	7532056	0	1			0		other	0
23514	562	Nothing	19	7564802	0	1			0		other	0
23514	562	Port Input	2	7577549	12747	4
23514	562	Response	3	7577549	12747	4
23514	562	Port Input	2	7579834	15032	3
23514	562	Response	3	7579834	15032	3
23514	562	Port Input	2	7581055	16253	5
23514	562	Response	3	7581055	16253	5
23514	562	Port Input	2	7582373	17571	3
23514	562	Response	3	7582373	17571	3
23514	562	Port Input	2	7583543	18741	3
23514	562	Response	3	7583543	18741	3
23514	562	Port Input	2	7583547	18744	3
23514	562	Port Input	2	7584823	20021	4
23514	562	Response	3	7584823	20021	4
23514	562	Port Input	2	7586086	21284	4
23514	562	Response	3	7586086	21284	4
23514	563	Nothing	19	7587130	0	1			0		other	0
23514	563	Port Input	2	7587346	216	4
23514	563	Response	3	7587346	216	4
23514	563	Port Input	2	7587350	220	4
23514	563	Port Input	2	7588602	1471	3
23514	563	Response	3	7588602	1471	3
23514	563	Port Input	2	7589961	2831	4
23514	563	Response	3	7589961	2831	4
23514	563	Port Input	2	7591478	4347	3
23514	563	Response	3	7591478	4347	3
23514	563	Port Input	2	7592961	5831	4
23514	563	Response	3	7592961	5831	4
23514	563	Port Input	2	7595931	8801	3
23514	563	Response	3	7595931	8801	3
23514	563	Port Input	2	7597562	10431	4
23514	563	Response	3	7597562	10431	4
23514	563	Port Input	2	7599085	11955	3
23514	563	Response	3	7599085	11955	3
23514	563	Port Input	2	7600602	13471	4
23514	563	Response	3	7600602	13471	4
23514	563	Port Input	2	7602384	15253	3
23514	563	Response	3	7602384	15253	3
23514	563	Port Input	2	7602387	15256	4
23514	563	Port Input	2	7604088	16958	4
23514	563	Response	3	7604088	16958	4
23514	564	Nothing	19	7631690	0	1			0		other	0
23514	565	Nothing	51	7649672	0	1			0		other	0
23514	565	Port Input	2	7652699	3027	4
23514	565	Response	3	7652699	3027	4
23514	566	Nothing	1000	7652715	0	1			0		other	0
23514	567	Nothing	62	7652821	0	0			0		other	0
23514	568	Nothing	101	7652933	0	1			0		false_alarm	1233
23514	568	Port Input	2	7654068	1135	4
23514	568	Response	3	7654068	1135	4
23514	568	Port Input	1	7655659	2725	4
23514	568	Response	2	7655659	2725	4
23514	568	Port Input	1	7657467	4533	4
23514	568	Response	2	7657467	4533	4
23514	568	Port Input	1	7659105	6172	4
23514	568	Response	2	7659105	6172	4
23514	568	Port Input	1	7660585	7651	5
23514	568	Response	2	7660585	7651	5
23514	568	Port Input	2	7663797	10863	3
23514	568	Response	3	7663797	10863	3
23514	569	Nothing	19	7685677	0	1			0		other	0
23514	571	Nothing	51	7699818	0	1			0		other	0
23514	571	Port Input	2	7702593	2775	3
23514	571	Response	3	7702593	2775	3
23514	572	Nothing	1000	7702605	0	1			0		other	0
23514	573	Nothing	62	7702711	0	0			0		other	0
23514	574	Nothing	101	7702825	0	1			0		false_alarm	1252
23514	574	Port Input	1	7709626	6801	4
23514	574	Response	2	7709626	6801	4
23514	574	Port Input	1	7711310	8485	4
23514	574	Response	2	7711310	8485	4
23514	574	Port Input	1	7711314	8489	4
23514	575	Nothing	19	7735610	0	1			0		other	0
23514	576	Nothing	51	7749754	0	1			0		other	0
23514	576	Port Input	2	7752567	2813	4
23514	576	Response	3	7752567	2813	4
23514	577	Nothing	1000	7752580	0	1			0		other	0
23514	578	Nothing	62	7752689	0	0			0		other	0
23514	579	Nothing	101	7752804	0	1			0		false_alarm	1264
23514	579	Port Input	2	7753953	1148	5
23514	579	Response	3	7753953	1148	5
23514	579	Port Input	2	7756962	4158	4
23514	579	Response	3	7756962	4158	4
23514	580	Nothing	19	7785557	0	1			0		other	0
23514	581	Nothing	51	7800490	0	1			0		other	0
23514	581	Port Input	2	7802938	2447	3
23514	581	Response	3	7802938	2447	3
23514	582	Nothing	1000	7802950	0	1			0		other	0
23514	583	Nothing	62	7803056	0	1			0		other	0
23514	584	Nothing	101	7803171	0	0			0		other	0
23514	585	Nothing	19	7835925	0	1			0		other	0
23514	586	Nothing	51	7854164	0	1			0		other	0
23514	586	Port Input	2	7857418	3254	4
23514	586	Response	3	7857418	3254	4
23514	587	Nothing	1002	7857432	0	1			0		other	0
23514	588	Nothing	63	7857542	0	1			0		other	0
23514	589	Nothing	101	7857659	0	1			0		false_alarm	1282
23514	589	Port Input	2	7858792	1133	4
23514	589	Response	3	7858792	1133	4
23514	589	Port Input	2	7862044	4385	3
23514	589	Response	3	7862044	4385	3
23514	589	Port Input	2	7862047	4388	4
23514	590	Nothing	19	7890432	0	1			0		other	0
23514	591	Nothing	51	7901293	0	1			0		other	0
23514	591	Port Input	2	7904473	3181	4
23514	591	Response	3	7904473	3181	4
23514	592	Nothing	1002	7904487	0	1			0		other	0
23514	593	Nothing	63	7904603	0	1			0		other	0
23514	594	Nothing	101	7904715	0	1			0		false_alarm	1294
23514	594	Port Input	2	7905820	1104	4
23514	594	Response	3	7905820	1104	4
23514	594	Port Input	2	7905823	1108	4
23514	594	Port Input	1	7907065	2349	4
23514	594	Port Input	1	7907068	2353	4
23514	594	Port Input	2	7908769	4054	4
23514	594	Response	3	7908769	4054	4
23514	594	Port Input	2	7908773	4057	4
23514	595	Nothing	19	7937438	0	1			0		other	0
23514	597	Nothing	51	7972282	0	1			0		other	0
23514	597	Port Input	2	7975474	3191	6
23514	597	Response	3	7975474	3191	6
23514	598	Nothing	1000	7975496	0	1			0		other	0
23514	599	Nothing	62	7975605	0	1			0		other	0
23514	600	Nothing	101	7975719	0	1			0		false_alarm	1309
23514	600	Port Input	2	7979177	3458	4
23514	600	Response	3	7979177	3458	4
23514	601	Nothing	19	8008471	0	1			0		other	0
23514	602	Nothing	51	8021371	0	1			0		other	0
23514	602	Port Input	2	8024231	2860	4
23514	602	Response	3	8024231	2860	4
23514	603	Nothing	1002	8024245	0	1			0		other	0
23514	604	Nothing	63	8024355	0	1			0		other	0
23514	605	Nothing	101	8024471	0	1			0		other	0
23514	606	Nothing	19	8057291	0	1			0		other	0
23514	607	Nothing	51	8097999	0	0			0		other	0
23514	607	Port Input	2	8100864	2864	4
23514	607	Response	3	8100864	2864	4
23514	608	Nothing	1000	8100878	0	1			0		other	0
23514	609	Nothing	62	8100985	0	1			0		other	0
23514	610	Nothing	101	8101099	0	1			0		other	0
23514	611	Nothing	19	8133888	0	1			0		other	0
23514	611	Port Input	2	8160687	26799	3
23514	611	Response	3	8160687	26799	3
23514	612	Nothing	19	8172024	0	1			0		other	0
23514	613	Nothing	51	8184254	0	0			0		other	0
23514	613	Port Input	2	8187025	2771	4
23514	613	Response	3	8187025	2771	4
23514	614	Nothing	1000	8187040	0	1			0		other	0
23514	615	Nothing	62	8187148	0	1			0		other	0
23514	616	Nothing	101	8187261	0	1			0		other	0
23514	617	Nothing	19	8220226	0	1			0		other	0
23514	618	Nothing	51	8241699	0	1			0		other	0
23514	618	Port Input	2	8244986	3287	4
23514	618	Response	3	8244986	3287	4
23514	619	Nothing	1000	8245001	0	1			0		other	0
23514	620	Nothing	62	8245110	0	1			0		other	0
23514	621	Nothing	101	8245222	0	1			0		other	0
23514	622	Nothing	19	8277960	0	1			0		other	0
23514	624	Nothing	51	8318274	0	1			0		other	0
23514	624	Port Input	2	8321109	2835	3
23514	624	Response	3	8321109	2835	3
23514	625	Nothing	1000	8321122	0	1			0		other	0
23514	626	Nothing	62	8321229	0	1			0		other	0
23514	627	Nothing	101	8321343	0	1			0		other	0
23514	628	Nothing	19	8354066	0	1			0		other	0
23514	629	Nothing	51	8372653	0	1			0		other	0
23514	629	Port Input	2	8374681	2028	9
23514	629	Response	3	8374681	2028	9
23514	630	Nothing	1000	8374700	0	1			0		other	0
23514	631	Nothing	62	8374809	0	1			0		other	0
23514	632	Nothing	101	8374922	0	1			0		other	0
23514	633	Nothing	19	8407773	0	1			0		other	0
23514	634	Nothing	51	8435089	0	0			0		other	0
23514	634	Port Input	2	8443530	8441	3
23514	634	Response	3	8443530	8441	3
23514	635	Nothing	1000	8443543	0	1			0		other	0
23514	636	Nothing	62	8443657	0	1			0		other	0
23514	637	Nothing	101	8443773	0	1			0		other	0
23514	638	Nothing	19	8476548	0	1			0		other	0
23514	639	Nothing	51	8502767	0	1			0		other	0
23514	639	Port Input	2	8506833	4065	4
23514	639	Response	3	8506833	4065	4
23514	640	Nothing	1000	8506851	0	1			0		other	0
23514	641	Nothing	62	8506958	0	1			0		other	0
23514	642	Nothing	101	8507070	0	0			0		other	0
23514	643	Nothing	19	8539961	0	1			0		other	0
23514	644	Nothing	51	8586661	0	1			0		other	0
23514	644	Port Input	2	8590192	3531	4
23514	644	Response	3	8590192	3531	4
23514	645	Nothing	1000	8590212	0	0			0		other	0
23514	646	Nothing	62	8590320	0	0			0		other	0
23514	647	Nothing	101	8590432	0	1			0		other	0
23514	648	Nothing	19	8623153	0	1			0		other	0
23514	650	Nothing	51	8636252	0	1			0		other	0
23514	650	Port Input	2	8639042	2790	3
23514	650	Response	3	8639042	2790	3
23514	651	Nothing	1000	8639055	0	1			0		other	0
23514	652	Nothing	62	8639162	0	1			0		other	0
23514	653	Nothing	101	8639277	0	1			0		other	0
23514	654	Nothing	19	8672007	0	1			0		other	0
23514	655	Nothing	51	8712290	0	1			0		other	0
23514	655	Port Input	2	8715625	3335	4
23514	655	Response	3	8715625	3335	4
23514	656	Nothing	1000	8715643	0	1			0		other	0
23514	657	Nothing	62	8715750	0	0			0		other	0
23514	658	Nothing	101	8715864	0	1			0		other	0
23514	659	Nothing	19	8748611	0	1			0		other	0
23514	660	Nothing	51	8775071	0	1			0		other	0
23514	660	Port Input	2	8777525	2455	3
23514	660	Response	3	8777525	2455	3
23514	661	Nothing	1002	8777538	0	1			0		other	0
23514	662	Nothing	63	8777647	0	1			0		other	0
23514	663	Nothing	101	8777760	0	1			0		other	0
23514	664	Nothing	19	8810494	0	1			0		other	0
23514	665	Nothing	51	8821740	0	1			0		other	0
23514	665	Port Input	2	8825211	3470	4
23514	665	Response	3	8825211	3470	4
23514	666	Nothing	1002	8825222	0	0			0		other	0
23514	667	Nothing	63	8825333	0	1			0		other	0
23514	668	Nothing	101	8825447	0	1			0		false_alarm	1405
23514	668	Port Input	2	8826522	1075	3
23514	668	Response	3	8826522	1075	3
23514	668	Port Input	2	8826526	1079	4
23514	669	Nothing	19	8858203	0	1			0		other	0
23514	670	Nothing	51	8885749	0	1			0		other	0
23514	670	Port Input	2	8889307	3557	3
23514	670	Response	3	8889307	3557	3
23514	671	Nothing	1000	8889321	0	1			0		other	0
23514	672	Nothing	62	8889430	0	1			0		other	0
23514	673	Nothing	101	8889545	0	1			0		false_alarm	1415
23514	673	Port Input	2	8892896	3350	4
23514	673	Response	3	8892896	3350	4
23514	674	Nothing	19	8922255	0	1			0		other	0
23514	676	Nothing	51	8960023	0	1			0		other	0
23514	676	Port Input	2	8964578	4554	3
23514	676	Response	3	8964578	4554	3
23514	676	Port Input	2	8964580	4557	4
23514	677	Nothing	1000	8964589	0	1			0		other	0
23514	678	Nothing	62	8964697	0	1			0		other	0
23514	679	Nothing	101	8964812	0	1			0		false_alarm	1425
23514	679	Port Input	2	8966022	1210	4
23514	679	Response	3	8966022	1210	4
23514	680	Nothing	19	8997589	0	1			0		other	0
23514	681	Nothing	52	9046170	0	1			0		other	0
23514	681	Port Input	2	9051402	5233	4
23514	681	Response	3	9051402	5233	4
23514	681	Port Input	2	9051406	5237	4
23514	682	Nothing	1000	9051418	0	0			0		other	0
23514	683	Nothing	62	9051525	0	1			0		other	0
23514	684	Nothing	111	9051643	0	1			0		false_alarm	1435
23514	684	Port Input	2	9080240	28598	4
23514	684	Response	3	9080240	28598	4
23514	684	Port Input	2	9081367	29725	4
23514	684	Response	3	9081367	29725	4
23514	684	Port Input	2	9081371	29728	4
23514	684	Port Input	2	9082570	30928	4
23514	684	Response	3	9082570	30928	4
23514	684	Port Input	2	9083870	32228	4
23514	684	Response	3	9083870	32228	4
23514	685	Nothing	19	9084401	0	1			0		other	0
23514	685	Port Input	2	9085103	702	5
23514	685	Response	3	9085103	702	5
23514	685	Port Input	2	9086369	1968	4
23514	685	Response	3	9086369	1968	4
23514	685	Port Input	2	9086373	1972	4
23514	685	Port Input	1	9087734	3333	4
23514	685	Response	2	9087734	3333	4
23514	685	Port Input	2	9090623	6222	3
23514	685	Response	3	9090623	6222	3
23514	685	Port Input	2	9092044	7643	4
23514	685	Response	3	9092044	7643	4
23514	685	Port Input	2	9093568	9167	4
23514	685	Response	3	9093568	9167	4
23514	685	Port Input	2	9093572	9171	4
23514	685	Port Input	1	9094986	10586	3
23514	685	Response	2	9094986	10586	3
23514	685	Port Input	1	9096418	12018	4
23514	685	Response	2	9096418	12018	4
23514	685	Port Input	1	9098052	13652	3
23514	685	Response	2	9098052	13652	3
23514	685	Port Input	1	9098057	13657	3
23514	685	Port Input	2	9099502	15102	7
23514	685	Response	3	9099502	15102	7
23514	685	Port Input	2	9100880	16479	3
23514	685	Response	3	9100880	16479	3
23514	685	Port Input	2	9100883	16483	3
23514	685	Port Input	2	9102414	18013	4
23514	685	Response	3	9102414	18013	4
23514	685	Port Input	2	9103817	19416	3
23514	685	Response	3	9103817	19416	3
23514	685	Port Input	2	9105410	21010	6
23514	685	Response	3	9105410	21010	6
23514	685	Port Input	2	9106859	22458	3
23514	685	Response	3	9106859	22458	3
23514	685	Port Input	2	9106862	22462	4
23514	686	Nothing	19	9118765	0	1			0		other	0
23514	687	Nothing	51	9163561	0	1			0		other	0
23514	687	Port Input	2	9166355	2794	3
23514	687	Response	3	9166355	2794	3
23514	688	Nothing	1000	9166367	0	1			0		other	0
23514	689	Nothing	62	9166475	0	1			0		other	0
23514	690	Nothing	101	9166593	0	0			0		false_alarm	1487
23514	690	Port Input	2	9167615	1022	3
23514	690	Response	3	9167615	1022	3
23514	690	Port Input	1	9169450	2857	3
23514	690	Response	2	9169450	2857	3
23514	690	Port Input	1	9169453	2860	4
23514	690	Port Input	1	9170951	4357	4
23514	690	Response	2	9170951	4357	4
23514	690	Port Input	2	9172409	5816	3
23514	690	Response	3	9172409	5816	3
23514	690	Port Input	2	9172412	5819	4
23514	690	Port Input	2	9173930	7336	4
23514	690	Response	3	9173930	7336	4
23514	690	Port Input	2	9175390	8796	4
23514	690	Response	3	9175390	8796	4
23514	690	Port Input	2	9175393	8800	4
23514	690	Port Input	2	9176929	10335	3
23514	690	Response	3	9176929	10335	3
23514	690	Port Input	2	9178438	11845	4
23514	690	Response	3	9178438	11845	4
23514	690	Port Input	2	9179990	13396	4
23514	690	Response	3	9179990	13396	4
23514	690	Port Input	2	9179993	13400	4
23514	690	Port Input	2	9181647	15053	4
23514	690	Response	3	9181647	15053	4
23514	690	Port Input	2	9181650	15057	4
23514	690	Port Input	2	9183080	16486	3
23514	690	Response	3	9183080	16486	3
23514	691	Nothing	19	9199359	0	1			0		other	0
23514	692	Nothing	51	9221471	0	1			0		other	0
23514	692	Port Input	2	9223699	2229	4
23514	692	Response	3	9223699	2229	4
23514	693	Nothing	1000	9223715	0	0			0		other	0
23514	694	Nothing	62	9223822	0	1			0		other	0
23514	695	Nothing	101	9223936	0	1			0		false_alarm	1521
23514	695	Port Input	2	9228124	4188	3
23514	695	Response	3	9228124	4188	3
23514	695	Port Input	2	9229765	5829	3
23514	695	Response	3	9229765	5829	3
23514	696	Nothing	19	9256663	0	1			0		other	0
23514	697	Nothing	51	9274326	0	1			0		other	0
23514	697	Port Input	2	9277153	2827	4
23514	697	Response	3	9277153	2827	4
23514	698	Nothing	1000	9277166	0	1			0		other	0
23514	699	Nothing	62	9277273	0	1			0		other	0
23514	700	Nothing	101	9277387	0	1			0		false_alarm	1532
23514	700	Port Input	2	9280251	2864	3
23514	700	Response	3	9280251	2864	3
23514	700	Port Input	2	9281850	4463	4
23514	700	Response	3	9281850	4463	4
23514	700	Port Input	2	9281855	4468	3
23514	700	Port Input	2	9283370	5983	4
23514	700	Response	3	9283370	5983	4
23514	700	Port Input	2	9285513	8126	4
23514	700	Response	3	9285513	8126	4
23514	700	Port Input	2	9287120	9734	4
23514	700	Response	3	9287120	9734	4
23514	701	Nothing	19	9310188	0	1			0		other	0
23514	703	Nothing	51	9323038	0	1			0		other	0
23514	703	Port Input	2	9325865	2828	3
23514	703	Response	3	9325865	2828	3
23514	704	Nothing	1000	9325877	0	1			0		other	0
23514	705	Nothing	62	9325985	0	1			0		other	0
23514	706	Nothing	101	9326100	0	1			0		other	0
23514	707	Nothing	19	9358957	0	1			0		other	0
23514	708	Nothing	51	9377077	0	1			0		other	0
23514	708	Port Input	2	9380821	3744	4
23514	708	Response	3	9380821	3744	4
23514	709	Nothing	1002	9380835	0	1			0		other	0
23514	710	Nothing	63	9380945	0	1			0		other	0
23514	711	Nothing	101	9381059	0	1			0		false_alarm	1557
23514	711	Port Input	2	9385765	4706	3
23514	711	Response	3	9385765	4706	3
23514	712	Nothing	19	9413789	0	1			0		other	0
23514	713	Nothing	51	9429526	0	1			0		other	0
23514	713	Port Input	2	9432460	2934	3
23514	713	Response	3	9432460	2934	3
23514	714	Nothing	1000	9432474	0	1			0		other	0
23514	715	Nothing	62	9432581	0	1			0		other	0
23514	716	Nothing	101	9432695	0	1			0		false_alarm	1566
23514	716	Port Input	2	9433882	1187	3
23514	716	Response	3	9433882	1187	3
23514	717	Nothing	19	9465458	0	1			0		other	0
23514	718	Nothing	51	9478282	0	1			0		other	0
23514	718	Port Input	2	9482237	3955	4
23514	718	Response	3	9482237	3955	4
23514	719	Nothing	1000	9482251	0	1			0		other	0
23514	720	Nothing	62	9482358	0	1			0		other	0
23514	721	Nothing	101	9482473	0	1			0		false_alarm	1575
23514	721	Port Input	2	9482561	88	5
23514	721	Response	3	9482561	88	5
23514	721	Port Input	2	9485883	3410	5
23514	721	Response	3	9485883	3410	5
23514	721	Port Input	2	9487352	4879	3
23514	721	Response	3	9487352	4879	3
23514	721	Port Input	2	9488792	6319	4
23514	721	Response	3	9488792	6319	4
23514	721	Port Input	2	9490303	7830	3
23514	721	Response	3	9490303	7830	3
23514	722	Nothing	19	9515202	0	1			0		other	0
23514	723	Nothing	51	9532373	0	1			0		other	0
23514	723	Port Input	2	9534160	1787	4
23514	723	Response	3	9534160	1787	4
23514	724	Nothing	1000	9534175	0	1			0		other	0
23514	725	Nothing	62	9534282	0	0			0		other	0
23514	726	Nothing	101	9534394	0	1			0		false_alarm	1592
23514	726	Port Input	2	9535845	1451	3
23514	726	Response	3	9535845	1451	3
23514	726	Port Input	2	9535848	1454	3
23514	727	Nothing	19	9567181	0	1			0		other	0
23514	729	Nothing	51	9612251	0	1			0		other	0
23514	729	Port Input	2	9615568	3317	4
23514	729	Response	3	9615568	3317	4
23514	730	Nothing	1000	9615581	0	1			0		other	0
23514	731	Nothing	62	9615694	0	1			0		other	0
23514	732	Nothing	101	9615809	0	1			0		false_alarm	1602
23514	732	Port Input	2	9616867	1058	3
23514	732	Response	3	9616867	1058	3
23514	732	Port Input	2	9618588	2779	4
23514	732	Response	3	9618588	2779	4
23514	732	Port Input	2	9620109	4300	4
23514	732	Response	3	9620109	4300	4
23514	732	Port Input	2	9620114	4304	4
23514	733	Nothing	19	9648557	0	0			0		other	0
23514	733	Port Input	2	9663097	14540	4
23514	734	Nothing	51	9663433	0	1			0		other	0
23514	734	Port Input	2	9664977	1544	4
23514	734	Response	3	9664977	1544	4
23514	735	Nothing	1002	9664994	0	1			0		other	0
23514	736	Nothing	63	9665107	0	1			0		other	0
23514	737	Nothing	101	9665221	0	1			0		false_alarm	1617
23514	737	Port Input	2	9668574	3353	4
23514	737	Response	3	9668574	3353	4
23514	738	Nothing	19	9697955	0	1			0		other	0
23514	739	Nothing	51	9729894	0	1			0		other	0
23514	739	Port Input	2	9732960	3066	4
23514	739	Response	3	9732960	3066	4
23514	740	Nothing	1000	9732974	0	1			0		other	0
23514	741	Nothing	62	9733080	0	0			0		other	0
23514	742	Nothing	101	9733193	0	1			0		other	0
23514	743	Nothing	19	9765902	0	1			0		other	0
23514	744	Nothing	51	9785337	0	1			0		other	0
23514	745	Nothing	77	9805346	0	0			0		other	0
23514	746	Nothing	1000	9835354	0	1			0		other	0
23514	747	Nothing	19	9837781	0	0			0		other	0
23514	748	Nothing	51	9864893	0	1			0		other	0
23514	748	Port Input	2	9871544	6652	3
23514	748	Response	3	9871544	6652	3
23514	748	Port Input	2	9871547	6655	4
23514	749	Nothing	1000	9871556	0	1			0		other	0
23514	750	Nothing	62	9871663	0	0			0		other	0
23514	751	Nothing	101	9871776	0	1			0		other	0
23514	752	Nothing	19	9904768	0	1			0		other	0
23514	754	Nothing	51	9922914	0	1			0		other	0
23514	754	Port Input	2	9926037	3122	4
23514	754	Response	3	9926037	3122	4
23514	755	Nothing	1000	9926051	0	1			0		other	0
23514	756	Nothing	62	9926159	0	1			0		other	0
23514	757	Nothing	101	9926273	0	1			0		false_alarm	1645
23514	757	Port Input	2	9927569	1296	4
23514	757	Response	3	9927569	1296	4
23514	758	Nothing	19	9959029	0	1			0		other	0
23514	759	Nothing	51	9973744	0	1			0		other	0
23514	759	Port Input	2	9977044	3300	4
23514	759	Response	3	9977044	3300	4
23514	760	Nothing	1000	9977058	0	1			0		other	0
23514	761	Nothing	62	9977165	0	1			0		other	0
23514	762	Nothing	101	9977277	0	1			0		false_alarm	1654
23514	762	Port Input	2	9978659	1382	4
23514	762	Response	3	9978659	1382	4
23514	763	Nothing	19	10010045	0	1			0		other	0
23514	764	Nothing	51	10021277	0	1			0		other	0
23514	765	Nothing	77	10041288	0	1			0		other	0
23514	766	Nothing	1000	10071295	0	1			0		other	0
23514	767	Nothing	19	10073739	0	1			0		other	0
23514	768	Nothing	51	10097310	0	1			0		other	0
23514	768	Port Input	2	10101591	4281	3
23514	768	Response	3	10101591	4281	3
23514	768	Port Input	2	10101594	4284	4
23514	769	Nothing	1002	10101603	0	1			0		other	0
23514	770	Nothing	63	10101714	0	1			0		other	0
23514	771	Nothing	101	10101829	0	1			0		other	0
23514	772	Nothing	19	10134819	0	1			0		other	0
23514	773	Nothing	51	10151110	0	1			0		other	0
23514	773	Port Input	2	10156330	5220	4
23514	773	Response	3	10156330	5220	4
23514	774	Nothing	1000	10156349	0	1			0		other	0
23514	775	Nothing	62	10156458	0	1			0		other	0
23514	776	Nothing	101	10156572	0	1			0		other	0
23514	777	Nothing	19	10189316	0	1			0		other	0
23514	779	Nothing	51	10223242	0	0			0		other	0
23514	779	Port Input	2	10230452	7210	4
23514	779	Response	3	10230452	7210	4
23514	780	Nothing	1000	10230465	0	0			0		other	0
23514	781	Nothing	62	10230572	0	1			0		other	0
23514	782	Nothing	101	10230688	0	0			0		false_alarm	1682
23514	782	Port Input	2	10232138	1451	4
23514	782	Response	3	10232138	1451	4
23514	782	Port Input	2	10232143	1455	4
23514	783	Nothing	19	10263510	0	1			0		other	0
23514	784	Nothing	51	10285690	0	1			0		other	0
23514	784	Port Input	2	10290279	4589	4
23514	784	Response	3	10290279	4589	4
23514	785	Nothing	1000	10290293	0	1			0		other	0
23514	786	Nothing	62	10290399	0	0			0		other	0
23514	787	Nothing	101	10290513	0	1			0		false_alarm	1692
23514	787	Port Input	2	10292191	1678	3
23514	787	Response	3	10292191	1678	3
23514	787	Port Input	2	10292195	1682	4
23514	788	Nothing	19	10323279	0	1			0		other	0
23514	789	Nothing	51	10370190	0	1			0		other	0
23514	789	Port Input	2	10374653	4462	4
23514	789	Response	3	10374653	4462	4
23514	790	Nothing	1000	10374668	0	1			0		other	0
23514	791	Nothing	62	10374777	0	0			0		other	0
23514	792	Nothing	101	10374889	0	1			0		other	0
23514	793	Nothing	19	10407634	0	1			0		other	0
23514	794	Nothing	51	10448820	0	1			0		other	0
23514	794	Port Input	2	10449943	1123	5
23514	794	Response	3	10449943	1123	5
23514	795	Nothing	1002	10449959	0	1			0		other	0
23514	796	Nothing	63	10450068	0	0			0		other	0
23514	797	Nothing	101	10450183	0	1			0		false_alarm	1709
23514	797	Port Input	2	10466059	15876	3
23514	797	Response	3	10466059	15876	3
23514	797	Port Input	2	10466113	15929	4
23514	798	Nothing	19	10482975	0	1			0		other	0
23514	799	Nothing	51	10498152	0	1			0		other	0
23514	800	Nothing	77	10518161	0	1			0		other	0
23514	801	Nothing	1000	10548167	0	1			0		other	0
23514	802	Nothing	19	10550592	0	1			0		other	0
23514	804	Nothing	51	10569932	0	1			0		other	0
23514	805	Nothing	77	10589944	0	1			0		other	0
23514	806	Nothing	1000	10619955	0	1			0		other	0
23514	807	Nothing	19	10622371	0	1			0		other	0
23514	808	Nothing	51	10643848	0	1			0		other	0
23514	808	Port Input	2	10647164	3317	3
23514	808	Response	3	10647164	3317	3
23514	808	Port Input	2	10647167	3320	4
23514	809	Nothing	1000	10647177	0	1			0		other	0
23514	810	Nothing	62	10647284	0	1			0		other	0
23514	811	Nothing	101	10647403	0	1			0		false_alarm	1728
23514	811	Port Input	2	10648499	1096	4
23514	811	Response	3	10648499	1096	4
23514	812	Nothing	19	10680582	0	1			0		other	0
23514	813	Nothing	51	10702051	0	1			0		other	0
23514	813	Port Input	2	10704434	2382	4
23514	813	Response	3	10704434	2382	4
23514	814	Nothing	1000	10704448	0	1			0		other	0
23514	815	Nothing	62	10704556	0	0			0		other	0
23514	816	Nothing	101	10704671	0	0			0		other	0
23514	817	Nothing	19	10737546	0	0			0		other	0
23514	818	Nothing	51	10754129	0	1			0		other	0
23514	819	Nothing	77	10774140	0	1			0		other	0
23514	820	Nothing	1000	10804146	0	1			0		other	0
23514	821	Nothing	19	10806582	0	1			0		other	0
23514	822	Nothing	51	10823523	0	1			0		other	0
23514	822	Port Input	2	10825356	1833	4
23514	822	Response	3	10825356	1833	4
23514	823	Nothing	1000	10825370	0	1			0		other	0
23514	824	Nothing	62	10825482	0	1			0		other	0
23514	825	Nothing	101	10825599	0	1			0		false_alarm	1748
23514	825	Port Input	2	10826987	1388	5
23514	825	Response	3	10826987	1388	5
23514	826	Nothing	19	10858598	0	1			0		other	0
23514	828	Nothing	51	10892241	0	1			0		other	0
23514	828	Port Input	2	10895812	3571	4
23514	828	Response	3	10895812	3571	4
23514	829	Nothing	1002	10895826	0	1			0		other	0
23514	830	Nothing	63	10895937	0	1			0		other	0
23514	831	Nothing	101	10896051	0	1			0		other	0
23514	832	Nothing	19	10929045	0	1			0		other	0
23514	833	Nothing	51	10957766	0	1			0		other	0
23514	833	Port Input	2	10962223	4457	3
23514	833	Response	3	10962223	4457	3
23514	834	Nothing	1000	10962236	0	0			0		other	0
23514	835	Nothing	62	10962343	0	1			0		other	0
23514	836	Nothing	101	10962459	0	0			0		other	0
23514	837	Nothing	19	10995179	0	1			0		other	0
23514	838	Nothing	51	11038105	0	1			0		other	0
23514	838	Port Input	2	11041015	2910	3
23514	838	Response	3	11041015	2910	3
23514	838	Port Input	2	11041018	2913	4
23514	839	Nothing	1002	11041029	0	1			0		other	0
23514	840	Nothing	63	11041138	0	1			0		other	0
23514	841	Nothing	101	11041253	0	1			0		other	0
23514	842	Nothing	19	11074075	0	1			0		other	0
23514	843	Nothing	51	11113664	0	1			0		other	0
23514	843	Port Input	2	11116085	2421	6
23514	843	Response	3	11116085	2421	6
23514	844	Nothing	1000	11116103	0	1			0		other	0
23514	845	Nothing	62	11116213	0	1			0		other	0
23514	846	Nothing	101	11116326	0	1			0		other	0
23514	847	Nothing	19	11149095	0	1			0		other	0
23514	848	Nothing	51	11166373	0	1			0		other	0
23514	848	Port Input	2	11169288	2915	4
23514	848	Response	3	11169288	2915	4
23514	848	Port Input	2	11169292	2919	4
23514	849	Nothing	1000	11169304	0	1			0		other	0
23514	850	Nothing	62	11169412	0	1			0		other	0
23514	851	Nothing	101	11169524	0	1			0		other	0
23514	852	Nothing	19	11202395	0	1			0		other	0
23514	854	Nothing	51	11230826	0	1			0		other	0
23514	854	Port Input	2	11235480	4655	3
23514	854	Response	3	11235480	4655	3
23514	855	Nothing	1000	11235492	0	1			0		other	0
23514	856	Nothing	62	11235600	0	1			0		other	0
23514	857	Nothing	101	11235715	0	1			0		other	0
23514	858	Nothing	19	11268453	0	1			0		other	0
23514	859	Nothing	51	11283245	0	1			0		other	0
23514	859	Port Input	2	11288120	4875	3
23514	859	Response	3	11288120	4875	3
23514	860	Nothing	1002	11288132	0	1			0		other	0
23514	861	Nothing	63	11288244	0	1			0		other	0
23514	862	Nothing	101	11288357	0	1			0		false_alarm	1801
23514	862	Port Input	2	11289685	1328	4
23514	862	Response	3	11289685	1328	4
23514	862	Port Input	2	11291141	2783	4
23514	862	Response	3	11291141	2783	4
23514	863	Nothing	19	11321107	0	1			0		other	0
23514	864	Nothing	51	11347547	0	1			0		other	0
23514	864	Port Input	2	11350567	3020	4
23514	864	Response	3	11350567	3020	4
23514	865	Nothing	1000	11350581	0	1			0		other	0
23514	866	Nothing	62	11350688	0	1			0		other	0
23514	867	Nothing	101	11350800	0	1			0		other	0
23514	868	Nothing	19	11383553	0	0			0		other	0
23514	869	Nothing	51	11429987	0	1			0		other	0
23514	869	Port Input	2	11436001	6013	6
23514	869	Response	3	11436001	6013	6
23514	870	Nothing	1000	11436025	0	1			0		other	0
23514	871	Nothing	62	11436138	0	1			0		other	0
23514	872	Nothing	101	11436255	0	1			0		other	0
23514	873	Nothing	19	11469052	0	1			0		other	0
23514	874	Nothing	51	11487689	0	1			0		other	0
23514	874	Port Input	2	11492073	4384	6
23514	874	Response	3	11492073	4384	6
23514	875	Nothing	1000	11492088	0	1			0		other	0
23514	876	Nothing	62	11492195	0	1			0		other	0
23514	877	Nothing	101	11492308	0	1			0		other	0
23514	878	Nothing	19	11525043	0	1			0		other	0
23514	880	Nothing	51	11552081	0	1			0		other	0
23514	881	Nothing	77	11572091	0	1			0		other	0
23514	882	Nothing	1000	11602098	0	1			0		other	0
23514	883	Nothing	19	11604559	0	1			0		other	0
23514	884	Nothing	51	11641812	0	1			0		other	0
23514	884	Port Input	2	11645266	3454	3
23514	884	Response	3	11645266	3454	3
23514	885	Nothing	1000	11645279	0	1			0		other	0
23514	886	Nothing	62	11645386	0	1			0		other	0
23514	887	Nothing	101	11645509	0	1			0		other	0
23514	888	Nothing	19	11678522	0	1			0		other	0
23514	889	Nothing	51	11692879	0	0			0		other	0
23514	889	Port Input	2	11695325	2446	4
23514	889	Response	3	11695325	2446	4
23514	890	Nothing	1002	11695340	0	1			0		other	0
23514	891	Nothing	63	11695450	0	1			0		other	0
23514	892	Nothing	101	11695565	0	1			0		false_alarm	1844
23514	892	Port Input	2	11697114	1549	4
23514	892	Response	3	11697114	1549	4
23514	892	Port Input	2	11697118	1553	4
23514	893	Nothing	19	11728328	0	1			0		other	0
23514	894	Nothing	51	11747952	0	1			0		other	0
23514	894	Port Input	2	11750500	2548	4
23514	894	Response	3	11750500	2548	4
23514	895	Nothing	1002	11750512	0	1			0		other	0
23514	896	Nothing	63	11750622	0	1			0		other	0
23514	897	Nothing	101	11750736	0	1			0		false_alarm	1854
23514	897	Port Input	2	11752083	1348	4
23514	897	Response	3	11752083	1348	4
23514	897	Port Input	2	11752087	1352	4
23514	898	Nothing	19	11783434	0	1			0		other	0
23514	899	Nothing	51	11812757	0	0			0		other	0
23514	899	Port Input	2	11816189	3432	3
23514	899	Response	3	11816189	3432	3
23514	900	Nothing	1002	11816201	0	1			0		other	0
23514	901	Nothing	63	11816313	0	1			0		other	0
23514	902	Nothing	101	11816428	0	0			0		other	0
23514	903	Nothing	19	11849183	0	0			0		other	0
23514	903	Port Input	2	11863022	13839	3
23514	903	Response	3	11863022	13839	3
23514	904	Nothing	19	11888011	0	1			0		other	0
23514	906	Nothing	51	11904693	0	1			0		other	0
23514	906	Port Input	2	11907910	3217	4
23514	906	Response	3	11907910	3217	4
23514	907	Nothing	1000	11907927	0	1			0		other	0
23514	908	Nothing	62	11908033	0	0			0		other	0
23514	909	Nothing	101	11908148	0	1			0		other	0
23514	910	Nothing	19	11940864	0	1			0		other	0
23514	911	Nothing	52	11951678	0	1			0		other	0
23514	912	Nothing	77	11971686	0	1			0		other	0
23514	913	Nothing	1000	12001693	0	1			0		other	0
23514	914	Nothing	19	12004104	0	1			0		other	0
23514	915	Nothing	51	12023381	0	1			0		other	0
23514	916	Nothing	77	12043390	0	1			0		other	0
23514	917	Nothing	1000	12073397	0	1			0		other	0
23514	918	Nothing	19	12075697	0	1			0		other	0
23514	919	Nothing	51	12123889	0	1			0		other	0
23514	919	Port Input	2	12128427	4538	4
23514	919	Response	3	12128427	4538	4
23514	920	Nothing	1000	12128442	0	1			0		other	0
23514	921	Nothing	62	12128551	0	1			0		other	0
23514	922	Nothing	101	12128664	0	1			0		other	0
23514	923	Nothing	19	12161672	0	1			0		other	0
23514	924	Nothing	51	12204082	0	1			0		other	0
23514	925	Nothing	77	12224096	0	1			0		other	0
23514	926	Nothing	1000	12254103	0	0			0		other	0
23514	927	Nothing	19	12256513	0	1			0		other	0
23514	929	Nothing	51	12283193	0	1			0		other	0
23514	930	Nothing	77	12303203	0	0			0		other	0
23514	931	Nothing	1000	12333209	0	0			0		other	0
23514	932	Nothing	19	12335511	0	0			0		other	0
23514	933	Nothing	51	12370096	0	1			0		other	0
23514	934	Nothing	77	12390105	0	1			0		other	0
23514	935	Nothing	1000	12420113	0	0			0		other	0
23514	936	Nothing	19	12422394	0	1			0		other	0
23514	937	Nothing	51	12455286	0	1			0		other	0
23514	938	Nothing	77	12475295	0	1			0		other	0
23514	939	Nothing	1000	12505301	0	1			0		other	0
23514	940	Nothing	19	12507612	0	1			0		other	0
23514	941	Nothing	51	12532206	0	1			0		other	0
23514	942	Nothing	77	12552215	0	1			0		other	0
23514	943	Nothing	1000	12582222	0	1			0		other	0
23514	944	Nothing	19	12584535	0	0			0		other	0
23514	945	Nothing	51	12594788	0	1			0		other	0
23514	946	Nothing	77	12614799	0	1			0		other	0
23514	947	Nothing	1000	12644804	0	1			0		other	0
23514	948	Nothing	19	12647096	0	1			0		other	0
23514	950	Nothing	51	12675515	0	1			0		other	0
23514	951	Nothing	77	12695524	0	1			0		other	0
23514	952	Nothing	1000	12725530	0	1			0		other	0
23514	953	Nothing	19	12727824	0	1			0		other	0
23514	954	Nothing	51	12775916	0	1			0		other	0
23514	955	Nothing	77	12795927	0	1			0		other	0
23514	956	Nothing	1000	12825934	0	1			0		other	0
23514	957	Nothing	19	12828229	0	1			0		other	0
23514	958	Nothing	52	12862278	0	1			0		other	0
23514	959	Nothing	77	12882287	0	1			0		other	0
23514	960	Nothing	1000	12912294	0	1			0		other	0
23514	961	Nothing	19	12914820	0	1			0		other	0
23514	962	Nothing	51	12958354	0	1			0		other	0
23514	963	Nothing	77	12978369	0	1			0		other	0
23514	964	Nothing	1000	13008374	0	1			0		other	0
23514	965	Nothing	19	13010673	0	1			0		other	0
23514	966	Nothing	62	13022757	0	1			0		other	0
23514	967	Nothing	60	13032764	0	1			0		other	0
