Scenario - phase2_matchingPennies_algorithm1
Logfile written - 06/16/2023 10:36:57

Subject	Trial	Event Type	Code	Time	TTime	Uncertainty	Duration	Uncertainty	ReqTime	ReqDur	Stim Type	Pair Index

23524	1	Nothing	61	10455	0	1			0		other	0
23524	1	Manual	06/16/2023 10:32:36	10613	158	NA
23524	1	Port Input	2	309928	299474	4
23524	1	Response	3	309928	299474	4
23524	1	Port Input	2	311712	301258	4
23524	1	Response	3	311712	301258	4
23524	1	Port Input	2	313179	302724	4
23524	1	Response	3	313179	302724	4
23524	1	Port Input	2	326937	316482	5
23524	1	Response	3	326937	316482	5
23524	1	Port Input	2	397201	386746	4
23524	1	Response	3	397201	386746	4
23524	1	Port Input	2	417137	406683	4
23524	1	Response	3	417137	406683	4
23524	1	Port Input	2	418508	408054	4
23524	1	Response	3	418508	408054	4
23524	1	Port Input	2	452553	442098	5
23524	1	Response	3	452553	442098	5
23524	1	Port Input	2	491985	481531	4
23524	1	Response	3	491985	481531	4
23524	1	Port Input	2	539895	529441	4
23524	1	Response	3	539895	529441	4
23524	1	Port Input	2	541456	531002	5
23524	1	Response	3	541456	531002	5
23524	1	Port Input	2	542734	532279	4
23524	1	Response	3	542734	532279	4
23524	1	Port Input	2	546392	535937	4
23524	1	Response	3	546392	535937	4
23524	1	Port Input	2	547681	537226	4
23524	1	Response	3	547681	537226	4
23524	1	Port Input	2	549035	538581	4
23524	1	Response	3	549035	538581	4
23524	1	Port Input	2	550306	539851	4
23524	1	Response	3	550306	539851	4
23524	1	Port Input	2	551554	541099	4
23524	1	Response	3	551554	541099	4
23524	1	Port Input	2	552961	542507	4
23524	1	Response	3	552961	542507	4
23524	1	Port Input	2	554351	543897	5
23524	1	Response	3	554351	543897	5
23524	1	Port Input	2	555739	545285	4
23524	1	Response	3	555739	545285	4
23524	1	Port Input	2	557197	546743	4
23524	1	Response	3	557197	546743	4
23524	1	Port Input	2	558456	548002	6
23524	1	Response	3	558456	548002	6
23524	1	Port Input	2	559916	549461	4
23524	1	Response	3	559916	549461	4
23524	1	Port Input	2	561369	550914	4
23524	1	Response	3	561369	550914	4
23524	1	Port Input	2	562760	552306	4
23524	1	Response	3	562760	552306	4
23524	1	Port Input	2	564171	553717	7
23524	1	Response	3	564171	553717	7
23524	1	Port Input	2	565662	555208	4
23524	1	Response	3	565662	555208	4
23524	1	Port Input	2	577348	566894	4
23524	1	Response	3	577348	566894	4
23524	1	Port Input	1	584098	573643	4
23524	1	Response	2	584098	573643	4
23524	1	Port Input	1	587286	576831	4
23524	1	Response	2	587286	576831	4
23524	1	Port Input	2	587307	576852	4
23524	1	Response	3	587307	576852	4
23524	1	Port Input	1	587468	577013	4
23524	1	Response	2	587468	577013	4
23524	1	Port Input	2	587471	577017	4
23524	1	Port Input	1	587477	577022	4
23524	1	Port Input	2	588932	578478	4
23524	1	Response	3	588932	578478	4
23524	1	Port Input	2	588986	578532	4
23524	1	Port Input	2	589038	578583	4
23524	1	Port Input	2	589229	578774	5
23524	1	Response	3	589229	578774	5
23524	1	Port Input	2	590902	580448	4
23524	1	Response	3	590902	580448	4
23524	1	Port Input	2	591361	580906	4
23524	1	Response	3	591361	580906	4
23524	1	Port Input	2	592998	582543	4
23524	1	Response	3	592998	582543	4
23524	1	Port Input	1	593035	582581	4
23524	1	Response	2	593035	582581	4
23524	1	Port Input	2	593159	582704	4
23524	1	Port Input	2	593465	583010	5
23524	1	Response	3	593465	583010	5
23524	1	Port Input	2	595499	585045	4
23524	1	Response	3	595499	585045	4
23524	1	Port Input	1	595561	585107	5
23524	1	Response	2	595561	585107	5
23524	1	Port Input	2	598339	587885	4
23524	1	Response	3	598339	587885	4
23524	1	Port Input	1	599249	588794	11
23524	1	Response	2	599249	588794	11
23524	1	Port Input	1	601025	590571	4
23524	1	Response	2	601025	590571	4
23524	1	Port Input	2	601039	590584	4
23524	1	Response	3	601039	590584	4
23524	1	Port Input	1	602970	592516	4
23524	1	Response	2	602970	592516	4
23524	1	Port Input	2	603814	593359	4
23524	1	Response	3	603814	593359	4
23524	1	Port Input	1	603985	593530	4
23524	1	Response	2	603985	593530	4
23524	1	Port Input	1	604620	594165	4
23524	1	Response	2	604620	594165	4
23524	1	Port Input	1	623470	613015	4
23524	1	Response	2	623470	613015	4
23524	1	Port Input	1	623973	613519	4
23524	1	Port Input	2	681879	671424	4
23524	1	Response	3	681879	671424	4
23524	1	Port Input	2	683249	672795	9
23524	1	Response	3	683249	672795	9
23524	1	Port Input	2	714921	704466	4
23524	1	Response	3	714921	704466	4
23524	1	Port Input	2	716373	705918	8
23524	1	Response	3	716373	705918	8
23524	1	Port Input	2	717794	707340	4
23524	1	Response	3	717794	707340	4
23524	1	Port Input	2	731838	721383	4
23524	1	Response	3	731838	721383	4
23524	2	Nothing	51	761118	0	1			0		other	0
23524	2	Port Input	2	762955	1836	4
23524	2	Response	3	762955	1836	4
23524	3	Nothing	1000	762971	0	1			0		other	0
23524	4	Nothing	62	763082	0	1			0		other	0
23524	5	Nothing	101	763197	0	1			0		false_alarm	128
23524	5	Port Input	2	764166	969	4
23524	5	Response	3	764166	969	4
23524	5	Port Input	2	792772	29575	4
23524	5	Response	3	792772	29575	4
23524	6	Nothing	19	793704	0	0			0		other	0
23524	7	Nothing	51	826483	0	1			0		other	0
23524	7	Port Input	2	828051	1568	4
23524	7	Response	3	828051	1568	4
23524	8	Nothing	1000	828069	0	1			0		other	0
23524	9	Nothing	62	828177	0	1			0		other	0
23524	10	Nothing	101	828295	0	1			0		false_alarm	139
23524	10	Port Input	2	829293	998	4
23524	10	Response	3	829293	998	4
23524	11	Nothing	19	858598	0	0			0		other	0
23524	12	Nothing	51	904124	0	1			0		other	0
23524	13	Nothing	77	924138	0	1			0		other	0
23524	14	Nothing	1000	954148	0	1			0		other	0
23524	15	Nothing	19	954645	0	1			0		other	0
23524	16	Nothing	51	1000759	0	1			0		other	0
23524	16	Port Input	2	1003807	3048	4
23524	16	Response	3	1003807	3048	4
23524	17	Nothing	1000	1003822	0	1			0		other	0
23524	18	Nothing	62	1003931	0	1			0		other	0
23524	19	Nothing	101	1004046	0	0			0		other	0
23524	20	Nothing	19	1034554	0	1			0		other	0
23524	22	Nothing	51	1070937	0	1			0		other	0
23524	22	Port Input	2	1074177	3240	5
23524	22	Response	3	1074177	3240	5
23524	23	Nothing	1000	1074192	0	1			0		other	0
23524	24	Nothing	62	1074300	0	1			0		other	0
23524	25	Nothing	101	1074416	0	1			0		other	0
23524	26	Nothing	19	1104722	0	1			0		other	0
23524	27	Nothing	52	1124241	0	1			0		other	0
23524	27	Port Input	2	1126158	1917	4
23524	27	Response	3	1126158	1917	4
23524	28	Nothing	1000	1126176	0	1			0		other	0
23524	29	Nothing	62	1126286	0	1			0		other	0
23524	30	Nothing	111	1126409	0	1			0		false_alarm	166
23524	30	Port Input	2	1127447	1039	4
23524	30	Response	3	1127447	1039	4
23524	30	Port Input	2	1128953	2544	4
23524	30	Response	3	1128953	2544	4
23524	30	Port Input	2	1129924	3515	4
23524	30	Response	3	1129924	3515	4
23524	30	Port Input	2	1131061	4653	5
23524	30	Response	3	1131061	4653	5
23524	30	Port Input	2	1132279	5870	4
23524	30	Response	3	1132279	5870	4
23524	30	Port Input	2	1133485	7077	4
23524	30	Response	3	1133485	7077	4
23524	30	Port Input	2	1134686	8278	4
23524	30	Response	3	1134686	8278	4
23524	30	Port Input	2	1135802	9394	4
23524	30	Response	3	1135802	9394	4
23524	30	Port Input	2	1136971	10562	7
23524	30	Response	3	1136971	10562	7
23524	30	Port Input	2	1138185	11777	4
23524	30	Response	3	1138185	11777	4
23524	30	Port Input	2	1139437	13028	4
23524	30	Response	3	1139437	13028	4
23524	30	Port Input	2	1140795	14386	4
23524	30	Response	3	1140795	14386	4
23524	30	Port Input	2	1142205	15796	4
23524	30	Response	3	1142205	15796	4
23524	30	Port Input	2	1143603	17194	4
23524	30	Response	3	1143603	17194	4
23524	30	Port Input	2	1144957	18548	4
23524	30	Response	3	1144957	18548	4
23524	30	Port Input	2	1146324	19915	4
23524	30	Response	3	1146324	19915	4
23524	30	Port Input	2	1147662	21253	4
23524	30	Response	3	1147662	21253	4
23524	30	Port Input	2	1148934	22525	4
23524	30	Response	3	1148934	22525	4
23524	30	Port Input	2	1150322	23913	4
23524	30	Response	3	1150322	23913	4
23524	30	Port Input	2	1151892	25483	5
23524	30	Response	3	1151892	25483	5
23524	30	Port Input	2	1153247	26839	4
23524	30	Response	3	1153247	26839	4
23524	30	Port Input	2	1154600	28191	4
23524	30	Response	3	1154600	28191	4
23524	30	Port Input	2	1156072	29663	8
23524	30	Response	3	1156072	29663	8
23524	31	Nothing	19	1157175	0	0			0		other	0
23524	31	Port Input	2	1157510	335	4
23524	31	Response	3	1157510	335	4
23524	31	Port Input	2	1158888	1713	4
23524	31	Response	3	1158888	1713	4
23524	31	Port Input	2	1160344	3169	4
23524	31	Response	3	1160344	3169	4
23524	31	Port Input	1	1161652	4477	4
23524	31	Response	2	1161652	4477	4
23524	31	Port Input	2	1163163	5988	4
23524	31	Response	3	1163163	5988	4
23524	31	Port Input	2	1164461	7286	4
23524	31	Response	3	1164461	7286	4
23524	31	Port Input	2	1166036	8861	4
23524	31	Response	3	1166036	8861	4
23524	31	Port Input	2	1167736	10562	5
23524	31	Response	3	1167736	10562	5
23524	31	Port Input	2	1169380	12205	4
23524	31	Response	3	1169380	12205	4
23524	31	Port Input	2	1170949	13774	4
23524	31	Response	3	1170949	13774	4
23524	31	Port Input	2	1172626	15451	4
23524	31	Response	3	1172626	15451	4
23524	32	Nothing	19	1193413	0	1			0		other	0
23524	33	Nothing	51	1208088	0	1			0		other	0
23524	33	Port Input	2	1210677	2590	4
23524	33	Response	3	1210677	2590	4
23524	34	Nothing	1000	1210692	0	1			0		other	0
23524	35	Nothing	62	1210802	0	1			0		other	0
23524	36	Nothing	101	1210918	0	1			0		false_alarm	242
23524	36	Port Input	2	1212214	1296	4
23524	36	Response	3	1212214	1296	4
23524	36	Port Input	2	1213337	2419	4
23524	36	Response	3	1213337	2419	4
23524	36	Port Input	2	1214572	3653	4
23524	36	Response	3	1214572	3653	4
23524	36	Port Input	2	1215843	4925	4
23524	36	Response	3	1215843	4925	4
23524	36	Port Input	2	1217249	6331	4
23524	36	Response	3	1217249	6331	4
23524	36	Port Input	2	1218646	7728	4
23524	36	Response	3	1218646	7728	4
23524	36	Port Input	2	1219988	9069	4
23524	36	Response	3	1219988	9069	4
23524	36	Port Input	2	1221687	10768	4
23524	36	Response	3	1221687	10768	4
23524	36	Port Input	2	1223092	12174	5
23524	36	Response	3	1223092	12174	5
23524	36	Port Input	2	1224842	13924	6
23524	36	Response	3	1224842	13924	6
23524	36	Port Input	2	1226365	15447	4
23524	36	Response	3	1226365	15447	4
23524	36	Port Input	2	1227661	16743	4
23524	36	Response	3	1227661	16743	4
23524	37	Nothing	19	1243851	0	1			0		other	0
23524	37	Port Input	2	1275736	31885	4
23524	37	Response	3	1275736	31885	4
23524	37	Port Input	2	1277178	33327	4
23524	37	Response	3	1277178	33327	4
23524	37	Port Input	2	1278274	34423	4
23524	37	Response	3	1278274	34423	4
23524	37	Port Input	2	1279584	35733	5
23524	37	Response	3	1279584	35733	5
23524	37	Port Input	2	1281144	37293	4
23524	37	Response	3	1281144	37293	4
23524	37	Port Input	2	1282618	38768	5
23524	37	Response	3	1282618	38768	5
23524	37	Port Input	2	1284148	40297	4
23524	37	Response	3	1284148	40297	4
23524	37	Port Input	2	1285673	41822	119
23524	37	Response	3	1285673	41822	119
23524	38	Nothing	19	1285803	0	1			0		other	0
23524	39	Nothing	51	1308408	0	1			0		other	0
23524	39	Port Input	2	1310304	1896	4
23524	39	Response	3	1310304	1896	4
23524	40	Nothing	1000	1310326	0	1			0		other	0
23524	41	Nothing	62	1310435	0	1			0		other	0
23524	42	Nothing	101	1310551	0	1			0		false_alarm	290
23524	42	Port Input	2	1311760	1209	5
23524	42	Response	3	1311760	1209	5
23524	43	Nothing	19	1343540	0	1			0		other	0
23524	44	Nothing	51	1361660	0	1			0		other	0
23524	44	Port Input	1	1378191	16531	4
23524	44	Response	2	1378191	16531	4
23524	45	Nothing	1000	1378207	0	1			0		other	0
23524	46	Nothing	62	1378315	0	1			0		other	0
23524	47	Nothing	100	1378437	0	1			0		false_alarm	300
23524	47	Port Input	1	1378626	189	4
23524	47	Port Input	1	1379389	952	5
23524	47	Response	2	1379389	952	5
23524	47	Port Input	1	1380646	2209	4
23524	47	Response	2	1380646	2209	4
23524	47	Port Input	1	1382995	4558	4
23524	47	Response	2	1382995	4558	4
23524	47	Port Input	1	1384286	5850	4
23524	47	Response	2	1384286	5850	4
23524	47	Port Input	1	1385548	7111	4
23524	47	Response	2	1385548	7111	4
23524	47	Port Input	1	1386970	8533	4
23524	47	Response	2	1386970	8533	4
23524	47	Port Input	2	1388327	9890	4
23524	47	Response	3	1388327	9890	4
23524	47	Port Input	1	1389558	11121	5
23524	47	Response	2	1389558	11121	5
23524	47	Port Input	1	1391054	12617	6
23524	47	Response	2	1391054	12617	6
23524	47	Port Input	1	1392623	14186	4
23524	47	Response	2	1392623	14186	4
23524	47	Port Input	1	1394089	15652	4
23524	47	Response	2	1394089	15652	4
23524	47	Port Input	1	1395789	17352	4
23524	47	Response	2	1395789	17352	4
23524	47	Port Input	1	1397354	18917	7
23524	47	Response	2	1397354	18917	7
23524	47	Port Input	2	1399055	20618	6
23524	47	Response	3	1399055	20618	6
23524	47	Port Input	1	1400410	21973	4
23524	47	Response	2	1400410	21973	4
23524	47	Port Input	1	1401848	23411	4
23524	47	Response	2	1401848	23411	4
23524	47	Port Input	1	1403561	25125	5
23524	47	Response	2	1403561	25125	5
23524	47	Port Input	2	1405395	26958	4
23524	47	Response	3	1405395	26958	4
23524	47	Port Input	2	1406942	28505	4
23524	47	Response	3	1406942	28505	4
23524	47	Port Input	1	1408395	29959	9
23524	47	Response	2	1408395	29959	9
23524	47	Port Input	1	1409826	31389	4
23524	47	Response	2	1409826	31389	4
23524	47	Port Input	1	1411462	33025	126
23524	47	Response	2	1411462	33025	126
23524	48	Nothing	19	1411744	0	1			0		other	0
23524	48	Port Input	2	1413320	1576	6
23524	48	Response	3	1413320	1576	6
23524	48	Port Input	2	1414735	2991	4
23524	48	Response	3	1414735	2991	4
23524	48	Port Input	2	1416298	4554	4
23524	48	Response	3	1416298	4554	4
23524	48	Port Input	1	1417897	6154	5
23524	48	Response	2	1417897	6154	5
23524	48	Port Input	2	1419471	7727	4
23524	48	Response	3	1419471	7727	4
23524	49	Nothing	19	1438062	0	1			0		other	0
23524	49	Port Input	2	1460613	22551	7
23524	49	Response	3	1460613	22551	7
23524	49	Port Input	2	1461258	23196	5
23524	49	Response	3	1461258	23196	5
23524	50	Nothing	19	1461984	0	1			0		other	0
23524	50	Port Input	2	1462451	467	4
23524	50	Response	3	1462451	467	4
23524	50	Port Input	2	1465230	3246	4
23524	50	Response	3	1465230	3246	4
23524	51	Nothing	19	1488522	0	1			0		other	0
23524	53	Nothing	51	1503186	0	1			0		other	0
23524	54	Nothing	77	1523195	0	1			0		other	0
23524	55	Nothing	1000	1553205	0	1			0		other	0
23524	56	Nothing	19	1555797	0	1			0		other	0
23524	56	Port Input	2	1593000	37203	4
23524	56	Response	3	1593000	37203	4
23524	56	Port Input	2	1594830	39032	4
23524	56	Response	3	1594830	39032	4
23524	57	Nothing	19	1596964	0	1			0		other	0
23524	58	Nothing	52	1614287	0	1			0		other	0
23524	59	Nothing	77	1634300	0	1			0		other	0
23524	60	Nothing	1000	1664306	0	1			0		other	0
23524	61	Nothing	19	1666925	0	1			0		other	0
23524	62	Nothing	51	1677595	0	1			0		other	0
23524	62	Port Input	2	1679578	1983	4
23524	62	Response	3	1679578	1983	4
23524	63	Nothing	1000	1679593	0	1			0		other	0
23524	64	Nothing	62	1679702	0	1			0		other	0
23524	65	Nothing	101	1679820	0	1			0		false_alarm	385
23524	65	Port Input	2	1681110	1290	4
23524	65	Response	3	1681110	1290	4
23524	65	Port Input	2	1682380	2560	4
23524	65	Response	3	1682380	2560	4
23524	65	Port Input	2	1684162	4342	4
23524	65	Response	3	1684162	4342	4
23524	66	Nothing	19	1713265	0	0			0		other	0
23524	67	Nothing	51	1746463	0	1			0		other	0
23524	67	Port Input	2	1749219	2755	4
23524	67	Response	3	1749219	2755	4
23524	68	Nothing	1000	1749234	0	0			0		other	0
23524	69	Nothing	62	1749341	0	0			0		other	0
23524	70	Nothing	101	1749456	0	0			0		false_alarm	398
23524	70	Port Input	2	1750825	1369	4
23524	70	Response	3	1750825	1369	4
23524	70	Port Input	2	1752042	2586	6
23524	70	Response	3	1752042	2586	6
23524	70	Port Input	2	1753749	4293	4
23524	70	Response	3	1753749	4293	4
23524	71	Nothing	19	1782638	0	1			0		other	0
23524	72	Nothing	51	1824606	0	1			0		other	0
23524	72	Port Input	2	1826354	1748	4
23524	72	Response	3	1826354	1748	4
23524	73	Nothing	1000	1826370	0	1			0		other	0
23524	74	Nothing	62	1826476	0	1			0		other	0
23524	75	Nothing	101	1826593	0	1			0		other	0
23524	76	Nothing	19	1859567	0	1			0		other	0
23524	78	Nothing	51	1872318	0	1			0		other	0
23524	79	Nothing	77	1892328	0	0			0		other	0
23524	80	Nothing	1000	1922338	0	1			0		other	0
23524	81	Nothing	19	1924991	0	1			0		other	0
23524	82	Nothing	51	1948147	0	1			0		other	0
23524	82	Port Input	2	1951039	2892	4
23524	82	Response	3	1951039	2892	4
23524	83	Nothing	1000	1951054	0	1			0		other	0
23524	84	Nothing	62	1951161	0	1			0		other	0
23524	85	Nothing	101	1951276	0	1			0		false_alarm	422
23524	85	Port Input	2	1952021	744	4
23524	85	Response	3	1952021	744	4
23524	85	Port Input	2	1952976	1699	5
23524	85	Response	3	1952976	1699	5
23524	86	Nothing	19	1984556	0	1			0		other	0
23524	87	Nothing	51	1995874	0	1			0		other	0
23524	88	Nothing	77	2015883	0	1			0		other	0
23524	89	Nothing	1000	2045893	0	1			0		other	0
23524	90	Nothing	19	2048589	0	1			0		other	0
23524	91	Nothing	51	2082663	0	1			0		other	0
23524	91	Port Input	2	2084438	1775	5
23524	91	Response	3	2084438	1775	5
23524	92	Nothing	1000	2084454	0	1			0		other	0
23524	93	Nothing	62	2084563	0	1			0		other	0
23524	94	Nothing	101	2084679	0	1			0		false_alarm	437
23524	94	Port Input	2	2085960	1281	4
23524	94	Response	3	2085960	1281	4
23524	94	Port Input	2	2087302	2623	4
23524	94	Response	3	2087302	2623	4
23524	94	Port Input	2	2088831	4152	4
23524	94	Response	3	2088831	4152	4
23524	95	Nothing	19	2118219	0	1			0		other	0
23524	96	Nothing	51	2155673	0	1			0		other	0
23524	96	Port Input	2	2157583	1910	4
23524	96	Response	3	2157583	1910	4
23524	97	Nothing	1000	2157599	0	1			0		other	0
23524	98	Nothing	62	2157716	0	0			0		other	0
23524	99	Nothing	101	2157834	0	1			0		false_alarm	450
23524	99	Port Input	2	2158872	1038	4
23524	99	Response	3	2158872	1038	4
23524	99	Port Input	2	2161529	3695	4
23524	99	Response	3	2161529	3695	4
23524	100	Nothing	19	2190961	0	1			0		other	0
23524	102	Nothing	51	2205743	0	1			0		other	0
23524	102	Port Input	2	2207795	2052	5
23524	102	Response	3	2207795	2052	5
23524	103	Nothing	1000	2207815	0	1			0		other	0
23524	104	Nothing	62	2207922	0	1			0		other	0
23524	105	Nothing	101	2208038	0	1			0		false_alarm	461
23524	105	Port Input	2	2209405	1367	5
23524	105	Response	3	2209405	1367	5
23524	106	Nothing	19	2241135	0	1			0		other	0
23524	106	Port Input	2	2252931	11797	4
23524	106	Response	3	2252931	11797	4
23524	107	Nothing	19	2279863	0	1			0		other	0
23524	107	Port Input	2	2309259	29396	5
23524	107	Response	3	2309259	29396	5
23524	108	Nothing	19	2318087	0	1			0		other	0
23524	109	Nothing	51	2346158	0	1			0		other	0
23524	109	Port Input	2	2347973	1815	4
23524	109	Response	3	2347973	1815	4
23524	110	Nothing	1000	2347988	0	1			0		other	0
23524	111	Nothing	62	2348096	0	1			0		other	0
23524	112	Nothing	101	2348215	0	1			0		false_alarm	476
23524	112	Port Input	2	2349137	922	4
23524	112	Response	3	2349137	922	4
23524	112	Port Input	2	2350384	2169	4
23524	112	Response	3	2350384	2169	4
23524	113	Nothing	19	2381364	0	1			0		other	0
23524	114	Nothing	51	2400961	0	0			0		other	0
23524	114	Port Input	2	2403642	2681	5
23524	114	Response	3	2403642	2681	5
23524	115	Nothing	1000	2403659	0	1			0		other	0
23524	116	Nothing	62	2403768	0	1			0		other	0
23524	117	Nothing	101	2403888	0	1			0		false_alarm	487
23524	117	Port Input	2	2405494	1606	4
23524	117	Response	3	2405494	1606	4
23524	117	Port Input	1	2406427	2539	4
23524	117	Response	2	2406427	2539	4
23524	117	Port Input	1	2407925	4037	4
23524	117	Response	2	2407925	4037	4
23524	117	Port Input	1	2409101	5213	4
23524	117	Response	2	2409101	5213	4
23524	117	Port Input	1	2410311	6423	4
23524	117	Response	2	2410311	6423	4
23524	117	Port Input	1	2411643	7755	4
23524	117	Response	2	2411643	7755	4
23524	117	Port Input	2	2413001	9113	5
23524	117	Response	3	2413001	9113	5
23524	117	Port Input	2	2414394	10506	4
23524	117	Response	3	2414394	10506	4
23524	117	Port Input	1	2415649	11762	5
23524	117	Response	2	2415649	11762	5
23524	117	Port Input	1	2417123	13236	4
23524	117	Response	2	2417123	13236	4
23524	117	Port Input	2	2418729	14841	4
23524	117	Response	3	2418729	14841	4
23524	117	Port Input	2	2420294	16406	4
23524	117	Response	3	2420294	16406	4
23524	118	Nothing	19	2436765	0	1			0		other	0
23524	119	Nothing	51	2447136	0	1			0		other	0
23524	119	Port Input	2	2448674	1539	4
23524	119	Response	3	2448674	1539	4
23524	120	Nothing	1000	2448693	0	1			0		other	0
23524	121	Nothing	62	2448802	0	1			0		other	0
23524	122	Nothing	101	2448917	0	1			0		false_alarm	518
23524	122	Port Input	2	2450157	1240	4
23524	122	Response	3	2450157	1240	4
23524	122	Port Input	1	2451334	2417	4
23524	122	Response	2	2451334	2417	4
23524	122	Port Input	2	2452600	3683	4
23524	122	Response	3	2452600	3683	4
23524	122	Port Input	2	2454078	5161	4
23524	122	Response	3	2454078	5161	4
23524	123	Nothing	19	2481948	0	1			0		other	0
23524	124	Nothing	51	2494627	0	1			0		other	0
23524	124	Port Input	2	2497748	3121	4
23524	124	Response	3	2497748	3121	4
23524	125	Nothing	1000	2497763	0	1			0		other	0
23524	126	Nothing	62	2497870	0	1			0		other	0
23524	127	Nothing	101	2497985	0	1			0		false_alarm	533
23524	127	Port Input	2	2498653	668	6
23524	127	Response	3	2498653	668	6
23524	127	Port Input	2	2499838	1853	4
23524	127	Response	3	2499838	1853	4
23524	128	Nothing	19	2530963	0	1			0		other	0
23524	130	Nothing	51	2546824	0	0			0		other	0
23524	130	Port Input	2	2549799	2975	6
23524	130	Response	3	2549799	2975	6
23524	131	Nothing	1000	2549818	0	1			0		other	0
23524	132	Nothing	62	2549930	0	1			0		other	0
23524	133	Nothing	101	2550056	0	1			0		false_alarm	544
23524	133	Port Input	2	2551196	1139	7
23524	133	Response	3	2551196	1139	7
23524	133	Port Input	2	2554160	4104	4
23524	133	Response	3	2554160	4104	4
23524	134	Nothing	19	2583023	0	1			0		other	0
23524	135	Nothing	51	2611153	0	1			0		other	0
23524	135	Port Input	2	2612776	1623	4
23524	135	Response	3	2612776	1623	4
23524	136	Nothing	1000	2612792	0	1			0		other	0
23524	137	Nothing	62	2612899	0	1			0		other	0
23524	138	Nothing	101	2613014	0	1			0		false_alarm	555
23524	138	Port Input	2	2614214	1200	5
23524	138	Response	3	2614214	1200	5
23524	138	Port Input	2	2615168	2153	4
23524	138	Response	3	2615168	2153	4
23524	138	Quit		2617070	4056	NA
