Scenario - phase2_matchingPennies_algorithm1
Logfile written - 07/01/2023 12:09:32

Subject	Trial	Event Type	Code	Time	TTime	Uncertainty	Duration	Uncertainty	ReqTime	ReqDur	Stim Type	Pair Index

23529	1	Nothing	61	10402	0	1			0		other	0
23529	1	Manual	07/01/2023 12:02:36	10554	152	NA
23529	1	Port Input	1	29898	19496	4
23529	1	Response	2	29898	19496	4
23529	1	Port Input	1	29937	19535	4
23529	1	Port Input	1	39125	28723	4
23529	1	Response	2	39125	28723	4
23529	1	Port Input	1	47754	37352	4
23529	1	Response	2	47754	37352	4
23529	1	Port Input	1	47757	37355	4
23529	1	Port Input	1	238251	227849	4
23529	1	Response	2	238251	227849	4
23529	2	Nothing	51	674014	0	0			0		other	0
23529	2	Port Input	1	676664	2650	4
23529	2	Response	2	676664	2650	4
23529	3	Nothing	1000	676678	0	1			0		other	0
23529	4	Nothing	62	676786	0	1			0		other	0
23529	5	Nothing	100	676907	0	1			0		false_alarm	20
23529	5	Port Input	1	677902	996	4
23529	5	Response	2	677902	996	4
23529	5	Port Input	1	677906	999	3
23529	5	Port Input	1	680003	3097	4
23529	5	Response	2	680003	3097	4
23529	5	Port Input	1	681177	4271	3
23529	5	Response	2	681177	4271	3
23529	5	Port Input	1	682358	5452	4
23529	5	Response	2	682358	5452	4
23529	5	Port Input	2	683335	6428	4
23529	5	Response	3	683335	6428	4
23529	5	Port Input	2	684698	7792	4
23529	5	Response	3	684698	7792	4
23529	5	Port Input	2	684702	7795	10
23529	5	Port Input	2	685852	8946	4
23529	5	Response	3	685852	8946	4
23529	5	Port Input	1	687218	10311	4
23529	5	Response	2	687218	10311	4
23529	5	Port Input	1	688490	11584	3
23529	5	Response	2	688490	11584	3
23529	5	Port Input	1	688495	11588	4
23529	5	Port Input	2	690880	13974	4
23529	5	Response	3	690880	13974	4
23529	5	Port Input	2	690884	13977	4
23529	5	Port Input	2	692018	15112	3
23529	5	Response	3	692018	15112	3
23529	5	Port Input	2	692021	15115	4
23529	5	Port Input	2	693329	16423	4
23529	5	Response	3	693329	16423	4
23529	6	Nothing	19	707428	0	1			0		other	0
23529	7	Nothing	51	719021	0	0			0		other	0
23529	7	Port Input	1	720823	1802	5
23529	7	Response	2	720823	1802	5
23529	8	Nothing	1000	720842	0	1			0		other	0
23529	9	Nothing	62	720951	0	1			0		other	0
23529	10	Nothing	100	721074	0	1			0		false_alarm	56
23529	10	Port Input	1	721859	785	3
23529	10	Response	2	721859	785	3
23529	10	Port Input	1	722920	1847	3
23529	10	Response	2	722920	1847	3
23529	10	Port Input	1	724153	3079	3
23529	10	Response	2	724153	3079	3
23529	10	Port Input	1	724156	3082	4
23529	10	Port Input	1	725358	4285	3
23529	10	Response	2	725358	4285	3
23529	10	Port Input	2	726589	5515	3
23529	10	Response	3	726589	5515	3
23529	10	Port Input	2	727817	6743	3
23529	10	Response	3	727817	6743	3
23529	10	Port Input	1	729348	8274	4
23529	10	Response	2	729348	8274	4
23529	10	Port Input	2	731739	10665	5
23529	10	Response	3	731739	10665	5
23529	10	Port Input	2	734284	13211	4
23529	10	Response	3	734284	13211	4
23529	10	Port Input	2	735521	14448	4
23529	10	Response	3	735521	14448	4
23529	10	Port Input	2	736886	15813	4
23529	10	Response	3	736886	15813	4
23529	11	Nothing	19	751348	0	0			0		other	0
23529	12	Nothing	52	777815	0	1			0		other	0
23529	12	Port Input	1	779923	2108	4
23529	12	Response	2	779923	2108	4
23529	13	Nothing	1000	779938	0	1			0		other	0
23529	14	Nothing	62	780047	0	1			0		other	0
23529	15	Nothing	110	780163	0	1			0		false_alarm	86
23529	15	Port Input	1	781193	1031	3
23529	15	Response	2	781193	1031	3
23529	15	Port Input	2	782353	2190	4
23529	15	Response	3	782353	2190	4
23529	15	Port Input	1	783932	3770	4
23529	15	Response	2	783932	3770	4
23529	16	Nothing	19	810482	0	0			0		other	0
23529	17	Nothing	52	856594	0	1			0		other	0
23529	17	Port Input	1	859157	2563	3
23529	17	Response	2	859157	2563	3
23529	18	Nothing	1000	859170	0	1			0		other	0
23529	19	Nothing	62	859281	0	1			0		other	0
23529	20	Nothing	110	859396	0	1			0		false_alarm	99
23529	20	Port Input	1	860344	948	4
23529	20	Response	2	860344	948	4
23529	20	Port Input	2	861398	2002	3
23529	20	Response	3	861398	2002	3
23529	20	Port Input	2	861401	2005	4
23529	20	Port Input	1	862933	3537	3
23529	20	Response	2	862933	3537	3
23529	20	Port Input	1	864361	4966	3
23529	20	Response	2	864361	4966	3
23529	20	Port Input	1	864365	4969	3
23529	20	Port Input	1	868582	9187	3
23529	20	Response	2	868582	9187	3
23529	21	Nothing	19	889691	0	1			0		other	0
23529	23	Nothing	52	916110	0	1			0		other	0
23529	23	Port Input	1	918331	2222	3
23529	23	Response	2	918331	2222	3
23529	23	Port Input	1	918335	2225	4
23529	24	Nothing	1000	918345	0	1			0		other	0
23529	25	Nothing	62	918452	0	1			0		other	0
23529	26	Nothing	110	918565	0	1			0		false_alarm	119
23529	26	Port Input	1	919570	1005	4
23529	26	Response	2	919570	1005	4
23529	27	Nothing	19	949284	0	1			0		other	0
23529	28	Nothing	52	970575	0	1			0		other	0
23529	28	Port Input	1	973163	2588	4
23529	28	Response	2	973163	2588	4
23529	29	Nothing	1000	973175	0	1			0		other	0
23529	30	Nothing	62	973282	0	1			0		other	0
23529	31	Nothing	110	973399	0	1			0		false_alarm	128
23529	31	Port Input	1	974323	924	3
23529	31	Response	2	974323	924	3
23529	32	Nothing	19	1006561	0	1			0		other	0
23529	33	Nothing	52	1025881	0	0			0		other	0
23529	33	Port Input	1	1028349	2468	4
23529	33	Response	2	1028349	2468	4
23529	34	Nothing	1000	1028362	0	1			0		other	0
23529	35	Nothing	62	1028471	0	1			0		other	0
23529	36	Nothing	110	1028589	0	1			0		false_alarm	137
23529	36	Port Input	1	1029485	897	3
23529	36	Response	2	1029485	897	3
23529	36	Port Input	2	1031999	3410	4
23529	36	Response	3	1031999	3410	4
23529	36	Port Input	2	1032002	3414	4
23529	37	Nothing	19	1061193	0	1			0		other	0
23529	38	Nothing	52	1105025	0	1			0		other	0
23529	38	Port Input	1	1107168	2143	4
23529	38	Response	2	1107168	2143	4
23529	39	Nothing	1000	1107183	0	1			0		other	0
23529	40	Nothing	62	1107290	0	1			0		other	0
23529	41	Nothing	110	1107406	0	1			0		false_alarm	149
23529	41	Port Input	1	1108371	965	4
23529	41	Response	2	1108371	965	4
23529	41	Port Input	2	1111075	3670	4
23529	41	Response	3	1111075	3670	4
23529	41	Port Input	1	1139728	32323	3
23529	41	Response	2	1139728	32323	3
23529	42	Nothing	19	1139956	0	0			0		other	0
23529	43	Nothing	52	1177583	0	1			0		other	0
23529	43	Port Input	1	1180373	2790	5
23529	43	Response	2	1180373	2790	5
23529	44	Nothing	1000	1180392	0	1			0		other	0
23529	45	Nothing	62	1180497	0	1			0		other	0
23529	46	Nothing	110	1180611	0	1			0		false_alarm	162
23529	46	Port Input	1	1181301	690	3
23529	46	Response	2	1181301	690	3
23529	47	Nothing	19	1213186	0	1			0		other	0
23529	49	Nothing	52	1229645	0	1			0		other	0
23529	49	Port Input	1	1232399	2754	8
23529	49	Response	2	1232399	2754	8
23529	50	Nothing	1000	1232420	0	1			0		other	0
23529	51	Nothing	62	1232527	0	1			0		other	0
23529	52	Nothing	110	1232642	0	1			0		false_alarm	171
23529	52	Port Input	1	1233579	937	4
23529	52	Response	2	1233579	937	4
23529	52	Port Input	1	1233583	941	4
23529	53	Nothing	19	1265202	0	1			0		other	0
23529	54	Nothing	52	1281938	0	1			0		other	0
23529	54	Port Input	1	1283526	1588	3
23529	54	Response	2	1283526	1588	3
23529	55	Nothing	1000	1283541	0	1			0		other	0
23529	56	Nothing	62	1283649	0	0			0		other	0
23529	57	Nothing	110	1283765	0	0			0		false_alarm	181
23529	57	Port Input	1	1284113	348	4
23529	57	Response	2	1284113	348	4
23529	57	Port Input	1	1285287	1522	5
23529	57	Response	2	1285287	1522	5
23529	57	Port Input	2	1291089	7325	4
23529	57	Response	3	1291089	7325	4
23529	58	Nothing	19	1316309	0	1			0		other	0
23529	59	Nothing	52	1362673	0	1			0		other	0
23529	59	Port Input	1	1364822	2150	3
23529	59	Response	2	1364822	2150	3
23529	60	Nothing	1000	1364836	0	0			0		other	0
23529	61	Nothing	62	1364944	0	1			0		other	0
23529	62	Nothing	110	1365059	0	1			0		false_alarm	194
23529	62	Port Input	1	1366106	1047	3
23529	62	Response	2	1366106	1047	3
23529	63	Nothing	19	1397656	0	1			0		other	0
23529	64	Nothing	52	1420428	0	1			0		other	0
23529	64	Port Input	1	1422254	1826	4
23529	64	Response	2	1422254	1826	4
23529	65	Nothing	1000	1422270	0	1			0		other	0
23529	66	Nothing	62	1422379	0	1			0		other	0
23529	67	Nothing	110	1422496	0	0			0		false_alarm	203
23529	67	Port Input	1	1422964	468	5
23529	67	Response	2	1422964	468	5
23529	68	Nothing	19	1455383	0	1			0		other	0
23529	69	Nothing	52	1472935	0	1			0		other	0
23529	69	Port Input	1	1477331	4397	3
23529	69	Response	2	1477331	4397	3
23529	70	Nothing	1000	1477344	0	1			0		other	0
23529	71	Nothing	62	1477451	0	0			0		other	0
23529	72	Nothing	110	1477566	0	1			0		false_alarm	212
23529	72	Port Input	1	1478187	621	4
23529	72	Response	2	1478187	621	4
23529	72	Port Input	2	1486448	8882	3
23529	72	Response	3	1486448	8882	3
23529	73	Nothing	19	1510180	0	1			0		other	0
23529	75	Nothing	52	1532478	0	1			0		other	0
23529	75	Port Input	1	1535044	2566	3
23529	75	Response	2	1535044	2566	3
23529	75	Port Input	1	1535048	2570	3
23529	76	Nothing	1000	1535056	0	1			0		other	0
23529	77	Nothing	62	1535164	0	1			0		other	0
23529	78	Nothing	110	1535278	0	0			0		false_alarm	224
23529	78	Port Input	1	1536115	837	4
23529	78	Response	2	1536115	837	4
23529	79	Nothing	19	1567958	0	1			0		other	0
23529	80	Nothing	52	1592118	0	0			0		other	0
23529	80	Port Input	1	1594114	1996	4
23529	80	Response	2	1594114	1996	4
23529	80	Port Input	1	1594121	2003	7
23529	81	Nothing	1000	1594132	0	1			0		other	0
23529	82	Nothing	62	1594239	0	1			0		other	0
23529	83	Nothing	110	1594355	0	1			0		false_alarm	234
23529	83	Port Input	1	1595298	944	4
23529	83	Response	2	1595298	944	4
23529	84	Nothing	19	1626937	0	1			0		other	0
23529	85	Nothing	52	1653180	0	1			0		other	0
23529	85	Port Input	1	1655657	2477	3
23529	85	Response	2	1655657	2477	3
23529	86	Nothing	1000	1655671	0	1			0		other	0
23529	87	Nothing	62	1655784	0	1			0		other	0
23529	88	Nothing	110	1655899	0	1			0		false_alarm	243
23529	88	Port Input	1	1656683	784	6
23529	88	Response	2	1656683	784	6
23529	89	Nothing	19	1688490	0	0			0		other	0
23529	90	Nothing	52	1711047	0	0			0		other	0
23529	90	Port Input	1	1712468	1421	4
23529	90	Response	2	1712468	1421	4
23529	91	Nothing	1000	1712481	0	1			0		other	0
23529	92	Nothing	62	1712588	0	1			0		other	0
23529	93	Nothing	110	1712704	0	0			0		false_alarm	252
23529	93	Port Input	1	1713776	1072	4
23529	93	Response	2	1713776	1072	4
23529	93	Port Input	1	1715278	2574	6
23529	93	Response	2	1715278	2574	6
23529	93	Port Input	1	1716750	4046	4
23529	93	Response	2	1716750	4046	4
23529	93	Port Input	1	1716754	4050	4
23529	93	Port Input	2	1718169	5465	4
23529	93	Response	3	1718169	5465	4
23529	93	Port Input	1	1720121	7417	4
23529	93	Response	2	1720121	7417	4
23529	93	Port Input	1	1720125	7421	4
23529	94	Nothing	19	1745301	0	1			0		other	0
23529	95	Nothing	52	1759925	0	1			0		other	0
23529	95	Port Input	1	1761738	1813	3
23529	95	Response	2	1761738	1813	3
23529	96	Nothing	1000	1761751	0	1			0		other	0
23529	97	Nothing	62	1761859	0	1			0		other	0
23529	98	Nothing	110	1761973	0	1			0		false_alarm	271
23529	98	Port Input	1	1763041	1068	3
23529	98	Response	2	1763041	1068	3
23529	98	Port Input	1	1763044	1071	3
23529	99	Nothing	19	1794583	0	0			0		other	0
23529	101	Nothing	52	1812561	0	1			0		other	0
23529	101	Port Input	1	1815129	2568	4
23529	101	Response	2	1815129	2568	4
23529	102	Nothing	1000	1815145	0	1			0		other	0
23529	103	Nothing	62	1815252	0	1			0		other	0
23529	104	Nothing	110	1815368	0	1			0		false_alarm	281
23529	104	Port Input	2	1816698	1330	4
23529	104	Response	3	1816698	1330	4
23529	105	Nothing	19	1848195	0	0			0		other	0
23529	106	Nothing	52	1873261	0	1			0		other	0
23529	106	Port Input	1	1875775	2514	4
23529	106	Response	2	1875775	2514	4
23529	107	Nothing	1000	1875789	0	0			0		other	0
23529	108	Nothing	62	1875896	0	0			0		other	0
23529	109	Nothing	110	1876011	0	1			0		false_alarm	290
23529	109	Port Input	2	1889922	13911	3
23529	109	Response	3	1889922	13911	3
23529	110	Nothing	19	1908618	0	1			0		other	0
23529	111	Nothing	52	1921649	0	1			0		other	0
23529	111	Port Input	1	1924074	2425	4
23529	111	Response	2	1924074	2425	4
23529	111	Port Input	1	1924079	2430	7
23529	112	Nothing	1000	1924089	0	1			0		other	0
23529	113	Nothing	62	1924198	0	1			0		other	0
23529	114	Nothing	110	1924311	0	1			0		other	0
23529	115	Nothing	19	1956930	0	0			0		other	0
23529	116	Nothing	52	1996382	0	1			0		other	0
23529	116	Port Input	1	1998099	1717	3
23529	116	Response	2	1998099	1717	3
23529	117	Nothing	1000	1998112	0	0			0		other	0
23529	118	Nothing	62	1998219	0	1			0		other	0
23529	119	Nothing	110	1998332	0	1			0		other	0
23529	120	Nothing	19	2030941	0	1			0		other	0
23529	120	Port Input	2	2041800	10859	3
23529	120	Response	3	2041800	10859	3
23529	120	Port Input	2	2041803	10862	3
23529	121	Nothing	19	2052276	0	1			0		other	0
23529	122	Nothing	52	2076819	0	1			0		other	0
23529	122	Port Input	1	2079066	2247	4
23529	122	Response	2	2079066	2247	4
23529	123	Nothing	1000	2079081	0	1			0		other	0
23529	124	Nothing	62	2079189	0	1			0		other	0
23529	125	Nothing	110	2079302	0	1			0		other	0
23529	126	Nothing	19	2111932	0	1			0		other	0
23529	128	Nothing	52	2125329	0	1			0		other	0
23529	128	Port Input	1	2127306	1977	9
23529	128	Response	2	2127306	1977	9
23529	129	Nothing	1000	2127326	0	1			0		other	0
23529	130	Nothing	62	2127436	0	1			0		other	0
23529	131	Nothing	110	2127551	0	1			0		other	0
23529	132	Nothing	19	2160290	0	1			0		other	0
23529	133	Nothing	52	2177484	0	1			0		other	0
23529	133	Port Input	1	2179364	1881	4
23529	133	Response	2	2179364	1881	4
23529	134	Nothing	1000	2179380	0	1			0		other	0
23529	135	Nothing	62	2179487	0	1			0		other	0
23529	136	Nothing	110	2179610	0	1			0		other	0
23529	137	Nothing	19	2212330	0	1			0		other	0
23529	138	Nothing	52	2235052	0	1			0		other	0
23529	138	Port Input	1	2236670	1619	4
23529	138	Response	2	2236670	1619	4
23529	139	Nothing	1000	2236684	0	1			0		other	0
23529	140	Nothing	62	2236791	0	1			0		other	0
23529	141	Nothing	110	2236906	0	1			0		false_alarm	339
23529	141	Port Input	1	2237809	903	4
23529	141	Response	2	2237809	903	4
23529	141	Port Input	1	2261375	24469	4
23529	141	Response	2	2261375	24469	4
23529	142	Nothing	19	2269528	0	0			0		other	0
23529	143	Nothing	52	2303086	0	1			0		other	0
23529	143	Port Input	1	2305057	1971	4
23529	143	Response	2	2305057	1971	4
23529	144	Nothing	1000	2305072	0	0			0		other	0
23529	145	Nothing	62	2305179	0	0			0		other	0
23529	146	Nothing	110	2305293	0	1			0		other	0
23529	147	Nothing	19	2337942	0	1			0		other	0
23529	148	Nothing	52	2358543	0	1			0		other	0
23529	148	Port Input	1	2361060	2517	3
23529	148	Response	2	2361060	2517	3
23529	148	Port Input	1	2361063	2520	3
23529	149	Nothing	1000	2361071	0	1			0		other	0
23529	150	Nothing	62	2361179	0	1			0		other	0
23529	151	Nothing	110	2361295	0	0			0		false_alarm	358
23529	151	Port Input	1	2389795	28500	4
23529	151	Response	2	2389795	28500	4
23529	151	Port Input	1	2389799	28504	4
23529	151	Port Input	1	2389837	28542	4
23529	151	Port Input	1	2389841	28546	4
23529	152	Nothing	19	2393885	0	1			0		other	0
23529	152	Port Input	2	2401829	7943	4
23529	152	Port Input	2	2406695	12810	4
23529	152	Response	3	2406695	12810	4
23529	152	Port Input	2	2406699	12813	4
23529	152	Port Input	2	2409622	15737	3
23529	152	Port Input	2	2409639	15754	3
23529	153	Nothing	19	2416464	0	1			0		other	0
23529	155	Nothing	52	2432075	0	1			0		other	0
23529	155	Port Input	1	2434108	2033	4
23529	155	Response	2	2434108	2033	4
23529	156	Nothing	1000	2434121	0	1			0		other	0
23529	157	Nothing	62	2434228	0	1			0		other	0
23529	158	Nothing	110	2434341	0	1			0		other	0
23529	159	Nothing	19	2466924	0	1			0		other	0
23529	160	Nothing	52	2482263	0	1			0		other	0
23529	161	Nothing	77	2502272	0	1			0		other	0
23529	162	Nothing	1000	2532280	0	1			0		other	0
23529	163	Nothing	19	2534681	0	1			0		other	0
23529	163	Port Input	2	2534828	148	4
23529	163	Response	3	2534828	148	4
23529	163	Port Input	2	2538063	3382	4
23529	163	Response	3	2538063	3382	4
23529	163	Port Input	2	2538066	3386	4
23529	164	Nothing	19	2549739	0	1			0		other	0
23529	165	Nothing	52	2571344	0	1			0		other	0
23529	165	Port Input	1	2573704	2360	4
23529	165	Response	2	2573704	2360	4
23529	165	Port Input	1	2573709	2365	6
23529	166	Nothing	1000	2573728	0	1			0		other	0
23529	167	Nothing	62	2573836	0	1			0		other	0
23529	168	Nothing	110	2573950	0	0			0		false_alarm	395
23529	168	Port Input	1	2574357	407	3
23529	168	Response	2	2574357	407	3
23529	168	Port Input	1	2574360	410	4
23529	168	Port Input	1	2575611	1661	4
23529	168	Response	2	2575611	1661	4
23529	168	Port Input	2	2577967	4017	4
23529	168	Response	3	2577967	4017	4
23529	169	Nothing	19	2607009	0	1			0		other	0
23529	170	Nothing	52	2642365	0	0			0		other	0
23529	170	Port Input	2	2644353	1988	4
23529	170	Response	3	2644353	1988	4
23529	171	Nothing	1000	2644369	0	1			0		other	0
23529	172	Nothing	62	2644477	0	1			0		other	0
23529	173	Nothing	111	2644594	0	1			0		false_alarm	409
23529	173	Port Input	2	2645891	1296	4
23529	173	Response	3	2645891	1296	4
23529	173	Port Input	2	2646995	2401	4
23529	173	Response	3	2646995	2401	4
23529	173	Port Input	2	2648133	3539	4
23529	173	Response	3	2648133	3539	4
23529	173	Port Input	2	2649297	4703	4
23529	173	Response	3	2649297	4703	4
23529	173	Port Input	2	2650337	5743	7
23529	173	Response	3	2650337	5743	7
23529	173	Port Input	2	2651651	7057	5
23529	173	Response	3	2651651	7057	5
23529	173	Port Input	2	2652799	8204	4
23529	173	Response	3	2652799	8204	4
23529	173	Port Input	2	2663472	18877	4
23529	173	Response	3	2663472	18877	4
23529	173	Port Input	2	2664625	20030	4
23529	173	Response	3	2664625	20030	4
23529	173	Port Input	2	2666937	22342	5
23529	173	Response	3	2666937	22342	5
23529	173	Port Input	2	2668221	23627	3
23529	173	Response	3	2668221	23627	3
23529	173	Port Input	2	2669403	24808	8
23529	173	Response	3	2669403	24808	8
23529	173	Port Input	2	2670774	26179	4
23529	173	Response	3	2670774	26179	4
23529	173	Port Input	2	2671874	27279	4
23529	174	Nothing	19	2677424	0	1			0		other	0
23529	174	Port Input	2	2678902	1478	4
23529	174	Response	3	2678902	1478	4
23529	174	Port Input	2	2678906	1482	3
23529	174	Port Input	2	2680219	2794	3
23529	174	Response	3	2680219	2794	3
23529	175	Nothing	19	2688063	0	1			0		other	0
23529	176	Nothing	52	2699078	0	1			0		other	0
23529	176	Port Input	2	2700750	1671	4
23529	176	Response	3	2700750	1671	4
23529	177	Nothing	1000	2700769	0	1			0		other	0
23529	178	Nothing	62	2700876	0	1			0		other	0
23529	179	Nothing	111	2700994	0	1			0		false_alarm	449
23529	179	Port Input	2	2702874	1881	3
23529	179	Response	3	2702874	1881	3
23529	179	Port Input	2	2702877	1884	4
23529	179	Port Input	2	2704139	3145	3
23529	179	Response	3	2704139	3145	3
23529	179	Port Input	2	2705279	4285	3
23529	179	Response	3	2705279	4285	3
23529	179	Port Input	2	2706415	5421	3
23529	179	Response	3	2706415	5421	3
23529	179	Port Input	2	2707612	6619	3
23529	179	Response	3	2707612	6619	3
23529	179	Port Input	2	2708736	7742	4
23529	179	Response	3	2708736	7742	4
23529	179	Port Input	2	2709895	8901	4
23529	179	Response	3	2709895	8901	4
23529	179	Port Input	2	2711160	10167	4
23529	179	Response	3	2711160	10167	4
23529	179	Port Input	2	2712473	11480	4
23529	179	Response	3	2712473	11480	4
23529	179	Port Input	2	2713806	12812	4
23529	179	Response	3	2713806	12812	4
23529	179	Port Input	2	2715230	14236	4
23529	179	Response	3	2715230	14236	4
23529	179	Port Input	2	2716560	15566	3
23529	179	Response	3	2716560	15566	3
23529	179	Port Input	2	2717905	16911	3
23529	179	Response	3	2717905	16911	3
23529	179	Port Input	2	2719356	18363	4
23529	179	Response	3	2719356	18363	4
23529	179	Port Input	2	2720756	19762	3
23529	179	Response	3	2720756	19762	3
23529	179	Port Input	2	2722070	21076	4
23529	179	Response	3	2722070	21076	4
23529	179	Port Input	2	2723524	22530	4
23529	179	Response	3	2723524	22530	4
23529	179	Port Input	2	2724763	23769	4
23529	179	Response	3	2724763	23769	4
23529	179	Port Input	2	2727645	26652	8
23529	179	Response	3	2727645	26652	8
23529	179	Port Input	2	2728916	27922	9
23529	179	Response	3	2728916	27922	9
23529	179	Port Input	2	2730205	29211	5
23529	179	Response	3	2730205	29211	5
23529	180	Nothing	19	2733693	0	1			0		other	0
23529	180	Port Input	2	2740436	6743	5
23529	180	Response	3	2740436	6743	5
23529	180	Port Input	2	2741824	8131	4
23529	180	Response	3	2741824	8131	4
23529	180	Port Input	2	2741828	8135	3
23529	180	Port Input	2	2746845	13152	8
23529	180	Response	3	2746845	13152	8
23529	180	Port Input	2	2748164	14471	4
23529	180	Response	3	2748164	14471	4
23529	181	Nothing	19	2751882	0	0			0		other	0
23529	181	Port Input	2	2757784	5902	4
23529	181	Response	3	2757784	5902	4
23529	181	Port Input	2	2759112	7229	4
23529	181	Response	3	2759112	7229	4
23529	181	Port Input	2	2768190	16308	3
23529	181	Response	3	2768190	16308	3
23529	181	Port Input	2	2768193	16311	3
23529	181	Port Input	2	2775742	23860	4
23529	181	Response	3	2775742	23860	4
23529	182	Nothing	19	2792083	0	1			0		other	0
23529	184	Nothing	51	2836372	0	1			0		other	0
23529	184	Port Input	2	2838013	1641	4
23529	184	Response	3	2838013	1641	4
23529	185	Nothing	1000	2838027	0	0			0		other	0
23529	186	Nothing	62	2838136	0	1			0		other	0
23529	187	Nothing	101	2838249	0	1			0		false_alarm	519
23529	187	Port Input	2	2839308	1059	4
23529	187	Response	3	2839308	1059	4
23529	187	Port Input	2	2840549	2300	4
23529	187	Response	3	2840549	2300	4
23529	187	Port Input	2	2856775	18526	4
23529	187	Response	3	2856775	18526	4
23529	187	Port Input	2	2860985	22737	4
23529	187	Response	3	2860985	22737	4
23529	188	Nothing	19	2870940	0	1			0		other	0
23529	189	Nothing	52	2907417	0	1			0		other	0
23529	189	Port Input	2	2909613	2197	4
23529	189	Response	3	2909613	2197	4
23529	190	Nothing	1000	2909628	0	0			0		other	0
23529	191	Nothing	62	2909736	0	1			0		other	0
23529	192	Nothing	111	2909853	0	1			0		false_alarm	534
23529	192	Port Input	2	2910797	944	3
23529	192	Response	3	2910797	944	3
23529	192	Port Input	2	2911855	2002	4
23529	192	Response	3	2911855	2002	4
23529	192	Port Input	2	2913105	3252	4
23529	192	Response	3	2913105	3252	4
23529	192	Port Input	2	2914324	4471	4
23529	192	Response	3	2914324	4471	4
23529	192	Port Input	2	2915412	5558	3
23529	192	Response	3	2915412	5558	3
23529	192	Port Input	2	2916671	6818	4
23529	192	Response	3	2916671	6818	4
23529	192	Port Input	2	2918115	8262	4
23529	192	Response	3	2918115	8262	4
23529	192	Port Input	2	2919323	9469	4
23529	192	Response	3	2919323	9469	4
23529	193	Nothing	19	2942581	0	1			0		other	0
23529	194	Nothing	52	2958848	0	1			0		other	0
23529	194	Port Input	2	2960604	1756	4
23529	194	Response	3	2960604	1756	4
23529	195	Nothing	1000	2960619	0	1			0		other	0
23529	196	Nothing	62	2960726	0	0			0		other	0
23529	197	Nothing	111	2960842	0	0			0		false_alarm	557
23529	197	Port Input	2	2961938	1096	3
23529	197	Response	3	2961938	1096	3
23529	197	Port Input	2	2963072	2230	4
23529	197	Response	3	2963072	2230	4
23529	197	Port Input	2	2963076	2234	4
23529	197	Port Input	2	2964333	3491	4
23529	197	Response	3	2964333	3491	4
23529	197	Port Input	2	2965670	4828	4
23529	197	Response	3	2965670	4828	4
23529	197	Port Input	2	2965674	4832	4
23529	197	Port Input	2	2967020	6178	4
23529	197	Response	3	2967020	6178	4
23529	197	Port Input	2	2968187	7345	4
23529	197	Response	3	2968187	7345	4
23529	197	Port Input	2	2969290	8448	3
23529	197	Response	3	2969290	8448	3
23529	197	Port Input	2	2969294	8452	4
23529	197	Port Input	2	2970636	9794	4
23529	197	Response	3	2970636	9794	4
23529	197	Port Input	2	2972032	11190	4
23529	197	Response	3	2972032	11190	4
23529	197	Port Input	2	2973515	12673	4
23529	197	Response	3	2973515	12673	4
23529	197	Port Input	2	2974896	14054	3
23529	197	Response	3	2974896	14054	3
23529	197	Port Input	2	2976239	15397	3
23529	197	Response	3	2976239	15397	3
23529	197	Port Input	2	2976243	15400	4
23529	197	Port Input	2	2979244	18401	3
23529	197	Response	3	2979244	18401	3
23529	197	Port Input	2	2980628	19786	3
23529	197	Response	3	2980628	19786	3
23529	197	Port Input	2	2981933	21091	4
23529	197	Response	3	2981933	21091	4
23529	197	Port Input	2	2983205	22363	4
23529	197	Response	3	2983205	22363	4
23529	197	Port Input	2	2984567	23725	4
23529	197	Response	3	2984567	23725	4
23529	197	Port Input	2	2986596	25754	3
23529	197	Response	3	2986596	25754	3
23529	197	Port Input	2	2988151	27309	5
23529	197	Response	3	2988151	27309	5
23529	197	Port Input	2	2988155	27313	4
23529	197	Port Input	2	2989347	28505	3
23529	197	Response	3	2989347	28505	3
23529	197	Port Input	2	2990840	29998	4
23529	197	Response	3	2990840	29998	4
23529	197	Port Input	2	2992268	31426	4
23529	197	Response	3	2992268	31426	4
23529	197	Port Input	2	2993553	32710	6
23529	197	Response	3	2993553	32710	6
23529	198	Nothing	19	2993572	0	1			0		other	0
23529	198	Port Input	2	3004751	11179	4
23529	198	Response	3	3004751	11179	4
23529	198	Port Input	2	3006069	12497	3
23529	198	Response	3	3006069	12497	3
23529	198	Port Input	2	3006072	12500	4
23529	198	Port Input	2	3024778	31206	4
23529	198	Response	3	3024778	31206	4
23529	199	Nothing	19	3025133	0	1			0		other	0
23529	200	Nothing	52	3053617	0	0			0		other	0
23529	200	Port Input	2	3055535	1918	4
23529	200	Response	3	3055535	1918	4
23529	201	Nothing	1000	3055551	0	1			0		other	0
23529	202	Nothing	62	3055663	0	1			0		other	0
23529	203	Nothing	111	3055786	0	1			0		false_alarm	623
23529	203	Port Input	2	3056969	1184	4
23529	203	Response	3	3056969	1184	4
23529	203	Port Input	2	3058170	2384	5
23529	203	Response	3	3058170	2384	5
23529	203	Port Input	2	3059413	3628	3
23529	203	Response	3	3059413	3628	3
23529	203	Port Input	2	3060725	4940	4
23529	203	Response	3	3060725	4940	4
23529	203	Port Input	2	3062048	6263	3
23529	203	Response	3	3062048	6263	3
23529	203	Port Input	2	3063322	7537	3
23529	203	Response	3	3063322	7537	3
23529	203	Port Input	2	3064739	8953	4
23529	203	Response	3	3064739	8953	4
23529	203	Port Input	2	3066254	10469	4
23529	203	Response	3	3066254	10469	4
23529	203	Port Input	2	3067794	12009	4
23529	203	Response	3	3067794	12009	4
23529	203	Port Input	2	3068949	13163	4
23529	203	Response	3	3068949	13163	4
23529	203	Port Input	2	3070856	15070	3
23529	203	Response	3	3070856	15070	3
23529	203	Port Input	2	3070859	15074	3
23529	203	Port Input	2	3072179	16394	4
23529	203	Response	3	3072179	16394	4
23529	203	Port Input	2	3072183	16397	4
23529	204	Nothing	19	3088518	0	1			0		other	0
23529	204	Port Input	2	3098426	9908	4
23529	204	Response	3	3098426	9908	4
23529	204	Port Input	2	3099817	11299	3
23529	204	Response	3	3099817	11299	3
23529	205	Nothing	19	3109829	0	0			0		other	0
23529	206	Nothing	52	3123960	0	0			0		other	0
23529	206	Port Input	2	3125680	1721	4
23529	206	Response	3	3125680	1721	4
23529	207	Nothing	1000	3125696	0	1			0		other	0
23529	208	Nothing	62	3125802	0	1			0		other	0
23529	209	Nothing	111	3125922	0	0			0		false_alarm	661
23529	209	Port Input	2	3127051	1129	3
23529	209	Response	3	3127051	1129	3
23529	209	Port Input	2	3128203	2281	4
23529	209	Response	3	3128203	2281	4
23529	209	Port Input	2	3129420	3498	3
23529	209	Response	3	3129420	3498	3
23529	209	Port Input	2	3130689	4768	3
23529	209	Response	3	3130689	4768	3
23529	209	Port Input	2	3131975	6053	9
23529	209	Response	3	3131975	6053	9
23529	209	Port Input	2	3133369	7447	3
23529	209	Response	3	3133369	7447	3
23529	209	Port Input	2	3134837	8915	3
23529	209	Response	3	3134837	8915	3
23529	209	Port Input	2	3136153	10231	4
23529	209	Response	3	3136153	10231	4
23529	209	Port Input	2	3137545	11624	3
23529	209	Response	3	3137545	11624	3
23529	209	Port Input	2	3137550	11628	4
23529	209	Port Input	2	3138908	12986	4
23529	209	Response	3	3138908	12986	4
23529	209	Port Input	2	3140187	14265	3
23529	209	Response	3	3140187	14265	3
23529	209	Port Input	2	3141596	15674	4
23529	209	Response	3	3141596	15674	4
23529	209	Port Input	2	3143024	17103	4
23529	209	Response	3	3143024	17103	4
23529	209	Port Input	2	3144520	18599	4
23529	209	Response	3	3144520	18599	4
23529	209	Port Input	2	3145966	20044	3
23529	209	Response	3	3145966	20044	3
23529	209	Port Input	2	3147352	21431	3
23529	209	Response	3	3147352	21431	3
23529	209	Port Input	2	3148824	22902	4
23529	209	Response	3	3148824	22902	4
23529	209	Port Input	2	3150330	24408	3
23529	209	Response	3	3150330	24408	3
23529	209	Port Input	2	3151605	25683	4
23529	209	Response	3	3151605	25683	4
23529	209	Port Input	2	3153929	28007	3
23529	209	Response	3	3153929	28007	3
23529	209	Port Input	2	3155679	29757	4
23529	209	Response	3	3155679	29757	4
23529	209	Port Input	2	3157112	31191	4
23529	209	Response	3	3157112	31191	4
23529	210	Nothing	19	3158668	0	1			0		other	0
23529	210	Port Input	2	3163892	5224	3
23529	210	Response	3	3163892	5224	3
23529	210	Port Input	2	3165438	6771	4
23529	210	Response	3	3165438	6771	4
23529	210	Port Input	2	3166665	7997	4
23529	210	Response	3	3166665	7997	4
23529	210	Port Input	2	3181526	22859	4
23529	210	Response	3	3181526	22859	4
23529	210	Port Input	2	3181530	22862	4
23529	211	Nothing	19	3182722	0	1			0		other	0
23529	211	Port Input	2	3182796	74	3
23529	211	Response	3	3182796	74	3
23529	211	Port Input	2	3194361	11639	4
23529	211	Response	3	3194361	11639	4
23529	211	Port Input	2	3195766	13044	3
23529	211	Response	3	3195766	13044	3
23529	211	Port Input	2	3195770	13048	3
23529	212	Nothing	19	3225172	0	0			0		other	0
23529	214	Nothing	51	3258377	0	1			0		other	0
23529	214	Port Input	2	3260289	1912	4
23529	214	Response	3	3260289	1912	4
23529	215	Nothing	1000	3260309	0	1			0		other	0
23529	216	Nothing	62	3260419	0	1			0		other	0
23529	217	Nothing	101	3260533	0	1			0		false_alarm	731
23529	217	Port Input	2	3261626	1092	3
23529	217	Response	3	3261626	1092	3
23529	217	Port Input	2	3280103	19570	4
23529	217	Response	3	3280103	19570	4
23529	217	Port Input	2	3281426	20893	4
23529	217	Response	3	3281426	20893	4
23529	218	Nothing	19	3293105	0	1			0		other	0
23529	218	Port Input	2	3294542	1436	6
23529	218	Response	3	3294542	1436	6
23529	218	Port Input	2	3295942	2837	3
23529	218	Response	3	3295942	2837	3
23529	218	Port Input	2	3306305	13200	4
23529	218	Response	3	3306305	13200	4
23529	219	Nothing	19	3315192	0	1			0		other	0
23529	220	Nothing	51	3339309	0	1			0		other	0
23529	220	Port Input	2	3341141	1832	3
23529	220	Response	3	3341141	1832	3
23529	221	Nothing	1000	3341154	0	0			0		other	0
23529	222	Nothing	62	3341261	0	0			0		other	0
23529	223	Nothing	101	3341374	0	1			0		false_alarm	751
23529	223	Port Input	2	3342564	1190	6
23529	223	Response	3	3342564	1190	6
23529	224	Nothing	19	3373989	0	1			0		other	0
23529	225	Nothing	51	3390645	0	1			0		other	0
23529	225	Port Input	2	3392460	1816	3
23529	225	Response	3	3392460	1816	3
23529	226	Nothing	1000	3392476	0	1			0		other	0
23529	227	Nothing	62	3392584	0	1			0		other	0
23529	228	Nothing	101	3392696	0	1			0		false_alarm	760
23529	228	Port Input	2	3393790	1093	4
23529	228	Response	3	3393790	1093	4
23529	228	Port Input	2	3394999	2303	3
23529	228	Response	3	3394999	2303	3
23529	228	Port Input	2	3424480	31784	4
23529	228	Response	3	3424480	31784	4
23529	229	Nothing	19	3425259	0	1			0		other	0
23529	230	Nothing	51	3466248	0	0			0		other	0
23529	230	Port Input	2	3467983	1735	7
23529	230	Response	3	3467983	1735	7
23529	231	Nothing	1000	3468005	0	0			0		other	0
23529	232	Nothing	62	3468113	0	1			0		other	0
23529	233	Nothing	101	3468228	0	0			0		false_alarm	773
23529	233	Port Input	2	3469345	1118	4
23529	233	Response	3	3469345	1118	4
23529	234	Nothing	19	3500918	0	1			0		other	0
23529	235	Nothing	51	3530329	0	1			0		other	0
23529	235	Port Input	2	3532372	2043	3
23529	235	Response	3	3532372	2043	3
23529	235	Port Input	2	3532375	2046	4
23529	236	Nothing	1000	3532385	0	0			0		other	0
23529	237	Nothing	62	3532491	0	0			0		other	0
23529	238	Nothing	101	3532604	0	0			0		false_alarm	783
23529	238	Port Input	2	3533878	1274	5
23529	238	Response	3	3533878	1274	5
23529	239	Nothing	19	3565202	0	1			0		other	0
23529	241	Nothing	51	3598984	0	1			0		other	0
23529	241	Port Input	2	3600824	1841	4
23529	241	Response	3	3600824	1841	4
23529	242	Nothing	1000	3600841	0	0			0		other	0
23529	243	Nothing	62	3600949	0	0			0		other	0
23529	244	Nothing	101	3601065	0	1			0		false_alarm	792
23529	244	Port Input	2	3602023	958	4
23529	244	Response	3	3602023	958	4
23529	244	Port Input	2	3603521	2456	4
23529	244	Response	3	3603521	2456	4
23529	244	Port Input	2	3606744	5679	4
23529	244	Response	3	3606744	5679	4
23529	244	Port Input	2	3606749	5684	4
23529	245	Nothing	19	3633741	0	0			0		other	0
23529	246	Nothing	51	3668615	0	1			0		other	0
23529	246	Port Input	2	3670449	1833	4
23529	246	Response	3	3670449	1833	4
23529	247	Nothing	1000	3670462	0	1			0		other	0
23529	248	Nothing	62	3670569	0	1			0		other	0
23529	249	Nothing	101	3670683	0	0			0		false_alarm	806
23529	249	Port Input	2	3671802	1120	4
23529	249	Response	3	3671802	1120	4
23529	250	Nothing	19	3703303	0	1			0		other	0
23529	250	Port Input	2	3716208	12905	4
23529	250	Response	3	3716208	12905	4
23529	251	Nothing	19	3725719	0	0			0		other	0
23529	252	Nothing	51	3767067	0	0			0		other	0
23529	252	Port Input	2	3768753	1685	3
23529	252	Response	3	3768753	1685	3
23529	253	Nothing	1000	3768766	0	0			0		other	0
23529	254	Nothing	62	3768873	0	0			0		other	0
23529	255	Nothing	101	3768988	0	1			0		false_alarm	818
23529	255	Port Input	2	3770019	1031	4
23529	255	Response	3	3770019	1031	4
23529	256	Nothing	19	3801703	0	1			0		other	0
23529	257	Nothing	51	3834186	0	1			0		other	0
23529	257	Port Input	2	3836472	2286	3
23529	257	Response	3	3836472	2286	3
23529	258	Nothing	1000	3836488	0	1			0		other	0
23529	259	Nothing	62	3836593	0	1			0		other	0
23529	260	Nothing	101	3836709	0	1			0		false_alarm	827
23529	260	Port Input	1	3846049	9340	4
23529	260	Response	2	3846049	9340	4
23529	260	Port Input	1	3846053	9344	4
23529	260	Port Input	2	3847462	10753	4
23529	260	Response	3	3847462	10753	4
23529	260	Port Input	1	3851394	14685	4
23529	260	Response	2	3851394	14685	4
23529	260	Port Input	2	3852048	15340	4
23529	260	Response	3	3852048	15340	4
23529	260	Port Input	2	3852948	16239	6
23529	260	Response	3	3852948	16239	6
23529	260	Port Input	1	3853101	16393	4
23529	260	Response	2	3853101	16393	4
23529	260	Port Input	2	3853967	17258	4
23529	260	Response	3	3853967	17258	4
23529	260	Port Input	2	3853972	17263	4
23529	260	Port Input	2	3855146	18437	4
23529	260	Response	3	3855146	18437	4
23529	260	Port Input	2	3856364	19655	4
23529	260	Response	3	3856364	19655	4
23529	260	Port Input	2	3856369	19660	3
23529	260	Port Input	2	3857554	20845	4
23529	260	Response	3	3857554	20845	4
23529	260	Port Input	2	3857558	20849	4
23529	260	Port Input	2	3858879	22170	9
23529	260	Response	3	3858879	22170	9
23529	260	Port Input	2	3860150	23441	5
23529	260	Response	3	3860150	23441	5
23529	260	Port Input	2	3861403	24695	4
23529	260	Response	3	3861403	24695	4
23529	260	Port Input	1	3862671	25963	4
23529	260	Response	2	3862671	25963	4
23529	260	Port Input	2	3863904	27195	4
23529	260	Response	3	3863904	27195	4
23529	260	Port Input	2	3863908	27199	4
23529	260	Port Input	2	3865295	28586	4
23529	260	Response	3	3865295	28586	4
23529	260	Port Input	2	3866416	29707	4
23529	260	Response	3	3866416	29707	4
23529	260	Port Input	2	3866419	29711	4
23529	260	Port Input	2	3867759	31050	4
23529	260	Response	3	3867759	31050	4
23529	260	Port Input	1	3868962	32253	4
23529	260	Response	2	3868962	32253	4
23529	261	Nothing	19	3869445	0	1			0		other	0
23529	261	Port Input	2	3870284	840	4
23529	261	Response	3	3870284	840	4
23529	261	Port Input	2	3871473	2028	4
23529	261	Response	3	3871473	2028	4
23529	261	Port Input	1	3882689	13245	4
23529	261	Response	2	3882689	13245	4
23529	261	Port Input	2	3883894	14450	3
23529	261	Response	3	3883894	14450	3
23529	261	Port Input	2	3885091	15646	4
23529	261	Response	3	3885091	15646	4
23529	261	Port Input	2	3886326	16881	3
23529	261	Response	3	3886326	16881	3
23529	261	Port Input	2	3887603	18159	3
23529	261	Response	3	3887603	18159	3
23529	262	Nothing	19	3894643	0	1			0		other	0
23529	262	Port Input	1	3902134	7491	4
23529	262	Response	2	3902134	7491	4
23529	262	Port Input	2	3903320	8678	4
23529	262	Response	3	3903320	8678	4
23529	262	Port Input	2	3904577	9934	4
23529	262	Response	3	3904577	9934	4
23529	262	Port Input	2	3905847	11204	5
23529	262	Response	3	3905847	11204	5
23529	262	Port Input	2	3907117	12474	6
23529	262	Response	3	3907117	12474	6
23529	262	Port Input	2	3908201	13558	5
23529	262	Response	3	3908201	13558	5
23529	262	Port Input	2	3909405	14763	4
23529	262	Response	3	3909405	14763	4
23529	262	Port Input	2	3910833	16190	4
23529	262	Response	3	3910833	16190	4
23529	262	Port Input	2	3912396	17753	4
23529	262	Response	3	3912396	17753	4
23529	262	Port Input	1	3920808	26165	5
23529	262	Response	2	3920808	26165	5
23529	262	Port Input	2	3922494	27851	4
23529	262	Response	3	3922494	27851	4
23529	262	Port Input	2	3924374	29731	5
23529	262	Response	3	3924374	29731	5
23529	262	Port Input	2	3926234	31592	4
23529	262	Response	3	3926234	31592	4
23529	262	Port Input	2	3927749	33106	4
23529	262	Response	3	3927749	33106	4
23529	262	Port Input	2	3928979	34336	6
23529	262	Response	3	3928979	34336	6
23529	263	Nothing	19	3934084	0	1			0		other	0
23529	263	Port Input	2	3939202	5118	9
23529	263	Response	3	3939202	5118	9
23529	263	Port Input	2	3940581	6497	5
23529	263	Response	3	3940581	6497	5
23529	263	Port Input	2	3941913	7829	4
23529	263	Response	3	3941913	7829	4
23529	264	Nothing	19	3947611	0	1			0		other	0
23529	264	Port Input	2	3950996	3385	3
23529	264	Response	3	3950996	3385	3
23529	264	Port Input	2	3950999	3388	3
23529	264	Port Input	2	3952500	4890	4
23529	264	Response	3	3952500	4890	4
23529	265	Nothing	19	3975744	0	1			0		other	0
23529	266	Nothing	51	3991969	0	1			0		other	0
23529	266	Port Input	2	3993851	1882	4
23529	266	Response	3	3993851	1882	4
23529	267	Nothing	1000	3993867	0	1			0		other	0
23529	268	Nothing	62	3993978	0	1			0		other	0
23529	269	Nothing	101	3994092	0	0			0		false_alarm	937
23529	269	Port Input	2	3995311	1220	3
23529	269	Response	3	3995311	1220	3
23529	269	Port Input	2	3997049	2958	3
23529	269	Response	3	3997049	2958	3
23529	269	Port Input	2	3998454	4363	4
23529	269	Response	3	3998454	4363	4
23529	269	Port Input	2	4000174	6082	3
23529	269	Response	3	4000174	6082	3
23529	269	Port Input	2	4001680	7588	4
23529	269	Response	3	4001680	7588	4
23529	269	Port Input	2	4003478	9386	3
23529	269	Response	3	4003478	9386	3
23529	269	Port Input	2	4004999	10907	3
23529	269	Response	3	4004999	10907	3
23529	269	Port Input	2	4005003	10912	3
23529	269	Port Input	2	4022772	28680	3
23529	269	Response	3	4022772	28680	3
23529	269	Port Input	2	4022775	28683	3
23529	270	Nothing	19	4026721	0	1			0		other	0
23529	270	Port Input	2	4045460	18739	5
23529	270	Response	3	4045460	18739	5
23529	271	Nothing	19	4054384	0	1			0		other	0
23529	271	Port Input	2	4063594	9210	4
23529	271	Response	3	4063594	9210	4
23529	272	Nothing	19	4066015	0	0			0		other	0
23529	274	Nothing	51	4077961	0	1			0		other	0
23529	274	Port Input	2	4080100	2138	4
23529	274	Response	3	4080100	2138	4
23529	275	Nothing	1000	4080115	0	1			0		other	0
23529	276	Nothing	62	4080224	0	1			0		other	0
23529	277	Nothing	101	4080342	0	1			0		false_alarm	969
23529	277	Port Input	2	4080494	151	4
23529	277	Port Input	1	4080986	643	4
23529	277	Response	2	4080986	643	4
23529	277	Port Input	2	4081110	767	3
23529	277	Response	3	4081110	767	3
23529	277	Port Input	1	4082422	2080	4
23529	277	Response	2	4082422	2080	4
23529	277	Port Input	2	4083722	3380	3
23529	277	Response	3	4083722	3380	3
23529	277	Port Input	2	4083725	3382	4
23529	277	Port Input	2	4085948	5605	4
23529	277	Response	3	4085948	5605	4
23529	277	Port Input	2	4087320	6977	4
23529	277	Response	3	4087320	6977	4
23529	278	Nothing	19	4113057	0	1			0		other	0
23529	279	Nothing	51	4125050	0	1			0		other	0
23529	279	Port Input	2	4127397	2347	4
23529	279	Response	3	4127397	2347	4
23529	280	Nothing	1000	4127410	0	0			0		other	0
23529	281	Nothing	62	4127518	0	1			0		other	0
23529	282	Nothing	101	4127634	0	1			0		false_alarm	989
23529	282	Port Input	1	4128262	627	6
23529	282	Response	2	4128262	627	6
23529	282	Port Input	2	4128357	722	4
23529	282	Response	3	4128357	722	4
23529	282	Port Input	2	4129642	2007	4
23529	282	Response	3	4129642	2007	4
23529	282	Port Input	2	4130950	3316	4
23529	282	Response	3	4130950	3316	4
23529	283	Nothing	19	4160263	0	1			0		other	0
23529	283	Quit		4168460	8197	NA
