Scenario - randomOutcome
Logfile written - 07/04/2023 09:11:21

Subject	Trial	Event Type	Code	Time	TTime	Uncertainty	Duration	Uncertainty	ReqTime	ReqDur	Stim Type	Pair Index

23509	1	Nothing	61	13740	0	1			0		other	0
23509	2	Nothing	90	14062	0	0			0		other	0
23509	2	Port Input	2	39232	25170	5
23509	2	Response	3	39232	25170	5
23509	3	Nothing	90	56458	0	1			0		other	0
23509	3	Port Input	2	72588	16131	5
23509	3	Response	3	72588	16131	5
23509	3	Port Input	2	74080	17622	4
23509	3	Response	3	74080	17622	4
23509	3	Port Input	2	75728	19270	4
23509	3	Response	3	75728	19270	4
23509	3	Port Input	2	77349	20891	4
23509	3	Response	3	77349	20891	4
23509	3	Port Input	2	79292	22834	4
23509	3	Response	3	79292	22834	4
23509	3	Port Input	2	81178	24720	4
23509	3	Response	3	81178	24720	4
23509	4	Nothing	90	87986	0	1			0		other	0
23509	4	Port Input	2	119347	31360	4
23509	4	Response	3	119347	31360	4
23509	5	Nothing	90	129777	0	0			0		other	0
23509	6	Sound	21	141566	0	1			0		hit	24
23509	6	Port Input	2	143330	1764	4
23509	6	Response	3	143330	1764	4
23509	7	Nothing	76	143930	0	1			0		other	0
23509	7	Port Input	2	144968	1038	4
23509	7	Response	3	144968	1038	4
23509	7	Port Input	2	146704	2774	4
23509	7	Response	3	146704	2774	4
23509	7	Port Input	2	148534	4604	4
23509	7	Response	3	148534	4604	4
23509	7	Port Input	2	150604	6674	4
23509	7	Response	3	150604	6674	4
23509	9	Nothing	90	174772	0	0			0		other	0
23509	10	Sound	21	190268	0	1			0		hit	37
23509	10	Port Input	2	192010	1742	4
23509	10	Response	3	192010	1742	4
23509	11	Nothing	76	192662	0	1			0		other	0
23509	11	Port Input	2	193480	818	4
23509	11	Response	3	193480	818	4
23509	11	Port Input	2	195464	2802	4
23509	11	Response	3	195464	2802	4
23509	11	Port Input	2	197629	4967	4
23509	11	Response	3	197629	4967	4
23509	13	Nothing	90	223291	0	1			0		other	0
23509	13	Port Input	2	233756	10465	4
23509	13	Response	3	233756	10465	4
23509	14	Nothing	90	235871	0	1			0		other	0
23509	14	Port Input	2	255702	19831	4
23509	14	Response	3	255702	19831	4
23509	15	Nothing	90	257716	0	1			0		other	0
23509	16	Sound	21	290371	0	1			0		hit	54
23509	16	Port Input	2	294313	3942	4
23509	16	Response	3	294313	3942	4
23509	17	Nothing	1004	294758	0	1			0		other	0
23509	18	Nothing	63	294866	0	0			0		other	0
23509	19	Nothing	86	295152	0	1			0		other	0
23509	19	Port Input	2	320746	25594	4
23509	19	Response	3	320746	25594	4
23509	21	Nothing	90	325633	0	1			0		other	0
23509	22	Sound	21	342873	0	1			0		hit	63
23509	22	Port Input	2	344162	1289	4
23509	22	Response	3	344162	1289	4
23509	23	Nothing	6	344815	0	1			0		other	0
23509	23	Port Input	2	345537	721	4
23509	23	Response	3	345537	721	4
23509	23	Port Input	2	347067	2252	6
23509	23	Response	3	347067	2252	6
23509	25	Nothing	90	375473	0	0			0		other	0
23509	26	Sound	21	385975	0	1			0		hit	72
23509	26	Port Input	2	387971	1997	6
23509	26	Response	3	387971	1997	6
23509	27	Nothing	1004	388422	0	1			0		other	0
23509	28	Nothing	63	388529	0	1			0		other	0
23509	29	Nothing	96	388657	0	0			0		other	0
23509	29	Port Input	2	389426	770	4
23509	29	Response	3	389426	770	4
23509	29	Port Input	2	390892	2235	4
23509	29	Response	3	390892	2235	4
23509	29	Port Input	2	391982	3325	4
23509	29	Response	3	391982	3325	4
23509	29	Port Input	2	393056	4400	4
23509	29	Response	3	393056	4400	4
23509	29	Port Input	2	394450	5793	4
23509	29	Response	3	394450	5793	4
23509	29	Port Input	1	395554	6897	4
23509	29	Response	2	395554	6897	4
23509	29	Port Input	2	397067	8410	4
23509	29	Response	3	397067	8410	4
23509	29	Port Input	2	398297	9640	4
23509	29	Response	3	398297	9640	4
23509	29	Port Input	2	399695	11038	4
23509	29	Response	3	399695	11038	4
23509	29	Port Input	2	401602	12945	4
23509	29	Response	3	401602	12945	4
23509	29	Port Input	2	411449	22792	4
23509	29	Response	3	411449	22792	4
23509	31	Nothing	90	419469	0	1			0		other	0
23509	31	Port Input	2	438464	18995	4
23509	31	Response	3	438464	18995	4
23509	31	Port Input	2	439682	20213	4
23509	31	Response	3	439682	20213	4
23509	31	Port Input	2	444625	25156	4
23509	31	Response	3	444625	25156	4
23509	32	Nothing	90	458738	0	1			0		other	0
23509	33	Sound	21	474977	0	1			0		hit	108
23509	33	Port Input	2	476975	1997	4
23509	33	Response	3	476975	1997	4
23509	34	Nothing	1004	477245	0	1			0		other	0
23509	35	Nothing	63	477354	0	1			0		other	0
23509	36	Nothing	96	477474	0	1			0		other	0
23509	36	Port Input	2	478329	855	4
23509	36	Response	3	478329	855	4
23509	36	Port Input	2	480631	3157	4
23509	36	Response	3	480631	3157	4
23509	36	Port Input	2	481999	4525	4
23509	36	Response	3	481999	4525	4
23509	36	Port Input	2	483220	5746	4
23509	36	Response	3	483220	5746	4
23509	36	Port Input	2	484320	6846	4
23509	36	Response	3	484320	6846	4
23509	36	Port Input	2	485560	8085	4
23509	36	Response	3	485560	8085	4
23509	36	Port Input	2	487133	9659	4
23509	36	Response	3	487133	9659	4
23509	36	Port Input	2	488297	10823	4
23509	36	Response	3	488297	10823	4
23509	36	Port Input	2	488302	10827	4
23509	36	Port Input	2	489890	12416	4
23509	36	Response	3	489890	12416	4
23509	36	Port Input	2	491374	13899	4
23509	36	Response	3	491374	13899	4
23509	38	Nothing	90	508314	0	1			0		other	0
23509	38	Port Input	2	523428	15115	5
23509	38	Response	3	523428	15115	5
23509	38	Port Input	2	524944	16630	4
23509	38	Response	3	524944	16630	4
23509	38	Port Input	2	538372	30059	6
23509	38	Response	3	538372	30059	6
23509	38	Port Input	2	539773	31459	4
23509	38	Response	3	539773	31459	4
23509	38	Port Input	2	539777	31463	4
23509	39	Nothing	90	551665	0	1			0		other	0
23509	39	Port Input	2	560560	8895	5
23509	39	Response	3	560560	8895	5
23509	39	Port Input	2	561990	10325	4
23509	39	Response	3	561990	10325	4
23509	40	Nothing	90	567325	0	1			0		other	0
23509	41	Sound	21	589981	0	1			0		hit	151
23509	41	Port Input	2	591180	1199	5
23509	41	Response	3	591180	1199	5
23509	42	Nothing	6	591840	0	0			0		other	0
23509	42	Port Input	2	592620	780	5
23509	42	Response	3	592620	780	5
23509	42	Port Input	2	594991	3151	6
23509	42	Response	3	594991	3151	6
23509	42	Port Input	2	596118	4278	4
23509	42	Response	3	596118	4278	4
23509	42	Port Input	2	597375	5535	4
23509	42	Response	3	597375	5535	4
23509	42	Port Input	2	598540	6700	5
23509	42	Response	3	598540	6700	5
23509	42	Port Input	2	599855	8015	4
23509	42	Response	3	599855	8015	4
23509	42	Port Input	2	601774	9933	4
23509	42	Response	3	601774	9933	4
23509	42	Port Input	2	603384	11544	4
23509	42	Response	3	603384	11544	4
23509	44	Nothing	90	622498	0	1			0		other	0
23509	44	Port Input	2	638140	15642	4
23509	44	Response	3	638140	15642	4
23509	45	Nothing	90	638741	0	1			0		other	0
23509	45	Port Input	2	639485	744	4
23509	45	Response	3	639485	744	4
23509	45	Port Input	2	641037	2296	4
23509	45	Response	3	641037	2296	4
23509	46	Nothing	90	654285	0	1			0		other	0
23509	46	Port Input	2	664751	10466	4
23509	46	Response	3	664751	10466	4
23509	46	Port Input	2	666380	12095	4
23509	46	Response	3	666380	12095	4
23509	47	Nothing	90	680212	0	1			0		other	0
23509	47	Port Input	2	693975	13763	4
23509	47	Response	3	693975	13763	4
23509	47	Port Input	2	695632	15420	4
23509	47	Response	3	695632	15420	4
23509	47	Port Input	2	697741	17529	4
23509	47	Response	3	697741	17529	4
23509	48	Nothing	90	704059	0	0			0		other	0
23509	49	Sound	21	721686	0	1			0		hit	192
23509	49	Port Input	2	723019	1334	4
23509	49	Response	3	723019	1334	4
23509	50	Nothing	6	723697	0	1			0		other	0
23509	50	Port Input	2	724246	549	5
23509	50	Response	3	724246	549	5
23509	50	Port Input	2	725587	1891	4
23509	50	Response	3	725587	1891	4
23509	50	Port Input	2	726593	2896	4
23509	50	Response	3	726593	2896	4
23509	50	Port Input	2	727872	4176	5
23509	50	Response	3	727872	4176	5
23509	50	Port Input	2	729150	5454	4
23509	50	Response	3	729150	5454	4
23509	50	Port Input	2	730409	6713	4
23509	50	Response	3	730409	6713	4
23509	50	Port Input	2	731882	8185	4
23509	50	Response	3	731882	8185	4
23509	50	Port Input	2	733397	9700	4
23509	50	Response	3	733397	9700	4
23509	50	Port Input	2	734840	11144	4
23509	50	Response	3	734840	11144	4
23509	50	Port Input	2	736134	12437	4
23509	50	Response	3	736134	12437	4
23509	50	Port Input	2	736222	12525	5
23509	50	Port Input	2	737786	14090	4
23509	50	Response	3	737786	14090	4
23509	50	Port Input	2	739120	15424	4
23509	50	Response	3	739120	15424	4
23509	50	Port Input	2	740579	16882	4
23509	50	Response	3	740579	16882	4
23509	50	Port Input	2	742498	18801	4
23509	50	Response	3	742498	18801	4
23509	52	Nothing	90	754766	0	0			0		other	0
23509	52	Port Input	2	763488	8722	4
23509	52	Response	3	763488	8722	4
23509	52	Port Input	2	765172	10406	4
23509	52	Response	3	765172	10406	4
23509	52	Port Input	2	783139	28373	4
23509	52	Response	3	783139	28373	4
23509	52	Port Input	2	784563	29797	4
23509	52	Response	3	784563	29797	4
23509	53	Nothing	90	789519	0	0			0		other	0
23509	53	Port Input	2	825399	35879	4
23509	53	Response	3	825399	35879	4
23509	53	Port Input	2	826848	37329	5
23509	53	Response	3	826848	37329	5
23509	53	Port Input	2	828506	38987	4
23509	53	Response	3	828506	38987	4
23509	54	Nothing	90	832976	0	1			0		other	0
23509	55	Sound	21	848390	0	1			0		hit	242
23509	55	Port Input	2	849432	1042	4
23509	55	Response	3	849432	1042	4
23509	56	Nothing	76	850139	0	1			0		other	0
23509	56	Port Input	2	851059	920	4
23509	56	Response	3	851059	920	4
23509	56	Port Input	2	852549	2410	4
23509	56	Response	3	852549	2410	4
23509	58	Nothing	90	880796	0	0			0		other	0
23509	59	Sound	21	919892	0	1			0		hit	251
23509	59	Port Input	2	921336	1444	4
23509	59	Response	3	921336	1444	4
23509	60	Nothing	6	922000	0	1			0		other	0
23509	60	Port Input	2	922882	882	4
23509	60	Response	3	922882	882	4
23509	60	Port Input	2	925206	3207	4
23509	60	Response	3	925206	3207	4
23509	60	Port Input	2	926373	4373	4
23509	60	Response	3	926373	4373	4
23509	60	Port Input	2	927595	5596	4
23509	60	Response	3	927595	5596	4
23509	60	Port Input	2	928937	6937	8
23509	60	Response	3	928937	6937	8
23509	60	Port Input	1	930164	8165	4
23509	60	Response	2	930164	8165	4
23509	60	Port Input	2	930426	8426	4
23509	60	Response	3	930426	8426	4
23509	60	Port Input	2	931595	9595	4
23509	60	Response	3	931595	9595	4
23509	60	Port Input	2	933428	11429	4
23509	60	Response	3	933428	11429	4
23509	62	Nothing	90	952666	0	0			0		other	0
23509	62	Port Input	2	962331	9665	4
23509	62	Response	3	962331	9665	4
23509	62	Port Input	1	976229	23563	4
23509	62	Response	2	976229	23563	4
23509	62	Port Input	1	976765	24099	4
23509	62	Response	2	976765	24099	4
23509	62	Port Input	1	977420	24753	4
23509	62	Port Input	1	977603	24936	4
23509	62	Response	2	977603	24936	4
23509	63	Nothing	90	990113	0	1			0		other	0
23509	63	Port Input	1	994247	4134	4
23509	63	Response	2	994247	4134	4
23509	63	Port Input	2	1015706	25593	4
23509	63	Response	3	1015706	25593	4
23509	63	Port Input	2	1016929	26817	4
23509	63	Response	3	1016929	26817	4
23509	64	Nothing	90	1020825	0	1			0		other	0
23509	65	Sound	21	1035396	0	1			0		hit	291
23509	65	Port Input	2	1036793	1397	7
23509	65	Response	3	1036793	1397	7
23509	66	Nothing	1004	1037449	0	1			0		other	0
23509	67	Nothing	63	1037556	0	1			0		other	0
23509	68	Nothing	86	1037662	0	1			0		other	0
23509	68	Port Input	2	1038069	407	4
23509	68	Response	3	1038069	407	4
23509	68	Port Input	2	1039583	1921	4
23509	68	Response	3	1039583	1921	4
23509	68	Port Input	2	1041073	3410	4
23509	68	Response	3	1041073	3410	4
23509	68	Port Input	2	1042579	4917	5
23509	68	Response	3	1042579	4917	5
23509	70	Nothing	90	1068153	0	1			0		other	0
23509	71	Sound	21	1086698	0	1			0		hit	306
23509	71	Port Input	2	1088096	1398	5
23509	71	Response	3	1088096	1398	5
23509	72	Nothing	6	1088594	0	1			0		other	0
23509	72	Port Input	2	1089392	798	4
23509	72	Response	3	1089392	798	4
23509	72	Port Input	2	1091745	3151	5
23509	72	Response	3	1091745	3151	5
23509	72	Port Input	2	1093040	4445	4
23509	72	Response	3	1093040	4445	4
23509	72	Port Input	2	1094245	5651	5
23509	72	Response	3	1094245	5651	5
23509	72	Port Input	2	1095722	7128	4
23509	72	Response	3	1095722	7128	4
23509	72	Port Input	2	1097056	8462	4
23509	72	Response	3	1097056	8462	4
23509	72	Port Input	2	1098557	9963	9
23509	72	Response	3	1098557	9963	9
23509	74	Nothing	90	1119247	0	1			0		other	0
23509	75	Sound	21	1136499	0	1			0		hit	325
23509	75	Port Input	2	1137713	1214	4
23509	75	Response	3	1137713	1214	4
23509	76	Nothing	76	1138432	0	1			0		other	0
23509	76	Port Input	2	1139025	594	4
23509	76	Response	3	1139025	594	4
23509	76	Port Input	2	1140542	2110	8
23509	76	Response	3	1140542	2110	8
23509	78	Nothing	90	1169093	0	1			0		other	0
23509	79	Sound	21	1193201	0	1			0		hit	334
23509	79	Port Input	2	1194499	1298	4
23509	79	Response	3	1194499	1298	4
23509	80	Nothing	6	1195251	0	1			0		other	0
23509	80	Port Input	2	1195817	566	4
23509	80	Response	3	1195817	566	4
23509	80	Port Input	2	1197082	1831	4
23509	80	Response	3	1197082	1831	4
23509	80	Port Input	2	1198054	2803	4
23509	80	Response	3	1198054	2803	4
23509	80	Port Input	2	1199374	4122	4
23509	80	Response	3	1199374	4122	4
23509	80	Port Input	2	1200541	5289	4
23509	80	Response	3	1200541	5289	4
23509	80	Port Input	2	1200873	5622	4
23509	80	Port Input	2	1201712	6461	4
23509	80	Response	3	1201712	6461	4
23509	80	Port Input	2	1202041	6790	4
23509	80	Port Input	2	1203208	7957	4
23509	80	Response	3	1203208	7957	4
23509	80	Port Input	2	1203376	8125	5
23509	80	Port Input	2	1204546	9295	4
23509	80	Response	3	1204546	9295	4
23509	82	Nothing	90	1225939	0	1			0		other	0
23509	83	Sound	21	1241003	0	1			0		hit	358
23509	83	Port Input	2	1241868	865	4
23509	83	Response	3	1241868	865	4
23509	84	Nothing	6	1242584	0	1			0		other	0
23509	84	Port Input	2	1243199	615	6
23509	84	Response	3	1243199	615	6
23509	84	Port Input	2	1244370	1786	4
23509	84	Response	3	1244370	1786	4
23509	84	Port Input	2	1245537	2953	4
23509	84	Response	3	1245537	2953	4
23509	86	Nothing	90	1273251	0	1			0		other	0
23509	86	Port Input	2	1285530	12279	4
23509	86	Response	3	1285530	12279	4
23509	87	Nothing	90	1292840	0	1			0		other	0
23509	87	Port Input	1	1295344	2504	4
23509	87	Response	2	1295344	2504	4
23509	87	Port Input	2	1298695	5855	5
23509	87	Response	3	1298695	5855	5
23509	87	Port Input	2	1299032	6192	4
23509	87	Port Input	2	1329039	36200	4
23509	87	Response	3	1329039	36200	4
23509	88	Nothing	90	1331693	0	1			0		other	0
23509	89	Sound	21	1346306	0	1			0		hit	380
23509	89	Port Input	2	1347572	1266	4
23509	89	Response	3	1347572	1266	4
23509	90	Nothing	1004	1348104	0	0			0		other	0
23509	91	Nothing	63	1348214	0	1			0		other	0
23509	92	Nothing	86	1348321	0	1			0		other	0
23509	92	Port Input	2	1349037	716	4
23509	92	Response	3	1349037	716	4
23509	92	Port Input	2	1349195	874	4
23509	92	Port Input	2	1376930	28609	4
23509	92	Response	3	1376930	28609	4
23509	94	Nothing	90	1378820	0	1			0		other	0
23509	95	Sound	21	1395808	0	1			0		hit	392
23509	95	Port Input	2	1397017	1209	4
23509	95	Response	3	1397017	1209	4
23509	96	Nothing	1004	1397555	0	1			0		other	0
23509	97	Nothing	63	1397665	0	1			0		other	0
23509	98	Nothing	96	1397788	0	1			0		other	0
23509	98	Port Input	2	1398353	565	5
23509	98	Response	3	1398353	565	5
23509	98	Port Input	2	1398525	737	4
23509	100	Nothing	90	1428686	0	1			0		other	0
23509	100	Port Input	2	1439022	10336	4
23509	100	Response	3	1439022	10336	4
23509	101	Nothing	90	1444066	0	0			0		other	0
23509	102	Sound	21	1470310	0	1			0		hit	405
23509	102	Port Input	2	1471523	1213	4
23509	102	Response	3	1471523	1213	4
23509	103	Nothing	1004	1472074	0	1			0		other	0
23509	104	Nothing	63	1472183	0	1			0		other	0
23509	105	Nothing	96	1472305	0	1			0		other	0
23509	107	Nothing	90	1503294	0	1			0		other	0
23509	108	Sound	21	1516812	0	1			0		miss	0
23509	109	Nothing	8	1537005	0	1			0		other	0
23509	109	Port Input	2	1551037	14032	5
23509	109	Response	3	1551037	14032	5
23509	109	Port Input	2	1563205	26200	4
23509	109	Response	3	1563205	26200	4
23509	111	Nothing	90	1567678	0	0			0		other	0
23509	111	Port Input	2	1592704	25027	4
23509	111	Response	3	1592704	25027	4
23509	112	Nothing	90	1599867	0	1			0		other	0
23509	112	Port Input	2	1616711	16844	4
23509	112	Response	3	1616711	16844	4
23509	113	Nothing	90	1623230	0	1			0		other	0
23509	113	Port Input	2	1637558	14328	4
23509	113	Response	3	1637558	14328	4
23509	114	Nothing	90	1657654	0	1			0		other	0
23509	115	Sound	21	1682317	0	1			0		hit	428
23509	115	Port Input	2	1683549	1232	4
23509	115	Response	3	1683549	1232	4
23509	116	Nothing	1004	1684106	0	1			0		other	0
23509	117	Nothing	63	1684214	0	0			0		other	0
23509	118	Nothing	86	1684320	0	0			0		other	0
23509	120	Nothing	90	1715107	0	1			0		other	0
23509	121	Sound	21	1737519	0	1			0		hit	435
23509	121	Port Input	2	1738684	1165	4
23509	121	Response	3	1738684	1165	4
23509	122	Nothing	1004	1739259	0	0			0		other	0
23509	123	Nothing	63	1739374	0	1			0		other	0
23509	124	Nothing	96	1739495	0	1			0		other	0
23509	126	Nothing	90	1770388	0	1			0		other	0
23509	127	Sound	21	1783921	0	1			0		hit	442
23509	127	Port Input	2	1785085	1164	4
23509	127	Response	3	1785085	1164	4
23509	128	Nothing	1004	1785486	0	1			0		other	0
23509	129	Nothing	63	1785595	0	1			0		other	0
23509	130	Nothing	96	1785717	0	0			0		other	0
23509	132	Nothing	90	1816584	0	1			0		other	0
23509	133	Sound	21	1856923	0	1			0		miss	0
23509	134	Nothing	8	1877132	0	1			0		other	0
23509	134	Port Input	2	1887798	10666	4
23509	134	Response	3	1887798	10666	4
23509	136	Nothing	90	1907827	0	1			0		other	0
23509	136	Port Input	2	1919791	11964	4
23509	136	Response	3	1919791	11964	4
23509	137	Nothing	90	1925286	0	1			0		other	0
23509	138	Sound	21	1954626	0	1			0		hit	457
23509	138	Port Input	2	1956132	1506	4
23509	138	Response	3	1956132	1506	4
23509	139	Nothing	6	1956723	0	1			0		other	0
23509	141	Nothing	90	1987576	0	1			0		other	0
23509	141	Port Input	2	2034154	46578	4
23509	141	Response	3	2034154	46578	4
23509	142	Nothing	90	2037223	0	1			0		other	0
23509	143	Sound	21	2051729	0	1			0		miss	0
23509	144	Nothing	8	2071930	0	0			0		other	0
23509	146	Nothing	90	2102645	0	0			0		other	0
23509	146	Port Input	2	2104504	1859	4
23509	146	Response	3	2104504	1859	4
23509	146	Port Input	2	2133170	30525	4
23509	146	Response	3	2133170	30525	4
23509	147	Nothing	90	2138085	0	1			0		other	0
23509	148	Sound	21	2167133	0	1			0		hit	473
23509	148	Port Input	2	2168506	1373	6
23509	148	Response	3	2168506	1373	6
23509	149	Nothing	6	2169104	0	1			0		other	0
23509	151	Nothing	90	2199964	0	1			0		other	0
23509	152	Sound	21	2217435	0	1			0		miss	0
23509	153	Nothing	8	2237630	0	0			0		other	0
23509	155	Nothing	90	2268326	0	1			0		other	0
23509	156	Sound	21	2299138	0	1			0		hit	481
23509	156	Port Input	2	2300373	1235	5
23509	156	Response	3	2300373	1235	5
23509	157	Nothing	76	2301153	0	1			0		other	0
23509	159	Nothing	90	2332044	0	1			0		other	0
23509	159	Port Input	2	2332385	341	4
23509	159	Response	3	2332385	341	4
23509	160	Nothing	90	2343248	0	1			0		other	0
23509	161	Sound	21	2358440	0	1			0		hit	489
23509	161	Port Input	2	2359725	1285	5
23509	161	Response	3	2359725	1285	5
23509	162	Nothing	1004	2360228	0	1			0		other	0
23509	163	Nothing	63	2360339	0	1			0		other	0
23509	164	Nothing	86	2360446	0	0			0		other	0
23509	166	Nothing	90	2390951	0	0			0		other	0
23509	167	Sound	21	2419742	0	1			0		hit	496
23509	167	Port Input	2	2422445	2704	4
23509	167	Response	3	2422445	2704	4
23509	168	Nothing	76	2423269	0	1			0		other	0
23509	170	Nothing	90	2453950	0	0			0		other	0
23509	171	Sound	21	2467443	0	1			0		hit	501
23509	171	Port Input	2	2470305	2862	4
23509	171	Response	3	2470305	2862	4
23509	172	Nothing	1004	2470916	0	1			0		other	0
23509	173	Nothing	63	2471024	0	1			0		other	0
23509	174	Nothing	96	2471144	0	0			0		other	0
23509	176	Nothing	90	2502028	0	0			0		other	0
23509	177	Sound	21	2523345	0	1			0		miss	0
23509	178	Nothing	8	2543552	0	0			0		other	0
23509	180	Nothing	90	2574244	0	1			0		other	0
23509	180	Port Input	2	2577936	3692	4
23509	180	Response	3	2577936	3692	4
23509	181	Nothing	90	2590766	0	1			0		other	0
23509	182	Sound	21	2612048	0	1			0		hit	514
23509	182	Port Input	2	2613112	1064	4
23509	182	Response	3	2613112	1064	4
23509	183	Nothing	76	2613908	0	1			0		other	0
23509	183	Port Input	2	2642623	28714	4
23509	183	Response	3	2642623	28714	4
23509	185	Nothing	90	2644769	0	1			0		other	0
23509	185	Port Input	2	2690643	45874	4
23509	185	Response	3	2690643	45874	4
23509	186	Nothing	90	2693337	0	0			0		other	0
23509	186	Port Input	2	2725434	32097	4
23509	186	Response	3	2725434	32097	4
23509	187	Nothing	90	2742335	0	1			0		other	0
23509	187	Port Input	2	2748148	5813	4
23509	187	Response	3	2748148	5813	4
23509	187	Port Input	2	2749985	7650	4
23509	187	Response	3	2749985	7650	4
23509	188	Nothing	90	2767743	0	1			0		other	0
23509	188	Port Input	2	2782777	15034	4
23509	188	Response	3	2782777	15034	4
23509	189	Nothing	90	2793801	0	1			0		other	0
23509	189	Port Input	2	2799072	5271	4
23509	189	Response	3	2799072	5271	4
23509	190	Sound	21	2815755	0	1			0		hit	537
23509	190	Port Input	2	2819857	4102	4
23509	190	Response	3	2819857	4102	4
23509	191	Nothing	1004	2820501	0	1			0		other	0
23509	192	Nothing	63	2820610	0	1			0		other	0
23509	193	Nothing	86	2820717	0	1			0		other	0
23509	193	Port Input	2	2845697	24980	4
23509	193	Response	3	2845697	24980	4
23509	195	Nothing	90	2851662	0	1			0		other	0
23509	196	Sound	21	2871357	0	1			0		hit	546
23509	196	Port Input	2	2873527	2170	4
23509	196	Response	3	2873527	2170	4
23509	197	Nothing	6	2874350	0	1			0		other	0
23509	199	Nothing	90	2905030	0	1			0		other	0
23509	200	Sound	21	2919258	0	1			0		miss	0
23509	201	Nothing	8	2939459	0	1			0		other	0
23509	203	Nothing	90	2970188	0	1			0		other	0
23509	204	Sound	21	2994761	0	1			0		hit	554
23509	204	Port Input	2	2996909	2149	4
23509	204	Response	3	2996909	2149	4
23509	205	Nothing	76	2997738	0	1			0		other	0
23509	205	Port Input	2	3026251	28513	4
23509	205	Response	3	3026251	28513	4
23509	207	Nothing	90	3028651	0	1			0		other	0
23509	208	Sound	21	3054063	0	1			0		hit	561
23509	208	Port Input	2	3055934	1872	4
23509	208	Response	3	3055934	1872	4
23509	209	Nothing	76	3056759	0	1			0		other	0
23509	209	Port Input	2	3084607	27848	4
23509	209	Response	3	3084607	27848	4
23509	211	Nothing	90	3087455	0	1			0		other	0
23509	212	Sound	21	3103964	0	1			0		miss	0
23509	213	Nothing	8	3124179	0	1			0		other	0
23509	215	Nothing	90	3154876	0	1			0		other	0
23509	215	Port Input	2	3155798	922	4
23509	215	Response	3	3155798	922	4
23509	216	Nothing	90	3167831	0	0			0		other	0
23509	217	Sound	21	3204168	0	1			0		miss	0
23509	218	Nothing	8	3224373	0	1			0		other	0
23509	220	Nothing	90	3255078	0	1			0		other	0
23509	220	Port Input	2	3267471	12393	4
23509	220	Response	3	3267471	12393	4
23509	220	Port Input	2	3282486	27408	4
23509	220	Response	3	3282486	27408	4
23509	221	Nothing	90	3304201	0	1			0		other	0
23509	222	Sound	21	3341472	0	1			0		hit	582
23509	222	Port Input	2	3342649	1177	4
23509	222	Response	3	3342649	1177	4
23509	223	Nothing	6	3343508	0	1			0		other	0
23509	225	Nothing	90	3374402	0	1			0		other	0
23509	226	Sound	21	3392074	0	1			0		miss	0
23509	227	Nothing	8	3412269	0	1			0		other	0
23509	227	Port Input	2	3420655	8386	5
23509	227	Response	3	3420655	8386	5
23509	229	Nothing	90	3442996	0	1			0		other	0
23509	230	Sound	21	3458476	0	1			0		miss	0
23509	231	Nothing	8	3478690	0	0			0		other	0
23509	233	Nothing	90	3509388	0	0			0		other	0
23509	234	Sound	21	3531778	0	1			0		miss	0
23509	235	Nothing	8	3551977	0	1			0		other	0
23509	237	Nothing	90	3582682	0	1			0		other	0
23509	238	Sound	21	3599881	0	1			0		hit	598
23509	238	Port Input	2	3601153	1273	4
23509	238	Response	3	3601153	1273	4
23509	239	Nothing	6	3602026	0	1			0		other	0
23509	241	Nothing	90	3632904	0	1			0		other	0
23509	242	Sound	21	3650082	0	1			0		miss	0
23509	243	Nothing	8	3670279	0	0			0		other	0
23509	245	Nothing	90	3700965	0	0			0		other	0
23509	246	Sound	21	3714784	0	1			0		miss	0
23509	247	Nothing	8	3734978	0	1			0		other	0
23509	249	Nothing	90	3765688	0	1			0		other	0
23509	250	Sound	21	3779087	0	1			0		miss	0
23509	251	Nothing	8	3799310	0	1			0		other	0
23509	253	Nothing	90	3830016	0	0			0		other	0
23509	254	Sound	21	3860089	0	1			0		hit	612
23509	254	Port Input	2	3861042	953	4
23509	254	Response	3	3861042	953	4
23509	255	Nothing	1004	3861813	0	1			0		other	0
23509	256	Nothing	63	3861921	0	1			0		other	0
23509	257	Nothing	86	3862029	0	1			0		other	0
23509	259	Nothing	90	3892757	0	1			0		other	0
23509	260	Sound	21	3919191	0	1			0		hit	619
23509	260	Port Input	2	3921394	2203	4
23509	260	Response	3	3921394	2203	4
23509	261	Nothing	1004	3922078	0	1			0		other	0
23509	262	Nothing	63	3922188	0	0			0		other	0
23509	263	Nothing	96	3922314	0	1			0		other	0
23509	263	Port Input	2	3922568	255	4
23509	263	Response	3	3922568	255	4
23509	265	Nothing	90	3953209	0	1			0		other	0
23509	266	Sound	21	3995994	0	1			0		miss	0
23509	267	Nothing	8	4016210	0	0			0		other	0
23509	269	Nothing	90	4046984	0	1			0		other	0
23509	270	Sound	21	4080996	0	1			0		miss	0
23509	271	Nothing	8	4101206	0	1			0		other	0
23509	273	Nothing	90	4131920	0	1			0		other	0
23509	274	Sound	21	4147499	0	1			0		miss	0
23509	275	Nothing	8	4167705	0	1			0		other	0
23509	277	Nothing	90	4198410	0	1			0		other	0
23509	278	Sound	21	4213901	0	1			0		miss	0
23509	279	Nothing	8	4234099	0	0			0		other	0
23509	281	Nothing	90	4264795	0	1			0		other	0
23509	282	Sound	21	4293403	0	1			0		miss	0
23509	283	Nothing	8	4313596	0	0			0		other	0
23509	285	Nothing	90	4344345	0	1			0		other	0
23509	286	Sound	21	4382206	0	1			0		miss	0
23509	287	Nothing	8	4402399	0	0			0		other	0
23509	289	Nothing	90	4433111	0	1			0		other	0
23509	290	Sound	21	4450409	0	1			0		miss	0
23509	291	Nothing	8	4470601	0	1			0		other	0
23509	293	Nothing	90	4501304	0	1			0		other	0
23509	294	Sound	21	4550812	0	1			0		hit	649
23509	294	Port Input	1	4567098	16286	4
23509	294	Response	2	4567098	16286	4
23509	295	Nothing	75	4567719	0	1			0		other	0
23509	297	Nothing	90	4598903	0	1			0		other	0
23509	298	Sound	21	4618114	0	1			0		miss	0
23509	299	Nothing	8	4638327	0	1			0		other	0
23509	301	Nothing	90	4669028	0	1			0		other	0
23509	302	Sound	21	4690117	0	1			0		miss	0
23509	303	Nothing	8	4710314	0	0			0		other	0
23509	305	Nothing	90	4741005	0	0			0		other	0
23509	306	Sound	21	4784920	0	1			0		miss	0
23509	307	Nothing	8	4805114	0	0			0		other	0
23509	309	Nothing	90	4835848	0	1			0		other	0
23509	310	Sound	21	4864722	0	1			0		miss	0
23509	311	Nothing	8	4884920	0	1			0		other	0
23509	313	Nothing	90	4915652	0	0			0		other	0
23509	314	Sound	21	4947925	0	1			0		miss	0
23509	315	Nothing	8	4968144	0	1			0		other	0
23509	317	Nothing	90	4998936	0	1			0		other	0
23509	318	Sound	21	5029628	0	1			0		miss	0
23509	319	Nothing	8	5049845	0	1			0		other	0
23509	321	Nothing	90	5080574	0	1			0		other	0
23509	322	Sound	21	5108530	0	1			0		miss	0
23509	323	Nothing	8	5128722	0	1			0		other	0
23509	325	Nothing	90	5159457	0	1			0		other	0
23509	326	Sound	21	5207134	0	1			0		miss	0
23509	327	Nothing	8	5227324	0	1			0		other	0
23509	329	Nothing	90	5258054	0	0			0		other	0
23509	330	Sound	21	5271336	0	1			0		miss	0
23509	331	Nothing	8	5291541	0	1			0		other	0
23509	333	Nothing	90	5322249	0	1			0		other	0
23509	334	Sound	21	5344338	0	1			0		miss	0
23509	335	Nothing	8	5364542	0	1			0		other	0
23509	338	Nothing	62	5395181	0	1			0		other	0
23509	339	Nothing	60	5405189	0	1			0		other	0
