Scenario - randomOutcome
Logfile written - 07/03/2023 09:47:05

Subject	Trial	Event Type	Code	Time	TTime	Uncertainty	Duration	Uncertainty	ReqTime	ReqDur	Stim Type	Pair Index

23509	1	Nothing	61	13663	0	1			0		other	0
23509	2	Nothing	90	14024	0	0			0		other	0
23509	3	Sound	21	24658	0	1			0		hit	5
23509	3	Port Input	2	26255	1597	4
23509	3	Response	3	26255	1597	4
23509	4	Nothing	1003	26678	0	1			0		other	0
23509	5	Nothing	63	26788	0	1			0		other	0
23509	6	Nothing	86	27138	0	0			0		other	0
23509	6	Port Input	2	27615	477	4
23509	6	Response	3	27615	477	4
23509	6	Port Input	2	29158	2020	4
23509	6	Response	3	29158	2020	4
23509	6	Port Input	2	31126	3988	4
23509	6	Response	3	31126	3988	4
23509	6	Port Input	2	34065	6927	4
23509	6	Response	3	34065	6927	4
23509	8	Nothing	90	57805	0	1			0		other	0
23509	9	Sound	21	77460	0	1			0		hit	20
23509	9	Port Input	2	78898	1438	4
23509	9	Response	3	78898	1438	4
23509	10	Nothing	1003	79325	0	1			0		other	0
23509	11	Nothing	63	79434	0	1			0		other	0
23509	12	Nothing	96	79556	0	1			0		other	0
23509	12	Port Input	2	80219	663	4
23509	12	Response	3	80219	663	4
23509	12	Port Input	2	82531	2975	4
23509	12	Response	3	82531	2975	4
23509	12	Port Input	2	83711	4155	4
23509	12	Response	3	83711	4155	4
23509	12	Port Input	2	84873	5317	4
23509	12	Response	3	84873	5317	4
23509	12	Port Input	2	84877	5321	4
23509	12	Port Input	2	86292	6736	4
23509	12	Response	3	86292	6736	4
23509	12	Port Input	2	87486	7930	4
23509	12	Response	3	87486	7930	4
23509	12	Port Input	2	89009	9453	4
23509	12	Response	3	89009	9453	4
23509	12	Port Input	2	90528	10972	4
23509	12	Response	3	90528	10972	4
23509	12	Port Input	2	91878	12322	4
23509	12	Response	3	91878	12322	4
23509	12	Port Input	2	93402	13846	4
23509	12	Response	3	93402	13846	4
23509	12	Port Input	2	94745	15189	4
23509	12	Response	3	94745	15189	4
23509	14	Nothing	90	110388	0	1			0		other	0
23509	14	Port Input	2	113067	2680	4
23509	14	Response	3	113067	2680	4
23509	14	Port Input	2	125508	15121	4
23509	14	Response	3	125508	15121	4
23509	14	Port Input	2	135762	25374	4
23509	14	Response	3	135762	25374	4
23509	15	Nothing	90	142358	0	1			0		other	0
23509	15	Port Input	2	149237	6879	4
23509	15	Response	3	149237	6879	4
23509	16	Nothing	90	183797	0	0			0		other	0
23509	16	Port Input	2	185838	2041	13
23509	16	Response	3	185838	2041	13
23509	17	Nothing	90	216299	0	0			0		other	0
23509	18	Sound	21	233165	0	1			0		hit	63
23509	18	Port Input	2	238238	5074	10
23509	18	Response	3	238238	5074	10
23509	19	Nothing	6	238879	0	1			0		other	0
23509	19	Port Input	2	239549	670	4
23509	19	Response	3	239549	670	4
23509	19	Port Input	2	241516	2637	4
23509	19	Response	3	241516	2637	4
23509	19	Port Input	2	242701	3822	4
23509	19	Response	3	242701	3822	4
23509	19	Port Input	2	243986	5107	5
23509	19	Response	3	243986	5107	5
23509	19	Port Input	2	245113	6234	4
23509	19	Response	3	245113	6234	4
23509	19	Port Input	2	246592	7713	4
23509	19	Response	3	246592	7713	4
23509	19	Port Input	2	247753	8874	4
23509	19	Response	3	247753	8874	4
23509	19	Port Input	2	249327	10448	4
23509	19	Response	3	249327	10448	4
23509	19	Port Input	2	250762	11884	4
23509	19	Response	3	250762	11884	4
23509	19	Port Input	2	252105	13226	4
23509	19	Response	3	252105	13226	4
23509	19	Port Input	2	253612	14733	4
23509	19	Response	3	253612	14733	4
23509	19	Port Input	2	255060	16181	4
23509	19	Response	3	255060	16181	4
23509	19	Port Input	2	256789	17910	4
23509	19	Response	3	256789	17910	4
23509	19	Port Input	2	258258	19379	5
23509	19	Response	3	258258	19379	5
23509	19	Port Input	2	259803	20924	4
23509	19	Response	3	259803	20924	4
23509	19	Port Input	2	261219	22340	4
23509	19	Response	3	261219	22340	4
23509	19	Port Input	2	261342	22463	4
23509	21	Nothing	90	269536	0	1			0		other	0
23509	21	Port Input	2	284391	14854	4
23509	21	Response	3	284391	14854	4
23509	22	Nothing	90	289490	0	1			0		other	0
23509	22	Port Input	2	313706	24215	4
23509	22	Response	3	313706	24215	4
23509	22	Port Input	2	315128	25638	4
23509	22	Response	3	315128	25638	4
23509	22	Port Input	2	316431	26941	4
23509	22	Response	3	316431	26941	4
23509	23	Nothing	90	328778	0	1			0		other	0
23509	24	Sound	21	339368	0	1			0		hit	111
23509	24	Port Input	2	342310	2942	4
23509	24	Response	3	342310	2942	4
23509	25	Nothing	76	342937	0	0			0		other	0
23509	25	Port Input	2	343853	915	4
23509	25	Response	3	343853	915	4
23509	27	Nothing	90	373585	0	1			0		other	0
23509	27	Port Input	2	374007	422	4
23509	27	Response	3	374007	422	4
23509	27	Port Input	2	393981	20395	4
23509	27	Response	3	393981	20395	4
23509	27	Port Input	2	395479	21894	5
23509	27	Response	3	395479	21894	5
23509	28	Nothing	90	400993	0	1			0		other	0
23509	29	Sound	21	413471	0	1			0		hit	125
23509	29	Port Input	2	415369	1899	4
23509	29	Response	3	415369	1899	4
23509	30	Nothing	1003	415817	0	1			0		other	0
23509	31	Nothing	63	415925	0	1			0		other	0
23509	32	Nothing	96	416045	0	1			0		other	0
23509	32	Port Input	2	416774	729	4
23509	32	Response	3	416774	729	4
23509	32	Port Input	2	418991	2946	4
23509	32	Response	3	418991	2946	4
23509	32	Port Input	2	420207	4162	4
23509	32	Response	3	420207	4162	4
23509	32	Port Input	2	421394	5349	4
23509	32	Response	3	421394	5349	4
23509	32	Port Input	2	422669	6624	4
23509	32	Response	3	422669	6624	4
23509	32	Port Input	2	424062	8017	4
23509	32	Response	3	424062	8017	4
23509	32	Port Input	2	425338	9293	4
23509	32	Response	3	425338	9293	4
23509	32	Port Input	2	426839	10794	4
23509	32	Response	3	426839	10794	4
23509	34	Nothing	90	446913	0	1			0		other	0
23509	34	Port Input	2	453644	6731	4
23509	34	Response	3	453644	6731	4
23509	35	Nothing	90	458988	0	0			0		other	0
23509	35	Port Input	2	493539	34551	4
23509	35	Response	3	493539	34551	4
23509	35	Port Input	2	495117	36129	4
23509	35	Response	3	495117	36129	4
23509	36	Nothing	90	503479	0	1			0		other	0
23509	37	Sound	21	544475	0	1			0		hit	156
23509	37	Port Input	2	546054	1579	4
23509	37	Response	3	546054	1579	4
23509	38	Nothing	76	546718	0	1			0		other	0
23509	38	Port Input	2	547410	692	4
23509	38	Response	3	547410	692	4
23509	38	Port Input	2	548813	2095	4
23509	38	Response	3	548813	2095	4
23509	38	Port Input	2	550398	3680	4
23509	38	Response	3	550398	3680	4
23509	40	Nothing	90	577368	0	0			0		other	0
23509	41	Sound	21	604377	0	1			0		hit	167
23509	41	Port Input	2	608622	4245	4
23509	41	Response	3	608622	4245	4
23509	42	Nothing	6	609299	0	1			0		other	0
23509	42	Port Input	2	609925	626	4
23509	42	Response	3	609925	626	4
23509	42	Port Input	2	612288	2989	4
23509	42	Response	3	612288	2989	4
23509	42	Port Input	2	613502	4203	4
23509	42	Response	3	613502	4203	4
23509	42	Port Input	2	614686	5388	4
23509	42	Response	3	614686	5388	4
23509	42	Port Input	2	616110	6811	4
23509	42	Response	3	616110	6811	4
23509	42	Port Input	2	617276	7977	5
23509	42	Response	3	617276	7977	5
23509	42	Port Input	2	618910	9611	4
23509	42	Response	3	618910	9611	4
23509	44	Nothing	90	639962	0	1			0		other	0
23509	44	Port Input	2	650948	10986	4
23509	44	Response	3	650948	10986	4
23509	44	Port Input	2	652348	12385	4
23509	44	Response	3	652348	12385	4
23509	45	Nothing	90	672274	0	1			0		other	0
23509	46	Sound	21	688980	0	1			0		hit	191
23509	46	Port Input	2	690742	1762	6
23509	46	Response	3	690742	1762	6
23509	47	Nothing	1003	691210	0	0			0		other	0
23509	48	Nothing	63	691319	0	1			0		other	0
23509	49	Nothing	96	691441	0	0			0		other	0
23509	49	Port Input	2	691919	478	4
23509	49	Response	3	691919	478	4
23509	49	Port Input	2	693244	1803	4
23509	49	Response	3	693244	1803	4
23509	49	Port Input	2	694336	2895	4
23509	49	Response	3	694336	2895	4
23509	49	Port Input	2	695555	4114	4
23509	49	Response	3	695555	4114	4
23509	49	Port Input	2	696668	5227	5
23509	49	Response	3	696668	5227	5
23509	49	Port Input	2	698048	6607	4
23509	49	Response	3	698048	6607	4
23509	49	Port Input	2	699108	7667	4
23509	49	Response	3	699108	7667	4
23509	49	Port Input	2	700504	9063	5
23509	49	Response	3	700504	9063	5
23509	49	Port Input	2	701650	10209	4
23509	49	Response	3	701650	10209	4
23509	49	Port Input	2	703321	11880	4
23509	49	Response	3	703321	11880	4
23509	49	Port Input	2	704654	13213	10
23509	49	Response	3	704654	13213	10
23509	49	Port Input	2	706155	14714	4
23509	49	Response	3	706155	14714	4
23509	49	Port Input	2	707655	16214	5
23509	49	Response	3	707655	16214	5
23509	49	Port Input	2	709158	17717	4
23509	49	Response	3	709158	17717	4
23509	51	Nothing	90	722314	0	0			0		other	0
23509	51	Port Input	2	731943	9629	5
23509	51	Response	3	731943	9629	5
23509	51	Port Input	2	733543	11229	4
23509	51	Response	3	733543	11229	4
23509	51	Port Input	2	735146	12832	4
23509	51	Response	3	735146	12832	4
23509	52	Nothing	90	771790	0	1			0		other	0
23509	52	Port Input	2	772111	321	4
23509	52	Response	3	772111	321	4
23509	52	Port Input	2	773677	1887	4
23509	52	Response	3	773677	1887	4
23509	53	Nothing	90	793372	0	1			0		other	0
23509	53	Port Input	2	798559	5187	4
23509	53	Response	3	798559	5187	4
23509	53	Port Input	2	799907	6535	4
23509	53	Response	3	799907	6535	4
23509	53	Port Input	2	801210	7838	4
23509	53	Response	3	801210	7838	4
23509	54	Nothing	90	820358	0	1			0		other	0
23509	54	Port Input	2	841328	20971	4
23509	54	Response	3	841328	20971	4
23509	54	Port Input	2	843026	22668	4
23509	54	Response	3	843026	22668	4
23509	55	Nothing	90	866746	0	1			0		other	0
23509	55	Port Input	2	899952	33206	4
23509	55	Response	3	899952	33206	4
23509	56	Port Input	2	901696	193	4
23509	56	Response	3	901696	193	4
23509	57	Nothing	6	902363	0	1			0		other	0
23509	57	Port Input	2	903039	675	4
23509	57	Response	3	903039	675	4
23509	57	Port Input	2	905218	2854	4
23509	57	Response	3	905218	2854	4
23509	57	Port Input	2	906361	3998	4
23509	57	Response	3	906361	3998	4
23509	57	Port Input	2	907537	5174	4
23509	57	Response	3	907537	5174	4
23509	57	Port Input	2	908751	6387	4
23509	57	Response	3	908751	6387	4
23509	57	Port Input	2	910251	7888	4
23509	57	Response	3	910251	7888	4
23509	57	Port Input	2	911584	9221	4
23509	57	Response	3	911584	9221	4
23509	57	Port Input	2	913088	10725	4
23509	57	Response	3	913088	10725	4
23509	59	Nothing	90	933418	0	1			0		other	0
23509	60	Sound	21	964489	0	1			0		hit	272
23509	60	Port Input	2	965884	1396	4
23509	60	Response	3	965884	1396	4
23509	61	Nothing	1003	966356	0	1			0		other	0
23509	62	Nothing	63	966464	0	0			0		other	0
23509	63	Nothing	86	966572	0	1			0		other	0
23509	63	Port Input	2	967169	597	5
23509	63	Response	3	967169	597	5
23509	63	Port Input	2	968829	2256	4
23509	63	Response	3	968829	2256	4
23509	63	Port Input	2	970290	3717	4
23509	63	Response	3	970290	3717	4
23509	65	Nothing	90	997045	0	0			0		other	0
23509	65	Port Input	2	1020463	23418	4
23509	65	Response	3	1020463	23418	4
23509	65	Port Input	2	1021764	24720	4
23509	65	Response	3	1021764	24720	4
23509	65	Port Input	2	1023441	26397	4
23509	65	Response	3	1023441	26397	4
23509	66	Nothing	90	1043804	0	1			0		other	0
23509	66	Port Input	2	1064529	20725	5
23509	66	Response	3	1064529	20725	5
23509	66	Port Input	2	1065929	22124	4
23509	66	Response	3	1065929	22124	4
23509	67	Nothing	90	1093761	0	1			0		other	0
23509	68	Sound	21	1111894	0	1			0		hit	297
23509	68	Port Input	2	1115252	3358	4
23509	68	Response	3	1115252	3358	4
23509	68	Port Input	2	1115256	3362	5
23509	69	Nothing	1003	1115745	0	1			0		other	0
23509	70	Nothing	63	1115853	0	1			0		other	0
23509	71	Nothing	86	1115959	0	1			0		other	0
23509	71	Port Input	2	1116782	822	4
23509	71	Response	3	1116782	822	4
23509	71	Port Input	2	1118338	2378	4
23509	71	Response	3	1118338	2378	4
23509	73	Nothing	90	1146447	0	1			0		other	0
23509	74	Sound	21	1170096	0	1			0		hit	309
23509	74	Port Input	2	1171502	1406	4
23509	74	Response	3	1171502	1406	4
23509	75	Nothing	1003	1172013	0	1			0		other	0
23509	76	Nothing	63	1172121	0	1			0		other	0
23509	77	Nothing	96	1172244	0	0			0		other	0
23509	77	Port Input	2	1172809	565	5
23509	77	Response	3	1172809	565	5
23509	77	Port Input	2	1174059	1816	4
23509	77	Response	3	1174059	1816	4
23509	77	Port Input	2	1175070	2826	11
23509	77	Response	3	1175070	2826	11
23509	77	Port Input	2	1176264	4020	4
23509	77	Response	3	1176264	4020	4
23509	77	Port Input	2	1177483	5240	4
23509	77	Response	3	1177483	5240	4
23509	77	Port Input	2	1178583	6340	4
23509	77	Response	3	1178583	6340	4
23509	77	Port Input	2	1179993	7749	5
23509	77	Response	3	1179993	7749	5
23509	77	Port Input	2	1181218	8974	4
23509	77	Response	3	1181218	8974	4
23509	77	Port Input	2	1182705	10461	4
23509	77	Response	3	1182705	10461	4
23509	77	Port Input	2	1184038	11795	4
23509	77	Response	3	1184038	11795	4
23509	77	Port Input	2	1185539	13295	4
23509	77	Response	3	1185539	13295	4
23509	77	Port Input	2	1187041	14797	4
23509	77	Response	3	1187041	14797	4
23509	79	Nothing	90	1203098	0	1			0		other	0
23509	80	Sound	21	1214397	0	1			0		hit	340
23509	80	Port Input	2	1216701	2304	5
23509	80	Response	3	1216701	2304	5
23509	81	Nothing	76	1217397	0	1			0		other	0
23509	81	Port Input	2	1217987	589	4
23509	81	Response	3	1217987	589	4
23509	81	Port Input	2	1219572	2174	4
23509	81	Response	3	1219572	2174	4
23509	81	Port Input	2	1221366	3968	4
23509	81	Response	3	1221366	3968	4
23509	81	Port Input	2	1241039	23641	4
23509	81	Response	3	1241039	23641	4
23509	83	Nothing	90	1248045	0	1			0		other	0
23509	83	Port Input	2	1266673	18628	4
23509	83	Response	3	1266673	18628	4
23509	83	Port Input	2	1268120	20076	4
23509	83	Response	3	1268120	20076	4
23509	84	Nothing	90	1276144	0	1			0		other	0
23509	84	Port Input	2	1293248	17103	4
23509	84	Response	3	1293248	17103	4
23509	84	Port Input	2	1294722	18577	4
23509	84	Response	3	1294722	18577	4
23509	85	Nothing	90	1299277	0	1			0		other	0
23509	86	Sound	21	1315700	0	1			0		hit	363
23509	86	Port Input	2	1316933	1232	4
23509	86	Response	3	1316933	1232	4
23509	87	Nothing	76	1317650	0	1			0		other	0
23509	87	Port Input	2	1318569	919	4
23509	87	Response	3	1318569	919	4
23509	89	Nothing	90	1348314	0	1			0		other	0
23509	89	Port Input	2	1352664	4351	4
23509	89	Response	3	1352664	4351	4
23509	89	Port Input	2	1354408	6095	4
23509	89	Response	3	1354408	6095	4
23509	89	Port Input	2	1356003	7689	4
23509	89	Response	3	1356003	7689	4
23509	90	Nothing	90	1387344	0	1			0		other	0
23509	90	Port Input	2	1401430	14086	4
23509	90	Response	3	1401430	14086	4
23509	90	Port Input	2	1402897	15554	4
23509	90	Response	3	1402897	15554	4
23509	90	Port Input	2	1404346	17003	5
23509	90	Response	3	1404346	17003	5
23509	91	Nothing	90	1418075	0	1			0		other	0
23509	92	Sound	21	1448505	0	1			0		hit	384
23509	92	Port Input	2	1450000	1495	4
23509	92	Response	3	1450000	1495	4
23509	93	Nothing	1003	1450540	0	0			0		other	0
23509	94	Nothing	63	1450649	0	1			0		other	0
23509	95	Nothing	86	1450756	0	0			0		other	0
23509	95	Port Input	2	1451304	549	4
23509	95	Response	3	1451304	549	4
23509	95	Port Input	2	1452771	2015	4
23509	95	Response	3	1452771	2015	4
23509	95	Port Input	2	1480573	29817	6
23509	95	Response	3	1480573	29817	6
23509	97	Nothing	90	1481253	0	0			0		other	0
23509	98	Sound	21	1492806	0	1			0		hit	397
23509	98	Port Input	2	1494897	2091	4
23509	98	Response	3	1494897	2091	4
23509	99	Nothing	1003	1495458	0	0			0		other	0
23509	100	Nothing	63	1495571	0	1			0		other	0
23509	101	Nothing	86	1495679	0	1			0		other	0
23509	101	Port Input	2	1496140	461	4
23509	101	Response	3	1496140	461	4
23509	101	Port Input	2	1497587	1909	5
23509	101	Response	3	1497587	1909	5
23509	103	Nothing	90	1526154	0	1			0		other	0
23509	103	Port Input	2	1530742	4588	5
23509	103	Response	3	1530742	4588	5
23509	103	Port Input	2	1531463	5309	4
23509	103	Response	3	1531463	5309	4
23509	103	Port Input	2	1532392	6238	4
23509	103	Response	3	1532392	6238	4
23509	104	Nothing	90	1555526	0	1			0		other	0
23509	105	Sound	21	1597810	0	1			0		hit	415
23509	105	Port Input	2	1601399	3589	4
23509	105	Response	3	1601399	3589	4
23509	106	Nothing	6	1602150	0	1			0		other	0
23509	106	Port Input	2	1602824	674	4
23509	106	Response	3	1602824	674	4
23509	106	Port Input	2	1605022	2872	5
23509	106	Response	3	1605022	2872	5
23509	106	Port Input	2	1606317	4167	4
23509	106	Response	3	1606317	4167	4
23509	106	Port Input	2	1607489	5338	4
23509	106	Response	3	1607489	5338	4
23509	106	Port Input	2	1608690	6540	4
23509	106	Response	3	1608690	6540	4
23509	106	Port Input	2	1610175	8025	4
23509	106	Response	3	1610175	8025	4
23509	106	Port Input	2	1611674	9523	4
23509	106	Response	3	1611674	9523	4
23509	106	Port Input	2	1613004	10854	8
23509	106	Response	3	1613004	10854	8
23509	108	Nothing	90	1632824	0	1			0		other	0
23509	108	Port Input	2	1644007	11183	4
23509	108	Response	3	1644007	11183	4
23509	108	Port Input	2	1645246	12422	4
23509	108	Response	3	1645246	12422	4
23509	109	Nothing	90	1661805	0	1			0		other	0
23509	109	Port Input	2	1663756	1951	4
23509	109	Response	3	1663756	1951	4
23509	109	Port Input	2	1665325	3521	5
23509	109	Response	3	1665325	3521	5
23509	109	Port Input	2	1666928	5124	4
23509	109	Response	3	1666928	5124	4
23509	110	Nothing	90	1683032	0	0			0		other	0
23509	111	Sound	21	1702413	0	1			0		hit	448
23509	111	Port Input	2	1703896	1483	6
23509	111	Response	3	1703896	1483	6
23509	112	Nothing	6	1704648	0	1			0		other	0
23509	112	Port Input	2	1705177	530	5
23509	112	Response	3	1705177	530	5
23509	112	Port Input	2	1706478	1830	4
23509	112	Response	3	1706478	1830	4
23509	112	Port Input	2	1707560	2912	4
23509	112	Response	3	1707560	2912	4
23509	112	Port Input	2	1708757	4109	4
23509	112	Response	3	1708757	4109	4
23509	112	Port Input	2	1709898	5250	4
23509	112	Response	3	1709898	5250	4
23509	112	Port Input	2	1711200	6553	4
23509	112	Response	3	1711200	6553	4
23509	112	Port Input	2	1712371	7724	4
23509	112	Response	3	1712371	7724	4
23509	112	Port Input	2	1713711	9063	4
23509	112	Response	3	1713711	9063	4
23509	112	Port Input	2	1715037	10390	4
23509	112	Response	3	1715037	10390	4
23509	112	Port Input	2	1716545	11897	4
23509	112	Response	3	1716545	11897	4
23509	112	Port Input	2	1716710	12062	4
23509	112	Port Input	2	1718041	13394	4
23509	112	Response	3	1718041	13394	4
23509	112	Port Input	2	1718210	13563	4
23509	114	Nothing	90	1735332	0	1			0		other	0
23509	114	Port Input	2	1751904	16573	4
23509	114	Response	3	1751904	16573	4
23509	114	Port Input	2	1753323	17992	4
23509	114	Response	3	1753323	17992	4
23509	114	Port Input	2	1754997	19665	4
23509	114	Response	3	1754997	19665	4
23509	114	Port Input	2	1756544	21212	5
23509	114	Response	3	1756544	21212	5
23509	114	Port Input	2	1758043	22712	4
23509	114	Response	3	1758043	22712	4
23509	115	Nothing	90	1759118	0	1			0		other	0
23509	115	Port Input	2	1759879	761	4
23509	115	Response	3	1759879	761	4
23509	115	Port Input	2	1778226	19108	4
23509	115	Response	3	1778226	19108	4
23509	115	Port Input	2	1779715	20597	5
23509	115	Response	3	1779715	20597	5
23509	115	Port Input	2	1781344	22226	5
23509	115	Response	3	1781344	22226	5
23509	116	Nothing	90	1808818	0	1			0		other	0
23509	116	Port Input	2	1810367	1549	4
23509	116	Response	3	1810367	1549	4
23509	116	Port Input	2	1812182	3364	4
23509	116	Response	3	1812182	3364	4
23509	117	Nothing	90	1823538	0	1			0		other	0
23509	118	Sound	21	1834418	0	1			0		hit	502
23509	118	Port Input	2	1835585	1167	4
23509	118	Response	3	1835585	1167	4
23509	119	Nothing	6	1836350	0	1			0		other	0
23509	119	Port Input	2	1836917	566	4
23509	119	Response	3	1836917	566	4
23509	119	Port Input	2	1838199	1848	5
23509	119	Response	3	1838199	1848	5
23509	119	Port Input	2	1839390	3039	4
23509	119	Response	3	1839390	3039	4
23509	119	Port Input	2	1840393	4042	7
23509	119	Response	3	1840393	4042	7
23509	119	Port Input	2	1841558	5207	4
23509	119	Response	3	1841558	5207	4
23509	119	Port Input	2	1843061	6711	4
23509	119	Response	3	1843061	6711	4
23509	119	Port Input	2	1844228	7878	4
23509	119	Response	3	1844228	7878	4
23509	119	Port Input	2	1844398	8048	8
23509	119	Port Input	2	1845727	9377	4
23509	119	Response	3	1845727	9377	4
23509	119	Port Input	2	1847065	10714	4
23509	119	Response	3	1847065	10714	4
23509	121	Nothing	90	1867032	0	0			0		other	0
23509	121	Port Input	2	1898467	31435	4
23509	121	Response	3	1898467	31435	4
23509	121	Port Input	2	1909455	42423	4
23509	121	Response	3	1909455	42423	4
23509	122	Nothing	90	1912977	0	1			0		other	0
23509	122	Port Input	2	1913118	140	5
23509	122	Response	3	1913118	140	5
23509	122	Port Input	2	1914907	1929	4
23509	122	Response	3	1914907	1929	4
23509	122	Port Input	2	1916417	3439	4
23509	122	Response	3	1916417	3439	4
23509	122	Port Input	2	1917899	4922	5
23509	122	Response	3	1917899	4922	5
23509	122	Port Input	2	1919736	6759	4
23509	122	Response	3	1919736	6759	4
23509	123	Nothing	90	1923770	0	0			0		other	0
23509	124	Sound	21	1935821	0	1			0		hit	542
23509	124	Port Input	2	1938139	2318	4
23509	124	Response	3	1938139	2318	4
23509	125	Nothing	6	1938898	0	1			0		other	0
23509	125	Port Input	2	1939570	672	8
23509	125	Response	3	1939570	672	8
23509	125	Port Input	2	1940741	1843	4
23509	125	Response	3	1940741	1843	4
23509	125	Port Input	2	1940908	2010	4
23509	125	Port Input	2	1941915	3018	4
23509	125	Response	3	1941915	3018	4
23509	125	Port Input	2	1942075	3178	4
23509	127	Nothing	90	1969578	0	1			0		other	0
23509	127	Port Input	2	1972069	2491	4
23509	127	Response	3	1972069	2491	4
23509	127	Port Input	2	1988403	18825	4
23509	127	Response	3	1988403	18825	4
23509	128	Nothing	90	1994242	0	1			0		other	0
23509	129	Sound	21	2012823	0	1			0		hit	560
23509	129	Port Input	2	2014292	1469	4
23509	129	Response	3	2014292	1469	4
23509	130	Nothing	6	2015061	0	0			0		other	0
23509	130	Port Input	2	2015735	674	5
23509	130	Response	3	2015735	674	5
23509	130	Port Input	2	2017072	2011	4
23509	130	Response	3	2017072	2011	4
23509	130	Port Input	2	2018069	3008	4
23509	130	Response	3	2018069	3008	4
23509	130	Port Input	2	2019237	4176	4
23509	130	Response	3	2019237	4176	4
23509	132	Nothing	90	2045769	0	1			0		other	0
23509	132	Port Input	2	2057966	12196	5
23509	132	Response	3	2057966	12196	5
23509	132	Port Input	2	2059401	13631	4
23509	132	Response	3	2059401	13631	4
23509	132	Port Input	2	2060914	15145	4
23509	132	Response	3	2060914	15145	4
23509	133	Nothing	90	2067722	0	1			0		other	0
23509	133	Port Input	2	2082224	14502	4
23509	133	Response	3	2082224	14502	4
23509	134	Nothing	90	2093264	0	1			0		other	0
23509	134	Port Input	2	2096689	3426	4
23509	134	Response	3	2096689	3426	4
23509	134	Port Input	2	2098231	4967	4
23509	134	Response	3	2098231	4967	4
23509	135	Nothing	90	2109385	0	1			0		other	0
23509	136	Sound	21	2122127	0	1			0		hit	588
23509	136	Port Input	2	2123431	1304	4
23509	136	Response	3	2123431	1304	4
23509	137	Nothing	6	2124204	0	1			0		other	0
23509	137	Port Input	2	2124731	527	4
23509	137	Response	3	2124731	527	4
23509	139	Nothing	90	2154890	0	0			0		other	0
23509	140	Sound	21	2170729	0	1			0		hit	595
23509	140	Port Input	2	2171401	672	5
23509	140	Response	3	2171401	672	5
23509	141	Nothing	6	2172195	0	0			0		other	0
23509	141	Port Input	2	2172729	534	4
23509	141	Response	3	2172729	534	4
23509	143	Nothing	90	2202878	0	1			0		other	0
23509	143	Port Input	2	2214077	11199	4
23509	143	Response	3	2214077	11199	4
23509	144	Nothing	90	2223338	0	1			0		other	0
23509	144	Port Input	2	2236065	12727	5
23509	144	Response	3	2236065	12727	5
23509	144	Port Input	2	2237244	13906	4
23509	144	Response	3	2237244	13906	4
23509	144	Port Input	2	2237408	14070	6
23509	144	Port Input	2	2256563	33225	4
23509	144	Response	3	2256563	33225	4
23509	145	Nothing	90	2268976	0	1			0		other	0
23509	145	Port Input	2	2279091	10115	4
23509	145	Response	3	2279091	10115	4
23509	145	Port Input	2	2280232	11256	4
23509	145	Response	3	2280232	11256	4
23509	146	Nothing	90	2281262	0	1			0		other	0
23509	146	Port Input	2	2281566	304	4
23509	146	Response	3	2281566	304	4
23509	146	Port Input	2	2301395	20133	4
23509	146	Response	3	2301395	20133	4
23509	146	Port Input	2	2302727	21466	4
23509	146	Response	3	2302727	21466	4
23509	146	Port Input	2	2319524	38262	4
23509	146	Response	3	2319524	38262	4
23509	147	Nothing	90	2325960	0	0			0		other	0
23509	148	Sound	21	2345534	0	1			0		hit	627
23509	148	Port Input	2	2347123	1588	6
23509	148	Response	3	2347123	1588	6
23509	149	Nothing	1003	2347774	0	1			0		other	0
23509	150	Nothing	63	2347883	0	0			0		other	0
23509	151	Nothing	96	2348003	0	1			0		other	0
23509	151	Port Input	2	2348563	560	4
23509	151	Response	3	2348563	560	4
23509	153	Nothing	90	2379260	0	0			0		other	0
23509	153	Port Input	2	2394898	15637	4
23509	153	Response	3	2394898	15637	4
23509	153	Port Input	2	2420897	41636	4
23509	153	Response	3	2420897	41636	4
23509	153	Port Input	2	2422576	43316	4
23509	153	Response	3	2422576	43316	4
23509	154	Nothing	90	2427918	0	0			0		other	0
23509	155	Sound	21	2438937	0	1			0		hit	643
23509	155	Port Input	2	2439916	978	7
23509	155	Response	3	2439916	978	7
23509	156	Nothing	6	2440722	0	1			0		other	0
23509	158	Nothing	90	2471431	0	1			0		other	0
23509	159	Sound	21	2486639	0	1			0		miss	0
23509	160	Nothing	8	2506833	0	1			0		other	0
23509	160	Port Input	2	2526734	19901	4
23509	160	Response	3	2526734	19901	4
23509	160	Port Input	2	2529569	22735	4
23509	160	Response	3	2529569	22735	4
23509	162	Nothing	90	2537526	0	1			0		other	0
23509	163	Sound	21	2572842	0	1			0		hit	655
23509	163	Port Input	2	2574275	1433	4
23509	163	Response	3	2574275	1433	4
23509	164	Nothing	6	2575086	0	1			0		other	0
23509	164	Port Input	2	2575569	483	4
23509	164	Response	3	2575569	483	4
23509	166	Nothing	90	2605971	0	0			0		other	0
23509	166	Port Input	2	2613241	7269	4
23509	166	Response	3	2613241	7269	4
23509	166	Port Input	2	2638576	32604	4
23509	166	Response	3	2638576	32604	4
23509	167	Nothing	90	2645144	0	1			0		other	0
23509	168	Sound	21	2658945	0	1			0		hit	667
23509	168	Port Input	2	2660411	1466	5
23509	168	Response	3	2660411	1466	5
23509	169	Nothing	6	2661237	0	1			0		other	0
23509	171	Nothing	90	2692058	0	1			0		other	0
23509	172	Sound	21	2704246	0	1			0		miss	0
23509	173	Nothing	8	2724466	0	1			0		other	0
23509	173	Port Input	2	2745258	20792	4
23509	173	Response	3	2745258	20792	4
23509	175	Nothing	90	2755186	0	1			0		other	0
23509	175	Port Input	2	2775912	20727	4
23509	175	Response	3	2775912	20727	4
23509	175	Port Input	2	2778749	23564	4
23509	175	Response	3	2778749	23564	4
23509	176	Nothing	90	2794613	0	0			0		other	0
23509	177	Sound	21	2805050	0	1			0		hit	682
23509	177	Port Input	2	2806198	1149	4
23509	177	Response	3	2806198	1149	4
23509	178	Nothing	1003	2806827	0	1			0		other	0
23509	179	Nothing	63	2806934	0	1			0		other	0
23509	180	Nothing	96	2807058	0	1			0		other	0
23509	182	Nothing	90	2838158	0	0			0		other	0
23509	182	Port Input	2	2847419	9261	5
23509	182	Response	3	2847419	9261	5
23509	183	Nothing	90	2863048	0	1			0		other	0
23509	183	Port Input	2	2871403	8355	4
23509	183	Response	3	2871403	8355	4
23509	183	Port Input	2	2871407	8359	4
23509	184	Nothing	90	2882013	0	1			0		other	0
23509	185	Sound	21	2899553	0	1			0		hit	696
23509	185	Port Input	2	2900581	1028	4
23509	185	Response	3	2900581	1028	4
23509	186	Nothing	1003	2901230	0	0			0		other	0
23509	187	Nothing	63	2901339	0	0			0		other	0
23509	188	Nothing	86	2901445	0	1			0		other	0
23509	190	Nothing	90	2931953	0	1			0		other	0
23509	190	Port Input	2	2948218	16264	6
23509	190	Response	3	2948218	16264	6
23509	191	Nothing	90	2976182	0	0			0		other	0
23509	191	Port Input	2	2981715	5533	4
23509	191	Response	3	2981715	5533	4
23509	191	Port Input	2	2983214	7033	4
23509	191	Response	3	2983214	7033	4
23509	192	Nothing	90	2987739	0	1			0		other	0
23509	192	Port Input	2	3000388	12649	4
23509	192	Response	3	3000388	12649	4
23509	192	Port Input	2	3003711	15971	4
23509	192	Response	3	3003711	15971	4
23509	193	Nothing	90	3007962	0	1			0		other	0
23509	194	Sound	21	3030157	0	1			0		hit	716
23509	194	Port Input	2	3031551	1394	4
23509	194	Response	3	3031551	1394	4
23509	195	Nothing	6	3032400	0	1			0		other	0
23509	197	Nothing	90	3063097	0	1			0		other	0
23509	198	Sound	21	3098959	0	1			0		hit	721
23509	198	Port Input	2	3099879	920	4
23509	198	Response	3	3099879	920	4
23509	199	Nothing	1003	3100529	0	1			0		other	0
23509	200	Nothing	63	3100638	0	1			0		other	0
23509	201	Nothing	86	3100744	0	1			0		other	0
23509	203	Nothing	90	3131247	0	1			0		other	0
23509	204	Sound	21	3142061	0	1			0		hit	728
23509	204	Port Input	2	3143189	1129	4
23509	204	Response	3	3143189	1129	4
23509	205	Nothing	1003	3143854	0	0			0		other	0
23509	206	Nothing	63	3143961	0	1			0		other	0
23509	207	Nothing	96	3144083	0	1			0		other	0
23509	209	Nothing	90	3174981	0	1			0		other	0
23509	210	Sound	21	3203763	0	1			0		miss	0
23509	211	Nothing	8	3223984	0	1			0		other	0
23509	213	Nothing	90	3254700	0	1			0		other	0
23509	214	Sound	21	3277365	0	1			0		hit	738
23509	214	Port Input	2	3278691	1326	6
23509	214	Response	3	3278691	1326	6
23509	215	Nothing	1003	3279339	0	1			0		other	0
23509	216	Nothing	63	3279448	0	1			0		other	0
23509	217	Nothing	86	3279556	0	1			0		other	0
23509	219	Nothing	90	3310289	0	1			0		other	0
23509	219	Port Input	2	3319016	8728	4
23509	219	Response	3	3319016	8728	4
23509	220	Nothing	90	3327587	0	0			0		other	0
23509	221	Sound	21	3345167	0	1			0		hit	748
23509	221	Port Input	2	3346698	1530	4
23509	221	Response	3	3346698	1530	4
23509	222	Nothing	76	3347358	0	1			0		other	0
23509	222	Port Input	2	3347863	505	4
23509	222	Response	3	3347863	505	4
23509	224	Nothing	90	3378080	0	1			0		other	0
23509	224	Port Input	2	3384515	6436	4
23509	224	Response	3	3384515	6436	4
23509	225	Nothing	90	3401766	0	1			0		other	0
23509	226	Sound	21	3420470	0	1			0		hit	758
23509	226	Port Input	2	3421498	1028	4
23509	226	Response	3	3421498	1028	4
23509	227	Nothing	6	3422378	0	1			0		other	0
23509	229	Nothing	90	3453106	0	1			0		other	0
23509	229	Port Input	2	3464186	11080	4
23509	229	Response	3	3464186	11080	4
23509	230	Nothing	90	3503116	0	0			0		other	0
23509	230	Port Input	2	3504846	1729	4
23509	230	Response	3	3504846	1729	4
23509	231	Nothing	90	3519157	0	1			0		other	0
23509	232	Sound	21	3535374	0	1			0		hit	769
23509	232	Port Input	2	3538358	2984	4
23509	232	Response	3	3538358	2984	4
23509	233	Nothing	1003	3539039	0	1			0		other	0
23509	234	Nothing	63	3539146	0	1			0		other	0
23509	235	Nothing	96	3539273	0	1			0		other	0
23509	237	Nothing	90	3570153	0	1			0		other	0
23509	237	Port Input	2	3592024	21871	4
23509	237	Response	3	3592024	21871	4
23509	238	Nothing	90	3612441	0	1			0		other	0
23509	239	Sound	21	3623977	0	1			0		hit	779
23509	239	Port Input	2	3637529	13552	4
23509	239	Response	3	3637529	13552	4
23509	240	Nothing	1003	3638220	0	1			0		other	0
23509	241	Nothing	63	3638327	0	1			0		other	0
23509	242	Nothing	86	3638437	0	1			0		other	0
23509	244	Nothing	90	3668956	0	1			0		other	0
23509	244	Port Input	2	3683157	14201	4
23509	244	Response	3	3683157	14201	4
23509	245	Nothing	90	3694057	0	1			0		other	0
23509	245	Port Input	2	3697517	3460	4
23509	245	Response	3	3697517	3460	4
23509	246	Nothing	90	3722806	0	0			0		other	0
23509	247	Sound	21	3738780	0	1			0		hit	792
23509	247	Port Input	2	3741717	2936	4
23509	247	Response	3	3741717	2936	4
23509	248	Nothing	1003	3742483	0	1			0		other	0
23509	249	Nothing	63	3742592	0	1			0		other	0
23509	250	Nothing	86	3742698	0	1			0		other	0
23509	250	Port Input	2	3743722	1023	4
23509	250	Response	3	3743722	1023	4
23509	250	Port Input	2	3745051	2352	4
23509	250	Response	3	3745051	2352	4
23509	250	Port Input	2	3745223	2525	4
23509	252	Nothing	90	3773242	0	1			0		other	0
23509	253	Sound	21	3785482	0	1			0		hit	804
23509	253	Port Input	2	3786502	1020	4
23509	253	Response	3	3786502	1020	4
23509	254	Nothing	1003	3787222	0	1			0		other	0
23509	255	Nothing	63	3787331	0	1			0		other	0
23509	256	Nothing	96	3787451	0	0			0		other	0
23509	256	Port Input	2	3787895	443	4
23509	256	Response	3	3787895	443	4
23509	258	Nothing	90	3818374	0	1			0		other	0
23509	259	Sound	21	3833183	0	1			0		hit	813
23509	259	Port Input	2	3833911	727	4
23509	259	Response	3	3833911	727	4
23509	260	Nothing	1003	3834637	0	1			0		other	0
23509	261	Nothing	63	3834745	0	1			0		other	0
23509	262	Nothing	86	3834853	0	0			0		other	0
23509	264	Nothing	90	3865382	0	1			0		other	0
23509	264	Port Input	2	3896760	31379	4
23509	264	Response	3	3896760	31379	4
23509	265	Nothing	90	3897420	0	1			0		other	0
23509	266	Sound	21	3916386	0	1			0		hit	823
23509	266	Port Input	2	3917666	1279	4
23509	266	Response	3	3917666	1279	4
23509	267	Nothing	6	3918597	0	1			0		other	0
23509	269	Nothing	90	3949320	0	1			0		other	0
23509	270	Sound	21	3976988	0	1			0		miss	0
23509	271	Nothing	8	3997198	0	0			0		other	0
23509	273	Nothing	90	4027928	0	1			0		other	0
23509	274	Sound	21	4044091	0	1			0		miss	0
23509	275	Nothing	8	4064298	0	0			0		other	0
23509	277	Nothing	90	4095059	0	1			0		other	0
23509	277	Port Input	2	4096142	1083	4
23509	277	Response	3	4096142	1083	4
23509	278	Nothing	90	4110122	0	1			0		other	0
23509	279	Sound	21	4128893	0	1			0		hit	837
23509	279	Port Input	2	4129982	1089	4
23509	279	Response	3	4129982	1089	4
23509	280	Nothing	6	4130914	0	1			0		other	0
23509	282	Nothing	90	4161804	0	1			0		other	0
23509	283	Sound	21	4199996	0	1			0		hit	842
23509	283	Port Input	2	4200850	854	5
23509	283	Response	3	4200850	854	5
23509	284	Nothing	6	4201788	0	1			0		other	0
23509	286	Nothing	90	4232502	0	1			0		other	0
23509	287	Sound	21	4262798	0	1			0		miss	0
23509	288	Nothing	8	4282998	0	0			0		other	0
23509	290	Nothing	90	4313710	0	1			0		other	0
23509	291	Sound	21	4354101	0	1			0		miss	0
23509	292	Nothing	8	4374298	0	1			0		other	0
23509	292	Port Input	2	4386587	12289	4
23509	292	Response	3	4386587	12289	4
23509	294	Nothing	90	4405016	0	1			0		other	0
23509	295	Sound	21	4445504	0	1			0		hit	855
23509	295	Port Input	2	4446607	1103	4
23509	295	Response	3	4446607	1103	4
23509	296	Nothing	76	4447533	0	0			0		other	0
23509	298	Nothing	90	4478437	0	1			0		other	0
23509	298	Port Input	2	4494456	16019	4
23509	298	Response	3	4494456	16019	4
23509	299	Nothing	90	4498066	0	0			0		other	0
23509	299	Port Input	2	4511460	13395	4
23509	299	Response	3	4511460	13395	4
23509	300	Nothing	90	4513294	0	1			0		other	0
23509	301	Sound	21	4526806	0	1			0		hit	866
23509	301	Port Input	2	4528801	1994	4
23509	301	Response	3	4528801	1994	4
23509	302	Nothing	6	4529576	0	0			0		other	0
23509	304	Nothing	90	4560308	0	1			0		other	0
23509	305	Sound	21	4597009	0	1			0		miss	0
23509	306	Nothing	8	4617201	0	1			0		other	0
23509	308	Nothing	90	4647924	0	1			0		other	0
23509	308	Port Input	2	4649356	1431	4
23509	308	Response	3	4649356	1431	4
23509	309	Nothing	90	4665844	0	1			0		other	0
23509	310	Sound	21	4679711	0	1			0		miss	0
23509	311	Nothing	8	4699904	0	1			0		other	0
23509	313	Nothing	90	4730625	0	1			0		other	0
23509	314	Sound	21	4755914	0	1			0		hit	880
23509	314	Port Input	2	4759236	3322	4
23509	314	Response	3	4759236	3322	4
23509	315	Nothing	1003	4759993	0	1			0		other	0
23509	316	Nothing	63	4760101	0	1			0		other	0
23509	317	Nothing	96	4760221	0	1			0		other	0
23509	317	Port Input	2	4760588	366	4
23509	317	Response	3	4760588	366	4
23509	319	Nothing	90	4791314	0	1			0		other	0
23509	320	Sound	21	4810516	0	1			0		hit	889
23509	320	Port Input	2	4813437	2921	4
23509	320	Response	3	4813437	2921	4
23509	321	Nothing	6	4814385	0	0			0		other	0
23509	323	Nothing	90	4845115	0	0			0		other	0
23509	324	Sound	21	4869918	0	1			0		miss	0
23509	325	Nothing	8	4890114	0	1			0		other	0
23509	327	Nothing	90	4920833	0	0			0		other	0
23509	327	Port Input	2	4938147	17314	4
23509	327	Response	3	4938147	17314	4
23509	328	Nothing	90	4944021	0	0			0		other	0
23509	329	Sound	21	4957321	0	1			0		miss	0
23509	330	Nothing	8	4977513	0	1			0		other	0
23509	332	Nothing	90	5008236	0	1			0		other	0
23509	332	Port Input	2	5035363	27127	6
23509	332	Response	3	5035363	27127	6
23509	333	Nothing	90	5036935	0	1			0		other	0
23509	333	Port Input	2	5037871	935	4
23509	333	Response	3	5037871	935	4
23509	334	Nothing	90	5065059	0	1			0		other	0
23509	334	Port Input	2	5072387	7328	4
23509	334	Response	3	5072387	7328	4
23509	334	Port Input	2	5073723	8663	4
23509	334	Response	3	5073723	8663	4
23509	335	Nothing	90	5083971	0	1			0		other	0
23509	335	Port Input	2	5100564	16592	4
23509	335	Response	3	5100564	16592	4
23509	336	Nothing	90	5131365	0	1			0		other	0
23509	337	Sound	21	5161027	0	1			0		hit	917
23509	337	Port Input	2	5162428	1401	4
23509	337	Response	3	5162428	1401	4
23509	338	Nothing	6	5163390	0	1			0		other	0
23509	338	Port Input	2	5163762	371	5
23509	338	Response	3	5163762	371	5
23509	340	Nothing	90	5194707	0	1			0		other	0
23509	340	Port Input	2	5211614	16907	4
23509	340	Response	3	5211614	16907	4
23509	341	Nothing	90	5224454	0	1			0		other	0
23509	342	Sound	21	5264831	0	1			0		hit	927
23509	342	Port Input	2	5265966	1136	4
23509	342	Response	3	5265966	1136	4
23509	343	Nothing	76	5266964	0	0			0		other	0
23509	345	Nothing	90	5297789	0	1			0		other	0
23509	346	Sound	21	5344433	0	1			0		hit	932
23509	346	Port Input	2	5349832	5399	4
23509	346	Response	3	5349832	5399	4
23509	347	Nothing	6	5350802	0	1			0		other	0
23509	349	Nothing	90	5381541	0	0			0		other	0
23509	350	Sound	21	5396735	0	1			0		miss	0
23509	351	Nothing	8	5416952	0	1			0		other	0
23509	353	Nothing	90	5447699	0	1			0		other	0
23509	353	Port Input	2	5454539	6840	4
23509	353	Response	3	5454539	6840	4
23509	354	Nothing	90	5463961	0	0			0		other	0
23509	355	Sound	21	5494938	0	1			0		hit	943
23509	355	Port Input	2	5496049	1111	4
23509	355	Response	3	5496049	1111	4
23509	356	Nothing	1003	5496844	0	1			0		other	0
23509	357	Nothing	63	5496951	0	0			0		other	0
23509	358	Nothing	86	5497058	0	1			0		other	0
23509	360	Nothing	90	5527776	0	1			0		other	0
23509	361	Sound	21	5549940	0	1			0		hit	950
23509	361	Port Input	2	5552411	2471	4
23509	361	Response	3	5552411	2471	4
23509	362	Nothing	1003	5553237	0	0			0		other	0
23509	363	Nothing	63	5553344	0	1			0		other	0
23509	364	Nothing	86	5553452	0	1			0		other	0
23509	366	Nothing	90	5584027	0	1			0		other	0
23509	367	Sound	21	5611442	0	1			0		hit	957
23509	367	Port Input	2	5612651	1209	4
23509	367	Response	3	5612651	1209	4
23509	368	Nothing	76	5613652	0	1			0		other	0
23509	368	Port Input	2	5613931	279	4
23509	368	Response	3	5613931	279	4
23509	370	Nothing	90	5644375	0	1			0		other	0
23509	371	Sound	21	5671544	0	1			0		hit	964
23509	371	Port Input	2	5673606	2062	4
23509	371	Response	3	5673606	2062	4
23509	372	Nothing	6	5674431	0	1			0		other	0
23509	372	Port Input	2	5674939	508	4
23509	372	Response	3	5674939	508	4
23509	374	Nothing	90	5705190	0	0			0		other	0
23509	375	Sound	21	5722346	0	1			0		miss	0
23509	376	Nothing	8	5742538	0	1			0		other	0
23509	376	Port Input	2	5770976	28438	4
23509	376	Response	3	5770976	28438	4
23509	378	Nothing	90	5773267	0	0			0		other	0
23509	378	Port Input	2	5793341	20074	4
23509	378	Response	3	5793341	20074	4
23509	379	Nothing	90	5812552	0	1			0		other	0
23509	379	Port Input	2	5829995	17443	4
23509	379	Response	3	5829995	17443	4
23509	380	Nothing	90	5843720	0	0			0		other	0
23509	380	Port Input	2	5861851	18131	4
23509	380	Response	3	5861851	18131	4
23509	381	Nothing	90	5879783	0	1			0		other	0
23509	382	Sound	21	5909452	0	1			0		miss	0
23509	383	Nothing	8	5929646	0	0			0		other	0
23509	383	Port Input	2	5955395	25749	4
23509	383	Response	3	5955395	25749	4
23509	385	Nothing	90	5960379	0	1			0		other	0
23509	386	Sound	21	5973554	0	1			0		hit	990
23509	386	Port Input	2	5977249	3695	4
23509	386	Response	3	5977249	3695	4
23509	387	Nothing	6	5978381	0	0			0		other	0
23509	387	Port Input	2	6004912	26531	4
23509	387	Response	3	6004912	26531	4
23509	389	Nothing	90	6009306	0	0			0		other	0
23509	390	Sound	21	6025956	0	1			0		miss	0
23509	391	Nothing	8	6046147	0	0			0		other	0
23509	393	Nothing	90	6076884	0	1			0		other	0
23509	394	Sound	21	6090458	0	1			0		miss	0
23509	395	Nothing	8	6110677	0	1			0		other	0
23509	397	Nothing	90	6141421	0	1			0		other	0
23509	398	Sound	21	6158660	0	1			0		miss	0
23509	399	Nothing	8	6178868	0	1			0		other	0
23509	401	Nothing	90	6209621	0	1			0		other	0
23509	402	Sound	21	6221062	0	1			0		hit	1006
23509	402	Port Input	2	6222482	1420	4
23509	402	Response	3	6222482	1420	4
23509	403	Nothing	6	6223497	0	1			0		other	0
23509	405	Nothing	90	6254411	0	1			0		other	0
23509	406	Sound	21	6290365	0	1			0		miss	0
23509	407	Nothing	8	6310568	0	1			0		other	0
23509	407	Port Input	2	6335363	24795	4
23509	407	Response	3	6335363	24795	4
23509	409	Nothing	90	6341309	0	1			0		other	0
23509	410	Sound	21	6352567	0	1			0		hit	1016
23509	410	Port Input	2	6357398	4831	4
23509	410	Response	3	6357398	4831	4
23509	411	Nothing	6	6358441	0	1			0		other	0
23509	413	Nothing	90	6389359	0	0			0		other	0
23509	414	Sound	21	6420569	0	1			0		miss	0
23509	415	Nothing	8	6440759	0	1			0		other	0
23509	417	Nothing	90	6471527	0	1			0		other	0
23509	418	Sound	21	6516372	0	1			0		miss	0
23509	419	Nothing	8	6536577	0	1			0		other	0
23509	421	Nothing	90	6567326	0	0			0		other	0
23509	422	Sound	21	6583574	0	1			0		hit	1027
23509	422	Port Input	2	6584599	1024	4
23509	422	Response	3	6584599	1024	4
23509	423	Nothing	6	6585649	0	1			0		other	0
23509	425	Nothing	90	6616568	0	1			0		other	0
23509	426	Sound	21	6637776	0	1			0		miss	0
23509	427	Nothing	8	6658111	0	1			0		other	0
23509	429	Nothing	90	6688883	0	1			0		other	0
23509	430	Sound	21	6703278	0	1			0		miss	0
23509	431	Nothing	8	6723471	0	1			0		other	0
23509	433	Nothing	90	6754237	0	1			0		other	0
23509	433	Port Input	2	6759470	5233	4
23509	433	Response	3	6759470	5233	4
23509	434	Nothing	90	6802427	0	1			0		other	0
23509	435	Sound	21	6819982	0	1			0		hit	1041
23509	435	Port Input	2	6824854	4872	5
23509	435	Response	3	6824854	4872	5
23509	436	Nothing	1003	6825693	0	0			0		other	0
23509	437	Nothing	63	6825801	0	1			0		other	0
23509	438	Nothing	96	6825923	0	1			0		other	0
23509	440	Nothing	90	6857014	0	1			0		other	0
23509	441	Sound	21	6871484	0	1			0		miss	0
23509	442	Nothing	8	6891686	0	1			0		other	0
23509	444	Nothing	90	6922429	0	1			0		other	0
23509	445	Sound	21	6971487	0	1			0		miss	0
23509	446	Nothing	8	6991679	0	1			0		other	0
23509	448	Nothing	90	7022431	0	1			0		other	0
23509	449	Sound	21	7071390	0	1			0		hit	1054
23509	449	Port Input	2	7075541	4151	4
23509	449	Response	3	7075541	4151	4
23509	450	Nothing	76	7076689	0	1			0		other	0
23509	452	Nothing	90	7107657	0	1			0		other	0
23509	453	Sound	21	7145193	0	1			0		hit	1059
23509	453	Port Input	2	7146117	924	4
23509	453	Response	3	7146117	924	4
23509	454	Nothing	1003	7146982	0	1			0		other	0
23509	455	Nothing	63	7147090	0	1			0		other	0
23509	456	Nothing	96	7147211	0	1			0		other	0
23509	456	Port Input	2	7147627	416	4
23509	456	Response	3	7147627	416	4
23509	458	Nothing	90	7178152	0	1			0		other	0
23509	459	Sound	21	7193294	0	1			0		miss	0
23509	460	Nothing	8	7213489	0	1			0		other	0
23509	462	Nothing	90	7244229	0	0			0		other	0
23509	462	Port Input	2	7250856	6627	4
23509	462	Response	3	7250856	6627	4
23509	463	Nothing	90	7260420	0	1			0		other	0
23509	464	Sound	21	7274697	0	1			0		miss	0
23509	465	Nothing	8	7294889	0	1			0		other	0
23509	467	Nothing	90	7325656	0	1			0		other	0
23509	468	Sound	21	7338199	0	1			0		hit	1077
23509	468	Port Input	2	7339560	1361	4
23509	468	Response	3	7339560	1361	4
23509	469	Nothing	1003	7340440	0	1			0		other	0
23509	470	Nothing	63	7340549	0	1			0		other	0
23509	471	Nothing	96	7340670	0	1			0		other	0
23509	473	Nothing	90	7371777	0	1			0		other	0
23509	474	Sound	21	7401601	0	1			0		miss	0
23509	475	Nothing	8	7421794	0	1			0		other	0
23509	477	Nothing	90	7452565	0	1			0		other	0
23509	478	Sound	21	7471304	0	1			0		hit	1087
23509	478	Port Input	2	7475793	4490	4
23509	478	Response	3	7475793	4490	4
23509	479	Nothing	1003	7476667	0	0			0		other	0
23509	480	Nothing	63	7476775	0	1			0		other	0
23509	481	Nothing	86	7476883	0	1			0		other	0
23509	483	Nothing	90	7507643	0	0			0		other	0
23509	484	Sound	21	7548106	0	1			0		hit	1094
23509	484	Port Input	2	7549443	1336	4
23509	484	Response	3	7549443	1336	4
23509	485	Nothing	76	7550525	0	1			0		other	0
23509	487	Nothing	90	7581400	0	1			0		other	0
23509	488	Sound	21	7593008	0	1			0		hit	1099
23509	488	Port Input	2	7595682	2674	4
23509	488	Response	3	7595682	2674	4
23509	489	Nothing	76	7596689	0	1			0		other	0
23509	491	Nothing	90	7627426	0	0			0		other	0
23509	492	Sound	21	7653510	0	1			0		hit	1104
23509	492	Port Input	2	7654514	1004	4
23509	492	Response	3	7654514	1004	4
23509	493	Nothing	1003	7655426	0	1			0		other	0
23509	494	Nothing	63	7655533	0	1			0		other	0
23509	495	Nothing	96	7655656	0	1			0		other	0
23509	495	Port Input	2	7656037	381	4
23509	495	Response	3	7656037	381	4
23509	497	Nothing	90	7686581	0	0			0		other	0
23509	498	Sound	21	7710311	0	1			0		miss	0
23509	499	Nothing	8	7730506	0	0			0		other	0
23509	499	Port Input	2	7759233	28727	4
23509	499	Response	3	7759233	28727	4
23509	501	Nothing	90	7761278	0	1			0		other	0
23509	502	Sound	21	7785014	0	1			0		hit	1118
23509	502	Port Input	2	7787250	2236	5
23509	502	Response	3	7787250	2236	5
23509	503	Nothing	6	7788186	0	1			0		other	0
23509	505	Nothing	90	7819105	0	1			0		other	0
23509	506	Sound	21	7830715	0	1			0		miss	0
23509	507	Nothing	8	7850931	0	0			0		other	0
23509	509	Nothing	90	7881694	0	1			0		other	0
23509	510	Sound	21	7904318	0	1			0		miss	0
23509	511	Nothing	8	7924508	0	1			0		other	0
23509	513	Nothing	90	7955284	0	1			0		other	0
23509	513	Port Input	2	7965299	10015	5
23509	513	Response	3	7965299	10015	5
23509	514	Nothing	90	7979393	0	1			0		other	0
23509	515	Sound	21	7996021	0	1			0		miss	0
23509	516	Nothing	8	8016212	0	0			0		other	0
23509	518	Nothing	90	8046961	0	1			0		other	0
23509	519	Sound	21	8060023	0	1			0		miss	0
23509	520	Nothing	8	8080212	0	1			0		other	0
23509	522	Nothing	90	8110984	0	1			0		other	0
23509	522	Port Input	2	8129652	18668	4
23509	522	Response	3	8129652	18668	4
23509	523	Nothing	90	8133697	0	1			0		other	0
23509	524	Sound	21	8145726	0	1			0		hit	1141
23509	524	Port Input	2	8148817	3092	4
23509	524	Response	3	8148817	3092	4
23509	525	Nothing	6	8149926	0	1			0		other	0
23509	525	Port Input	2	8150317	392	4
23509	525	Response	3	8150317	392	4
23509	525	Port Input	2	8150321	396	5
23509	527	Nothing	90	8180856	0	1			0		other	0
23509	528	Sound	21	8193727	0	1			0		miss	0
23509	529	Nothing	8	8213925	0	1			0		other	0
23509	531	Nothing	90	8244683	0	1			0		other	0
23509	532	Sound	21	8259630	0	1			0		hit	1152
23509	532	Port Input	2	8260823	1193	4
23509	532	Response	3	8260823	1193	4
23509	533	Nothing	6	8261938	0	1			0		other	0
23509	535	Nothing	90	8292900	0	0			0		other	0
23509	536	Sound	21	8316131	0	1			0		miss	0
23509	537	Nothing	8	8336327	0	1			0		other	0
23509	539	Nothing	90	8367096	0	1			0		other	0
23509	540	Sound	21	8379734	0	1			0		miss	0
23509	541	Nothing	8	8399928	0	1			0		other	0
23509	543	Nothing	90	8430693	0	1			0		other	0
23509	544	Sound	21	8454136	0	1			0		miss	0
23509	545	Nothing	8	8474341	0	1			0		other	0
23509	547	Nothing	90	8505101	0	1			0		other	0
23509	548	Sound	21	8522338	0	1			0		miss	0
23509	549	Nothing	8	8542541	0	1			0		other	0
23509	549	Port Input	2	8558035	15495	4
23509	549	Response	3	8558035	15495	4
23509	551	Nothing	90	8573320	0	1			0		other	0
23509	552	Sound	21	8589340	0	1			0		hit	1171
23509	552	Port Input	2	8591207	1867	4
23509	552	Response	3	8591207	1867	4
23509	553	Nothing	1003	8591967	0	1			0		other	0
23509	554	Nothing	63	8592076	0	1			0		other	0
23509	555	Nothing	86	8592182	0	0			0		other	0
23509	557	Nothing	90	8622947	0	0			0		other	0
23509	557	Port Input	2	8626556	3608	4
23509	557	Response	3	8626556	3608	4
23509	557	Port Input	2	8657215	34268	4
23509	557	Response	3	8657215	34268	4
23509	558	Nothing	90	8664715	0	1			0		other	0
23509	559	Sound	21	8692344	0	1			0		hit	1183
23509	559	Port Input	2	8693385	1041	6
23509	559	Response	3	8693385	1041	6
23509	560	Nothing	1003	8694401	0	1			0		other	0
23509	561	Nothing	63	8694511	0	1			0		other	0
23509	562	Nothing	96	8694632	0	1			0		other	0
23509	564	Nothing	90	8725577	0	1			0		other	0
23509	565	Sound	21	8751946	0	1			0		miss	0
23509	566	Nothing	8	8772145	0	1			0		other	0
23509	566	Port Input	2	8799007	26862	4
23509	566	Response	3	8799007	26862	4
23509	568	Nothing	90	8802930	0	1			0		other	0
23509	569	Sound	21	8819848	0	1			0		miss	0
23509	570	Nothing	8	8840047	0	1			0		other	0
23509	572	Nothing	90	8870814	0	1			0		other	0
23509	572	Port Input	2	8881312	10499	4
23509	572	Response	3	8881312	10499	4
23509	573	Nothing	90	8891411	0	0			0		other	0
23509	574	Sound	21	8933652	0	1			0		hit	1201
23509	574	Port Input	2	8938464	4812	4
23509	574	Response	3	8938464	4812	4
23509	575	Nothing	6	8939610	0	1			0		other	0
23509	577	Nothing	90	8970571	0	1			0		other	0
23509	578	Sound	21	8990954	0	1			0		miss	0
23509	579	Nothing	8	9011167	0	0			0		other	0
23509	581	Nothing	90	9041910	0	1			0		other	0
23509	582	Sound	21	9062556	0	1			0		miss	0
23509	583	Nothing	8	9082768	0	0			0		other	0
23509	585	Nothing	90	9113501	0	1			0		other	0
23509	586	Sound	21	9132958	0	1			0		miss	0
23509	587	Nothing	8	9153149	0	0			0		other	0
23509	587	Port Input	2	9157592	4443	5
23509	587	Response	3	9157592	4443	5
23509	589	Nothing	90	9183880	0	1			0		other	0
23509	590	Sound	21	9226662	0	1			0		hit	1217
23509	590	Port Input	2	9227885	1223	4
23509	590	Response	3	9227885	1223	4
23509	591	Nothing	6	9229114	0	1			0		other	0
23509	591	Port Input	2	9229427	312	4
23509	591	Response	3	9229427	312	4
23509	593	Nothing	90	9260177	0	1			0		other	0
23509	594	Sound	21	9281163	0	1			0		miss	0
23509	595	Nothing	8	9301354	0	1			0		other	0
23509	597	Nothing	90	9332096	0	0			0		other	0
23509	597	Port Input	2	9348422	16326	4
23509	597	Response	3	9348422	16326	4
23509	598	Nothing	90	9373236	0	1			0		other	0
23509	599	Sound	21	9405467	0	1			0		hit	1230
23509	599	Port Input	2	9408257	2790	4
23509	599	Response	3	9408257	2790	4
23509	600	Nothing	76	9409474	0	1			0		other	0
23509	602	Nothing	90	9440360	0	1			0		other	0
23509	603	Sound	21	9454469	0	1			0		hit	1235
23509	603	Port Input	2	9459074	4605	4
23509	603	Response	3	9459074	4605	4
23509	604	Nothing	6	9460381	0	0			0		other	0
23509	606	Nothing	90	9491105	0	1			0		other	0
23509	607	Sound	21	9505971	0	1			0		miss	0
23509	608	Nothing	8	9526161	0	1			0		other	0
23509	610	Nothing	90	9556904	0	1			0		other	0
23509	610	Port Input	2	9584782	27878	5
23509	610	Response	3	9584782	27878	5
23509	611	Nothing	90	9585954	0	1			0		other	0
23509	612	Sound	21	9607974	0	1			0		miss	0
23509	613	Nothing	8	9628164	0	1			0		other	0
23509	615	Nothing	90	9658904	0	1			0		other	0
23509	615	Port Input	2	9661106	2201	5
23509	615	Response	3	9661106	2201	5
23509	616	Nothing	90	9702934	0	0			0		other	0
23509	616	Port Input	2	9706935	4001	5
23509	616	Response	3	9706935	4001	5
23509	617	Nothing	90	9736577	0	0			0		other	0
23509	618	Sound	21	9747179	0	1			0		miss	0
23509	619	Nothing	8	9767371	0	1			0		other	0
23509	621	Nothing	90	9798105	0	1			0		other	0
23509	622	Sound	21	9818381	0	1			0		miss	0
23509	623	Nothing	8	9838702	0	1			0		other	0
23509	625	Nothing	90	9869512	0	1			0		other	0
23509	626	Sound	21	9902684	0	1			0		miss	0
23509	627	Nothing	8	9922878	0	1			0		other	0
23509	629	Nothing	90	9953669	0	1			0		other	0
23509	630	Sound	21	9977386	0	1			0		hit	1264
23509	630	Port Input	2	9981149	3762	4
23509	630	Response	3	9981149	3762	4
23509	631	Nothing	1003	9982130	0	1			0		other	0
23509	632	Nothing	63	9982240	0	0			0		other	0
23509	633	Nothing	86	9982347	0	1			0		other	0
23509	635	Nothing	90	10013110	0	1			0		other	0
23509	635	Port Input	2	10028831	15721	4
23509	635	Response	3	10028831	15721	4
23509	635	Port Input	2	10030311	17201	4
23509	635	Response	3	10030311	17201	4
23509	636	Nothing	90	10044595	0	1			0		other	0
23509	637	Sound	21	10078590	0	1			0		miss	0
23509	638	Nothing	8	10098781	0	1			0		other	0
23509	640	Nothing	90	10129575	0	1			0		other	0
23509	641	Sound	21	10164992	0	1			0		hit	1279
23509	641	Port Input	2	10167269	2277	8
23509	641	Response	3	10167269	2277	8
23509	642	Nothing	6	10168283	0	1			0		other	0
23509	642	Port Input	2	10168543	260	4
23509	642	Response	3	10168543	260	4
23509	642	Port Input	2	10169927	1644	4
23509	642	Response	3	10169927	1644	4
23509	642	Port Input	2	10171095	2813	4
23509	642	Response	3	10171095	2813	4
23509	642	Port Input	2	10172262	3979	4
23509	642	Response	3	10172262	3979	4
23509	644	Nothing	90	10199256	0	1			0		other	0
23509	645	Sound	21	10212894	0	1			0		hit	1292
23509	645	Port Input	2	10215141	2247	4
23509	645	Response	3	10215141	2247	4
23509	646	Nothing	6	10216131	0	1			0		other	0
23509	648	Nothing	90	10246889	0	1			0		other	0
23509	649	Sound	21	10259896	0	1			0		miss	0
23509	650	Nothing	8	10280106	0	1			0		other	0
23509	652	Nothing	90	10310924	0	1			0		other	0
23509	653	Sound	21	10326398	0	1			0		miss	0
23509	654	Nothing	8	10346593	0	1			0		other	0
23509	656	Nothing	90	10377384	0	1			0		other	0
23509	656	Port Input	2	10393484	16101	4
23509	656	Response	3	10393484	16101	4
23509	657	Nothing	90	10422867	0	1			0		other	0
23509	658	Sound	21	10449302	0	1			0		hit	1306
23509	658	Port Input	2	10452959	3657	4
23509	658	Response	3	10452959	3657	4
23509	659	Nothing	6	10454144	0	1			0		other	0
23509	661	Nothing	90	10485140	0	1			0		other	0
23509	662	Sound	21	10502804	0	1			0		miss	0
23509	663	Nothing	8	10523031	0	1			0		other	0
23509	665	Nothing	90	10553838	0	0			0		other	0
23509	666	Sound	21	10581906	0	1			0		hit	1314
23509	666	Port Input	2	10583235	1329	4
23509	666	Response	3	10583235	1329	4
23509	667	Nothing	6	10584478	0	1			0		other	0
23509	669	Nothing	90	10615420	0	1			0		other	0
23509	670	Sound	21	10640108	0	1			0		miss	0
23509	671	Nothing	8	10660318	0	1			0		other	0
23509	673	Nothing	90	10691128	0	1			0		other	0
23509	674	Sound	21	10701710	0	1			0		miss	0
23509	675	Nothing	8	10721925	0	1			0		other	0
23509	677	Nothing	90	10752731	0	1			0		other	0
23509	678	Sound	21	10771312	0	1			0		hit	1325
23509	678	Port Input	2	10774814	3502	5
23509	678	Response	3	10774814	3502	5
23509	679	Nothing	76	10776046	0	1			0		other	0
23509	681	Nothing	90	10807031	0	0			0		other	0
23509	682	Sound	21	10833615	0	1			0		hit	1330
23509	682	Port Input	2	10837165	3550	4
23509	682	Response	3	10837165	3550	4
23509	683	Nothing	1003	10838206	0	1			0		other	0
23509	684	Nothing	63	10838315	0	0			0		other	0
23509	685	Nothing	86	10838422	0	1			0		other	0
23509	687	Nothing	90	10869007	0	1			0		other	0
23509	688	Sound	21	10896317	0	1			0		hit	1337
23509	688	Port Input	2	10901995	5678	4
23509	688	Response	3	10901995	5678	4
23509	689	Nothing	76	10903278	0	1			0		other	0
23509	691	Nothing	90	10934073	0	1			0		other	0
23509	691	Port Input	2	10956830	22757	4
23509	691	Response	3	10956830	22757	4
23509	692	Nothing	90	10967383	0	1			0		other	0
23509	693	Sound	21	10983819	0	1			0		hit	1345
23509	693	Port Input	2	10987217	3397	4
23509	693	Response	3	10987217	3397	4
23509	694	Nothing	76	10988432	0	1			0		other	0
23509	696	Nothing	90	11019234	0	1			0		other	0
23509	697	Sound	21	11044221	0	1			0		hit	1350
23509	697	Port Input	2	11049236	5014	9
23509	697	Response	3	11049236	5014	9
23509	698	Nothing	1003	11050299	0	1			0		other	0
23509	699	Nothing	63	11050407	0	0			0		other	0
23509	700	Nothing	96	11050533	0	1			0		other	0
23509	702	Nothing	90	11081501	0	0			0		other	0
23509	703	Sound	21	11104023	0	1			0		miss	0
23509	704	Nothing	8	11124247	0	1			0		other	0
23509	706	Nothing	90	11155053	0	1			0		other	0
23509	707	Sound	21	11171826	0	1			0		hit	1360
23509	707	Port Input	2	11176789	4963	4
23509	707	Response	3	11176789	4963	4
23509	708	Nothing	1003	11177876	0	1			0		other	0
23509	709	Nothing	63	11177983	0	1			0		other	0
23509	710	Nothing	86	11178090	0	1			0		other	0
23509	712	Nothing	90	11208877	0	1			0		other	0
23509	713	Sound	21	11239928	0	1			0		hit	1367
23509	713	Port Input	2	11241966	2038	4
23509	713	Response	3	11241966	2038	4
23509	714	Nothing	1003	11243058	0	1			0		other	0
23509	715	Nothing	63	11243168	0	0			0		other	0
23509	716	Nothing	96	11243289	0	1			0		other	0
23509	718	Nothing	90	11274289	0	1			0		other	0
23509	719	Sound	21	11300230	0	1			0		miss	0
23509	720	Nothing	8	11320422	0	0			0		other	0
23509	722	Nothing	90	11351222	0	0			0		other	0
23509	723	Sound	21	11367832	0	1			0		hit	1377
23509	723	Port Input	2	11371499	3667	4
23509	723	Response	3	11371499	3667	4
23509	724	Nothing	6	11372764	0	1			0		other	0
23509	726	Nothing	90	11403730	0	1			0		other	0
23509	727	Sound	21	11433234	0	1			0		miss	0
23509	728	Nothing	8	11453430	0	1			0		other	0
23509	730	Nothing	90	11484239	0	0			0		other	0
23509	731	Sound	21	11504037	0	1			0		hit	1385
23509	731	Port Input	2	11506702	2665	4
23509	731	Response	3	11506702	2665	4
23509	732	Nothing	1003	11507581	0	1			0		other	0
23509	733	Nothing	63	11507693	0	1			0		other	0
23509	734	Nothing	96	11507813	0	1			0		other	0
23509	736	Nothing	90	11538953	0	1			0		other	0
23509	737	Sound	21	11550638	0	1			0		miss	0
23509	738	Nothing	8	11570840	0	1			0		other	0
23509	740	Nothing	90	11601651	0	1			0		other	0
23509	741	Sound	21	11614440	0	1			0		miss	0
23509	742	Nothing	8	11634632	0	0			0		other	0
23509	744	Nothing	90	11665445	0	1			0		other	0
23509	745	Sound	21	11680943	0	1			0		hit	1398
23509	745	Port Input	2	11683060	2117	4
23509	745	Response	3	11683060	2117	4
23509	746	Nothing	76	11684152	0	1			0		other	0
23509	748	Nothing	90	11715096	0	0			0		other	0
23509	749	Sound	21	11751045	0	1			0		hit	1403
23509	749	Port Input	2	11754401	3357	4
23509	749	Response	3	11754401	3357	4
23509	750	Nothing	1003	11755495	0	1			0		other	0
23509	751	Nothing	63	11755602	0	1			0		other	0
23509	752	Nothing	96	11755723	0	1			0		other	0
23509	754	Nothing	90	11786670	0	1			0		other	0
23509	755	Sound	21	11832748	0	1			0		hit	1410
23509	755	Port Input	2	11835936	3189	4
23509	755	Response	3	11835936	3189	4
23509	756	Nothing	1003	11837028	0	1			0		other	0
23509	757	Nothing	63	11837136	0	1			0		other	0
23509	758	Nothing	96	11837257	0	1			0		other	0
23509	760	Nothing	90	11868243	0	1			0		other	0
23509	761	Sound	21	11903050	0	1			0		miss	0
23509	762	Nothing	8	11923251	0	1			0		other	0
23509	764	Nothing	90	11954046	0	1			0		other	0
23509	765	Sound	21	11971252	0	1			0		miss	0
23509	766	Nothing	8	11991446	0	1			0		other	0
23509	768	Nothing	90	12022256	0	1			0		other	0
23509	769	Sound	21	12033354	0	1			0		hit	1423
23509	769	Port Input	2	12046017	12663	4
23509	769	Response	3	12046017	12663	4
23509	770	Nothing	76	12047314	0	1			0		other	0
23509	772	Nothing	90	12078280	0	1			0		other	0
23509	773	Sound	21	12112857	0	1			0		hit	1428
23509	773	Port Input	2	12115548	2691	4
23509	773	Response	3	12115548	2691	4
23509	774	Nothing	6	12116668	0	1			0		other	0
23509	776	Nothing	90	12147458	0	1			0		other	0
23509	777	Sound	21	12163858	0	1			0		miss	0
23509	778	Nothing	8	12184077	0	1			0		other	0
23509	780	Nothing	90	12214901	0	1			0		other	0
23509	781	Sound	21	12230061	0	1			0		miss	0
23509	782	Nothing	8	12250256	0	0			0		other	0
23509	782	Port Input	2	12257096	6840	4
23509	782	Response	3	12257096	6840	4
23509	784	Nothing	90	12281160	0	1			0		other	0
23509	785	Sound	21	12299863	0	1			0		hit	1441
23509	785	Port Input	2	12302781	2918	4
23509	785	Response	3	12302781	2918	4
23509	786	Nothing	1003	12303900	0	0			0		other	0
23509	787	Nothing	63	12304015	0	0			0		other	0
23509	788	Nothing	86	12304124	0	1			0		other	0
23509	790	Nothing	90	12334934	0	1			0		other	0
23509	791	Sound	21	12375765	0	1			0		miss	0
23509	792	Nothing	8	12395956	0	1			0		other	0
23509	792	Port Input	2	12424961	29005	4
23509	792	Response	3	12424961	29005	4
23509	794	Nothing	90	12426764	0	1			0		other	0
23509	795	Sound	21	12442368	0	1			0		hit	1453
23509	795	Port Input	2	12446470	4103	4
23509	795	Response	3	12446470	4103	4
23509	796	Nothing	6	12447813	0	1			0		other	0
23509	796	Port Input	2	12448011	198	4
23509	796	Response	3	12448011	198	4
23509	798	Nothing	90	12478769	0	0			0		other	0
23509	799	Sound	21	12493669	0	1			0		miss	0
23509	800	Nothing	8	12513860	0	0			0		other	0
23509	802	Nothing	90	12544652	0	1			0		other	0
23509	803	Sound	21	12562772	0	1			0		hit	1463
23509	803	Port Input	2	12565884	3112	5
23509	803	Response	3	12565884	3112	5
23509	804	Nothing	76	12567204	0	1			0		other	0
23509	806	Nothing	90	12598175	0	1			0		other	0
23509	806	Port Input	2	12607733	9558	4
23509	806	Response	3	12607733	9558	4
23509	806	Port Input	2	12607904	9729	4
23509	807	Nothing	90	12634231	0	1			0		other	0
23509	808	Sound	21	12663275	0	1			0		hit	1472
23509	808	Port Input	2	12666591	3316	4
23509	808	Response	3	12666591	3316	4
23509	809	Nothing	6	12667967	0	1			0		other	0
23509	811	Nothing	90	12698781	0	1			0		other	0
23509	812	Sound	21	12719777	0	1			0		miss	0
23509	813	Nothing	8	12739968	0	1			0		other	0
23509	813	Port Input	2	12755785	15817	4
23509	813	Response	3	12755785	15817	4
23509	815	Nothing	90	12770779	0	1			0		other	0
23509	816	Sound	21	12814880	0	1			0		hit	1482
23509	816	Port Input	2	12817843	2963	4
23509	816	Response	3	12817843	2963	4
23509	817	Nothing	1003	12818818	0	1			0		other	0
23509	818	Nothing	63	12818927	0	1			0		other	0
23509	819	Nothing	96	12819047	0	1			0		other	0
23509	821	Nothing	90	12850205	0	1			0		other	0
23509	822	Sound	21	12869982	0	1			0		miss	0
23509	823	Nothing	8	12890203	0	1			0		other	0
23509	825	Nothing	90	12921032	0	1			0		other	0
23509	826	Sound	21	12934184	0	1			0		miss	0
23509	827	Nothing	8	12954393	0	1			0		other	0
23509	829	Nothing	90	12985228	0	1			0		other	0
23509	829	Port Input	2	13020742	35515	4
23509	829	Response	3	13020742	35515	4
23509	830	Nothing	90	13021526	0	1			0		other	0
23509	831	Sound	21	13033387	0	1			0		miss	0
23509	832	Nothing	8	13053585	0	1			0		other	0
23509	834	Nothing	90	13084374	0	1			0		other	0
23509	834	Port Input	2	13101448	17074	4
23509	834	Response	3	13101448	17074	4
23509	835	Nothing	90	13114064	0	1			0		other	0
23509	835	Port Input	2	13140991	26927	4
23509	835	Response	3	13140991	26927	4
23509	836	Nothing	90	13144886	0	0			0		other	0
23509	837	Sound	21	13164391	0	1			0		hit	1507
23509	837	Port Input	2	13166824	2433	4
23509	837	Response	3	13166824	2433	4
23509	838	Nothing	1003	13167798	0	1			0		other	0
23509	839	Nothing	63	13167906	0	1			0		other	0
23509	840	Nothing	86	13168012	0	1			0		other	0
23509	842	Nothing	90	13198800	0	1			0		other	0
23509	842	Port Input	2	13210948	12148	4
23509	842	Response	3	13210948	12148	4
23509	843	Nothing	90	13213052	0	1			0		other	0
23509	844	Sound	21	13244494	0	1			0		hit	1517
23509	844	Port Input	2	13245789	1295	4
23509	844	Response	3	13245789	1295	4
23509	845	Nothing	6	13247156	0	1			0		other	0
23509	845	Port Input	2	13247298	142	4
23509	845	Response	3	13247298	142	4
23509	847	Nothing	90	13277980	0	0			0		other	0
23509	848	Sound	21	13295996	0	1			0		miss	0
23509	849	Nothing	8	13316218	0	1			0		other	0
23509	849	Port Input	2	13328620	12403	5
23509	849	Response	3	13328620	12403	5
23509	851	Nothing	90	13347042	0	1			0		other	0
23509	852	Sound	21	13370798	0	1			0		hit	1529
23509	852	Port Input	2	13373455	2657	4
23509	852	Response	3	13373455	2657	4
23509	853	Nothing	6	13374650	0	1			0		other	0
23509	855	Nothing	90	13405843	0	1			0		other	0
23509	856	Sound	21	13427100	0	1			0		miss	0
23509	857	Nothing	8	13447293	0	0			0		other	0
23509	859	Nothing	90	13478083	0	1			0		other	0
23509	859	Port Input	2	13497802	19720	4
23509	859	Response	3	13497802	19720	4
23509	860	Nothing	90	13527928	0	1			0		other	0
23509	861	Sound	21	13543104	0	1			0		hit	1540
23509	861	Port Input	2	13546138	3035	4
23509	861	Response	3	13546138	3035	4
23509	862	Nothing	76	13547519	0	0			0		other	0
23509	864	Nothing	90	13578504	0	0			0		other	0
23509	865	Sound	21	13595506	0	1			0		hit	1545
23509	865	Port Input	2	13597324	1818	5
23509	865	Response	3	13597324	1818	5
23509	866	Nothing	1003	13598549	0	1			0		other	0
23509	867	Nothing	63	13598658	0	1			0		other	0
23509	868	Nothing	96	13598780	0	1			0		other	0
23509	870	Nothing	90	13629752	0	0			0		other	0
23509	871	Sound	21	13677508	0	1			0		miss	0
23509	872	Nothing	8	13697701	0	1			0		other	0
23509	874	Nothing	90	13728523	0	0			0		other	0
23509	875	Sound	21	13749811	0	1			0		miss	0
23509	876	Nothing	8	13770007	0	1			0		other	0
23509	878	Nothing	90	13800834	0	0			0		other	0
23509	879	Sound	21	13814213	0	1			0		hit	1558
23509	879	Port Input	2	13816861	2648	4
23509	879	Response	3	13816861	2648	4
23509	880	Nothing	76	13818045	0	0			0		other	0
23509	882	Nothing	90	13849017	0	1			0		other	0
23509	883	Sound	21	13869315	0	1			0		hit	1563
23509	883	Port Input	2	13872876	3562	4
23509	883	Response	3	13872876	3562	4
23509	884	Nothing	1003	13874086	0	1			0		other	0
23509	885	Nothing	63	13874193	0	0			0		other	0
23509	886	Nothing	86	13874302	0	1			0		other	0
23509	888	Nothing	90	13904899	0	1			0		other	0
23509	889	Sound	21	13932017	0	1			0		miss	0
23509	890	Nothing	8	13952209	0	1			0		other	0
23509	890	Port Input	2	13968340	16131	4
23509	890	Response	3	13968340	16131	4
23509	890	Port Input	2	13971554	19345	4
23509	890	Response	3	13971554	19345	4
23509	892	Nothing	90	13983004	0	1			0		other	0
23509	893	Sound	21	14012319	0	1			0		hit	1577
23509	893	Port Input	2	14015748	3428	4
23509	893	Response	3	14015748	3428	4
23509	894	Nothing	76	14017157	0	1			0		other	0
23509	894	Port Input	2	14017398	241	4
23509	894	Response	3	14017398	241	4
23509	896	Nothing	90	14048130	0	0			0		other	0
23509	897	Sound	21	14090522	0	1			0		hit	1584
23509	897	Port Input	2	14093209	2687	4
23509	897	Response	3	14093209	2687	4
23509	898	Nothing	6	14094423	0	1			0		other	0
23509	898	Port Input	2	14094907	484	4
23509	898	Response	3	14094907	484	4
23509	900	Nothing	90	14125213	0	1			0		other	0
23509	901	Sound	21	14139524	0	1			0		hit	1591
23509	901	Port Input	2	14142569	3045	4
23509	901	Response	3	14142569	3045	4
23509	902	Nothing	76	14143799	0	1			0		other	0
23509	904	Nothing	90	14174637	0	1			0		other	0
23509	905	Sound	21	14204926	0	1			0		miss	0
23509	906	Nothing	8	14225125	0	0			0		other	0
23509	908	Nothing	90	14255945	0	1			0		other	0
23509	909	Sound	21	14273328	0	1			0		miss	0
23509	910	Nothing	8	14293536	0	1			0		other	0
23509	910	Port Input	2	14296007	2471	5
23509	910	Response	3	14296007	2471	5
23509	912	Nothing	90	14324378	0	0			0		other	0
23509	913	Sound	21	14344330	0	1			0		hit	1604
23509	913	Port Input	2	14348484	4153	4
23509	913	Response	3	14348484	4153	4
23509	913	Port Input	2	14349711	5381	186
23509	913	Response	3	14349711	5381	186
23509	914	Nothing	6	14349915	0	1			0		other	0
23509	916	Nothing	90	14380885	0	1			0		other	0
23509	917	Sound	21	14404732	0	1			0		miss	0
23509	918	Nothing	8	14424922	0	1			0		other	0
23509	920	Nothing	90	14455730	0	1			0		other	0
23509	920	Port Input	2	14475350	19619	4
23509	920	Response	3	14475350	19619	4
23509	921	Nothing	90	14494245	0	0			0		other	0
23509	922	Sound	21	14516536	0	1			0		hit	1617
23509	922	Port Input	2	14519831	3295	4
23509	922	Response	3	14519831	3295	4
23509	923	Nothing	76	14521247	0	1			0		other	0
23509	925	Nothing	90	14552246	0	1			0		other	0
23509	926	Sound	21	14576638	0	1			0		hit	1622
23509	926	Port Input	2	14583631	6993	4
23509	926	Response	3	14583631	6993	4
23509	927	Nothing	1003	14584888	0	1			0		other	0
23509	928	Nothing	63	14584997	0	1			0		other	0
23509	929	Nothing	86	14585105	0	1			0		other	0
23509	931	Nothing	90	14615741	0	1			0		other	0
23509	932	Sound	21	14629040	0	1			0		miss	0
23509	933	Nothing	8	14649230	0	1			0		other	0
23509	935	Nothing	90	14680061	0	1			0		other	0
23509	936	Sound	21	14711742	0	1			0		hit	1632
23509	936	Port Input	2	14716630	4887	4
23509	936	Response	3	14716630	4887	4
23509	936	Port Input	2	14717750	6007	228
23509	936	Response	3	14717750	6007	228
23509	937	Nothing	1003	14717989	0	1			0		other	0
23509	938	Nothing	63	14718098	0	1			0		other	0
23509	939	Nothing	86	14718204	0	1			0		other	0
23509	939	Port Input	2	14719507	1303	5
23509	939	Response	3	14719507	1303	5
23509	941	Nothing	90	14749088	0	1			0		other	0
23509	942	Sound	21	14760244	0	1			0		hit	1643
23509	942	Port Input	2	14766463	6219	4
23509	942	Response	3	14766463	6219	4
23509	943	Nothing	6	14767969	0	1			0		other	0
23509	943	Port Input	2	14768024	55	4
23509	943	Response	3	14768024	55	4
23509	945	Nothing	90	14798791	0	1			0		other	0
23509	946	Sound	21	14848247	0	1			0		hit	1650
23509	946	Port Input	2	14849884	1637	4
23509	946	Response	3	14849884	1637	4
23509	947	Nothing	6	14851378	0	1			0		other	0
23509	949	Nothing	90	14882192	0	0			0		other	0
23509	949	Port Input	2	14909262	27070	4
23509	949	Response	3	14909262	27070	4
23509	950	Nothing	90	14918100	0	1			0		other	0
23509	951	Sound	21	14931450	0	1			0		hit	1658
23509	951	Port Input	2	14933594	2144	4
23509	951	Response	3	14933594	2144	4
23509	952	Nothing	6	14935079	0	1			0		other	0
23509	954	Nothing	90	14965883	0	1			0		other	0
23509	955	Sound	21	14981351	0	1			0		miss	0
23509	956	Nothing	8	15001550	0	0			0		other	0
23509	958	Nothing	90	15032360	0	1			0		other	0
23509	959	Sound	21	15057754	0	1			0		hit	1666
23509	959	Port Input	2	15059483	1729	4
23509	959	Response	3	15059483	1729	4
23509	960	Nothing	76	15060773	0	1			0		other	0
23509	962	Nothing	90	15091790	0	0			0		other	0
23509	963	Sound	21	15112156	0	1			0		hit	1671
23509	963	Port Input	2	15114009	1854	5
23509	963	Response	3	15114009	1854	5
23509	964	Nothing	1003	15115286	0	1			0		other	0
23509	965	Nothing	63	15115394	0	1			0		other	0
23509	966	Nothing	86	15115501	0	1			0		other	0
23509	968	Nothing	90	15146299	0	1			0		other	0
23509	969	Sound	21	15170958	0	1			0		miss	0
23509	970	Nothing	8	15191159	0	1			0		other	0
23509	970	Port Input	2	15209878	18719	4
23509	970	Response	3	15209878	18719	4
23509	972	Nothing	90	15222155	0	1			0		other	0
23509	973	Sound	21	15255060	0	1			0		miss	0
23509	974	Nothing	8	15275288	0	1			0		other	0
23509	976	Nothing	90	15306156	0	1			0		other	0
23509	977	Sound	21	15356564	0	1			0		hit	1686
23509	977	Port Input	2	15358604	2040	4
23509	977	Response	3	15358604	2040	4
23509	978	Nothing	76	15360094	0	1			0		other	0
23509	980	Nothing	90	15391078	0	1			0		other	0
23509	980	Port Input	2	15427883	36806	4
23509	980	Response	3	15427883	36806	4
23509	981	Nothing	90	15433551	0	1			0		other	0
23509	982	Sound	21	15466567	0	1			0		miss	0
23509	983	Nothing	8	15486771	0	1			0		other	0
23509	985	Nothing	90	15517806	0	1			0		other	0
23509	986	Sound	21	15531870	0	1			0		hit	1697
23509	986	Port Input	2	15533617	1747	4
23509	986	Response	3	15533617	1747	4
23509	986	Port Input	2	15534739	2869	182
23509	986	Response	3	15534739	2869	182
23509	987	Nothing	6	15534936	0	1			0		other	0
23509	989	Nothing	90	15565910	0	1			0		other	0
23509	990	Sound	21	15602372	0	1			0		hit	1704
23509	990	Port Input	2	15605888	3516	4
23509	990	Response	3	15605888	3516	4
23509	991	Nothing	76	15607207	0	1			0		other	0
23509	993	Nothing	90	15638033	0	1			0		other	0
23509	994	Sound	21	15654174	0	1			0		hit	1709
23509	994	Port Input	2	15669351	15177	4
23509	994	Response	3	15669351	15177	4
23509	995	Nothing	6	15670873	0	1			0		other	0
23509	995	Port Input	2	15670898	25	6
23509	995	Response	3	15670898	25	6
23509	997	Nothing	90	15701677	0	1			0		other	0
23509	998	Sound	21	15721276	0	1			0		miss	0
23509	999	Nothing	8	15741475	0	1			0		other	0
23509	999	Port Input	2	15769728	28254	4
23509	999	Response	3	15769728	28254	4
23509	1001	Nothing	90	15772306	0	0			0		other	0
23509	1002	Sound	21	15788578	0	1			0		miss	0
23509	1003	Nothing	8	15808780	0	1			0		other	0
23509	1005	Nothing	90	15839564	0	1			0		other	0
23509	1005	Port Input	2	15855724	16160	5
23509	1005	Response	3	15855724	16160	5
23509	1006	Nothing	90	15869950	0	1			0		other	0
23509	1007	Sound	21	15902282	0	1			0		hit	1727
23509	1007	Port Input	2	15905736	3454	5
23509	1007	Response	3	15905736	3454	5
23509	1008	Nothing	6	15907245	0	1			0		other	0
23509	1010	Nothing	90	15938184	0	0			0		other	0
23509	1011	Sound	21	15971084	0	1			0		miss	0
23509	1012	Nothing	8	15991275	0	0			0		other	0
23509	1014	Nothing	90	16022058	0	1			0		other	0
23509	1015	Sound	21	16040686	0	1			0		hit	1735
23509	1015	Port Input	2	16043124	2438	5
23509	1015	Response	3	16043124	2438	5
23509	1016	Nothing	76	16044640	0	1			0		other	0
23509	1018	Nothing	90	16075585	0	1			0		other	0
23509	1019	Sound	21	16117589	0	1			0		hit	1740
23509	1019	Port Input	2	16118930	1342	5
23509	1019	Response	3	16118930	1342	5
23509	1020	Nothing	76	16120641	0	1			0		other	0
23509	1022	Nothing	90	16151545	0	1			0		other	0
23509	1023	Sound	21	16174691	0	1			0		hit	1745
23509	1023	Port Input	2	16178997	4307	5
23509	1023	Response	3	16178997	4307	5
23509	1024	Nothing	6	16180708	0	1			0		other	0
23509	1026	Nothing	90	16211476	0	1			0		other	0
23509	1027	Sound	21	16242893	0	1			0		miss	0
23509	1028	Nothing	8	16263084	0	1			0		other	0
23509	1030	Nothing	90	16293867	0	1			0		other	0
23509	1031	Sound	21	16323796	0	1			0		miss	0
23509	1032	Nothing	8	16344039	0	1			0		other	0
23509	1034	Nothing	90	16374823	0	1			0		other	0
23509	1035	Sound	21	16385198	0	1			0		miss	0
23509	1036	Nothing	8	16405386	0	1			0		other	0
23509	1038	Nothing	90	16436169	0	1			0		other	0
23509	1039	Sound	21	16449500	0	1			0		miss	0
23509	1040	Nothing	8	16469795	0	1			0		other	0
23509	1042	Nothing	90	16500598	0	1			0		other	0
23509	1043	Sound	21	16512402	0	1			0		hit	1762
23509	1043	Port Input	2	16517786	5384	5
23509	1043	Response	3	16517786	5384	5
23509	1043	Port Input	2	16519136	6735	182
23509	1043	Response	3	16519136	6735	182
23509	1044	Nothing	1003	16519329	0	1			0		other	0
23509	1045	Nothing	63	16519438	0	0			0		other	0
23509	1046	Nothing	86	16519545	0	1			0		other	0
23509	1046	Port Input	2	16520947	1402	4
23509	1046	Response	3	16520947	1402	4
23509	1048	Nothing	90	16550327	0	1			0		other	0
23509	1049	Sound	21	16566904	0	1			0		miss	0
23509	1050	Nothing	8	16587096	0	1			0		other	0
23509	1052	Nothing	90	16617878	0	1			0		other	0
23509	1053	Sound	21	16666207	0	1			0		miss	0
23509	1054	Nothing	8	16686399	0	0			0		other	0
23509	1056	Nothing	90	16717193	0	1			0		other	0
23509	1057	Sound	21	16741409	0	1			0		hit	1779
23509	1057	Port Input	2	16742850	1440	5
23509	1057	Response	3	16742850	1440	5
23509	1058	Nothing	6	16744559	0	0			0		other	0
23509	1058	Port Input	2	16744632	73	5
23509	1058	Response	3	16744632	73	5
23509	1058	Port Input	2	16746033	1473	5
23509	1058	Response	3	16746033	1473	5
23509	1058	Port Input	2	16746185	1626	5
23509	1058	Port Input	2	16748351	3792	5
23509	1058	Response	3	16748351	3792	5
23509	1058	Port Input	2	16749527	4968	5
23509	1058	Response	3	16749527	4968	5
23509	1060	Nothing	90	16775508	0	1			0		other	0
23509	1061	Sound	21	16795011	0	1			0		miss	0
23509	1062	Nothing	8	16815201	0	1			0		other	0
23509	1062	Port Input	2	16835408	20207	5
23509	1062	Response	3	16835408	20207	5
23509	1062	Port Input	2	16836737	21536	4
23509	1062	Response	3	16836737	21536	4
23509	1064	Nothing	90	16845994	0	0			0		other	0
23509	1065	Sound	21	16858813	0	1			0		miss	0
23509	1066	Nothing	8	16879002	0	1			0		other	0
23509	1068	Nothing	90	16909796	0	1			0		other	0
23509	1069	Sound	21	16921015	0	1			0		hit	1803
23509	1069	Port Input	2	16922675	1660	4
23509	1069	Response	3	16922675	1660	4
23509	1069	Port Input	2	16923864	2848	180
23509	1069	Response	3	16923864	2848	180
23509	1070	Nothing	1003	16924232	0	1			0		other	0
23509	1071	Nothing	63	16924343	0	0			0		other	0
23509	1072	Nothing	96	16924466	0	1			0		other	0
23509	1074	Nothing	90	16955577	0	0			0		other	0
23509	1075	Sound	21	16971817	0	1			0		miss	0
23509	1076	Nothing	8	16992165	0	1			0		other	0
23509	1078	Nothing	90	17022963	0	0			0		other	0
23509	1078	Port Input	2	17035019	12056	5
23509	1078	Response	3	17035019	12056	5
23509	1079	Nothing	90	17071360	0	0			0		other	0
23509	1079	Port Input	2	17105259	33899	5
23509	1079	Response	3	17105259	33899	5
23509	1079	Port Input	2	17106926	35567	4
23509	1079	Response	3	17106926	35567	4
23509	1080	Nothing	90	17107580	0	1			0		other	0
23509	1080	Port Input	2	17108430	849	4
23509	1080	Response	3	17108430	849	4
23509	1081	Nothing	90	17118469	0	1			0		other	0
23509	1082	Sound	21	17146023	0	1			0		hit	1826
23509	1082	Port Input	2	17150291	4268	4
23509	1082	Response	3	17150291	4268	4
23509	1082	Port Input	2	17151649	5626	182
23509	1082	Response	3	17151649	5626	182
23509	1083	Nothing	76	17152013	0	0			0		other	0
23509	1085	Nothing	90	17183147	0	1			0		other	0
23509	1086	Sound	21	17200125	0	1			0		hit	1833
23509	1086	Port Input	2	17201566	1442	5
23509	1086	Response	3	17201566	1442	5
23509	1086	Port Input	2	17202755	2630	399
23509	1086	Response	3	17202755	2630	399
23509	1087	Nothing	1003	17203342	0	1			0		other	0
23509	1088	Nothing	63	17203451	0	1			0		other	0
23509	1089	Nothing	86	17203557	0	1			0		other	0
23509	1091	Nothing	90	17234164	0	1			0		other	0
23509	1091	Port Input	2	17254959	20795	4
23509	1091	Response	3	17254959	20795	4
23509	1091	Port Input	2	17256639	22475	4
23509	1091	Response	3	17256639	22475	4
23509	1092	Nothing	90	17266804	0	1			0		other	0
23509	1093	Sound	21	17278527	0	1			0		miss	0
23509	1094	Nothing	8	17298719	0	1			0		other	0
23509	1096	Nothing	90	17329522	0	1			0		other	0
23509	1096	Port Input	2	17334253	4731	5
23509	1096	Response	3	17334253	4731	5
23509	1096	Port Input	2	17335672	6150	5
23509	1096	Response	3	17335672	6150	5
23509	1097	Nothing	90	17344487	0	1			0		other	0
23509	1098	Sound	21	17367830	0	1			0		miss	0
23509	1099	Nothing	8	17388020	0	1			0		other	0
23509	1101	Nothing	90	17418816	0	1			0		other	0
23509	1101	Port Input	2	17436128	17313	5
23509	1101	Response	3	17436128	17313	5
23509	1102	Nothing	90	17437745	0	0			0		other	0
23509	1102	Port Input	2	17437901	156	4
23509	1102	Response	3	17437901	156	4
23509	1103	Nothing	90	17459345	0	1			0		other	0
23509	1104	Sound	21	17472434	0	1			0		miss	0
23509	1105	Nothing	8	17492624	0	1			0		other	0
23509	1107	Nothing	90	17523424	0	1			0		other	0
23509	1108	Sound	21	17535936	0	1			0		miss	0
23509	1109	Nothing	8	17556127	0	1			0		other	0
23509	1111	Nothing	90	17586928	0	1			0		other	0
23509	1112	Sound	21	17602938	0	1			0		miss	0
23509	1113	Nothing	8	17623130	0	1			0		other	0
23509	1115	Nothing	90	17653923	0	0			0		other	0
23509	1116	Sound	21	17666140	0	1			0		hit	1873
23509	1116	Port Input	2	17671387	5247	5
23509	1116	Response	3	17671387	5247	5
23509	1116	Port Input	2	17672963	6823	177
23509	1116	Response	3	17672963	6823	177
23509	1117	Nothing	6	17673159	0	0			0		other	0
23509	1117	Port Input	2	17674294	1136	5
23509	1117	Response	3	17674294	1136	5
23509	1117	Port Input	2	17676794	3636	5
23509	1117	Response	3	17676794	3636	5
23509	1117	Port Input	2	17677806	4647	4
23509	1117	Response	3	17677806	4647	4
23509	1119	Nothing	90	17704333	0	1			0		other	0
23509	1120	Sound	21	17718742	0	1			0		miss	0
23509	1121	Nothing	8	17738933	0	1			0		other	0
23509	1121	Port Input	2	17765047	26114	5
23509	1121	Response	3	17765047	26114	5
23509	1123	Nothing	90	17769728	0	1			0		other	0
23509	1124	Sound	21	17802444	0	1			0		miss	0
23509	1125	Nothing	8	17822635	0	1			0		other	0
23509	1127	Nothing	90	17853476	0	0			0		other	0
23509	1128	Sound	21	17875947	0	1			0		hit	1894
23509	1128	Port Input	2	17878187	2240	4
23509	1128	Response	3	17878187	2240	4
23509	1128	Port Input	2	17879251	3304	4
23509	1128	Response	3	17879251	3304	4
23509	1129	Nothing	1003	17879779	0	1			0		other	0
23509	1130	Nothing	63	17879888	0	0			0		other	0
23509	1131	Nothing	96	17880014	0	0			0		other	0
23509	1131	Port Input	2	17880712	698	4
23509	1131	Response	3	17880712	698	4
23509	1131	Port Input	2	17882896	2882	5
23509	1131	Response	3	17882896	2882	5
23509	1133	Nothing	90	17911150	0	0			0		other	0
23509	1134	Sound	21	17925449	0	1			0		miss	0
23509	1135	Nothing	8	17945638	0	0			0		other	0
23509	1137	Nothing	90	17976440	0	0			0		other	0
23509	1138	Sound	21	18002851	0	1			0		miss	0
23509	1139	Nothing	8	18023042	0	1			0		other	0
23509	1141	Nothing	90	18053836	0	1			0		other	0
23509	1142	Sound	21	18065953	0	1			0		hit	1913
23509	1142	Port Input	2	18073239	7286	4
23509	1142	Response	3	18073239	7286	4
23509	1142	Port Input	2	18074639	8686	179
23509	1142	Response	3	18074639	8686	179
23509	1143	Nothing	1003	18074827	0	1			0		other	0
23509	1144	Nothing	63	18074940	0	1			0		other	0
23509	1145	Nothing	86	18075048	0	1			0		other	0
23509	1145	Port Input	2	18076430	1382	5
23509	1145	Response	3	18076430	1382	5
23509	1147	Nothing	90	18105844	0	1			0		other	0
23509	1148	Sound	21	18128755	0	1			0		miss	0
23509	1149	Nothing	8	18148946	0	1			0		other	0
23509	1151	Nothing	90	18179745	0	1			0		other	0
23509	1152	Sound	21	18190557	0	1			0		hit	1927
23509	1152	Port Input	2	18194542	3985	4
23509	1152	Response	3	18194542	3985	4
23509	1152	Port Input	2	18195946	5389	176
23509	1152	Response	3	18195946	5389	176
23509	1153	Nothing	76	18196125	0	1			0		other	0
23509	1153	Port Input	2	18197787	1662	5
23509	1153	Response	3	18197787	1662	5
23509	1155	Nothing	90	18227086	0	1			0		other	0
23509	1156	Sound	21	18269360	0	1			0		miss	0
23509	1157	Nothing	8	18289552	0	0			0		other	0
23509	1159	Nothing	90	18320361	0	1			0		other	0
23509	1159	Port Input	2	18331723	11362	4
23509	1159	Response	3	18331723	11362	4
23509	1160	Nothing	90	18332966	0	0			0		other	0
23509	1160	Port Input	2	18333138	172	5
23509	1160	Response	3	18333138	172	5
23509	1160	Port Input	2	18334929	1963	4
23509	1160	Response	3	18334929	1963	4
23509	1161	Nothing	90	18352253	0	1			0		other	0
23509	1162	Sound	21	18386964	0	1			0		hit	1947
23509	1162	Port Input	2	18403304	16341	4
23509	1162	Response	3	18403304	16341	4
23509	1162	Port Input	2	18404718	17755	181
23509	1162	Response	3	18404718	17755	181
23509	1163	Nothing	6	18405096	0	1			0		other	0
23509	1165	Nothing	90	18436105	0	1			0		other	0
23509	1166	Sound	21	18465266	0	1			0		hit	1954
23509	1166	Port Input	2	18481145	15878	5
23509	1166	Response	3	18481145	15878	5
23509	1167	Nothing	6	18482955	0	1			0		other	0
23509	1167	Port Input	2	18483413	458	5
23509	1167	Response	3	18483413	458	5
23509	1167	Port Input	2	18485623	2668	5
23509	1167	Response	3	18485623	2668	5
23509	1167	Port Input	2	18487006	4051	5
23509	1167	Response	3	18487006	4051	5
23509	1167	Port Input	2	18488174	5218	5
23509	1167	Response	3	18488174	5218	5
23509	1169	Nothing	90	18513745	0	1			0		other	0
23509	1170	Sound	21	18545969	0	1			0		miss	0
23509	1171	Nothing	8	18566160	0	1			0		other	0
23509	1171	Port Input	2	18572174	6013	5
23509	1171	Response	3	18572174	6013	5
23509	1171	Port Input	2	18573886	7726	4
23509	1171	Response	3	18573886	7726	4
23509	1173	Nothing	90	18596973	0	1			0		other	0
23509	1174	Sound	21	18608471	0	1			0		miss	0
23509	1175	Nothing	8	18628660	0	0			0		other	0
23509	1177	Nothing	90	18659468	0	1			0		other	0
23509	1178	Sound	21	18686874	0	1			0		miss	0
23509	1179	Nothing	8	18707065	0	1			0		other	0
23509	1181	Nothing	90	18737894	0	1			0		other	0
23509	1182	Sound	21	18773077	0	1			0		hit	1980
23509	1182	Port Input	2	18780686	7609	5
23509	1182	Response	3	18780686	7609	5
23509	1182	Port Input	2	18782298	9221	176
23509	1182	Response	3	18782298	9221	176
23509	1183	Nothing	6	18782490	0	1			0		other	0
23509	1183	Port Input	2	18792059	9569	5
23509	1183	Response	3	18792059	9569	5
23509	1183	Port Input	2	18794249	11759	5
23509	1183	Response	3	18794249	11759	5
23509	1183	Port Input	2	18795449	12959	5
23509	1183	Response	3	18795449	12959	5
23509	1185	Nothing	90	18813461	0	0			0		other	0
23509	1185	Port Input	2	18842795	29334	5
23509	1185	Response	3	18842795	29334	5
23509	1186	Nothing	90	18845939	0	1			0		other	0
23509	1186	Port Input	2	18866801	20862	5
23509	1186	Response	3	18866801	20862	5
23509	1187	Nothing	90	18880214	0	1			0		other	0
23509	1188	Sound	21	18897281	0	1			0		hit	1999
23509	1188	Port Input	2	18899761	2480	4
23509	1188	Response	3	18899761	2480	4
23509	1188	Port Input	2	18901038	3757	180
23509	1188	Response	3	18901038	3757	180
23509	1189	Nothing	1003	18901230	0	0			0		other	0
23509	1190	Nothing	63	18901340	0	1			0		other	0
23509	1191	Nothing	96	18901466	0	1			0		other	0
23509	1193	Nothing	90	18932435	0	0			0		other	0
23509	1194	Sound	21	18975383	0	1			0		hit	2008
23509	1194	Port Input	2	18986168	10784	4
23509	1194	Response	3	18986168	10784	4
23509	1195	Nothing	6	18988003	0	1			0		other	0
23509	1195	Port Input	2	19007302	19299	5
23509	1195	Response	3	19007302	19299	5
23509	1197	Nothing	90	19019180	0	1			0		other	0
23509	1198	Sound	21	19067086	0	1			0		hit	2015
23509	1198	Port Input	2	19069879	2793	5
23509	1198	Response	3	19069879	2793	5
23509	1199	Nothing	6	19071552	0	1			0		other	0
23509	1201	Nothing	90	19102351	0	1			0		other	0
23509	1202	Sound	21	19134088	0	1			0		miss	0
23509	1203	Nothing	8	19154278	0	1			0		other	0
23509	1205	Nothing	90	19185099	0	0			0		other	0
23509	1206	Sound	21	19196390	0	1			0		hit	2023
23509	1206	Port Input	2	19198595	2204	5
23509	1206	Response	3	19198595	2204	5
23509	1207	Nothing	6	19200655	0	1			0		other	0
23509	1209	Nothing	90	19231626	0	1			0		other	0
23509	1210	Sound	21	19249292	0	1			0		miss	0
23509	1211	Nothing	8	19269481	0	1			0		other	0
23509	1213	Nothing	90	19300300	0	0			0		other	0
23509	1214	Sound	21	19347495	0	1			0		hit	2031
23509	1214	Port Input	2	19349825	2329	5
23509	1214	Response	3	19349825	2329	5
23509	1214	Port Input	2	19351132	3637	182
23509	1214	Response	3	19351132	3637	182
23509	1215	Nothing	6	19351510	0	1			0		other	0
23509	1217	Nothing	90	19382489	0	1			0		other	0
23509	1218	Sound	21	19400097	0	1			0		miss	0
23509	1219	Nothing	8	19420291	0	1			0		other	0
23509	1221	Nothing	90	19451107	0	1			0		other	0
23509	1222	Sound	21	19496800	0	1			0		miss	0
23509	1223	Nothing	8	19516991	0	1			0		other	0
23509	1225	Nothing	90	19547805	0	1			0		other	0
23509	1226	Sound	21	19562002	0	1			0		hit	2044
23509	1226	Port Input	2	19565033	3030	5
23509	1226	Response	3	19565033	3030	5
23509	1227	Nothing	1003	19566518	0	0			0		other	0
23509	1227	Port Input	2	19566528	10	5
23509	1227	Response	3	19566528	10	5
23509	1228	Nothing	63	19566627	0	1			0		other	0
23509	1229	Nothing	96	19566751	0	1			0		other	0
23509	1231	Nothing	90	19597891	0	1			0		other	0
23509	1232	Sound	21	19641905	0	1			0		miss	0
23509	1233	Nothing	8	19662097	0	0			0		other	0
23509	1235	Nothing	90	19692915	0	0			0		other	0
23509	1236	Sound	21	19718208	0	1			0		miss	0
23509	1237	Nothing	8	19738400	0	1			0		other	0
23509	1239	Nothing	90	19769214	0	1			0		other	0
23509	1240	Sound	21	19803010	0	1			0		miss	0
23509	1241	Nothing	8	19823201	0	1			0		other	0
23509	1243	Nothing	90	19854026	0	1			0		other	0
23509	1244	Sound	21	19883513	0	1			0		hit	2062
23509	1244	Port Input	2	19887673	4160	4
23509	1244	Response	3	19887673	4160	4
23509	1244	Port Input	2	19888989	5476	181
23509	1244	Response	3	19888989	5476	181
23509	1245	Nothing	76	19889528	0	1			0		other	0
23509	1245	Port Input	2	19890886	1358	4
23509	1245	Response	3	19890886	1358	4
23509	1247	Nothing	90	19920567	0	1			0		other	0
23509	1248	Sound	21	19956215	0	1			0		miss	0
23509	1249	Nothing	8	19976558	0	1			0		other	0
23509	1251	Nothing	90	20007527	0	0			0		other	0
23509	1252	Sound	21	20037318	0	1			0		miss	0
23509	1253	Nothing	8	20057510	0	0			0		other	0
23509	1255	Nothing	90	20088323	0	0			0		other	0
23509	1256	Sound	21	20108221	0	1			0		miss	0
23509	1257	Nothing	8	20128490	0	1			0		other	0
23509	1259	Nothing	90	20159332	0	1			0		other	0
23509	1260	Sound	21	20181123	0	1			0		hit	2080
23509	1260	Port Input	2	20182577	1454	5
23509	1260	Response	3	20182577	1454	5
23509	1260	Port Input	2	20184027	2904	262
23509	1260	Response	3	20184027	2904	262
23509	1261	Nothing	6	20184659	0	0			0		other	0
23509	1261	Port Input	2	20187313	2654	5
23509	1261	Response	3	20187313	2654	5
23509	1261	Port Input	2	20189480	4821	4
23509	1261	Response	3	20189480	4821	4
23509	1261	Port Input	2	20190647	5988	5
23509	1261	Response	3	20190647	5988	5
23509	1261	Port Input	2	20191818	7159	5
23509	1261	Response	3	20191818	7159	5
23509	1263	Nothing	90	20215638	0	1			0		other	0
23509	1264	Sound	21	20246525	0	1			0		miss	0
23509	1265	Nothing	8	20266716	0	1			0		other	0
23509	1267	Nothing	90	20297552	0	1			0		other	0
23509	1268	Sound	21	20318928	0	1			0		miss	0
23509	1269	Nothing	8	20339117	0	1			0		other	0
23509	1269	Port Input	2	20347512	8395	5
23509	1269	Response	3	20347512	8395	5
23509	1269	Port Input	2	20349151	10034	5
23509	1269	Response	3	20349151	10034	5
23509	1271	Nothing	90	20369951	0	1			0		other	0
23509	1271	Port Input	2	20373778	3828	5
23509	1271	Response	3	20373778	3828	5
23509	1272	Nothing	90	20382201	0	0			0		other	0
23509	1272	Port Input	1	20399514	17313	5
23509	1272	Response	2	20399514	17313	5
23509	1273	Nothing	90	20408654	0	0			0		other	0
23509	1274	Sound	21	20435531	0	1			0		miss	0
23509	1275	Nothing	8	20455723	0	1			0		other	0
23509	1275	Port Input	2	20486110	30387	235
23509	1275	Response	3	20486110	30387	235
23509	1277	Nothing	90	20486553	0	0			0		other	0
23509	1278	Sound	21	20505434	0	1			0		miss	0
23509	1279	Nothing	8	20525626	0	1			0		other	0
23509	1281	Nothing	90	20556446	0	1			0		other	0
23509	1282	Sound	21	20575036	0	1			0		hit	2119
23509	1282	Port Input	2	20576917	1882	5
23509	1282	Response	3	20576917	1882	5
23509	1282	Port Input	2	20578253	3217	5
23509	1282	Response	3	20578253	3217	5
23509	1283	Nothing	76	20578794	0	1			0		other	0
23509	1285	Nothing	90	20609787	0	1			0		other	0
23509	1286	Sound	21	20630038	0	1			0		miss	0
23509	1287	Nothing	8	20650233	0	1			0		other	0
23509	1287	Port Input	2	20662597	12364	5
23509	1287	Response	3	20662597	12364	5
23509	1287	Port Input	2	20664063	13830	4
23509	1287	Response	3	20664063	13830	4
23509	1289	Nothing	90	20681058	0	1			0		other	0
23509	1289	Port Input	2	20706881	25822	5
23509	1289	Response	3	20706881	25822	5
23509	1289	Port Input	2	20708427	27369	4
23509	1289	Response	3	20708427	27369	4
23509	1290	Nothing	90	20716077	0	1			0		other	0
23509	1290	Port Input	2	20741259	25182	5
23509	1290	Response	3	20741259	25182	5
23509	1290	Port Input	2	20742762	26685	5
23509	1290	Response	3	20742762	26685	5
23509	1291	Nothing	90	20755707	0	1			0		other	0
23509	1292	Sound	21	20777043	0	1			0		hit	2143
23509	1292	Port Input	2	20779142	2099	5
23509	1292	Response	3	20779142	2099	5
23509	1292	Port Input	2	20780435	3393	5
23509	1292	Response	3	20780435	3393	5
23509	1293	Nothing	1003	20780867	0	1			0		other	0
23509	1294	Nothing	63	20780977	0	1			0		other	0
23509	1295	Nothing	86	20781087	0	1			0		other	0
23509	1297	Nothing	90	20811899	0	1			0		other	0
23509	1297	Port Input	2	20837890	25991	4
23509	1297	Response	3	20837890	25991	4
23509	1298	Nothing	90	20838228	0	1			0		other	0
23509	1298	Port Input	2	20839116	889	5
23509	1298	Response	3	20839116	889	5
23509	1299	Nothing	90	20877248	0	0			0		other	0
23509	1300	Sound	21	20904447	0	1			0		hit	2158
23509	1300	Port Input	2	20911696	7249	5
23509	1300	Response	3	20911696	7249	5
23509	1301	Nothing	6	20913608	0	1			0		other	0
23509	1301	Port Input	2	20913639	31	5
23509	1301	Response	3	20913639	31	5
23509	1303	Nothing	90	20944419	0	0			0		other	0
23509	1304	Sound	21	20954949	0	1			0		miss	0
23509	1305	Nothing	8	20975355	0	1			0		other	0
23509	1307	Nothing	90	21006174	0	1			0		other	0
23509	1308	Sound	21	21022251	0	1			0		miss	0
23509	1309	Nothing	8	21042555	0	1			0		other	0
23509	1311	Nothing	90	21073520	0	1			0		other	0
23509	1312	Sound	21	21121454	0	1			0		miss	0
23509	1313	Nothing	8	21141870	0	1			0		other	0
23509	1315	Nothing	90	21172791	0	1			0		other	0
23509	1316	Sound	21	21206257	0	1			0		miss	0
23509	1317	Nothing	8	21226448	0	1			0		other	0
23509	1319	Nothing	90	21257278	0	1			0		other	0
23509	1320	Sound	21	21271359	0	1			0		hit	2177
23509	1320	Port Input	2	21278793	7435	5
23509	1320	Response	3	21278793	7435	5
23509	1320	Port Input	2	21280294	8935	5
23509	1320	Response	3	21280294	8935	5
23509	1321	Nothing	6	21280906	0	1			0		other	0
23509	1321	Port Input	2	21281668	761	5
23509	1321	Response	3	21281668	761	5
23509	1321	Port Input	2	21284004	3097	4
23509	1321	Response	3	21284004	3097	4
23509	1323	Nothing	90	21312219	0	0			0		other	0
23509	1324	Sound	21	21323461	0	1			0		miss	0
23509	1325	Nothing	8	21343653	0	1			0		other	0
23509	1327	Nothing	90	21374486	0	1			0		other	0
23509	1328	Sound	21	21417064	0	1			0		miss	0
23509	1329	Nothing	8	21437255	0	1			0		other	0
23509	1331	Nothing	90	21468087	0	1			0		other	0
23509	1332	Sound	21	21485966	0	1			0		miss	0
23509	1333	Nothing	8	21506260	0	1			0		other	0
23509	1335	Nothing	90	21537470	0	0			0		other	0
23509	1336	Sound	21	21562469	0	1			0		miss	0
23509	1337	Nothing	8	21582662	0	0			0		other	0
23509	1339	Nothing	90	21613494	0	1			0		other	0
23509	1340	Sound	21	21636671	0	1			0		miss	0
23509	1341	Nothing	8	21656863	0	0			0		other	0
23509	1343	Nothing	90	21687707	0	1			0		other	0
23509	1344	Sound	21	21737174	0	1			0		miss	0
23509	1345	Nothing	8	21757366	0	0			0		other	0
23509	1347	Nothing	90	21788200	0	1			0		other	0
23509	1348	Sound	21	21813177	0	1			0		miss	0
23509	1349	Nothing	8	21833368	0	1			0		other	0
23509	1351	Nothing	90	21864205	0	1			0		other	0
23509	1352	Sound	21	21899780	0	1			0		miss	0
23509	1353	Nothing	8	21919970	0	0			0		other	0
23509	1355	Nothing	90	21950800	0	1			0		other	0
23509	1356	Sound	21	21964682	0	1			0		miss	0
23509	1357	Nothing	8	21984874	0	0			0		other	0
23509	1359	Nothing	90	22015711	0	1			0		other	0
23509	1360	Sound	21	22040584	0	1			0		miss	0
23509	1361	Nothing	8	22060776	0	0			0		other	0
23509	1364	Nothing	62	22091800	0	1			0		other	0
23509	1365	Nothing	60	22101810	0	1			0		other	0
