Scenario - phase2_matchingPennies_algorithm1
Logfile written - 06/14/2023 13:43:01

Subject	Trial	Event Type	Code	Time	TTime	Uncertainty	Duration	Uncertainty	ReqTime	ReqDur	Stim Type	Pair Index

23526	1	Nothing	61	10516	0	1			0		other	0
23526	1	Manual	06/14/2023 13:31:02	10688	172	NA
23526	1	Port Input	2	236524	226007	4
23526	1	Response	3	236524	226007	4
23526	1	Port Input	2	240823	230307	4
23526	1	Response	3	240823	230307	4
23526	1	Port Input	2	240838	230321	4
23526	1	Port Input	1	242181	231665	4
23526	1	Response	2	242181	231665	4
23526	1	Port Input	2	243397	232880	6
23526	1	Response	3	243397	232880	6
23526	1	Port Input	2	243480	232964	4
23526	1	Port Input	2	245004	234488	6
23526	1	Response	3	245004	234488	6
23526	1	Port Input	2	245138	234621	5
23526	1	Port Input	2	246680	236163	5
23526	1	Response	3	246680	236163	5
23526	1	Port Input	2	246959	236442	6
23526	1	Response	3	246959	236442	6
23526	1	Port Input	2	248728	238212	5
23526	1	Response	3	248728	238212	5
23526	1	Port Input	2	251149	240633	4
23526	1	Response	3	251149	240633	4
23526	1	Port Input	2	251225	240709	4
23526	1	Port Input	2	253826	243310	5
23526	1	Response	3	253826	243310	5
23526	2	Nothing	52	759373	0	1			0		other	0
23526	2	Port Input	2	771715	12341	4
23526	2	Response	3	771715	12341	4
23526	3	Nothing	1000	771730	0	1			0		other	0
23526	4	Nothing	62	771838	0	1			0		other	0
23526	5	Nothing	111	771962	0	1			0		false_alarm	34
23526	5	Port Input	2	773180	1218	4
23526	5	Response	3	773180	1218	4
23526	5	Port Input	2	775616	3655	4
23526	5	Response	3	775616	3655	4
23526	5	Port Input	2	776861	4900	6
23526	5	Response	3	776861	4900	6
23526	5	Port Input	2	778103	6141	4
23526	5	Response	3	778103	6141	4
23526	5	Port Input	2	779211	7249	5
23526	5	Response	3	779211	7249	5
23526	5	Port Input	2	780579	8617	4
23526	5	Response	3	780579	8617	4
23526	5	Port Input	2	781907	9945	4
23526	5	Response	3	781907	9945	4
23526	5	Port Input	2	783209	11247	5
23526	5	Response	3	783209	11247	5
23526	5	Port Input	2	784715	12753	4
23526	5	Response	3	784715	12753	4
23526	5	Port Input	2	787217	15255	4
23526	5	Response	3	787217	15255	4
23526	5	Port Input	2	788617	16655	4
23526	5	Response	3	788617	16655	4
23526	5	Port Input	2	790043	18081	4
23526	5	Response	3	790043	18081	4
23526	5	Port Input	2	791297	19335	5
23526	5	Response	3	791297	19335	5
23526	5	Port Input	2	794102	22140	4
23526	5	Response	3	794102	22140	4
23526	5	Port Input	2	795514	23552	4
23526	5	Response	3	795514	23552	4
23526	5	Port Input	1	796929	24967	4
23526	5	Response	2	796929	24967	4
23526	5	Port Input	1	798364	26403	4
23526	5	Response	2	798364	26403	4
23526	5	Port Input	2	800125	28163	4
23526	5	Response	3	800125	28163	4
23526	5	Port Input	2	801754	29793	4
23526	5	Response	3	801754	29793	4
23526	6	Nothing	19	802510	0	1			0		other	0
23526	6	Port Input	2	805251	2741	4
23526	6	Response	3	805251	2741	4
23526	6	Port Input	1	827000	24490	5
23526	6	Response	2	827000	24490	5
23526	6	Port Input	1	828396	25886	4
23526	6	Response	2	828396	25886	4
23526	6	Port Input	1	830102	27591	4
23526	6	Response	2	830102	27591	4
23526	7	Nothing	19	839217	0	1			0		other	0
23526	7	Port Input	1	857195	17978	4
23526	7	Response	2	857195	17978	4
23526	8	Nothing	19	858246	0	1			0		other	0
23526	8	Port Input	1	859842	1596	4
23526	8	Response	2	859842	1596	4
23526	8	Port Input	1	862827	4582	4
23526	8	Response	2	862827	4582	4
23526	8	Port Input	1	865741	7495	4
23526	8	Response	2	865741	7495	4
23526	8	Port Input	2	899116	40870	4
23526	8	Response	3	899116	40870	4
23526	8	Port Input	2	900638	42392	4
23526	8	Response	3	900638	42392	4
23526	9	Nothing	19	901757	0	1			0		other	0
23526	9	Port Input	2	904021	2264	4
23526	9	Response	3	904021	2264	4
23526	10	Nothing	19	929137	0	1			0		other	0
23526	10	Port Input	1	947145	18008	4
23526	10	Response	2	947145	18008	4
23526	10	Port Input	2	948682	19546	4
23526	10	Response	3	948682	19546	4
23526	11	Nothing	51	958416	0	1			0		other	0
23526	11	Port Input	2	961577	3161	5
23526	11	Response	3	961577	3161	5
23526	12	Nothing	1000	961594	0	1			0		other	0
23526	13	Nothing	62	961702	0	0			0		other	0
23526	14	Nothing	101	961817	0	1			0		false_alarm	109
23526	14	Port Input	2	964231	2414	4
23526	14	Response	3	964231	2414	4
23526	14	Port Input	2	966853	5036	4
23526	14	Response	3	966853	5036	4
23526	14	Port Input	2	968493	6676	4
23526	14	Response	3	968493	6676	4
23526	14	Port Input	2	970524	8707	4
23526	14	Response	3	970524	8707	4
23526	15	Nothing	19	992126	0	1			0		other	0
23526	15	Port Input	1	1024432	32306	6
23526	15	Response	2	1024432	32306	6
23526	16	Nothing	19	1041130	0	1			0		other	0
23526	17	Nothing	51	1058052	0	0			0		other	0
23526	17	Port Input	2	1061719	3667	4
23526	17	Response	3	1061719	3667	4
23526	18	Nothing	1000	1061734	0	1			0		other	0
23526	19	Nothing	62	1061843	0	1			0		other	0
23526	20	Nothing	101	1061959	0	1			0		false_alarm	127
23526	20	Port Input	2	1063485	1526	4
23526	20	Response	3	1063485	1526	4
23526	20	Port Input	2	1064542	2584	4
23526	20	Response	3	1064542	2584	4
23526	20	Port Input	2	1066143	4184	4
23526	20	Response	3	1066143	4184	4
23526	21	Nothing	19	1092238	0	1			0		other	0
23526	22	Nothing	51	1112520	0	1			0		other	0
23526	22	Port Input	2	1116165	3645	4
23526	22	Response	3	1116165	3645	4
23526	23	Nothing	1000	1116179	0	1			0		other	0
23526	24	Nothing	62	1116288	0	1			0		other	0
23526	25	Nothing	101	1116403	0	1			0		false_alarm	140
23526	25	Port Input	2	1117424	1021	4
23526	25	Response	3	1117424	1021	4
23526	25	Port Input	2	1120170	3767	4
23526	25	Response	3	1120170	3767	4
23526	26	Nothing	19	1146699	0	1			0		other	0
23526	26	Port Input	1	1177626	30927	4
23526	26	Response	2	1177626	30927	4
23526	27	Nothing	19	1178473	0	1			0		other	0
23526	29	Nothing	52	1192190	0	1			0		other	0
23526	29	Port Input	2	1195892	3701	4
23526	29	Response	3	1195892	3701	4
23526	30	Nothing	1000	1195906	0	1			0		other	0
23526	31	Nothing	62	1196014	0	1			0		other	0
23526	32	Nothing	111	1196138	0	1			0		false_alarm	154
23526	32	Port Input	2	1197163	1026	4
23526	32	Response	3	1197163	1026	4
23526	32	Port Input	2	1199744	3606	4
23526	32	Response	3	1199744	3606	4
23526	32	Port Input	2	1201022	4884	4
23526	32	Response	3	1201022	4884	4
23526	32	Port Input	2	1202165	6027	4
23526	32	Response	3	1202165	6027	4
23526	32	Port Input	2	1204587	8450	4
23526	32	Response	3	1204587	8450	4
23526	32	Port Input	2	1205971	9833	5
23526	32	Response	3	1205971	9833	5
23526	32	Port Input	2	1208433	12295	5
23526	32	Response	3	1208433	12295	5
23526	32	Port Input	2	1209833	13695	4
23526	32	Response	3	1209833	13695	4
23526	32	Port Input	1	1212543	16405	4
23526	32	Response	2	1212543	16405	4
23526	32	Port Input	2	1213891	17753	4
23526	32	Response	3	1213891	17753	4
23526	32	Port Input	2	1215396	19258	4
23526	32	Response	3	1215396	19258	4
23526	32	Port Input	1	1218337	22199	4
23526	32	Response	2	1218337	22199	4
23526	32	Port Input	1	1220046	23908	4
23526	32	Response	2	1220046	23908	4
23526	33	Nothing	19	1226900	0	1			0		other	0
23526	34	Nothing	51	1247307	0	1			0		other	0
23526	34	Port Input	2	1251357	4050	4
23526	34	Response	3	1251357	4050	4
23526	35	Nothing	1000	1251372	0	1			0		other	0
23526	36	Nothing	62	1251482	0	1			0		other	0
23526	37	Nothing	101	1251597	0	1			0		false_alarm	187
23526	37	Port Input	2	1252925	1328	4
23526	37	Response	3	1252925	1328	4
23526	37	Port Input	2	1254247	2649	4
23526	37	Response	3	1254247	2649	4
23526	37	Port Input	2	1257362	5765	4
23526	37	Response	3	1257362	5765	4
23526	38	Nothing	19	1284525	0	0			0		other	0
23526	38	Port Input	1	1288105	3580	4
23526	38	Response	2	1288105	3580	4
23526	38	Port Input	1	1289400	4875	4
23526	38	Response	2	1289400	4875	4
23526	38	Port Input	2	1298695	14170	4
23526	38	Response	3	1298695	14170	4
23526	38	Port Input	1	1301644	17119	4
23526	38	Response	2	1301644	17119	4
23526	38	Port Input	1	1303305	18780	5
23526	38	Response	2	1303305	18780	5
23526	38	Port Input	2	1305150	20625	4
23526	38	Response	3	1305150	20625	4
23526	38	Port Input	2	1306829	22304	4
23526	38	Response	3	1306829	22304	4
23526	38	Port Input	1	1308314	23789	4
23526	38	Response	2	1308314	23789	4
23526	39	Nothing	19	1313930	0	1			0		other	0
23526	40	Nothing	51	1344388	0	1			0		other	0
23526	40	Port Input	2	1349693	5305	4
23526	40	Response	3	1349693	5305	4
23526	41	Nothing	1000	1349709	0	0			0		other	0
23526	42	Nothing	62	1349816	0	1			0		other	0
23526	43	Nothing	101	1349934	0	1			0		false_alarm	217
23526	43	Port Input	2	1352448	2514	4
23526	43	Response	3	1352448	2514	4
23526	43	Port Input	2	1354023	4089	4
23526	43	Response	3	1354023	4089	4
23526	44	Nothing	19	1382785	0	1			0		other	0
23526	44	Port Input	1	1416503	33718	4
23526	44	Response	2	1416503	33718	4
23526	44	Port Input	1	1419437	36652	4
23526	44	Response	2	1419437	36652	4
23526	45	Nothing	19	1420868	0	1			0		other	0
23526	45	Port Input	1	1421152	285	4
23526	45	Response	2	1421152	285	4
23526	46	Nothing	19	1463230	0	1			0		other	0
23526	47	Nothing	51	1505942	0	1			0		other	0
23526	47	Port Input	2	1509605	3664	4
23526	47	Response	3	1509605	3664	4
23526	48	Nothing	1000	1509619	0	1			0		other	0
23526	49	Nothing	62	1509727	0	0			0		other	0
23526	50	Nothing	101	1509848	0	1			0		false_alarm	236
23526	50	Port Input	2	1512364	2516	4
23526	50	Response	3	1512364	2516	4
23526	50	Port Input	2	1513553	3705	4
23526	50	Response	3	1513553	3705	4
23526	51	Nothing	19	1542702	0	1			0		other	0
23526	52	Nothing	51	1570625	0	1			0		other	0
23526	52	Port Input	2	1573140	2515	5
23526	52	Response	3	1573140	2515	5
23526	53	Nothing	1000	1573157	0	1			0		other	0
23526	54	Nothing	62	1573265	0	0			0		other	0
23526	55	Nothing	101	1573381	0	1			0		false_alarm	247
23526	55	Port Input	2	1576952	3571	4
23526	55	Response	3	1576952	3571	4
23526	55	Port Input	1	1585599	12219	4
23526	55	Response	2	1585599	12219	4
23526	56	Nothing	19	1606304	0	1			0		other	0
23526	58	Nothing	51	1619368	0	1			0		other	0
23526	58	Port Input	2	1621724	2356	4
23526	58	Response	3	1621724	2356	4
23526	59	Nothing	1000	1621739	0	1			0		other	0
23526	60	Nothing	62	1621847	0	0			0		other	0
23526	61	Nothing	101	1621963	0	1			0		false_alarm	258
23526	61	Port Input	2	1622949	986	4
23526	61	Response	3	1622949	986	4
23526	62	Nothing	19	1654962	0	1			0		other	0
23526	63	Nothing	51	1674669	0	1			0		other	0
23526	63	Port Input	2	1678401	3732	4
23526	63	Response	3	1678401	3732	4
23526	64	Nothing	1000	1678416	0	1			0		other	0
23526	65	Nothing	62	1678523	0	1			0		other	0
23526	66	Nothing	101	1678639	0	0			0		false_alarm	267
23526	66	Port Input	2	1679905	1267	4
23526	66	Response	3	1679905	1267	4
23526	66	Port Input	2	1682488	3850	4
23526	66	Response	3	1682488	3850	4
23526	67	Nothing	19	1711506	0	1			0		other	0
23526	68	Nothing	51	1743106	0	1			0		other	0
23526	68	Port Input	2	1746678	3572	4
23526	68	Response	3	1746678	3572	4
23526	69	Nothing	1000	1746693	0	1			0		other	0
23526	70	Nothing	62	1746801	0	0			0		other	0
23526	71	Nothing	101	1746916	0	1			0		false_alarm	278
23526	71	Port Input	2	1749201	2285	4
23526	71	Response	3	1749201	2285	4
23526	72	Nothing	19	1779778	0	1			0		other	0
23526	72	Port Input	2	1799059	19281	5
23526	72	Response	3	1799059	19281	5
23526	72	Port Input	2	1801330	21552	4
23526	72	Response	3	1801330	21552	4
23526	72	Port Input	2	1801930	22152	4
23526	72	Port Input	2	1801953	22175	4
23526	72	Port Input	2	1801964	22186	4
23526	72	Port Input	2	1803005	23227	4
23526	72	Response	3	1803005	23227	4
23526	72	Port Input	2	1805518	25741	4
23526	72	Response	3	1805518	25741	4
23526	72	Port Input	2	1807176	27398	4
23526	72	Response	3	1807176	27398	4
23526	73	Nothing	19	1808697	0	1			0		other	0
23526	73	Port Input	2	1812351	3654	4
23526	73	Response	3	1812351	3654	4
23526	73	Port Input	2	1814161	5464	4
23526	73	Response	3	1814161	5464	4
23526	73	Port Input	2	1814377	5680	4
23526	73	Response	3	1814377	5680	4
23526	73	Port Input	2	1816553	7856	5
23526	73	Response	3	1816553	7856	5
23526	73	Port Input	2	1818989	10292	4
23526	73	Response	3	1818989	10292	4
23526	73	Port Input	2	1819044	10347	4
23526	73	Port Input	2	1819124	10427	4
23526	73	Port Input	2	1822158	13461	4
23526	73	Response	3	1822158	13461	4
23526	74	Nothing	19	1857839	0	1			0		other	0
23526	75	Nothing	51	1872442	0	1			0		other	0
23526	75	Port Input	2	1875962	3521	4
23526	75	Response	3	1875962	3521	4
23526	76	Nothing	1001	1875977	0	1			0		other	0
23526	77	Nothing	63	1876087	0	1			0		other	0
23526	78	Nothing	101	1876204	0	1			0		false_alarm	316
23526	78	Port Input	2	1878296	2092	4
23526	78	Response	3	1878296	2092	4
23526	78	Port Input	2	1881158	4954	4
23526	78	Response	3	1881158	4954	4
23526	79	Nothing	19	1909209	0	1			0		other	0
23526	80	Nothing	51	1934100	0	1			0		other	0
23526	80	Port Input	2	1941135	7036	4
23526	80	Response	3	1941135	7036	4
23526	81	Nothing	1000	1941150	0	1			0		other	0
23526	82	Nothing	62	1941257	0	1			0		other	0
23526	83	Nothing	101	1941372	0	1			0		false_alarm	327
23526	83	Port Input	2	1947904	6531	4
23526	83	Response	3	1947904	6531	4
23526	83	Port Input	1	1951226	9854	4
23526	83	Response	2	1951226	9854	4
23526	84	Nothing	19	1974256	0	1			0		other	0
23526	86	Nothing	51	1994470	0	1			0		other	0
23526	86	Port Input	2	1997102	2632	4
23526	86	Response	3	1997102	2632	4
23526	87	Nothing	1000	1997118	0	1			0		other	0
23526	88	Nothing	62	1997228	0	1			0		other	0
23526	89	Nothing	101	1997343	0	1			0		false_alarm	338
23526	89	Port Input	2	1999785	2442	4
23526	89	Response	3	1999785	2442	4
23526	90	Nothing	19	2030205	0	1			0		other	0
23526	91	Nothing	51	2060880	0	1			0		other	0
23526	91	Port Input	2	2063625	2745	4
23526	91	Response	3	2063625	2745	4
23526	92	Nothing	1000	2063641	0	1			0		other	0
23526	93	Nothing	62	2063749	0	1			0		other	0
23526	94	Nothing	101	2063864	0	1			0		false_alarm	347
23526	94	Port Input	2	2066137	2273	4
23526	94	Response	3	2066137	2273	4
23526	95	Nothing	19	2096740	0	1			0		other	0
23526	96	Nothing	51	2126416	0	1			0		other	0
23526	96	Port Input	2	2130002	3586	7
23526	96	Response	3	2130002	3586	7
23526	97	Nothing	1000	2130020	0	1			0		other	0
23526	98	Nothing	62	2130128	0	0			0		other	0
23526	99	Nothing	101	2130244	0	1			0		false_alarm	356
23526	99	Port Input	2	2131290	1046	4
23526	99	Response	3	2131290	1046	4
23526	100	Nothing	19	2163117	0	1			0		other	0
23526	101	Nothing	51	2183877	0	1			0		other	0
23526	101	Port Input	2	2187495	3617	4
23526	101	Response	3	2187495	3617	4
23526	102	Nothing	1000	2187510	0	1			0		other	0
23526	103	Nothing	62	2187617	0	1			0		other	0
23526	104	Nothing	101	2187733	0	1			0		false_alarm	365
23526	104	Port Input	2	2190229	2497	4
23526	104	Response	3	2190229	2497	4
23526	104	Port Input	2	2191730	3998	5
23526	104	Response	3	2191730	3998	5
23526	105	Nothing	19	2220561	0	1			0		other	0
23526	106	Nothing	51	2232404	0	1			0		other	0
23526	106	Port Input	2	2234929	2525	4
23526	106	Response	3	2234929	2525	4
23526	107	Nothing	1000	2234944	0	1			0		other	0
23526	108	Nothing	62	2235052	0	1			0		other	0
23526	109	Nothing	101	2235167	0	0			0		false_alarm	376
23526	109	Port Input	2	2237216	2049	4
23526	109	Response	3	2237216	2049	4
23526	110	Nothing	19	2268341	0	1			0		other	0
23526	112	Nothing	51	2281943	0	1			0		other	0
23526	112	Port Input	2	2284316	2374	4
23526	112	Response	3	2284316	2374	4
23526	113	Nothing	1000	2284332	0	1			0		other	0
23526	114	Nothing	62	2284440	0	1			0		other	0
23526	115	Nothing	101	2284557	0	1			0		false_alarm	385
23526	115	Port Input	2	2286937	2379	4
23526	115	Response	3	2286937	2379	4
23526	115	Port Input	2	2288403	3846	4
23526	115	Response	3	2288403	3846	4
23526	116	Nothing	19	2317488	0	1			0		other	0
23526	117	Nothing	51	2343797	0	1			0		other	0
23526	117	Port Input	2	2347364	3567	4
23526	117	Response	3	2347364	3567	4
23526	118	Nothing	1000	2347378	0	1			0		other	0
23526	119	Nothing	62	2347488	0	0			0		other	0
23526	120	Nothing	101	2347605	0	1			0		false_alarm	396
23526	120	Port Input	2	2350322	2717	4
23526	120	Response	3	2350322	2717	4
23526	121	Nothing	19	2380682	0	1			0		other	0
23526	122	Nothing	51	2398415	0	1			0		other	0
23526	122	Port Input	2	2402079	3664	4
23526	122	Response	3	2402079	3664	4
23526	123	Nothing	1000	2402093	0	0			0		other	0
23526	124	Nothing	62	2402200	0	1			0		other	0
23526	125	Nothing	101	2402316	0	1			0		false_alarm	405
23526	125	Port Input	2	2406278	3962	4
23526	125	Response	3	2406278	3962	4
23526	126	Nothing	19	2435165	0	1			0		other	0
23526	126	Port Input	1	2469588	34423	4
23526	126	Response	2	2469588	34423	4
23526	126	Port Input	1	2472533	37368	5
23526	126	Response	2	2472533	37368	5
23526	127	Nothing	19	2478924	0	1			0		other	0
23526	128	Nothing	51	2500926	0	0			0		other	0
23526	128	Port Input	2	2503472	2546	4
23526	128	Response	3	2503472	2546	4
23526	129	Nothing	1001	2503487	0	1			0		other	0
23526	130	Nothing	63	2503598	0	0			0		other	0
23526	131	Nothing	101	2503716	0	0			0		false_alarm	419
23526	131	Port Input	2	2508901	5186	4
23526	131	Response	3	2508901	5186	4
23526	131	Port Input	1	2515264	11549	4
23526	131	Response	2	2515264	11549	4
23526	131	Port Input	2	2516724	13008	4
23526	131	Response	3	2516724	13008	4
23526	131	Port Input	1	2518216	14500	11
23526	131	Response	2	2518216	14500	11
23526	131	Port Input	1	2519759	16043	4
23526	131	Response	2	2519759	16043	4
23526	132	Nothing	19	2536565	0	1			0		other	0
23526	133	Nothing	51	2548196	0	1			0		other	0
23526	133	Port Input	2	2550537	2341	6
23526	133	Response	3	2550537	2341	6
23526	134	Nothing	1000	2550555	0	1			0		other	0
23526	135	Nothing	62	2550663	0	1			0		other	0
23526	136	Nothing	101	2550778	0	1			0		false_alarm	436
23526	136	Port Input	2	2552856	2079	4
23526	136	Response	3	2552856	2079	4
23526	136	Port Input	1	2566302	15524	4
23526	136	Response	2	2566302	15524	4
23526	136	Port Input	2	2567786	17008	4
23526	136	Response	3	2567786	17008	4
23526	136	Port Input	1	2569426	18648	5
23526	136	Response	2	2569426	18648	5
23526	136	Port Input	1	2570871	20093	5
23526	136	Response	2	2570871	20093	5
23526	136	Port Input	1	2572522	21744	4
23526	136	Response	2	2572522	21744	4
23526	137	Nothing	19	2583660	0	1			0		other	0
23526	137	Port Input	2	2604077	20417	4
23526	137	Response	3	2604077	20417	4
23526	137	Port Input	2	2605418	21758	5
23526	137	Response	3	2605418	21758	5
23526	137	Port Input	2	2623683	40022	4
23526	137	Response	3	2623683	40022	4
23526	138	Nothing	19	2623844	0	0			0		other	0
23526	140	Nothing	51	2650048	0	1			0		other	0
23526	140	Port Input	2	2652653	2605	4
23526	140	Response	3	2652653	2605	4
23526	141	Nothing	1000	2652668	0	1			0		other	0
23526	142	Nothing	62	2652776	0	1			0		other	0
23526	143	Nothing	101	2652894	0	1			0		false_alarm	462
23526	143	Port Input	2	2653979	1085	5
23526	143	Response	3	2653979	1085	5
23526	143	Port Input	2	2656992	4099	4
23526	143	Response	3	2656992	4099	4
23526	143	Port Input	2	2678360	25466	4
23526	143	Response	3	2678360	25466	4
23526	143	Port Input	2	2683390	30496	4
23526	143	Response	3	2683390	30496	4
23526	144	Nothing	19	2685731	0	0			0		other	0
23526	145	Nothing	51	2700496	0	1			0		other	0
23526	145	Port Input	2	2704135	3638	4
23526	145	Response	3	2704135	3638	4
23526	146	Nothing	1000	2704155	0	1			0		other	0
23526	147	Nothing	62	2704262	0	1			0		other	0
23526	148	Nothing	101	2704378	0	1			0		false_alarm	477
23526	148	Port Input	2	2705662	1283	4
23526	148	Response	3	2705662	1283	4
23526	148	Port Input	2	2707203	2825	4
23526	148	Response	3	2707203	2825	4
23526	148	Port Input	2	2708806	4427	4
23526	148	Response	3	2708806	4427	4
23526	149	Nothing	19	2737240	0	1			0		other	0
23526	149	Port Input	1	2764891	27650	4
23526	149	Response	2	2764891	27650	4
23526	150	Nothing	19	2775939	0	1			0		other	0
23526	151	Nothing	51	2787630	0	1			0		other	0
23526	151	Port Input	2	2790216	2587	4
23526	151	Response	3	2790216	2587	4
23526	152	Nothing	1000	2790231	0	0			0		other	0
23526	153	Nothing	62	2790339	0	1			0		other	0
23526	154	Nothing	101	2790454	0	1			0		false_alarm	493
23526	154	Port Input	2	2793214	2760	4
23526	154	Response	3	2793214	2760	4
23526	154	Port Input	2	2794875	4421	4
23526	154	Response	3	2794875	4421	4
23526	155	Nothing	19	2823307	0	1			0		other	0
23526	156	Nothing	51	2845779	0	1			0		other	0
23526	157	Nothing	77	2865790	0	1			0		other	0
23526	158	Nothing	1000	2895798	0	1			0		other	0
23526	159	Nothing	19	2898485	0	1			0		other	0
23526	160	Nothing	51	2922849	0	1			0		other	0
23526	160	Port Input	2	2928799	5949	4
23526	160	Response	3	2928799	5949	4
23526	161	Nothing	1000	2928814	0	1			0		other	0
23526	162	Nothing	62	2928922	0	0			0		other	0
23526	163	Nothing	101	2929038	0	0			0		false_alarm	508
23526	163	Port Input	1	2939294	10257	4
23526	163	Response	2	2939294	10257	4
23526	163	Port Input	1	2940266	11228	4
23526	163	Response	2	2940266	11228	4
23526	163	Port Input	1	2942212	13174	4
23526	163	Response	2	2942212	13174	4
23526	163	Port Input	1	2943289	14252	4
23526	163	Response	2	2943289	14252	4
23526	163	Port Input	1	2944355	15317	4
23526	163	Response	2	2944355	15317	4
23526	163	Port Input	1	2945496	16458	4
23526	163	Response	2	2945496	16458	4
23526	163	Port Input	1	2946640	17602	6
23526	163	Response	2	2946640	17602	6
23526	163	Port Input	1	2947830	18792	8
23526	163	Response	2	2947830	18792	8
23526	163	Port Input	1	2949028	19990	4
23526	163	Response	2	2949028	19990	4
23526	163	Port Input	1	2950173	21135	4
23526	163	Response	2	2950173	21135	4
23526	163	Port Input	1	2954018	24980	4
23526	163	Response	2	2954018	24980	4
23526	163	Port Input	1	2955201	26163	4
23526	163	Response	2	2955201	26163	4
23526	163	Port Input	1	2956398	27360	4
23526	163	Response	2	2956398	27360	4
23526	163	Port Input	1	2957551	28513	5
23526	163	Response	2	2957551	28513	5
23526	163	Port Input	1	2958605	29567	4
23526	163	Response	2	2958605	29567	4
23526	163	Port Input	1	2959818	30780	4
23526	163	Response	2	2959818	30780	4
23526	163	Port Input	1	2961188	32150	4
23526	163	Response	2	2961188	32150	4
23526	164	Nothing	19	2962123	0	1			0		other	0
23526	164	Port Input	1	2962289	166	4
23526	164	Response	2	2962289	166	4
23526	164	Port Input	1	2963708	1585	4
23526	164	Response	2	2963708	1585	4
23526	164	Port Input	1	2965175	3052	4
23526	164	Response	2	2965175	3052	4
23526	164	Port Input	1	2967723	5600	4
23526	164	Response	2	2967723	5600	4
23526	164	Port Input	1	2968989	6866	4
23526	164	Response	2	2968989	6866	4
23526	164	Port Input	1	2970304	8181	4
23526	164	Response	2	2970304	8181	4
23526	164	Port Input	1	2971620	9497	4
23526	164	Response	2	2971620	9497	4
23526	164	Port Input	1	2973167	11044	4
23526	164	Response	2	2973167	11044	4
23526	164	Port Input	2	2981671	19548	4
23526	164	Response	3	2981671	19548	4
23526	164	Port Input	2	2981700	19577	4
23526	165	Nothing	19	2985277	0	1			0		other	0
23526	165	Port Input	2	2985592	314	8
23526	165	Response	3	2985592	314	8
23526	165	Port Input	2	2988162	2885	4
23526	165	Response	3	2988162	2885	4
23526	165	Port Input	2	2988254	2977	4
23526	165	Port Input	1	2991850	6572	4
23526	165	Response	2	2991850	6572	4
23526	165	Port Input	2	2991899	6621	4
23526	165	Response	3	2991899	6621	4
23526	165	Port Input	1	2992659	7382	4
23526	165	Response	2	2992659	7382	4
23526	165	Port Input	1	2993518	8240	4
23526	165	Port Input	1	2993546	8268	4
23526	165	Port Input	1	2993549	8272	4
23526	166	Nothing	19	3012483	0	1			0		other	0
23526	166	Port Input	2	3023426	10943	4
23526	166	Response	3	3023426	10943	4
23526	166	Port Input	2	3032101	19619	4
23526	166	Response	3	3032101	19619	4
23526	166	Port Input	2	3033331	20848	4
23526	166	Response	3	3033331	20848	4
23526	166	Port Input	2	3034550	22067	7
23526	166	Response	3	3034550	22067	7
23526	166	Port Input	1	3035790	23307	4
23526	166	Response	2	3035790	23307	4
23526	166	Port Input	2	3037406	24924	4
23526	166	Response	3	3037406	24924	4
23526	167	Nothing	19	3046978	0	1			0		other	0
23526	167	Port Input	1	3056474	9496	4
23526	167	Response	2	3056474	9496	4
23526	168	Nothing	19	3057648	0	1			0		other	0
23526	168	Port Input	2	3058872	1224	5
23526	168	Response	3	3058872	1224	5
23526	168	Port Input	1	3060014	2366	4
23526	168	Response	2	3060014	2366	4
23526	168	Port Input	1	3060019	2371	4
23526	168	Port Input	2	3062217	4569	5
23526	168	Response	3	3062217	4569	5
23526	168	Port Input	1	3063263	5615	4
23526	168	Response	2	3063263	5615	4
23526	168	Port Input	1	3066824	9176	4
23526	168	Response	2	3066824	9176	4
23526	168	Port Input	1	3068754	11105	4
23526	168	Response	2	3068754	11105	4
23526	170	Nothing	51	3103712	0	1			0		other	0
23526	170	Port Input	2	3111392	7680	4
23526	170	Response	3	3111392	7680	4
23526	171	Nothing	1000	3111407	0	1			0		other	0
23526	172	Nothing	62	3111515	0	1			0		other	0
23526	173	Nothing	101	3111632	0	1			0		other	0
23526	174	Nothing	19	3144553	0	1			0		other	0
23526	175	Nothing	51	3157402	0	1			0		other	0
23526	175	Port Input	2	3161192	3791	5
23526	175	Response	3	3161192	3791	5
23526	176	Nothing	1000	3161208	0	1			0		other	0
23526	177	Nothing	62	3161315	0	0			0		other	0
23526	178	Nothing	101	3161430	0	1			0		false_alarm	620
23526	178	Port Input	1	3163786	2356	5
23526	178	Response	2	3163786	2356	5
23526	178	Port Input	2	3165662	4232	4
23526	178	Response	3	3165662	4232	4
23526	179	Nothing	19	3194339	0	1			0		other	0
23526	180	Nothing	51	3205229	0	0			0		other	0
23526	180	Port Input	2	3206716	1487	8
23526	180	Response	3	3206716	1487	8
23526	181	Nothing	1000	3206743	0	1			0		other	0
23526	182	Nothing	62	3206856	0	1			0		other	0
23526	183	Nothing	101	3206973	0	1			0		false_alarm	631
23526	183	Port Input	2	3209060	2087	4
23526	183	Response	3	3209060	2087	4
23526	183	Port Input	2	3214027	7054	5
23526	183	Response	3	3214027	7054	5
23526	184	Nothing	19	3239905	0	1			0		other	0
23526	185	Nothing	51	3250915	0	1			0		other	0
23526	185	Port Input	2	3252420	1505	4
23526	185	Response	3	3252420	1505	4
23526	186	Nothing	1000	3252437	0	1			0		other	0
23526	187	Nothing	62	3252547	0	0			0		other	0
23526	188	Nothing	101	3252663	0	0			0		false_alarm	642
23526	188	Port Input	1	3256255	3591	4
23526	188	Response	2	3256255	3591	4
23526	189	Nothing	19	3285534	0	1			0		other	0
23526	189	Port Input	2	3286562	1027	8
23526	189	Response	3	3286562	1027	8
23526	190	Nothing	19	3303961	0	1			0		other	0
23526	190	Port Input	2	3315509	11548	4
23526	190	Response	3	3315509	11548	4
23526	191	Nothing	19	3327888	0	1			0		other	0
23526	191	Port Input	1	3332522	4634	4
23526	191	Response	2	3332522	4634	4
23526	192	Nothing	19	3343780	0	1			0		other	0
23526	193	Nothing	51	3359370	0	1			0		other	0
23526	193	Port Input	2	3362582	3212	5
23526	193	Response	3	3362582	3212	5
23526	194	Nothing	1001	3362597	0	1			0		other	0
23526	195	Nothing	63	3362707	0	1			0		other	0
23526	196	Nothing	101	3362824	0	1			0		false_alarm	660
23526	196	Port Input	1	3386240	23417	4
23526	196	Response	2	3386240	23417	4
23526	196	Port Input	1	3387372	24548	7
23526	196	Response	2	3387372	24548	7
23526	196	Port Input	1	3388247	25424	4
23526	196	Response	2	3388247	25424	4
23526	196	Port Input	1	3389318	26494	4
23526	196	Response	2	3389318	26494	4
23526	196	Port Input	1	3390354	27531	18
23526	196	Response	2	3390354	27531	18
23526	196	Port Input	1	3391471	28647	4
23526	196	Response	2	3391471	28647	4
23526	196	Port Input	1	3395138	32315	4
23526	196	Response	2	3395138	32315	4
23526	197	Nothing	19	3395694	0	1			0		other	0
23526	197	Port Input	1	3396417	722	5
23526	197	Response	2	3396417	722	5
23526	197	Port Input	1	3397592	1897	4
23526	197	Response	2	3397592	1897	4
23526	197	Port Input	1	3398782	3088	4
23526	197	Response	2	3398782	3088	4
23526	197	Port Input	1	3400046	4351	4
23526	197	Response	2	3400046	4351	4
23526	197	Port Input	1	3401335	5641	4
23526	197	Response	2	3401335	5641	4
23526	197	Port Input	1	3402620	6925	4
23526	197	Response	2	3402620	6925	4
23526	197	Port Input	1	3403913	8219	4
23526	197	Response	2	3403913	8219	4
23526	197	Port Input	1	3405186	9491	4
23526	197	Response	2	3405186	9491	4
23526	197	Port Input	1	3406538	10843	4
23526	197	Response	2	3406538	10843	4
23526	197	Port Input	1	3407825	12130	4
23526	197	Response	2	3407825	12130	4
23526	197	Port Input	1	3409052	13358	4
23526	197	Response	2	3409052	13358	4
23526	197	Port Input	1	3410404	14710	4
23526	197	Response	2	3410404	14710	4
23526	197	Port Input	1	3412076	16381	4
23526	197	Response	2	3412076	16381	4
23526	197	Port Input	1	3413435	17741	4
23526	197	Response	2	3413435	17741	4
23526	197	Port Input	1	3414726	19031	8
23526	197	Response	2	3414726	19031	8
23526	197	Port Input	1	3417623	21929	4
23526	197	Response	2	3417623	21929	4
23526	197	Port Input	1	3422438	26743	4
23526	197	Response	2	3422438	26743	4
23526	197	Port Input	1	3424109	28415	4
23526	197	Response	2	3424109	28415	4
23526	197	Port Input	1	3425766	30071	9
23526	197	Response	2	3425766	30071	9
23526	197	Port Input	1	3427595	31900	4
23526	197	Response	2	3427595	31900	4
23526	197	Port Input	1	3429320	33626	4
23526	197	Response	2	3429320	33626	4
23526	197	Port Input	1	3430778	35084	6
23526	197	Response	2	3430778	35084	6
23526	197	Port Input	1	3432176	36482	4
23526	197	Response	2	3432176	36482	4
23526	197	Port Input	1	3433932	38238	5
23526	197	Response	2	3433932	38238	5
23526	197	Port Input	1	3436190	40495	4
23526	197	Response	2	3436190	40495	4
23526	198	Nothing	19	3436927	0	0			0		other	0
23526	198	Port Input	1	3437650	723	4
23526	198	Response	2	3437650	723	4
23526	198	Port Input	1	3439314	2388	4
23526	198	Response	2	3439314	2388	4
23526	198	Port Input	1	3440598	3671	6
23526	198	Response	2	3440598	3671	6
23526	198	Port Input	1	3442254	5328	4
23526	198	Response	2	3442254	5328	4
23526	198	Port Input	1	3445576	8650	4
23526	198	Response	2	3445576	8650	4
23526	198	Port Input	1	3447000	10074	4
23526	198	Response	2	3447000	10074	4
23526	198	Port Input	1	3449050	12123	4
23526	198	Response	2	3449050	12123	4
23526	199	Nothing	19	3454132	0	1			0		other	0
23526	199	Port Input	1	3460536	6404	4
23526	199	Response	2	3460536	6404	4
23526	199	Port Input	1	3481836	27704	5
23526	199	Response	2	3481836	27704	5
23526	200	Nothing	19	3501783	0	0			0		other	0
23526	200	Port Input	1	3503893	2110	4
23526	200	Response	2	3503893	2110	4
23526	201	Nothing	19	3526895	0	1			0		other	0
23526	201	Port Input	1	3557340	30445	4
23526	201	Response	2	3557340	30445	4
23526	201	Port Input	1	3558622	31727	4
23526	201	Response	2	3558622	31727	4
23526	203	Nothing	51	3564340	0	1			0		other	0
23526	203	Port Input	1	3581392	17053	4
23526	203	Response	2	3581392	17053	4
23526	204	Nothing	1000	3581408	0	1			0		other	0
23526	205	Nothing	62	3581516	0	1			0		other	0
23526	206	Nothing	100	3581639	0	1			0		false_alarm	759
23526	206	Port Input	1	3582859	1220	4
23526	206	Response	2	3582859	1220	4
23526	206	Port Input	1	3585449	3810	5
23526	206	Response	2	3585449	3810	5
23526	206	Port Input	1	3586844	5206	6
23526	206	Response	2	3586844	5206	6
23526	206	Port Input	1	3588165	6526	4
23526	206	Response	2	3588165	6526	4
23526	206	Port Input	1	3589716	8077	4
23526	206	Response	2	3589716	8077	4
23526	206	Port Input	1	3591232	9593	4
23526	206	Response	2	3591232	9593	4
23526	206	Port Input	1	3592801	11162	4
23526	206	Response	2	3592801	11162	4
23526	206	Port Input	1	3608531	26892	4
23526	206	Response	2	3608531	26892	4
23526	206	Port Input	1	3609758	28120	4
23526	206	Response	2	3609758	28120	4
23526	206	Port Input	1	3610919	29280	6
23526	206	Response	2	3610919	29280	6
23526	206	Port Input	1	3612235	30597	4
23526	206	Response	2	3612235	30597	4
23526	206	Port Input	1	3613509	31870	5
23526	206	Response	2	3613509	31870	5
23526	206	Port Input	1	3614726	33088	152
23526	206	Response	2	3614726	33088	152
23526	207	Nothing	19	3614892	0	1			0		other	0
23526	207	Port Input	1	3616294	1402	4
23526	207	Response	2	3616294	1402	4
23526	207	Port Input	1	3617711	2819	4
23526	207	Response	2	3617711	2819	4
23526	207	Port Input	1	3619033	4141	4
23526	207	Response	2	3619033	4141	4
23526	207	Port Input	1	3620336	5444	4
23526	207	Response	2	3620336	5444	4
23526	207	Port Input	1	3621649	6756	4
23526	207	Response	2	3621649	6756	4
23526	207	Port Input	1	3622948	8056	4
23526	207	Response	2	3622948	8056	4
23526	207	Port Input	2	3625608	10716	5
23526	207	Response	3	3625608	10716	5
23526	207	Port Input	1	3626942	12050	4
23526	207	Response	2	3626942	12050	4
23526	207	Port Input	1	3628313	13420	5
23526	207	Response	2	3628313	13420	5
23526	208	Nothing	19	3628955	0	1			0		other	0
23526	208	Port Input	1	3629816	860	4
23526	208	Response	2	3629816	860	4
23526	208	Port Input	1	3631273	2318	4
23526	208	Response	2	3631273	2318	4
23526	208	Port Input	1	3632808	3852	4
23526	208	Response	2	3632808	3852	4
23526	208	Port Input	1	3634238	5283	4
23526	208	Response	2	3634238	5283	4
23526	208	Port Input	2	3635737	6782	4
23526	208	Response	3	3635737	6782	4
23526	208	Port Input	2	3637099	8144	4
23526	208	Response	3	3637099	8144	4
23526	208	Port Input	1	3638501	9546	5
23526	208	Response	2	3638501	9546	5
23526	208	Port Input	1	3639931	10976	4
23526	208	Response	2	3639931	10976	4
23526	208	Port Input	1	3641572	12616	4
23526	208	Response	2	3641572	12616	4
23526	208	Port Input	1	3643106	14150	4
23526	208	Response	2	3643106	14150	4
23526	208	Port Input	1	3644549	15594	4
23526	208	Response	2	3644549	15594	4
23526	208	Port Input	1	3645920	16964	4
23526	208	Response	2	3645920	16964	4
23526	208	Port Input	1	3647613	18657	4
23526	208	Response	2	3647613	18657	4
23526	208	Port Input	1	3653206	24251	4
23526	208	Response	2	3653206	24251	4
23526	209	Nothing	19	3657203	0	1			0		other	0
23526	209	Port Input	1	3662313	5110	4
23526	209	Response	2	3662313	5110	4
23526	209	Port Input	1	3663592	6389	5
23526	209	Response	2	3663592	6389	5
23526	209	Port Input	1	3665046	7843	4
23526	209	Response	2	3665046	7843	4
23526	209	Port Input	1	3666337	9134	5
23526	209	Response	2	3666337	9134	5
23526	209	Port Input	1	3669504	12301	4
23526	209	Response	2	3669504	12301	4
23526	209	Port Input	1	3671180	13977	4
23526	209	Response	2	3671180	13977	4
23526	210	Nothing	19	3673310	0	1			0		other	0
23526	210	Port Input	1	3674748	1438	7
23526	210	Response	2	3674748	1438	7
23526	210	Port Input	2	3679147	5837	4
23526	210	Response	3	3679147	5837	4
23526	211	Nothing	19	3695467	0	0			0		other	0
23526	211	Port Input	2	3708426	12959	5
23526	211	Response	3	3708426	12959	5
23526	212	Nothing	51	3728720	0	1			0		other	0
23526	212	Port Input	1	3734163	5443	4
23526	212	Response	2	3734163	5443	4
23526	213	Nothing	1000	3734179	0	1			0		other	0
23526	214	Nothing	62	3734286	0	1			0		other	0
23526	215	Nothing	100	3734407	0	0			0		false_alarm	860
23526	215	Port Input	1	3735319	912	4
23526	215	Response	2	3735319	912	4
23526	215	Port Input	1	3737789	3382	4
23526	215	Response	2	3737789	3382	4
23526	215	Port Input	1	3739175	4768	5
23526	215	Response	2	3739175	4768	5
23526	215	Port Input	1	3740504	6097	5
23526	215	Response	2	3740504	6097	5
23526	215	Port Input	1	3741890	7483	4
23526	215	Response	2	3741890	7483	4
23526	215	Port Input	1	3743161	8754	4
23526	215	Response	2	3743161	8754	4
23526	215	Port Input	1	3744502	10095	4
23526	215	Response	2	3744502	10095	4
23526	215	Port Input	1	3745774	11367	4
23526	215	Response	2	3745774	11367	4
23526	215	Port Input	1	3748210	13803	4
23526	215	Response	2	3748210	13803	4
23526	215	Port Input	1	3749244	14837	4
23526	215	Response	2	3749244	14837	4
23526	215	Port Input	1	3750672	16266	6
23526	215	Response	2	3750672	16266	6
23526	215	Port Input	1	3752016	17609	7
23526	215	Response	2	3752016	17609	7
23526	215	Port Input	1	3753379	18972	4
23526	215	Response	2	3753379	18972	4
23526	215	Port Input	2	3754920	20513	4
23526	215	Response	3	3754920	20513	4
23526	215	Port Input	1	3756140	21733	4
23526	215	Response	2	3756140	21733	4
23526	215	Port Input	1	3757412	23005	4
23526	215	Response	2	3757412	23005	4
23526	215	Port Input	2	3760156	25749	7
23526	215	Response	3	3760156	25749	7
23526	215	Port Input	1	3761382	26975	4
23526	215	Response	2	3761382	26975	4
23526	215	Port Input	1	3762652	28245	4
23526	215	Response	2	3762652	28245	4
23526	215	Port Input	1	3764017	29610	10
23526	215	Response	2	3764017	29610	10
23526	215	Port Input	1	3765391	30984	4
23526	215	Response	2	3765391	30984	4
23526	215	Port Input	2	3767051	32644	5
23526	215	Response	3	3767051	32644	5
23526	216	Nothing	19	3767389	0	1			0		other	0
23526	216	Port Input	1	3769597	2209	5
23526	216	Response	2	3769597	2209	5
23526	216	Port Input	1	3769791	2402	4
23526	216	Port Input	1	3771372	3983	4
23526	216	Response	2	3771372	3983	4
23526	216	Port Input	2	3774217	6828	4
23526	216	Response	3	3774217	6828	4
23526	216	Port Input	1	3775567	8178	4
23526	216	Response	2	3775567	8178	4
23526	216	Port Input	1	3776867	9478	4
23526	216	Response	2	3776867	9478	4
23526	216	Port Input	1	3778395	11006	6
23526	216	Response	2	3778395	11006	6
23526	216	Port Input	1	3779898	12509	6
23526	216	Response	2	3779898	12509	6
23526	216	Port Input	1	3781442	14053	4
23526	216	Response	2	3781442	14053	4
23526	216	Port Input	1	3784318	16929	5
23526	216	Response	2	3784318	16929	5
23526	216	Port Input	2	3785898	18509	4
23526	216	Response	3	3785898	18509	4
23526	217	Nothing	19	3786685	0	1			0		other	0
23526	217	Port Input	2	3787252	568	5
23526	217	Response	3	3787252	568	5
23526	217	Port Input	1	3788642	1958	5
23526	217	Response	2	3788642	1958	5
23526	217	Port Input	1	3790613	3928	4
23526	217	Response	2	3790613	3928	4
23526	217	Port Input	1	3800005	13321	4
23526	217	Response	2	3800005	13321	4
23526	217	Port Input	1	3801503	14819	4
23526	217	Response	2	3801503	14819	4
23526	217	Port Input	1	3802951	16266	4
23526	217	Response	2	3802951	16266	4
23526	217	Port Input	1	3804290	17605	4
23526	217	Response	2	3804290	17605	4
23526	218	Nothing	19	3805253	0	1			0		other	0
23526	218	Port Input	1	3805831	578	4
23526	218	Response	2	3805831	578	4
23526	218	Port Input	1	3810332	5079	4
23526	218	Response	2	3810332	5079	4
23526	218	Port Input	1	3811643	6390	4
23526	218	Response	2	3811643	6390	4
23526	218	Port Input	1	3813326	8073	4
23526	218	Response	2	3813326	8073	4
23526	218	Port Input	1	3814688	9436	4
23526	218	Response	2	3814688	9436	4
23526	218	Port Input	2	3816427	11174	4
23526	218	Response	3	3816427	11174	4
23526	218	Port Input	1	3817763	12511	4
23526	218	Response	2	3817763	12511	4
23526	218	Port Input	1	3819285	14033	4
23526	218	Response	2	3819285	14033	4
23526	218	Port Input	1	3820522	15270	4
23526	218	Response	2	3820522	15270	4
23526	218	Port Input	1	3822007	16754	6
23526	218	Response	2	3822007	16754	6
23526	218	Port Input	2	3823747	18494	4
23526	218	Response	3	3823747	18494	4
23526	218	Port Input	2	3825243	19991	4
23526	218	Response	3	3825243	19991	4
23526	218	Port Input	1	3826578	21325	6
23526	218	Response	2	3826578	21325	6
23526	218	Port Input	1	3828527	23274	4
23526	218	Response	2	3828527	23274	4
23526	218	Port Input	1	3841874	36622	4
23526	218	Response	2	3841874	36622	4
23526	218	Port Input	1	3843195	37942	4
23526	218	Response	2	3843195	37942	4
23526	218	Port Input	1	3844743	39490	4
23526	218	Response	2	3844743	39490	4
23526	218	Port Input	1	3846053	40800	4
23526	218	Response	2	3846053	40800	4
23526	218	Port Input	1	3847388	42135	4
23526	218	Response	2	3847388	42135	4
23526	218	Port Input	1	3849265	44012	5
23526	218	Response	2	3849265	44012	5
23526	218	Port Input	1	3850586	45333	4
23526	218	Response	2	3850586	45333	4
23526	219	Nothing	19	3853473	0	1			0		other	0
23526	219	Port Input	1	3853540	68	4
23526	219	Response	2	3853540	68	4
23526	219	Port Input	2	3855147	1674	4
23526	219	Response	3	3855147	1674	4
23526	219	Port Input	1	3856766	3294	4
23526	219	Response	2	3856766	3294	4
23526	220	Nothing	19	3873617	0	1			0		other	0
23526	220	Port Input	1	3874155	538	4
23526	220	Response	2	3874155	538	4
23526	220	Port Input	1	3884821	11204	6
23526	220	Response	2	3884821	11204	6
23526	220	Port Input	1	3895445	21828	4
23526	220	Response	2	3895445	21828	4
23526	221	Nothing	52	3904047	0	0			0		other	0
23526	221	Port Input	1	3907729	3682	4
23526	221	Response	2	3907729	3682	4
23526	222	Nothing	1000	3907743	0	1			0		other	0
23526	223	Nothing	62	3907851	0	0			0		other	0
23526	224	Nothing	110	3907966	0	0			0		false_alarm	1004
23526	224	Port Input	1	3916602	8636	4
23526	224	Response	2	3916602	8636	4
23526	225	Nothing	19	3940926	0	1			0		other	0
23526	226	Nothing	51	3957619	0	1			0		other	0
23526	226	Port Input	2	3965601	7982	4
23526	226	Response	3	3965601	7982	4
23526	227	Nothing	1000	3965615	0	1			0		other	0
23526	228	Nothing	62	3965723	0	0			0		other	0
23526	229	Nothing	101	3965840	0	1			0		false_alarm	1013
23526	229	Port Input	1	3966855	1015	5
23526	229	Response	2	3966855	1015	5
23526	230	Nothing	19	3998932	0	1			0		other	0
23526	230	Port Input	1	4003669	4737	9
23526	230	Response	2	4003669	4737	9
23526	230	Port Input	1	4005054	6122	4
23526	230	Response	2	4005054	6122	4
23526	230	Port Input	1	4006765	7833	5
23526	230	Response	2	4006765	7833	5
23526	230	Port Input	1	4008142	9210	4
23526	230	Response	2	4008142	9210	4
23526	230	Port Input	1	4009664	10733	5
23526	230	Response	2	4009664	10733	5
23526	230	Port Input	1	4013268	14336	4
23526	230	Response	2	4013268	14336	4
23526	231	Nothing	19	4026669	0	0			0		other	0
23526	231	Port Input	1	4032023	5354	4
23526	231	Response	2	4032023	5354	4
23526	231	Port Input	1	4033572	6903	4
23526	231	Response	2	4033572	6903	4
23526	232	Nothing	19	4062314	0	1			0		other	0
23526	233	Nothing	51	4094965	0	1			0		other	0
23526	234	Nothing	77	4114974	0	1			0		other	0
23526	235	Nothing	1000	4144983	0	1			0		other	0
23526	236	Nothing	19	4147689	0	1			0		other	0
23526	236	Port Input	2	4153460	5771	4
23526	236	Response	3	4153460	5771	4
23526	236	Port Input	2	4157688	9999	4
23526	236	Response	3	4157688	9999	4
23526	236	Port Input	2	4158763	11074	4
23526	236	Response	3	4158763	11074	4
23526	236	Port Input	2	4158853	11164	4
23526	236	Port Input	2	4160092	12403	4
23526	236	Response	3	4160092	12403	4
23526	236	Port Input	2	4160111	12423	4
23526	236	Port Input	2	4161510	13822	4
23526	236	Response	3	4161510	13822	4
23526	236	Port Input	2	4161585	13896	4
23526	236	Port Input	2	4163125	15437	4
23526	236	Response	3	4163125	15437	4
23526	236	Port Input	2	4165310	17622	5
23526	236	Response	3	4165310	17622	5
23526	236	Port Input	2	4167303	19615	4
23526	236	Response	3	4167303	19615	4
23526	236	Port Input	2	4167373	19685	4
23526	237	Nothing	19	4169546	0	1			0		other	0
23526	239	Nothing	51	4190118	0	1			0		other	0
23526	239	Port Input	2	4198271	8153	9
23526	239	Response	3	4198271	8153	9
23526	240	Nothing	1000	4198292	0	0			0		other	0
23526	241	Nothing	62	4198401	0	1			0		other	0
23526	242	Nothing	101	4198518	0	1			0		other	0
23526	243	Nothing	19	4231931	0	0			0		other	0
23526	244	Nothing	51	4254244	0	1			0		other	0
23526	245	Nothing	77	4274254	0	1			0		other	0
23526	246	Nothing	1000	4304260	0	1			0		other	0
23526	247	Nothing	19	4306909	0	1			0		other	0
23526	248	Nothing	51	4326864	0	1			0		other	0
23526	249	Nothing	77	4346873	0	1			0		other	0
23526	250	Nothing	1000	4376882	0	0			0		other	0
23526	251	Nothing	19	4379357	0	1			0		other	0
23526	252	Nothing	51	4410006	0	1			0		other	0
23526	253	Nothing	77	4430017	0	0			0		other	0
23526	253	Port Input	1	4430372	355	4
23526	253	Response	2	4430372	355	4
23526	254	Nothing	1000	4460025	0	1			0		other	0
23526	255	Nothing	19	4462735	0	1			0		other	0
23526	255	Port Input	2	4477912	15177	4
23526	255	Response	3	4477912	15177	4
23526	256	Nothing	19	4479558	0	1			0		other	0
23526	257	Nothing	51	4496510	0	1			0		other	0
23526	257	Port Input	1	4500710	4200	5
23526	257	Response	2	4500710	4200	5
23526	258	Nothing	1001	4500725	0	0			0		other	0
23526	259	Nothing	63	4500837	0	0			0		other	0
23526	260	Nothing	100	4500958	0	1			0		false_alarm	1089
23526	260	Port Input	1	4503463	2505	4
23526	260	Response	2	4503463	2505	4
23526	260	Port Input	1	4507276	6318	4
23526	260	Response	2	4507276	6318	4
23526	260	Port Input	1	4508489	7531	4
23526	260	Response	2	4508489	7531	4
23526	260	Port Input	1	4509712	8754	6
23526	260	Response	2	4509712	8754	6
23526	260	Port Input	1	4510975	10018	4
23526	260	Response	2	4510975	10018	4
23526	260	Port Input	1	4512227	11269	4
23526	260	Response	2	4512227	11269	4
23526	260	Port Input	1	4513520	12562	4
23526	260	Response	2	4513520	12562	4
23526	260	Port Input	1	4514896	13938	4
23526	260	Response	2	4514896	13938	4
23526	260	Port Input	1	4516325	15367	4
23526	260	Response	2	4516325	15367	4
23526	260	Port Input	1	4517693	16736	4
23526	260	Response	2	4517693	16736	4
23526	260	Port Input	1	4518979	18021	4
23526	260	Response	2	4518979	18021	4
23526	260	Port Input	1	4520197	19239	4
23526	260	Response	2	4520197	19239	4
23526	260	Port Input	1	4521447	20489	5
23526	260	Response	2	4521447	20489	5
23526	260	Port Input	1	4522873	21915	4
23526	260	Response	2	4522873	21915	4
23526	260	Port Input	1	4524283	23326	4
23526	260	Response	2	4524283	23326	4
23526	260	Port Input	1	4525778	24820	5
23526	260	Response	2	4525778	24820	5
23526	260	Port Input	1	4526980	26023	5
23526	260	Response	2	4526980	26023	5
23526	260	Port Input	1	4528427	27470	4
23526	260	Response	2	4528427	27470	4
23526	260	Port Input	2	4531208	30250	140
23526	260	Response	3	4531208	30250	140
23526	260	Port Input	1	4532440	31482	4
23526	260	Response	2	4532440	31482	4
23526	260	Port Input	1	4533713	32755	4
23526	260	Response	2	4533713	32755	4
23526	261	Nothing	19	4534210	0	1			0		other	0
23526	261	Port Input	1	4535006	796	4
23526	261	Response	2	4535006	796	4
23526	261	Port Input	1	4536436	2226	4
23526	261	Response	2	4536436	2226	4
23526	261	Port Input	1	4538150	3941	4
23526	261	Response	2	4538150	3941	4
23526	261	Port Input	1	4539561	5352	5
23526	261	Response	2	4539561	5352	5
23526	261	Port Input	1	4541084	6875	4
23526	261	Response	2	4541084	6875	4
23526	261	Port Input	1	4542361	8151	4
23526	261	Response	2	4542361	8151	4
23526	261	Port Input	1	4543822	9613	5
23526	261	Response	2	4543822	9613	5
23526	261	Port Input	1	4545439	11229	4
23526	261	Response	2	4545439	11229	4
23526	261	Port Input	1	4548291	14081	5
23526	261	Response	2	4548291	14081	5
23526	261	Port Input	1	4549896	15687	4
23526	261	Response	2	4549896	15687	4
23526	261	Port Input	1	4551420	17211	4
23526	261	Response	2	4551420	17211	4
23526	261	Port Input	1	4552842	18633	9
23526	261	Response	2	4552842	18633	9
23526	261	Port Input	1	4554374	20165	4
23526	261	Response	2	4554374	20165	4
23526	261	Port Input	1	4556013	21804	4
23526	261	Response	2	4556013	21804	4
23526	261	Port Input	1	4557653	23443	5
23526	261	Response	2	4557653	23443	5
23526	261	Port Input	1	4559668	25459	7
23526	261	Response	2	4559668	25459	7
23526	262	Nothing	19	4574725	0	1			0		other	0
23526	264	Nothing	51	4607471	0	1			0		other	0
23526	264	Port Input	1	4612468	4998	4
23526	264	Response	2	4612468	4998	4
23526	265	Nothing	1000	4612485	0	1			0		other	0
23526	266	Nothing	62	4612592	0	1			0		other	0
23526	267	Nothing	100	4612713	0	1			0		false_alarm	1171
23526	267	Port Input	1	4615287	2574	4
23526	267	Response	2	4615287	2574	4
23526	267	Port Input	1	4618070	5357	5
23526	267	Response	2	4618070	5357	5
23526	267	Port Input	1	4619466	6753	5
23526	267	Response	2	4619466	6753	5
23526	267	Port Input	1	4620723	8010	5
23526	267	Response	2	4620723	8010	5
23526	267	Port Input	1	4622205	9492	4
23526	267	Response	2	4622205	9492	4
23526	267	Port Input	1	4623561	10848	8
23526	267	Response	2	4623561	10848	8
23526	267	Port Input	1	4625103	12391	4
23526	267	Response	2	4625103	12391	4
23526	267	Port Input	1	4626480	13767	4
23526	267	Response	2	4626480	13767	4
23526	267	Port Input	1	4627587	14874	7
23526	267	Response	2	4627587	14874	7
23526	267	Port Input	1	4629039	16326	4
23526	267	Response	2	4629039	16326	4
23526	267	Port Input	1	4630396	17683	4
23526	267	Response	2	4630396	17683	4
23526	267	Port Input	1	4631993	19280	4
23526	267	Response	2	4631993	19280	4
23526	267	Port Input	1	4633292	20579	4
23526	267	Response	2	4633292	20579	4
23526	267	Port Input	1	4634768	22055	4
23526	267	Response	2	4634768	22055	4
23526	267	Port Input	1	4636073	23360	4
23526	267	Response	2	4636073	23360	4
23526	267	Port Input	1	4637434	24722	4
23526	267	Response	2	4637434	24722	4
23526	267	Port Input	1	4638960	26247	4
23526	267	Response	2	4638960	26247	4
23526	267	Port Input	1	4640329	27616	4
23526	267	Response	2	4640329	27616	4
23526	267	Port Input	1	4641776	29063	4
23526	267	Response	2	4641776	29063	4
23526	267	Port Input	1	4643312	30600	4
23526	267	Response	2	4643312	30600	4
23526	267	Port Input	1	4644743	32030	4
23526	267	Response	2	4644743	32030	4
23526	268	Nothing	19	4645721	0	1			0		other	0
23526	268	Port Input	1	4646139	419	4
23526	268	Response	2	4646139	419	4
23526	268	Port Input	2	4647738	2017	4
23526	268	Response	3	4647738	2017	4
23526	268	Port Input	1	4648951	3231	4
23526	268	Response	2	4648951	3231	4
23526	268	Port Input	1	4650243	4523	6
23526	268	Response	2	4650243	4523	6
23526	268	Port Input	2	4652030	6309	4
23526	268	Response	3	4652030	6309	4
23526	268	Port Input	2	4653546	7825	4
23526	268	Response	3	4653546	7825	4
23526	268	Port Input	1	4654845	9124	4
23526	268	Response	2	4654845	9124	4
23526	268	Port Input	1	4656336	10615	4
23526	268	Response	2	4656336	10615	4
23526	268	Port Input	1	4658151	12431	4
23526	268	Response	2	4658151	12431	4
23526	268	Port Input	1	4659325	13604	4
23526	268	Response	2	4659325	13604	4
23526	268	Port Input	1	4660806	15085	5
23526	268	Response	2	4660806	15085	5
23526	268	Port Input	1	4662548	16827	4
23526	268	Response	2	4662548	16827	4
23526	268	Port Input	1	4664177	18456	4
23526	268	Response	2	4664177	18456	4
23526	268	Port Input	1	4666105	20384	6
23526	268	Response	2	4666105	20384	6
23526	269	Nothing	19	4666638	0	1			0		other	0
23526	269	Port Input	1	4668046	1408	7
23526	269	Response	2	4668046	1408	7
23526	269	Port Input	1	4669684	3046	4
23526	269	Response	2	4669684	3046	4
23526	269	Port Input	1	4671727	5089	8
23526	269	Response	2	4671727	5089	8
23526	270	Nothing	19	4703765	0	1			0		other	0
23526	270	Port Input	1	4714847	11082	4
23526	270	Response	2	4714847	11082	4
23526	270	Port Input	1	4716221	12456	4
23526	270	Response	2	4716221	12456	4
23526	271	Nothing	19	4718717	0	1			0		other	0
23526	271	Port Input	1	4751530	32814	4
23526	271	Response	2	4751530	32814	4
23526	271	Port Input	1	4753040	34323	4
23526	271	Response	2	4753040	34323	4
23526	271	Port Input	1	4754547	35831	4
23526	271	Response	2	4754547	35831	4
23526	272	Nothing	19	4764807	0	1			0		other	0
23526	273	Nothing	51	4796178	0	1			0		other	0
23526	273	Port Input	1	4809817	13639	4
23526	273	Response	2	4809817	13639	4
23526	274	Nothing	1000	4809831	0	1			0		other	0
23526	275	Nothing	62	4809939	0	1			0		other	0
23526	276	Nothing	100	4810059	0	1			0		false_alarm	1268
23526	276	Port Input	2	4811530	1471	4
23526	276	Response	3	4811530	1471	4
23526	276	Port Input	1	4812857	2798	4
23526	276	Response	2	4812857	2798	4
23526	276	Port Input	1	4816679	6619	4
23526	276	Response	2	4816679	6619	4
23526	276	Port Input	1	4818064	8004	4
23526	276	Response	2	4818064	8004	4
23526	276	Port Input	1	4819326	9266	4
23526	276	Response	2	4819326	9266	4
23526	276	Port Input	1	4820590	10531	4
23526	276	Response	2	4820590	10531	4
23526	276	Port Input	1	4822122	12063	4
23526	276	Response	2	4822122	12063	4
23526	276	Port Input	1	4823464	13405	4
23526	276	Response	2	4823464	13405	4
23526	276	Port Input	1	4824837	14777	5
23526	276	Response	2	4824837	14777	5
23526	276	Port Input	1	4826292	16233	8
23526	276	Response	2	4826292	16233	8
23526	276	Port Input	1	4827690	17631	4
23526	276	Response	2	4827690	17631	4
23526	276	Port Input	1	4829120	19061	4
23526	276	Response	2	4829120	19061	4
23526	276	Port Input	1	4830565	20506	4
23526	276	Response	2	4830565	20506	4
23526	276	Port Input	1	4831884	21824	4
23526	276	Response	2	4831884	21824	4
23526	276	Port Input	1	4833453	23393	4
23526	276	Response	2	4833453	23393	4
23526	276	Port Input	1	4834791	24731	5
23526	276	Response	2	4834791	24731	5
23526	276	Port Input	1	4836010	25951	4
23526	276	Response	2	4836010	25951	4
23526	276	Port Input	1	4837641	27581	4
23526	276	Response	2	4837641	27581	4
23526	276	Port Input	1	4839074	29015	4
23526	276	Response	2	4839074	29015	4
23526	276	Port Input	1	4840538	30479	4
23526	276	Response	2	4840538	30479	4
23526	276	Port Input	1	4841897	31838	4
23526	276	Response	2	4841897	31838	4
23526	276	Port Input	1	4842045	31986	4
23526	277	Nothing	19	4843016	0	1			0		other	0
23526	277	Port Input	1	4843357	341	4
23526	277	Response	2	4843357	341	4
23526	277	Port Input	1	4845196	2180	4
23526	277	Response	2	4845196	2180	4
23526	277	Port Input	1	4846473	3457	4
23526	277	Response	2	4846473	3457	4
23526	277	Port Input	1	4848121	5105	5
23526	277	Response	2	4848121	5105	5
23526	277	Port Input	1	4850052	7036	4
23526	277	Response	2	4850052	7036	4
23526	277	Port Input	1	4851899	8883	6
23526	277	Response	2	4851899	8883	6
23526	278	Nothing	19	4856466	0	0			0		other	0
23526	278	Port Input	1	4867072	10606	4
23526	278	Response	2	4867072	10606	4
23526	278	Port Input	1	4868642	12176	4
23526	278	Response	2	4868642	12176	4
23526	278	Port Input	1	4870534	14068	4
23526	278	Response	2	4870534	14068	4
23526	278	Port Input	1	4872356	15890	4
23526	278	Response	2	4872356	15890	4
23526	278	Port Input	1	4873725	17259	4
23526	278	Response	2	4873725	17259	4
23526	278	Port Input	1	4875326	18860	4
23526	278	Response	2	4875326	18860	4
23526	278	Port Input	1	4876797	20331	4
23526	278	Response	2	4876797	20331	4
23526	278	Port Input	1	4878364	21898	4
23526	278	Response	2	4878364	21898	4
23526	278	Port Input	1	4880619	24153	4
23526	278	Response	2	4880619	24153	4
23526	279	Nothing	19	4883787	0	1			0		other	0
23526	280	Nothing	51	4904893	0	1			0		other	0
23526	280	Port Input	1	4909367	4475	4
23526	280	Response	2	4909367	4475	4
23526	281	Nothing	1000	4909382	0	0			0		other	0
23526	282	Nothing	62	4909489	0	0			0		other	0
23526	283	Nothing	100	4909610	0	1			0		false_alarm	1350
23526	283	Port Input	1	4910833	1224	4
23526	283	Response	2	4910833	1224	4
23526	283	Port Input	1	4914378	4769	4
23526	283	Response	2	4914378	4769	4
23526	283	Port Input	1	4915858	6248	4
23526	283	Response	2	4915858	6248	4
23526	283	Port Input	1	4917323	7714	5
23526	283	Response	2	4917323	7714	5
23526	283	Port Input	1	4918842	9232	4
23526	283	Response	2	4918842	9232	4
23526	283	Port Input	1	4920488	10879	4
23526	283	Response	2	4920488	10879	4
23526	283	Port Input	1	4921883	12274	4
23526	283	Response	2	4921883	12274	4
23526	283	Port Input	1	4923118	13509	4
23526	283	Response	2	4923118	13509	4
23526	283	Port Input	1	4924451	14841	4
23526	283	Response	2	4924451	14841	4
23526	283	Port Input	1	4925892	16283	4
23526	283	Response	2	4925892	16283	4
23526	283	Port Input	1	4927446	17837	4
23526	283	Response	2	4927446	17837	4
23526	283	Port Input	1	4928608	18999	4
23526	283	Response	2	4928608	18999	4
23526	283	Port Input	1	4930217	20607	4
23526	283	Response	2	4930217	20607	4
23526	283	Port Input	1	4931772	22163	4
23526	283	Response	2	4931772	22163	4
23526	283	Port Input	1	4933041	23432	4
23526	283	Response	2	4933041	23432	4
23526	283	Port Input	1	4934559	24950	4
23526	283	Response	2	4934559	24950	4
23526	283	Port Input	1	4935894	26284	8
23526	283	Response	2	4935894	26284	8
23526	283	Port Input	1	4937396	27786	4
23526	283	Response	2	4937396	27786	4
23526	283	Port Input	1	4938924	29314	4
23526	283	Response	2	4938924	29314	4
23526	283	Port Input	1	4940563	30953	4
23526	283	Response	2	4940563	30953	4
23526	283	Port Input	1	4942133	32523	4
23526	283	Response	2	4942133	32523	4
23526	284	Nothing	19	4942758	0	1			0		other	0
23526	284	Port Input	1	4943500	741	5
23526	284	Response	2	4943500	741	5
23526	284	Port Input	1	4945149	2390	4
23526	284	Response	2	4945149	2390	4
23526	284	Port Input	1	4946897	4139	4
23526	284	Response	2	4946897	4139	4
23526	284	Port Input	1	4948875	6116	4
23526	284	Response	2	4948875	6116	4
23526	284	Port Input	1	4955350	12592	4
23526	284	Response	2	4955350	12592	4
23526	284	Port Input	1	4956986	14227	8
23526	284	Response	2	4956986	14227	8
23526	284	Port Input	1	4958634	15876	4
23526	284	Response	2	4958634	15876	4
23526	284	Port Input	1	4959967	17208	4
23526	284	Response	2	4959967	17208	4
23526	284	Port Input	1	4961550	18791	4
23526	284	Response	2	4961550	18791	4
23526	284	Port Input	2	4963184	20426	4
23526	284	Response	3	4963184	20426	4
23526	284	Port Input	1	4964594	21836	4
23526	284	Response	2	4964594	21836	4
23526	284	Port Input	1	4965967	23209	4
23526	284	Response	2	4965967	23209	4
23526	284	Port Input	1	4968932	26174	4
23526	284	Response	2	4968932	26174	4
23526	285	Nothing	19	4986162	0	1			0		other	0
23526	286	Nothing	51	5007251	0	1			0		other	0
23526	286	Port Input	1	5013864	6613	4
23526	286	Response	2	5013864	6613	4
23526	287	Nothing	1001	5013878	0	1			0		other	0
23526	288	Nothing	63	5013994	0	1			0		other	0
23526	289	Nothing	100	5014117	0	0			0		false_alarm	1426
23526	289	Port Input	1	5016558	2442	5
23526	289	Response	2	5016558	2442	5
23526	289	Port Input	1	5019208	5092	4
23526	289	Response	2	5019208	5092	4
23526	289	Port Input	1	5020562	6446	4
23526	289	Response	2	5020562	6446	4
23526	289	Port Input	1	5021845	7728	4
23526	289	Response	2	5021845	7728	4
23526	289	Port Input	1	5023339	9222	4
23526	289	Response	2	5023339	9222	4
23526	289	Port Input	1	5024939	10822	4
23526	289	Response	2	5024939	10822	4
23526	289	Port Input	1	5026374	12257	4
23526	289	Response	2	5026374	12257	4
23526	289	Port Input	1	5027796	13679	4
23526	289	Response	2	5027796	13679	4
23526	289	Port Input	1	5029077	14960	4
23526	289	Response	2	5029077	14960	4
23526	289	Port Input	1	5030648	16532	4
23526	289	Response	2	5030648	16532	4
23526	289	Port Input	1	5031862	17746	4
23526	289	Response	2	5031862	17746	4
23526	289	Port Input	1	5033510	19393	4
23526	289	Response	2	5033510	19393	4
23526	289	Port Input	1	5035057	20941	5
23526	289	Response	2	5035057	20941	5
23526	289	Port Input	1	5036470	22353	5
23526	289	Response	2	5036470	22353	5
23526	289	Port Input	1	5037987	23870	6
23526	289	Response	2	5037987	23870	6
23526	289	Port Input	1	5039312	25195	4
23526	289	Response	2	5039312	25195	4
23526	289	Port Input	1	5040886	26769	4
23526	289	Response	2	5040886	26769	4
23526	289	Port Input	1	5042457	28341	5
23526	289	Response	2	5042457	28341	5
23526	289	Port Input	1	5043633	29516	4
23526	289	Response	2	5043633	29516	4
23526	289	Port Input	1	5045127	31011	4
23526	289	Response	2	5045127	31011	4
23526	289	Port Input	1	5046829	32713	4
23526	289	Response	2	5046829	32713	4
23526	290	Nothing	19	5047269	0	1			0		other	0
23526	290	Port Input	1	5048336	1067	4
23526	290	Response	2	5048336	1067	4
23526	290	Port Input	1	5050056	2787	4
23526	290	Response	2	5050056	2787	4
23526	290	Port Input	1	5051932	4663	4
23526	290	Response	2	5051932	4663	4
23526	290	Port Input	1	5054066	6797	4
23526	290	Response	2	5054066	6797	4
23526	290	Port Input	1	5072229	24960	5
23526	290	Response	2	5072229	24960	5
23526	290	Port Input	1	5073539	26270	4
23526	290	Response	2	5073539	26270	4
23526	290	Port Input	1	5074841	27572	4
23526	290	Response	2	5074841	27572	4
23526	290	Port Input	1	5076316	29047	4
23526	290	Response	2	5076316	29047	4
23526	290	Port Input	1	5079270	32001	4
23526	290	Response	2	5079270	32001	4
23526	290	Port Input	1	5080597	33328	4
23526	290	Response	2	5080597	33328	4
23526	290	Port Input	1	5082173	34904	4
23526	290	Response	2	5082173	34904	4
23526	290	Port Input	1	5083872	36603	4
23526	290	Response	2	5083872	36603	4
23526	290	Port Input	1	5085369	38100	4
23526	290	Response	2	5085369	38100	4
23526	290	Port Input	1	5086674	39405	4
23526	290	Response	2	5086674	39405	4
23526	290	Port Input	1	5088381	41112	5
23526	290	Response	2	5088381	41112	5
23526	290	Port Input	1	5090016	42746	4
23526	290	Response	2	5090016	42746	4
23526	290	Port Input	1	5091689	44420	5
23526	290	Response	2	5091689	44420	5
23526	291	Nothing	19	5092640	0	1			0		other	0
23526	292	Nothing	52	5108175	0	1			0		other	0
23526	292	Port Input	1	5112166	3991	4
23526	292	Response	2	5112166	3991	4
23526	293	Nothing	1000	5112181	0	1			0		other	0
23526	294	Nothing	62	5112288	0	0			0		other	0
23526	295	Nothing	110	5112404	0	1			0		false_alarm	1510
23526	295	Port Input	1	5113562	1158	4
23526	295	Response	2	5113562	1158	4
23526	295	Port Input	1	5116110	3706	4
23526	295	Response	2	5116110	3706	4
23526	295	Port Input	1	5117606	5202	4
23526	295	Response	2	5117606	5202	4
23526	296	Nothing	19	5145409	0	1			0		other	0
23526	296	Port Input	1	5161926	16517	4
23526	296	Response	2	5161926	16517	4
23526	296	Port Input	1	5164178	18769	4
23526	296	Response	2	5164178	18769	4
23526	296	Port Input	1	5165722	20313	4
23526	296	Response	2	5165722	20313	4
23526	297	Nothing	19	5174388	0	0			0		other	0
23526	299	Nothing	51	5203151	0	1			0		other	0
23526	299	Port Input	1	5211045	7894	4
23526	299	Response	2	5211045	7894	4
23526	300	Nothing	1000	5211059	0	0			0		other	0
23526	301	Nothing	62	5211168	0	1			0		other	0
23526	302	Nothing	100	5211292	0	0			0		false_alarm	1530
23526	302	Port Input	1	5212435	1143	4
23526	302	Response	2	5212435	1143	4
23526	302	Port Input	1	5214963	3672	5
23526	302	Response	2	5214963	3672	5
23526	302	Port Input	1	5216378	5086	4
23526	302	Response	2	5216378	5086	4
23526	302	Port Input	1	5217649	6357	4
23526	302	Response	2	5217649	6357	4
23526	302	Port Input	1	5219135	7843	4
23526	302	Response	2	5219135	7843	4
23526	302	Port Input	1	5220626	9334	4
23526	302	Response	2	5220626	9334	4
23526	302	Port Input	1	5221872	10580	4
23526	302	Response	2	5221872	10580	4
23526	302	Port Input	1	5223231	11939	4
23526	302	Response	2	5223231	11939	4
23526	302	Port Input	1	5224554	13262	5
23526	302	Response	2	5224554	13262	5
23526	302	Port Input	1	5226032	14740	4
23526	302	Response	2	5226032	14740	4
23526	302	Port Input	1	5227672	16380	4
23526	302	Response	2	5227672	16380	4
23526	302	Port Input	1	5229161	17869	4
23526	302	Response	2	5229161	17869	4
23526	302	Port Input	1	5230596	19304	4
23526	302	Response	2	5230596	19304	4
23526	302	Port Input	1	5231999	20707	4
23526	302	Response	2	5231999	20707	4
23526	302	Port Input	1	5233491	22199	4
23526	302	Response	2	5233491	22199	4
23526	302	Port Input	1	5234854	23562	4
23526	302	Response	2	5234854	23562	4
23526	302	Port Input	1	5236314	25022	4
23526	302	Response	2	5236314	25022	4
23526	302	Port Input	1	5239673	28381	4
23526	302	Response	2	5239673	28381	4
23526	302	Port Input	1	5241295	30004	127
23526	302	Response	2	5241295	30004	127
23526	302	Port Input	1	5243342	32050	4
23526	302	Response	2	5243342	32050	4
23526	303	Nothing	19	5244436	0	1			0		other	0
23526	303	Port Input	1	5245325	889	4
23526	303	Response	2	5245325	889	4
23526	303	Port Input	1	5263229	18793	211
23526	303	Response	2	5263229	18793	211
23526	304	Nothing	19	5263458	0	1			0		other	0
23526	304	Port Input	1	5264925	1467	4
23526	304	Response	2	5264925	1467	4
23526	304	Port Input	1	5266253	2794	4
23526	304	Response	2	5266253	2794	4
23526	304	Port Input	1	5267686	4228	4
23526	304	Response	2	5267686	4228	4
23526	304	Port Input	1	5270546	7088	4
23526	304	Response	2	5270546	7088	4
23526	304	Port Input	1	5272376	8918	4
23526	304	Response	2	5272376	8918	4
23526	304	Port Input	1	5274134	10676	7
23526	304	Response	2	5274134	10676	7
23526	305	Nothing	19	5305570	0	1			0		other	0
23526	306	Nothing	52	5320811	0	1			0		other	0
23526	306	Port Input	1	5326220	5409	4
23526	306	Response	2	5326220	5409	4
23526	307	Nothing	1000	5326235	0	1			0		other	0
23526	308	Nothing	62	5326342	0	1			0		other	0
23526	309	Nothing	110	5326458	0	0			0		false_alarm	1595
23526	309	Port Input	1	5328987	2529	7
23526	309	Response	2	5328987	2529	7
23526	309	Port Input	1	5330468	4010	7
23526	309	Response	2	5330468	4010	7
23526	309	Port Input	1	5333443	6986	4
23526	309	Response	2	5333443	6986	4
23526	310	Nothing	19	5359556	0	1			0		other	0
23526	311	Nothing	52	5380553	0	0			0		other	0
23526	311	Port Input	1	5387797	7244	5
23526	311	Response	2	5387797	7244	5
23526	312	Nothing	1000	5387813	0	1			0		other	0
23526	313	Nothing	62	5387924	0	1			0		other	0
23526	314	Nothing	110	5388039	0	1			0		false_alarm	1608
23526	314	Port Input	1	5389503	1465	4
23526	314	Response	2	5389503	1465	4
23526	314	Port Input	1	5391474	3436	4
23526	314	Response	2	5391474	3436	4
23526	314	Port Input	1	5393209	5170	5
23526	314	Response	2	5393209	5170	5
23526	314	Port Input	1	5395337	7298	4
23526	314	Response	2	5395337	7298	4
23526	315	Nothing	19	5421039	0	1			0		other	0
23526	316	Nothing	51	5452717	0	1			0		other	0
23526	316	Port Input	1	5459978	7261	4
23526	316	Response	2	5459978	7261	4
23526	317	Nothing	1000	5459993	0	1			0		other	0
23526	318	Nothing	62	5460101	0	1			0		other	0
23526	319	Nothing	100	5460226	0	1			0		false_alarm	1623
23526	319	Port Input	1	5462699	2473	4
23526	319	Response	2	5462699	2473	4
23526	319	Port Input	1	5466516	6290	4
23526	319	Response	2	5466516	6290	4
23526	319	Port Input	1	5467848	7621	4
23526	319	Response	2	5467848	7621	4
23526	319	Port Input	1	5469205	8978	4
23526	319	Response	2	5469205	8978	4
23526	319	Port Input	1	5470539	10312	4
23526	319	Response	2	5470539	10312	4
23526	319	Port Input	1	5471911	11685	5
23526	319	Response	2	5471911	11685	5
23526	319	Port Input	1	5473325	13099	4
23526	319	Response	2	5473325	13099	4
23526	319	Port Input	1	5474675	14449	4
23526	319	Response	2	5474675	14449	4
23526	319	Port Input	1	5476220	15993	4
23526	319	Response	2	5476220	15993	4
23526	319	Port Input	1	5477505	17279	4
23526	319	Response	2	5477505	17279	4
23526	319	Port Input	1	5478769	18543	4
23526	319	Response	2	5478769	18543	4
23526	319	Port Input	1	5480168	19942	4
23526	319	Response	2	5480168	19942	4
23526	319	Port Input	1	5481553	21327	4
23526	319	Response	2	5481553	21327	4
23526	319	Port Input	1	5483081	22854	4
23526	319	Response	2	5483081	22854	4
23526	319	Port Input	1	5484665	24439	4
23526	319	Response	2	5484665	24439	4
23526	319	Port Input	1	5486008	25782	4
23526	319	Response	2	5486008	25782	4
23526	319	Port Input	1	5487565	27339	4
23526	319	Response	2	5487565	27339	4
23526	319	Port Input	1	5489085	28859	4
23526	319	Response	2	5489085	28859	4
23526	319	Port Input	1	5490396	30170	4
23526	319	Response	2	5490396	30170	4
23526	319	Port Input	1	5491901	31675	4
23526	319	Response	2	5491901	31675	4
23526	320	Nothing	19	5493222	0	1			0		other	0
23526	320	Port Input	1	5493259	37	4
23526	320	Response	2	5493259	37	4
23526	320	Port Input	1	5494867	1645	5
23526	320	Response	2	5494867	1645	5
23526	320	Port Input	1	5496535	3313	4
23526	320	Response	2	5496535	3313	4
23526	320	Port Input	1	5498214	4992	4
23526	320	Response	2	5498214	4992	4
23526	320	Port Input	1	5499817	6595	6
23526	320	Response	2	5499817	6595	6
23526	320	Port Input	1	5501224	8002	4
23526	320	Response	2	5501224	8002	4
23526	320	Port Input	1	5502707	9486	4
23526	320	Response	2	5502707	9486	4
23526	320	Port Input	1	5504169	10948	4
23526	320	Response	2	5504169	10948	4
23526	320	Port Input	1	5505635	12413	4
23526	320	Response	2	5505635	12413	4
23526	320	Port Input	1	5509406	16184	4
23526	320	Response	2	5509406	16184	4
23526	321	Nothing	19	5525270	0	1			0		other	0
23526	321	Port Input	1	5531907	6637	5
23526	321	Response	2	5531907	6637	5
23526	321	Port Input	1	5533422	8152	4
23526	321	Response	2	5533422	8152	4
23526	321	Port Input	1	5534820	9551	4
23526	321	Response	2	5534820	9551	4
23526	321	Port Input	1	5537698	12428	4
23526	321	Response	2	5537698	12428	4
23526	321	Port Input	1	5539301	14031	5
23526	321	Response	2	5539301	14031	5
23526	321	Port Input	1	5540961	15691	4
23526	321	Response	2	5540961	15691	4
23526	322	Nothing	19	5558701	0	1			0		other	0
23526	322	Port Input	1	5567946	9246	4
23526	322	Response	2	5567946	9246	4
23526	323	Nothing	19	5596298	0	1			0		other	0
23526	324	Nothing	52	5625085	0	1			0		other	0
23526	324	Port Input	1	5630457	5372	5
23526	324	Response	2	5630457	5372	5
23526	325	Nothing	1000	5630482	0	1			0		other	0
23526	326	Nothing	62	5630593	0	1			0		other	0
23526	327	Nothing	110	5630708	0	1			0		false_alarm	1707
23526	327	Port Input	1	5633199	2491	8
23526	327	Response	2	5633199	2491	8
23526	327	Port Input	1	5636238	5530	5
23526	327	Response	2	5636238	5530	5
23526	327	Port Input	1	5640630	9923	4
23526	327	Response	2	5640630	9923	4
23526	327	Port Input	1	5643831	13123	4
23526	327	Response	2	5643831	13123	4
23526	328	Nothing	19	5663585	0	1			0		other	0
23526	330	Nothing	52	5677789	0	1			0		other	0
23526	331	Nothing	77	5697799	0	1			0		other	0
23526	331	Port Input	1	5704985	7186	4
23526	331	Response	2	5704985	7186	4
23526	332	Nothing	1000	5727805	0	1			0		other	0
23526	333	Nothing	19	5730462	0	1			0		other	0
23526	333	Port Input	2	5749024	18562	4
23526	333	Response	3	5749024	18562	4
23526	333	Port Input	1	5750201	19738	4
23526	333	Response	2	5750201	19738	4
23526	333	Port Input	2	5750369	19907	4
23526	333	Response	3	5750369	19907	4
23526	333	Port Input	2	5762567	32104	4
23526	333	Response	3	5762567	32104	4
23526	333	Port Input	2	5765408	34946	4
23526	333	Response	3	5765408	34946	4
23526	334	Nothing	19	5767329	0	1			0		other	0
23526	334	Port Input	2	5771283	3954	13
23526	334	Response	3	5771283	3954	13
23526	334	Port Input	2	5781017	13687	4
23526	334	Response	3	5781017	13687	4
23526	334	Port Input	2	5781241	13912	4
23526	335	Nothing	19	5784094	0	0			0		other	0
23526	335	Port Input	2	5787764	3670	4
23526	335	Response	3	5787764	3670	4
23526	336	Nothing	19	5807792	0	1			0		other	0
23526	337	Nothing	52	5846201	0	1			0		other	0
23526	338	Nothing	77	5866211	0	0			0		other	0
23526	339	Nothing	1000	5896220	0	1			0		other	0
23526	340	Nothing	19	5898710	0	0			0		other	0
23526	341	Nothing	52	5926261	0	1			0		other	0
23526	342	Nothing	77	5946272	0	1			0		other	0
23526	343	Nothing	1000	5976278	0	1			0		other	0
23526	344	Nothing	19	5978759	0	1			0		other	0
23526	345	Nothing	52	6000789	0	1			0		other	0
23526	345	Port Input	1	6008251	7462	5
23526	345	Response	2	6008251	7462	5
23526	346	Nothing	1000	6008268	0	1			0		other	0
23526	347	Nothing	62	6008376	0	1			0		other	0
23526	348	Nothing	110	6008491	0	1			0		other	0
23526	349	Nothing	19	6041585	0	1			0		other	0
23526	350	Nothing	52	6057849	0	1			0		other	0
23526	351	Nothing	77	6077861	0	1			0		other	0
23526	352	Nothing	1000	6107868	0	1			0		other	0
23526	353	Nothing	19	6110851	0	0			0		other	0
23526	355	Nothing	52	6131447	0	1			0		other	0
23526	356	Nothing	77	6151466	0	1			0		other	0
23526	357	Nothing	1000	6181472	0	1			0		other	0
23526	358	Nothing	19	6183949	0	0			0		other	0
23526	359	Nothing	52	6223962	0	0			0		other	0
23526	359	Port Input	1	6230614	6653	4
23526	359	Response	2	6230614	6653	4
23526	360	Nothing	1000	6230629	0	1			0		other	0
23526	361	Nothing	62	6230737	0	1			0		other	0
23526	362	Nothing	110	6230853	0	1			0		other	0
23526	363	Nothing	19	6264067	0	1			0		other	0
23526	364	Nothing	52	6302013	0	1			0		other	0
23526	365	Nothing	77	6322024	0	1			0		other	0
23526	366	Nothing	1000	6352031	0	1			0		other	0
23526	367	Nothing	19	6354669	0	0			0		other	0
23526	368	Nothing	52	6365904	0	1			0		other	0
23526	369	Nothing	77	6385914	0	0			0		other	0
23526	370	Nothing	1000	6415920	0	0			0		other	0
23526	371	Nothing	19	6418404	0	1			0		other	0
23526	371	Port Input	2	6426361	7958	4
23526	371	Response	3	6426361	7958	4
23526	371	Port Input	2	6427758	9354	5
23526	371	Response	3	6427758	9354	5
23526	371	Port Input	2	6429721	11318	5
23526	371	Response	3	6429721	11318	5
23526	371	Port Input	2	6430889	12486	4
23526	371	Response	3	6430889	12486	4
23526	371	Port Input	2	6433676	15273	4
23526	371	Response	3	6433676	15273	4
23526	371	Port Input	2	6435551	17147	4
23526	371	Response	3	6435551	17147	4
23526	371	Port Input	2	6435642	17238	4
23526	371	Port Input	2	6447276	28872	4
23526	371	Response	3	6447276	28872	4
23526	371	Port Input	2	6447449	29045	4
23526	372	Nothing	19	6447492	0	1			0		other	0
23526	372	Port Input	2	6457446	9954	4
23526	372	Response	3	6457446	9954	4
23526	372	Port Input	2	6457529	10036	4
23526	372	Port Input	2	6460039	12547	4
23526	372	Response	3	6460039	12547	4
23526	372	Port Input	1	6462487	14995	4
23526	372	Response	2	6462487	14995	4
23526	373	Nothing	19	6472497	0	1			0		other	0
23526	373	Port Input	2	6476898	4401	4
23526	373	Response	3	6476898	4401	4
23526	373	Port Input	2	6479688	7191	4
23526	373	Response	3	6479688	7191	4
23526	373	Port Input	2	6482835	10338	4
23526	373	Response	3	6482835	10338	4
23526	373	Port Input	1	6484033	11536	4
23526	373	Response	2	6484033	11536	4
23526	373	Port Input	2	6495145	22648	5
23526	373	Response	3	6495145	22648	5
23526	373	Port Input	2	6504099	31602	4
23526	373	Response	3	6504099	31602	4
23526	373	Port Input	2	6507387	34890	4
23526	373	Response	3	6507387	34890	4
23526	373	Port Input	2	6511268	38770	9
23526	373	Response	3	6511268	38770	9
23526	374	Nothing	19	6521523	0	0			0		other	0
23526	375	Nothing	52	6543352	0	1			0		other	0
23526	376	Nothing	77	6563362	0	1			0		other	0
23526	377	Nothing	1000	6593369	0	1			0		other	0
23526	378	Nothing	19	6595899	0	0			0		other	0
23526	380	Nothing	52	6636495	0	1			0		other	0
23526	381	Nothing	77	6656508	0	1			0		other	0
23526	382	Nothing	1000	6686516	0	1			0		other	0
23526	383	Nothing	19	6689345	0	1			0		other	0
23526	384	Nothing	52	6711870	0	1			0		other	0
23526	385	Nothing	77	6731880	0	1			0		other	0
23526	386	Nothing	1000	6761889	0	1			0		other	0
23526	387	Nothing	19	6764413	0	1			0		other	0
23526	388	Nothing	52	6776908	0	1			0		other	0
23526	389	Nothing	77	6796922	0	1			0		other	0
23526	390	Nothing	1000	6826930	0	1			0		other	0
23526	391	Nothing	19	6829410	0	0			0		other	0
23526	392	Nothing	52	6844816	0	1			0		other	0
23526	393	Nothing	77	6864826	0	1			0		other	0
23526	394	Nothing	1000	6894832	0	0			0		other	0
23526	395	Nothing	19	6897352	0	1			0		other	0
23526	396	Nothing	52	6944799	0	1			0		other	0
23526	397	Nothing	77	6964809	0	1			0		other	0
23526	398	Nothing	1000	6994817	0	1			0		other	0
23526	399	Nothing	19	6997298	0	1			0		other	0
23526	401	Nothing	52	7040357	0	1			0		other	0
23526	402	Nothing	77	7060367	0	1			0		other	0
23526	403	Nothing	1000	7090375	0	1			0		other	0
23526	404	Nothing	19	7093341	0	1			0		other	0
23526	405	Nothing	52	7118821	0	1			0		other	0
23526	406	Nothing	77	7138831	0	1			0		other	0
23526	407	Nothing	1000	7168838	0	1			0		other	0
23526	408	Nothing	19	7171329	0	0			0		other	0
23526	409	Nothing	62	7197151	0	0			0		other	0
23526	410	Nothing	60	7207160	0	1			0		other	0
