Scenario - phase2_matchingPennies_algorithm1
Logfile written - 06/12/2023 09:21:10

Subject	Trial	Event Type	Code	Time	TTime	Uncertainty	Duration	Uncertainty	ReqTime	ReqDur	Stim Type	Pair Index

23513	1	Nothing	61	10523	0	1			0		other	0
23513	1	Manual	06/12/2023 09:12:09	10679	156	NA
23513	2	Nothing	51	756226	0	0			0		other	0
23513	2	Port Input	1	759452	3226	4
23513	2	Response	2	759452	3226	4
23513	3	Nothing	1000	759469	0	1			0		other	0
23513	4	Nothing	62	759578	0	1			0		other	0
23513	5	Nothing	100	759700	0	1			0		other	0
23513	6	Nothing	19	790225	0	1			0		other	0
23513	7	Nothing	52	802713	0	0			0		other	0
23513	7	Port Input	1	806612	3899	4
23513	7	Response	2	806612	3899	4
23513	8	Nothing	1000	806627	0	1			0		other	0
23513	9	Nothing	62	806742	0	1			0		other	0
23513	10	Nothing	110	806864	0	1			0		false_alarm	17
23513	10	Port Input	1	818277	11413	5
23513	10	Response	2	818277	11413	5
23513	10	Port Input	1	819481	12617	4
23513	10	Response	2	819481	12617	4
23513	10	Port Input	1	820759	13895	5
23513	10	Response	2	820759	13895	5
23513	10	Port Input	1	822091	15227	4
23513	10	Response	2	822091	15227	4
23513	10	Port Input	1	823445	16581	4
23513	10	Response	2	823445	16581	4
23513	10	Port Input	1	824824	17960	4
23513	10	Response	2	824824	17960	4
23513	10	Port Input	1	826176	19312	4
23513	10	Response	2	826176	19312	4
23513	10	Port Input	1	827609	20745	4
23513	10	Response	2	827609	20745	4
23513	10	Port Input	1	829259	22395	6
23513	10	Response	2	829259	22395	6
23513	10	Port Input	1	830830	23966	4
23513	10	Response	2	830830	23966	4
23513	10	Port Input	1	832476	25612	4
23513	10	Response	2	832476	25612	4
23513	10	Port Input	1	833930	27066	7
23513	10	Response	2	833930	27066	7
23513	10	Port Input	1	835494	28630	4
23513	10	Response	2	835494	28630	4
23513	11	Nothing	19	837144	0	1			0		other	0
23513	11	Port Input	1	837209	65	4
23513	11	Response	2	837209	65	4
23513	11	Port Input	1	838770	1626	4
23513	11	Response	2	838770	1626	4
23513	11	Port Input	2	843955	6811	4
23513	11	Response	3	843955	6811	4
23513	11	Port Input	2	845576	8432	4
23513	11	Response	3	845576	8432	4
23513	11	Port Input	1	847541	10397	4
23513	11	Response	2	847541	10397	4
23513	12	Nothing	19	848646	0	1			0		other	0
23513	12	Port Input	1	849107	461	4
23513	12	Response	2	849107	461	4
23513	13	Nothing	19	876006	0	0			0		other	0
23513	13	Port Input	1	894052	18046	4
23513	13	Response	2	894052	18046	4
23513	13	Port Input	1	895447	19441	4
23513	13	Response	2	895447	19441	4
23513	13	Port Input	1	896768	20763	5
23513	13	Response	2	896768	20763	5
23513	13	Port Input	1	896889	20883	4
23513	13	Port Input	1	898229	22223	4
23513	13	Response	2	898229	22223	4
23513	13	Port Input	1	899727	23721	4
23513	13	Response	2	899727	23721	4
23513	13	Port Input	1	901461	25455	4
23513	13	Response	2	901461	25455	4
23513	13	Port Input	1	903161	27155	4
23513	13	Response	2	903161	27155	4
23513	13	Port Input	1	904989	28983	4
23513	13	Response	2	904989	28983	4
23513	13	Port Input	1	906554	30548	4
23513	13	Response	2	906554	30548	4
23513	13	Port Input	1	908025	32019	4
23513	13	Response	2	908025	32019	4
23513	13	Port Input	1	909651	33645	5
23513	13	Response	2	909651	33645	5
23513	13	Port Input	1	911341	35335	4
23513	13	Response	2	911341	35335	4
23513	13	Port Input	1	913192	37186	4
23513	13	Response	2	913192	37186	4
23513	14	Nothing	19	918270	0	0			0		other	0
23513	14	Port Input	1	918932	662	4
23513	14	Response	2	918932	662	4
23513	15	Nothing	19	938084	0	0			0		other	0
23513	15	Port Input	1	946106	8022	4
23513	15	Response	2	946106	8022	4
23513	16	Nothing	51	950305	0	0			0		other	0
23513	16	Port Input	1	951919	1614	4
23513	16	Response	2	951919	1614	4
23513	17	Nothing	1000	951936	0	1			0		other	0
23513	18	Nothing	62	952046	0	1			0		other	0
23513	19	Nothing	100	952169	0	1			0		false_alarm	97
23513	19	Port Input	1	953364	1195	4
23513	19	Response	2	953364	1195	4
23513	19	Port Input	1	955634	3465	4
23513	19	Response	2	955634	3465	4
23513	19	Port Input	1	956818	4650	6
23513	19	Response	2	956818	4650	6
23513	19	Port Input	1	958204	6035	4
23513	19	Response	2	958204	6035	4
23513	19	Port Input	1	959459	7290	4
23513	19	Response	2	959459	7290	4
23513	19	Port Input	1	960701	8532	4
23513	19	Response	2	960701	8532	4
23513	19	Port Input	1	961999	9831	4
23513	19	Response	2	961999	9831	4
23513	19	Port Input	1	963369	11201	8
23513	19	Response	2	963369	11201	8
23513	19	Port Input	1	964755	12586	4
23513	19	Response	2	964755	12586	4
23513	19	Port Input	1	966147	13978	4
23513	19	Response	2	966147	13978	4
23513	19	Port Input	1	967496	15327	4
23513	19	Response	2	967496	15327	4
23513	19	Port Input	1	968882	16713	5
23513	19	Response	2	968882	16713	5
23513	19	Port Input	1	970411	18242	10
23513	19	Response	2	970411	18242	10
23513	19	Port Input	1	971921	19753	4
23513	19	Response	2	971921	19753	4
23513	19	Port Input	1	973490	21322	4
23513	19	Response	2	973490	21322	4
23513	19	Port Input	1	975086	22918	4
23513	19	Response	2	975086	22918	4
23513	19	Port Input	1	976779	24610	4
23513	19	Response	2	976779	24610	4
23513	19	Port Input	1	978364	26195	5
23513	19	Response	2	978364	26195	5
23513	19	Port Input	1	980211	28042	5
23513	19	Response	2	980211	28042	5
23513	20	Nothing	19	982444	0	1			0		other	0
23513	20	Port Input	1	985935	3491	4
23513	20	Response	2	985935	3491	4
23513	21	Nothing	19	1004227	0	1			0		other	0
23513	22	Nothing	52	1034739	0	1			0		other	0
23513	22	Port Input	1	1037700	2961	4
23513	22	Response	2	1037700	2961	4
23513	23	Nothing	1000	1037714	0	1			0		other	0
23513	24	Nothing	62	1037823	0	1			0		other	0
23513	25	Nothing	110	1037938	0	1			0		other	0
23513	26	Nothing	19	1068223	0	1			0		other	0
23513	28	Nothing	52	1102050	0	1			0		other	0
23513	28	Port Input	2	1103999	1950	4
23513	28	Response	3	1103999	1950	4
23513	29	Nothing	1000	1104015	0	1			0		other	0
23513	30	Nothing	62	1104124	0	1			0		other	0
23513	31	Nothing	111	1104244	0	0			0		false_alarm	152
23513	31	Port Input	2	1105438	1194	4
23513	31	Response	3	1105438	1194	4
23513	31	Port Input	2	1107577	3333	4
23513	31	Response	3	1107577	3333	4
23513	31	Port Input	2	1110075	5831	4
23513	31	Response	3	1110075	5831	4
23513	31	Port Input	2	1111612	7368	4
23513	31	Response	3	1111612	7368	4
23513	31	Port Input	2	1113042	8798	4
23513	31	Response	3	1113042	8798	4
23513	31	Port Input	2	1115534	11290	5
23513	31	Response	3	1115534	11290	5
23513	31	Port Input	2	1117200	12956	4
23513	31	Response	3	1117200	12956	4
23513	31	Port Input	1	1118688	14444	4
23513	31	Response	2	1118688	14444	4
23513	32	Nothing	19	1135140	0	1			0		other	0
23513	32	Port Input	2	1136271	1132	4
23513	32	Response	3	1136271	1132	4
23513	32	Port Input	2	1138077	2937	4
23513	32	Response	3	1138077	2937	4
23513	32	Port Input	1	1139800	4660	4
23513	32	Response	2	1139800	4660	4
23513	33	Nothing	19	1150949	0	1			0		other	0
23513	34	Nothing	52	1193619	0	0			0		other	0
23513	34	Port Input	1	1196041	2422	4
23513	34	Response	2	1196041	2422	4
23513	35	Nothing	1000	1196055	0	0			0		other	0
23513	36	Nothing	62	1196164	0	1			0		other	0
23513	37	Nothing	110	1196282	0	1			0		false_alarm	182
23513	37	Port Input	1	1200964	4683	4
23513	37	Response	2	1200964	4683	4
23513	37	Port Input	2	1202838	6557	4
23513	37	Response	3	1202838	6557	4
23513	37	Port Input	2	1204159	7878	4
23513	37	Response	3	1204159	7878	4
23513	38	Nothing	19	1229260	0	1			0		other	0
23513	39	Nothing	52	1257775	0	1			0		other	0
23513	39	Port Input	2	1267957	10182	4
23513	39	Response	3	1267957	10182	4
23513	40	Nothing	1003	1267971	0	1			0		other	0
23513	41	Nothing	63	1268084	0	1			0		other	0
23513	42	Nothing	111	1268208	0	1			0		false_alarm	195
23513	42	Port Input	2	1269552	1343	4
23513	42	Response	3	1269552	1343	4
23513	42	Port Input	2	1271935	3727	4
23513	42	Response	3	1271935	3727	4
23513	42	Port Input	2	1273231	5023	4
23513	42	Response	3	1273231	5023	4
23513	42	Port Input	2	1274580	6372	8
23513	42	Response	3	1274580	6372	8
23513	42	Port Input	2	1276032	7824	5
23513	42	Response	3	1276032	7824	5
23513	42	Port Input	1	1277558	9350	4
23513	42	Response	2	1277558	9350	4
23513	42	Port Input	2	1278807	10599	4
23513	42	Response	3	1278807	10599	4
23513	42	Port Input	1	1285935	17727	4
23513	42	Response	2	1285935	17727	4
23513	42	Port Input	1	1287143	18935	4
23513	42	Response	2	1287143	18935	4
23513	42	Port Input	1	1288430	20222	4
23513	42	Response	2	1288430	20222	4
23513	42	Port Input	1	1289921	21713	5
23513	42	Response	2	1289921	21713	5
23513	42	Port Input	1	1291447	23238	4
23513	42	Response	2	1291447	23238	4
23513	42	Port Input	1	1298167	29959	4
23513	42	Response	2	1298167	29959	4
23513	43	Nothing	19	1301180	0	0			0		other	0
23513	44	Nothing	51	1323389	0	1			0		other	0
23513	44	Port Input	1	1325158	1769	4
23513	44	Response	2	1325158	1769	4
23513	45	Nothing	1003	1325176	0	1			0		other	0
23513	46	Nothing	63	1325287	0	0			0		other	0
23513	47	Nothing	100	1325407	0	0			0		false_alarm	228
23513	47	Port Input	1	1326435	1028	4
23513	47	Response	2	1326435	1028	4
23513	47	Port Input	1	1327793	2386	4
23513	47	Response	2	1327793	2386	4
23513	47	Port Input	1	1328923	3516	4
23513	47	Response	2	1328923	3516	4
23513	47	Port Input	1	1330361	4954	4
23513	47	Response	2	1330361	4954	4
23513	47	Port Input	1	1331550	6143	6
23513	47	Response	2	1331550	6143	6
23513	47	Port Input	1	1332804	7397	5
23513	47	Response	2	1332804	7397	5
23513	47	Port Input	1	1334129	8722	4
23513	47	Response	2	1334129	8722	4
23513	47	Port Input	1	1335582	10175	4
23513	47	Response	2	1335582	10175	4
23513	47	Port Input	1	1336994	11587	4
23513	47	Response	2	1336994	11587	4
23513	47	Port Input	1	1338377	12970	5
23513	47	Response	2	1338377	12970	5
23513	47	Port Input	1	1339965	14558	4
23513	47	Response	2	1339965	14558	4
23513	47	Port Input	1	1341616	16208	4
23513	47	Response	2	1341616	16208	4
23513	47	Port Input	1	1343170	17763	4
23513	47	Response	2	1343170	17763	4
23513	47	Port Input	1	1344790	19383	4
23513	47	Response	2	1344790	19383	4
23513	47	Port Input	1	1346489	21082	5
23513	47	Response	2	1346489	21082	5
23513	47	Port Input	1	1348099	22692	4
23513	47	Response	2	1348099	22692	4
23513	47	Port Input	1	1349786	24379	6
23513	47	Response	2	1349786	24379	6
23513	47	Port Input	1	1351352	25945	4
23513	47	Response	2	1351352	25945	4
23513	47	Port Input	1	1353153	27746	5
23513	47	Response	2	1353153	27746	5
23513	47	Port Input	1	1354785	29378	4
23513	47	Response	2	1354785	29378	4
23513	48	Nothing	19	1358397	0	0			0		other	0
23513	49	Nothing	52	1391395	0	1			0		other	0
23513	49	Port Input	1	1394375	2981	4
23513	49	Response	2	1394375	2981	4
23513	50	Nothing	1000	1394390	0	1			0		other	0
23513	51	Nothing	62	1394498	0	1			0		other	0
23513	52	Nothing	110	1394613	0	1			0		false_alarm	275
23513	52	Port Input	2	1399739	5126	4
23513	52	Response	3	1399739	5126	4
23513	52	Port Input	1	1401098	6484	4
23513	52	Response	2	1401098	6484	4
23513	52	Port Input	1	1402680	8067	4
23513	52	Response	2	1402680	8067	4
23513	52	Port Input	1	1404499	9885	4
23513	52	Response	2	1404499	9885	4
23513	52	Port Input	1	1405932	11319	4
23513	52	Response	2	1405932	11319	4
23513	52	Port Input	1	1407683	13070	4
23513	52	Response	2	1407683	13070	4
23513	52	Port Input	1	1409339	14726	4
23513	52	Response	2	1409339	14726	4
23513	52	Port Input	1	1411041	16428	4
23513	52	Response	2	1411041	16428	4
23513	52	Port Input	1	1412835	18222	4
23513	52	Response	2	1412835	18222	4
23513	53	Nothing	19	1427481	0	1			0		other	0
23513	55	Nothing	52	1449748	0	1			0		other	0
23513	55	Port Input	1	1451489	1741	4
23513	55	Response	2	1451489	1741	4
23513	56	Nothing	1000	1451504	0	1			0		other	0
23513	57	Nothing	62	1451612	0	1			0		other	0
23513	58	Nothing	110	1451733	0	1			0		other	0
23513	59	Nothing	19	1484609	0	1			0		other	0
23513	60	Nothing	51	1495945	0	1			0		other	0
23513	60	Port Input	1	1502668	6722	4
23513	60	Response	2	1502668	6722	4
23513	61	Nothing	1000	1502684	0	0			0		other	0
23513	62	Nothing	62	1502795	0	1			0		other	0
23513	63	Nothing	100	1502916	0	1			0		false_alarm	307
23513	63	Port Input	1	1504360	1444	4
23513	63	Response	2	1504360	1444	4
23513	63	Port Input	1	1506794	3878	4
23513	63	Response	2	1506794	3878	4
23513	63	Port Input	1	1508027	5111	5
23513	63	Response	2	1508027	5111	5
23513	63	Port Input	1	1509307	6391	5
23513	63	Response	2	1509307	6391	5
23513	63	Port Input	1	1510484	7568	6
23513	63	Response	2	1510484	7568	6
23513	63	Port Input	1	1511778	8862	5
23513	63	Response	2	1511778	8862	5
23513	63	Port Input	1	1513037	10121	4
23513	63	Response	2	1513037	10121	4
23513	63	Port Input	1	1514441	11525	4
23513	63	Response	2	1514441	11525	4
23513	63	Port Input	1	1515770	12854	4
23513	63	Response	2	1515770	12854	4
23513	63	Port Input	1	1517183	14267	4
23513	63	Response	2	1517183	14267	4
23513	63	Port Input	1	1518484	15568	4
23513	63	Response	2	1518484	15568	4
23513	63	Port Input	1	1520039	17123	4
23513	63	Response	2	1520039	17123	4
23513	63	Port Input	1	1521531	18615	4
23513	63	Response	2	1521531	18615	4
23513	63	Port Input	1	1523224	20308	4
23513	63	Response	2	1523224	20308	4
23513	63	Port Input	1	1524880	21964	5
23513	63	Response	2	1524880	21964	5
23513	63	Port Input	1	1526480	23564	6
23513	63	Response	2	1526480	23564	6
23513	63	Port Input	1	1528138	25222	4
23513	63	Response	2	1528138	25222	4
23513	63	Port Input	1	1529719	26803	4
23513	63	Response	2	1529719	26803	4
23513	63	Port Input	1	1531689	28773	4
23513	63	Response	2	1531689	28773	4
23513	63	Port Input	1	1533231	30315	4
23513	63	Response	2	1533231	30315	4
23513	63	Port Input	1	1534640	31724	4
23513	63	Response	2	1534640	31724	4
23513	64	Nothing	19	1535834	0	1			0		other	0
23513	64	Port Input	1	1536075	241	4
23513	64	Response	2	1536075	241	4
23513	64	Port Input	1	1537757	1923	4
23513	64	Response	2	1537757	1923	4
23513	64	Port Input	1	1539533	3700	4
23513	64	Response	2	1539533	3700	4
23513	64	Port Input	1	1541301	5467	4
23513	64	Response	2	1541301	5467	4
23513	64	Port Input	1	1542989	7155	4
23513	64	Response	2	1542989	7155	4
23513	64	Port Input	1	1544650	8816	5
23513	64	Response	2	1544650	8816	5
23513	65	Nothing	19	1559994	0	1			0		other	0
23513	66	Nothing	51	1583212	0	0			0		other	0
23513	66	Port Input	1	1586303	3091	4
23513	66	Response	2	1586303	3091	4
23513	67	Nothing	1003	1586317	0	1			0		other	0
23513	68	Nothing	63	1586428	0	1			0		other	0
23513	69	Nothing	100	1586549	0	1			0		false_alarm	369
23513	69	Port Input	1	1591188	4640	4
23513	69	Response	2	1591188	4640	4
23513	69	Port Input	1	1593617	7068	4
23513	69	Response	2	1593617	7068	4
23513	69	Port Input	1	1594937	8388	4
23513	69	Response	2	1594937	8388	4
23513	69	Port Input	1	1596169	9620	4
23513	69	Response	2	1596169	9620	4
23513	69	Port Input	1	1597472	10923	6
23513	69	Response	2	1597472	10923	6
23513	69	Port Input	1	1598798	12250	5
23513	69	Response	2	1598798	12250	5
23513	69	Port Input	1	1600211	13662	5
23513	69	Response	2	1600211	13662	5
23513	69	Port Input	1	1601557	15008	4
23513	69	Response	2	1601557	15008	4
23513	69	Port Input	1	1602999	16450	4
23513	69	Response	2	1602999	16450	4
23513	69	Port Input	1	1604369	17821	4
23513	69	Response	2	1604369	17821	4
23513	69	Port Input	1	1605822	19274	4
23513	69	Response	2	1605822	19274	4
23513	69	Port Input	1	1607360	20812	4
23513	69	Response	2	1607360	20812	4
23513	69	Port Input	1	1608778	22229	4
23513	69	Response	2	1608778	22229	4
23513	69	Port Input	1	1610304	23756	4
23513	69	Response	2	1610304	23756	4
23513	69	Port Input	1	1611993	25444	4
23513	69	Response	2	1611993	25444	4
23513	69	Port Input	1	1613750	27202	5
23513	69	Response	2	1613750	27202	5
23513	69	Port Input	1	1615449	28901	4
23513	69	Response	2	1615449	28901	4
23513	69	Port Input	1	1617247	30699	4
23513	69	Response	2	1617247	30699	4
23513	69	Port Input	1	1618735	32186	4
23513	69	Response	2	1618735	32186	4
23513	70	Nothing	19	1619545	0	1			0		other	0
23513	70	Port Input	1	1620489	944	4
23513	70	Response	2	1620489	944	4
23513	70	Port Input	1	1622373	2827	4
23513	70	Response	2	1622373	2827	4
23513	70	Port Input	2	1633448	13903	4
23513	70	Response	3	1633448	13903	4
23513	70	Port Input	2	1635134	15589	4
23513	70	Response	3	1635134	15589	4
23513	70	Port Input	1	1636986	17441	7
23513	70	Response	2	1636986	17441	7
23513	70	Port Input	1	1639181	19636	4
23513	70	Response	2	1639181	19636	4
23513	70	Port Input	1	1640798	21253	4
23513	70	Response	2	1640798	21253	4
23513	70	Port Input	1	1642317	22772	6
23513	70	Response	2	1642317	22772	6
23513	70	Port Input	1	1644320	24775	4
23513	70	Response	2	1644320	24775	4
23513	71	Nothing	19	1649713	0	0			0		other	0
23513	72	Nothing	52	1682810	0	1			0		other	0
23513	72	Port Input	2	1685784	2974	4
23513	72	Response	3	1685784	2974	4
23513	73	Nothing	1000	1685801	0	1			0		other	0
23513	74	Nothing	62	1685908	0	1			0		other	0
23513	75	Nothing	111	1686030	0	1			0		false_alarm	433
23513	75	Port Input	2	1687183	1153	4
23513	75	Response	3	1687183	1153	4
23513	75	Port Input	2	1689660	3629	4
23513	75	Response	3	1689660	3629	4
23513	75	Port Input	2	1691060	5030	6
23513	75	Response	3	1691060	5030	6
23513	75	Port Input	2	1692433	6403	4
23513	75	Response	3	1692433	6403	4
23513	75	Port Input	2	1693873	7843	4
23513	75	Response	3	1693873	7843	4
23513	75	Port Input	2	1696523	10493	4
23513	75	Response	3	1696523	10493	4
23513	75	Port Input	1	1697725	11695	4
23513	75	Response	2	1697725	11695	4
23513	75	Port Input	1	1699042	13012	4
23513	75	Response	2	1699042	13012	4
23513	75	Port Input	1	1700511	14481	4
23513	75	Response	2	1700511	14481	4
23513	75	Port Input	1	1701958	15928	4
23513	75	Response	2	1701958	15928	4
23513	75	Port Input	1	1703318	17288	4
23513	75	Response	2	1703318	17288	4
23513	75	Port Input	1	1704766	18736	4
23513	75	Response	2	1704766	18736	4
23513	75	Port Input	1	1706324	20294	4
23513	75	Response	2	1706324	20294	4
23513	75	Port Input	1	1707930	21900	4
23513	75	Response	2	1707930	21900	4
23513	75	Port Input	2	1713224	27194	4
23513	75	Response	3	1713224	27194	4
23513	75	Port Input	2	1714846	28816	4
23513	75	Response	3	1714846	28816	4
23513	75	Port Input	1	1716726	30696	4
23513	75	Response	2	1716726	30696	4
23513	75	Port Input	1	1718188	32158	4
23513	75	Response	2	1718188	32158	4
23513	76	Nothing	19	1719150	0	1			0		other	0
23513	76	Port Input	1	1719671	521	4
23513	76	Response	2	1719671	521	4
23513	77	Nothing	19	1737778	0	1			0		other	0
23513	78	Nothing	52	1767617	0	1			0		other	0
23513	78	Port Input	2	1770593	2976	4
23513	78	Response	3	1770593	2976	4
23513	79	Nothing	1000	1770613	0	1			0		other	0
23513	80	Nothing	62	1770721	0	1			0		other	0
23513	81	Nothing	111	1770841	0	1			0		false_alarm	479
23513	81	Port Input	2	1771696	855	4
23513	81	Response	3	1771696	855	4
23513	81	Port Input	2	1773114	2273	4
23513	81	Response	3	1773114	2273	4
23513	81	Port Input	2	1774440	3599	7
23513	81	Response	3	1774440	3599	7
23513	81	Port Input	2	1775883	5042	4
23513	81	Response	3	1775883	5042	4
23513	81	Port Input	2	1777292	6451	4
23513	81	Response	3	1777292	6451	4
23513	81	Port Input	2	1780005	9164	4
23513	81	Response	3	1780005	9164	4
23513	81	Port Input	2	1781465	10624	4
23513	81	Response	3	1781465	10624	4
23513	81	Port Input	1	1782908	12067	4
23513	81	Response	2	1782908	12067	4
23513	81	Port Input	1	1784458	13617	4
23513	81	Response	2	1784458	13617	4
23513	81	Port Input	1	1786022	15181	4
23513	81	Response	2	1786022	15181	4
23513	81	Port Input	1	1787585	16744	4
23513	81	Response	2	1787585	16744	4
23513	81	Port Input	1	1788959	18118	5
23513	81	Response	2	1788959	18118	5
23513	81	Port Input	1	1790283	19442	4
23513	81	Response	2	1790283	19442	4
23513	81	Port Input	1	1791853	21012	4
23513	81	Response	2	1791853	21012	4
23513	82	Nothing	19	1803709	0	1			0		other	0
23513	82	Port Input	2	1807665	3956	4
23513	82	Response	3	1807665	3956	4
23513	82	Port Input	2	1809152	5443	4
23513	82	Response	3	1809152	5443	4
23513	83	Nothing	19	1814114	0	1			0		other	0
23513	83	Port Input	1	1824253	10139	4
23513	83	Response	2	1824253	10139	4
23513	84	Nothing	19	1839079	0	1			0		other	0
23513	86	Nothing	52	1861038	0	1			0		other	0
23513	86	Port Input	2	1863351	2314	5
23513	86	Response	3	1863351	2314	5
23513	87	Nothing	1000	1863368	0	1			0		other	0
23513	88	Nothing	62	1863475	0	0			0		other	0
23513	89	Nothing	111	1863595	0	1			0		false_alarm	522
23513	89	Port Input	2	1864474	879	4
23513	89	Response	3	1864474	879	4
23513	89	Port Input	2	1866897	3302	4
23513	89	Response	3	1866897	3302	4
23513	89	Port Input	2	1868430	4835	5
23513	89	Response	3	1868430	4835	5
23513	89	Port Input	2	1869796	6201	8
23513	89	Response	3	1869796	6201	8
23513	89	Port Input	2	1872516	8921	4
23513	89	Response	3	1872516	8921	4
23513	89	Port Input	1	1873878	10283	4
23513	89	Response	2	1873878	10283	4
23513	89	Port Input	1	1875226	11631	4
23513	89	Response	2	1875226	11631	4
23513	89	Port Input	1	1876663	13068	4
23513	89	Response	2	1876663	13068	4
23513	89	Port Input	1	1878003	14408	4
23513	89	Response	2	1878003	14408	4
23513	89	Port Input	1	1879471	15876	4
23513	89	Response	2	1879471	15876	4
23513	89	Port Input	1	1881043	17448	4
23513	89	Response	2	1881043	17448	4
23513	89	Port Input	2	1890156	26561	4
23513	89	Response	3	1890156	26561	4
23513	89	Port Input	2	1891310	27715	6
23513	89	Response	3	1891310	27715	6
23513	89	Port Input	1	1893236	29641	4
23513	89	Response	2	1893236	29641	4
23513	89	Port Input	1	1895117	31522	4
23513	89	Response	2	1895117	31522	4
23513	90	Nothing	19	1896459	0	1			0		other	0
23513	90	Port Input	1	1896751	292	4
23513	90	Response	2	1896751	292	4
23513	90	Port Input	1	1898251	1792	4
23513	90	Response	2	1898251	1792	4
23513	90	Port Input	1	1899700	3241	6
23513	90	Response	2	1899700	3241	6
23513	90	Port Input	1	1901354	4895	4
23513	90	Response	2	1901354	4895	4
23513	90	Port Input	1	1902906	6447	4
23513	90	Response	2	1902906	6447	4
23513	90	Port Input	1	1904480	8021	5
23513	90	Response	2	1904480	8021	5
23513	90	Port Input	1	1906086	9627	4
23513	90	Response	2	1906086	9627	4
23513	90	Port Input	1	1907553	11094	4
23513	90	Response	2	1907553	11094	4
23513	90	Port Input	1	1909183	12724	4
23513	90	Response	2	1909183	12724	4
23513	90	Port Input	1	1910541	14082	5
23513	90	Response	2	1910541	14082	5
23513	90	Port Input	1	1912091	15633	5
23513	90	Response	2	1912091	15633	5
23513	90	Port Input	1	1914041	17582	4
23513	90	Response	2	1914041	17582	4
23513	90	Port Input	1	1915618	19159	4
23513	90	Response	2	1915618	19159	4
23513	90	Port Input	1	1917221	20762	4
23513	90	Response	2	1917221	20762	4
23513	90	Port Input	1	1919096	22637	4
23513	90	Response	2	1919096	22637	4
23513	91	Nothing	19	1924456	0	1			0		other	0
23513	91	Port Input	2	1927812	3356	5
23513	91	Response	3	1927812	3356	5
23513	91	Port Input	2	1929588	5133	4
23513	91	Response	3	1929588	5133	4
23513	92	Nothing	19	1935614	0	1			0		other	0
23513	92	Port Input	1	1945306	9693	4
23513	92	Response	2	1945306	9693	4
23513	92	Port Input	1	1946640	11026	4
23513	92	Response	2	1946640	11026	4
23513	92	Port Input	2	1948196	12583	4
23513	92	Response	3	1948196	12583	4
23513	92	Port Input	1	1951440	15827	4
23513	92	Response	2	1951440	15827	4
23513	92	Port Input	1	1953117	17504	4
23513	92	Response	2	1953117	17504	4
23513	92	Port Input	1	1954688	19075	4
23513	92	Response	2	1954688	19075	4
23513	93	Nothing	19	1957358	0	1			0		other	0
23513	94	Nothing	52	1968283	0	1			0		other	0
23513	94	Port Input	1	1971163	2880	4
23513	94	Response	2	1971163	2880	4
23513	95	Nothing	1000	1971180	0	1			0		other	0
23513	96	Nothing	62	1971287	0	0			0		other	0
23513	97	Nothing	110	1971408	0	1			0		false_alarm	608
23513	97	Port Input	2	1974394	2987	4
23513	97	Response	3	1974394	2987	4
23513	97	Port Input	2	1976044	4637	5
23513	97	Response	3	1976044	4637	5
23513	98	Nothing	19	2004386	0	1			0		other	0
23513	99	Nothing	51	2052485	0	1			0		other	0
23513	99	Port Input	1	2054566	2081	4
23513	99	Response	2	2054566	2081	4
23513	100	Nothing	1000	2054582	0	1			0		other	0
23513	101	Nothing	62	2054690	0	1			0		other	0
23513	102	Nothing	100	2054812	0	1			0		false_alarm	619
23513	102	Port Input	1	2055907	1095	5
23513	102	Response	2	2055907	1095	5
23513	102	Port Input	1	2058182	3370	4
23513	102	Response	2	2058182	3370	4
23513	102	Port Input	1	2059551	4739	4
23513	102	Response	2	2059551	4739	4
23513	102	Port Input	1	2060729	5918	4
23513	102	Response	2	2060729	5918	4
23513	102	Port Input	1	2062057	7245	4
23513	102	Response	2	2062057	7245	4
23513	102	Port Input	1	2063314	8502	4
23513	102	Response	2	2063314	8502	4
23513	102	Port Input	1	2064686	9874	7
23513	102	Response	2	2064686	9874	7
23513	102	Port Input	1	2066100	11288	4
23513	102	Response	2	2066100	11288	4
23513	102	Port Input	1	2067468	12656	4
23513	102	Response	2	2067468	12656	4
23513	102	Port Input	1	2068971	14159	4
23513	102	Response	2	2068971	14159	4
23513	102	Port Input	1	2070464	15653	4
23513	102	Response	2	2070464	15653	4
23513	102	Port Input	1	2072040	17228	4
23513	102	Response	2	2072040	17228	4
23513	102	Port Input	1	2073596	18784	5
23513	102	Response	2	2073596	18784	5
23513	102	Port Input	1	2075129	20317	4
23513	102	Response	2	2075129	20317	4
23513	102	Port Input	1	2076711	21899	4
23513	102	Response	2	2076711	21899	4
23513	102	Port Input	1	2078383	23572	4
23513	102	Response	2	2078383	23572	4
23513	102	Port Input	1	2080011	25199	4
23513	102	Response	2	2080011	25199	4
23513	102	Port Input	1	2081653	26841	4
23513	102	Response	2	2081653	26841	4
23513	102	Port Input	1	2083349	28537	4
23513	102	Response	2	2083349	28537	4
23513	102	Port Input	1	2084815	30003	123
23513	102	Response	2	2084815	30003	123
23513	102	Port Input	1	2086355	31544	4
23513	102	Response	2	2086355	31544	4
23513	103	Nothing	19	2087654	0	0			0		other	0
23513	103	Port Input	1	2088023	369	5
23513	103	Response	2	2088023	369	5
23513	103	Port Input	1	2089472	1818	4
23513	103	Response	2	2089472	1818	4
23513	103	Port Input	1	2091373	3719	4
23513	103	Response	2	2091373	3719	4
23513	104	Nothing	19	2119833	0	1			0		other	0
23513	105	Nothing	51	2145636	0	1			0		other	0
23513	105	Port Input	2	2148770	3134	4
23513	105	Response	3	2148770	3134	4
23513	106	Nothing	1000	2148785	0	0			0		other	0
23513	107	Nothing	62	2148895	0	0			0		other	0
23513	108	Nothing	101	2149017	0	1			0		false_alarm	675
23513	108	Port Input	2	2150210	1193	4
23513	108	Response	3	2150210	1193	4
23513	108	Port Input	2	2151558	2541	6
23513	108	Response	3	2151558	2541	6
23513	108	Port Input	2	2155731	6714	9
23513	108	Response	3	2155731	6714	9
23513	108	Port Input	2	2176057	27040	6
23513	108	Response	3	2176057	27040	6
23513	108	Port Input	2	2177930	28913	5
23513	108	Response	3	2177930	28913	5
23513	108	Port Input	2	2179818	30801	4
23513	108	Response	3	2179818	30801	4
23513	109	Nothing	19	2181993	0	1			0		other	0
23513	110	Nothing	52	2202147	0	1			0		other	0
23513	110	Port Input	1	2205117	2970	4
23513	110	Response	2	2205117	2970	4
23513	111	Nothing	1003	2205132	0	0			0		other	0
23513	112	Nothing	63	2205244	0	1			0		other	0
23513	113	Nothing	110	2205359	0	1			0		false_alarm	694
23513	113	Port Input	1	2211487	6128	4
23513	113	Response	2	2211487	6128	4
23513	113	Port Input	2	2213333	7974	8
23513	113	Response	3	2213333	7974	8
23513	114	Nothing	19	2238347	0	1			0		other	0
23513	114	Port Input	2	2266634	28287	4
23513	114	Response	3	2266634	28287	4
23513	115	Nothing	19	2270423	0	1			0		other	0
23513	117	Nothing	51	2291314	0	1			0		other	0
23513	117	Port Input	1	2294505	3191	5
23513	117	Response	2	2294505	3191	5
23513	118	Nothing	1000	2294521	0	1			0		other	0
23513	119	Nothing	62	2294629	0	1			0		other	0
23513	120	Nothing	100	2294751	0	0			0		false_alarm	708
23513	120	Port Input	1	2295900	1149	4
23513	120	Response	2	2295900	1149	4
23513	120	Port Input	1	2299559	4808	4
23513	120	Response	2	2299559	4808	4
23513	120	Port Input	1	2300832	6081	4
23513	120	Response	2	2300832	6081	4
23513	120	Port Input	1	2302034	7283	4
23513	120	Response	2	2302034	7283	4
23513	120	Port Input	1	2304744	9994	4
23513	120	Response	2	2304744	9994	4
23513	120	Port Input	1	2306324	11573	4
23513	120	Response	2	2306324	11573	4
23513	120	Port Input	1	2307928	13178	5
23513	120	Response	2	2307928	13178	5
23513	120	Port Input	1	2309147	14397	4
23513	120	Response	2	2309147	14397	4
23513	120	Port Input	1	2310547	15796	4
23513	120	Response	2	2310547	15796	4
23513	120	Port Input	1	2311812	17061	4
23513	120	Response	2	2311812	17061	4
23513	120	Port Input	1	2313256	18506	4
23513	120	Response	2	2313256	18506	4
23513	120	Port Input	1	2314926	20175	4
23513	120	Response	2	2314926	20175	4
23513	120	Port Input	1	2316616	21866	4
23513	120	Response	2	2316616	21866	4
23513	120	Port Input	1	2318388	23637	4
23513	120	Response	2	2318388	23637	4
23513	120	Port Input	1	2319928	25177	4
23513	120	Response	2	2319928	25177	4
23513	120	Port Input	1	2321530	26780	4
23513	120	Response	2	2321530	26780	4
23513	120	Port Input	1	2323046	28296	4
23513	120	Response	2	2323046	28296	4
23513	120	Port Input	1	2324562	29811	4
23513	120	Response	2	2324562	29811	4
23513	120	Port Input	1	2326307	31556	6
23513	120	Response	2	2326307	31556	6
23513	121	Nothing	19	2327619	0	1			0		other	0
23513	121	Port Input	1	2327957	338	4
23513	121	Response	2	2327957	338	4
23513	121	Port Input	1	2329618	1999	4
23513	121	Response	2	2329618	1999	4
23513	122	Nothing	19	2353516	0	1			0		other	0
23513	122	Port Input	2	2364756	11240	4
23513	122	Response	3	2364756	11240	4
23513	123	Nothing	19	2365029	0	1			0		other	0
23513	123	Port Input	2	2371301	6272	4
23513	123	Response	3	2371301	6272	4
23513	123	Port Input	2	2371698	6669	5
23513	123	Port Input	2	2372516	7486	4
23513	123	Response	3	2372516	7486	4
23513	123	Port Input	2	2372563	7534	4
23513	123	Port Input	1	2372611	7582	5
23513	123	Response	2	2372611	7582	5
23513	123	Port Input	1	2372653	7623	4
23513	123	Port Input	2	2373458	8429	8
23513	123	Response	3	2373458	8429	8
23513	123	Port Input	2	2373518	8488	4
23513	123	Port Input	2	2374529	9500	4
23513	123	Response	3	2374529	9500	4
23513	123	Port Input	2	2374557	9528	4
23513	123	Port Input	2	2374587	9558	4
23513	124	Nothing	19	2375686	0	1			0		other	0
23513	124	Port Input	2	2375691	5	4
23513	124	Response	3	2375691	5	4
23513	124	Port Input	2	2375700	14	4
23513	124	Port Input	2	2376785	1100	4
23513	124	Response	3	2376785	1100	4
23513	124	Port Input	2	2376807	1121	4
23513	124	Port Input	2	2377931	2246	4
23513	124	Response	3	2377931	2246	4
23513	124	Port Input	2	2377990	2304	4
23513	124	Port Input	2	2379297	3611	4
23513	124	Response	3	2379297	3611	4
23513	124	Port Input	2	2379366	3681	4
23513	124	Port Input	2	2380960	5274	4
23513	124	Response	3	2380960	5274	4
23513	124	Port Input	2	2383221	7535	4
23513	124	Response	3	2383221	7535	4
23513	124	Port Input	2	2385619	9933	5
23513	124	Response	3	2385619	9933	5
23513	125	Nothing	19	2387879	0	1			0		other	0
23513	125	Port Input	1	2389596	1717	4
23513	125	Response	2	2389596	1717	4
23513	125	Port Input	1	2390030	2151	4
23513	125	Response	2	2390030	2151	4
23513	125	Port Input	1	2391377	3498	4
23513	125	Response	2	2391377	3498	4
23513	125	Port Input	2	2416719	28840	4
23513	125	Response	3	2416719	28840	4
23513	126	Nothing	51	2428145	0	1			0		other	0
23513	126	Port Input	2	2431505	3360	4
23513	126	Response	3	2431505	3360	4
23513	127	Nothing	1000	2431520	0	1			0		other	0
23513	128	Nothing	62	2431628	0	1			0		other	0
23513	129	Nothing	101	2431756	0	1			0		false_alarm	805
23513	129	Port Input	2	2433123	1367	4
23513	129	Response	3	2433123	1367	4
23513	130	Nothing	19	2464741	0	1			0		other	0
23513	131	Nothing	52	2488473	0	1			0		other	0
23513	131	Port Input	2	2491382	2909	4
23513	131	Response	3	2491382	2909	4
23513	132	Nothing	1003	2491397	0	1			0		other	0
23513	133	Nothing	63	2491508	0	0			0		other	0
23513	134	Nothing	111	2491631	0	1			0		false_alarm	814
23513	134	Port Input	2	2492713	1082	6
23513	134	Response	3	2492713	1082	6
23513	134	Port Input	2	2495122	3491	4
23513	134	Response	3	2495122	3491	4
23513	134	Port Input	2	2496485	4854	4
23513	134	Response	3	2496485	4854	4
23513	134	Port Input	2	2497934	6302	4
23513	134	Response	3	2497934	6302	4
23513	134	Port Input	2	2499325	7694	4
23513	134	Response	3	2499325	7694	4
23513	134	Port Input	2	2501751	10119	5
23513	134	Response	3	2501751	10119	5
23513	134	Port Input	1	2504861	13230	6
23513	134	Response	2	2504861	13230	6
23513	134	Port Input	1	2506309	14678	4
23513	134	Response	2	2506309	14678	4
23513	134	Port Input	1	2507682	16051	4
23513	134	Response	2	2507682	16051	4
23513	134	Port Input	1	2509154	17523	6
23513	134	Response	2	2509154	17523	6
23513	134	Port Input	1	2510782	19151	9
23513	134	Response	2	2510782	19151	9
23513	135	Nothing	19	2524489	0	1			0		other	0
23513	136	Nothing	52	2550683	0	1			0		other	0
23513	136	Port Input	1	2553600	2917	4
23513	136	Response	2	2553600	2917	4
23513	137	Nothing	1000	2553614	0	1			0		other	0
23513	138	Nothing	62	2553723	0	0			0		other	0
23513	139	Nothing	110	2553842	0	1			0		false_alarm	843
23513	139	Port Input	2	2556619	2777	4
23513	139	Response	3	2556619	2777	4
23513	139	Port Input	2	2558182	4340	4
23513	139	Response	3	2558182	4340	4
23513	140	Nothing	19	2586848	0	1			0		other	0
23513	141	Nothing	52	2597386	0	0			0		other	0
23513	141	Port Input	2	2603384	5998	4
23513	141	Response	3	2603384	5998	4
23513	142	Nothing	1000	2603398	0	0			0		other	0
23513	143	Nothing	62	2603507	0	0			0		other	0
23513	144	Nothing	111	2603628	0	0			0		false_alarm	854
23513	144	Port Input	2	2604872	1243	6
23513	144	Response	3	2604872	1243	6
23513	144	Port Input	2	2606472	2844	4
23513	144	Response	3	2606472	2844	4
23513	144	Port Input	2	2607748	4120	4
23513	144	Response	3	2607748	4120	4
23513	144	Port Input	2	2608874	5245	4
23513	144	Response	3	2608874	5245	4
23513	144	Port Input	2	2610344	6715	4
23513	144	Response	3	2610344	6715	4
23513	144	Port Input	2	2612006	8378	4
23513	144	Response	3	2612006	8378	4
23513	144	Port Input	2	2614661	11032	4
23513	144	Response	3	2614661	11032	4
23513	144	Port Input	1	2615958	12330	4
23513	144	Response	2	2615958	12330	4
23513	144	Port Input	1	2617272	13644	5
23513	144	Response	2	2617272	13644	5
23513	144	Port Input	1	2618644	15016	4
23513	144	Response	2	2618644	15016	4
23513	144	Port Input	1	2620071	16443	5
23513	144	Response	2	2620071	16443	5
23513	144	Port Input	1	2621358	17730	4
23513	144	Response	2	2621358	17730	4
23513	144	Port Input	1	2622784	19156	5
23513	144	Response	2	2622784	19156	5
23513	145	Nothing	19	2636608	0	0			0		other	0
23513	147	Nothing	52	2653087	0	0			0		other	0
23513	147	Port Input	2	2654660	1574	4
23513	147	Response	3	2654660	1574	4
23513	148	Nothing	1000	2654676	0	1			0		other	0
23513	149	Nothing	62	2654783	0	1			0		other	0
23513	150	Nothing	111	2654903	0	0			0		false_alarm	887
23513	150	Port Input	2	2655787	884	4
23513	150	Response	3	2655787	884	4
23513	150	Port Input	2	2658239	3336	4
23513	150	Response	3	2658239	3336	4
23513	150	Port Input	2	2659599	4696	4
23513	150	Response	3	2659599	4696	4
23513	150	Port Input	2	2661115	6212	4
23513	150	Response	3	2661115	6212	4
23513	150	Port Input	2	2663732	8829	4
23513	150	Response	3	2663732	8829	4
23513	150	Port Input	1	2665173	10270	4
23513	150	Response	2	2665173	10270	4
23513	150	Port Input	1	2666352	11449	4
23513	150	Response	2	2666352	11449	4
23513	150	Port Input	1	2667676	12774	4
23513	150	Response	2	2667676	12774	4
23513	150	Port Input	1	2669014	14112	4
23513	150	Response	2	2669014	14112	4
23513	150	Port Input	1	2670295	15392	4
23513	150	Response	2	2670295	15392	4
23513	150	Port Input	1	2671721	16818	6
23513	150	Response	2	2671721	16818	6
23513	150	Port Input	1	2673133	18230	4
23513	150	Response	2	2673133	18230	4
23513	150	Port Input	1	2674468	19565	9
23513	150	Response	2	2674468	19565	9
23513	150	Port Input	1	2675858	20955	4
23513	150	Response	2	2675858	20955	4
23513	150	Port Input	1	2677339	22436	4
23513	150	Response	2	2677339	22436	4
23513	150	Port Input	1	2678781	23878	4
23513	150	Response	2	2678781	23878	4
23513	150	Port Input	1	2680414	25511	4
23513	150	Response	2	2680414	25511	4
23513	150	Port Input	1	2681939	27036	4
23513	150	Response	2	2681939	27036	4
23513	151	Nothing	19	2687731	0	1			0		other	0
23513	151	Port Input	2	2691873	4142	4
23513	151	Response	3	2691873	4142	4
23513	151	Port Input	2	2693264	5533	5
23513	151	Response	3	2693264	5533	5
23513	151	Port Input	2	2694812	7081	4
23513	151	Response	3	2694812	7081	4
23513	151	Port Input	1	2696592	8861	4
23513	151	Response	2	2696592	8861	4
23513	152	Nothing	19	2704971	0	1			0		other	0
23513	153	Nothing	51	2722452	0	1			0		other	0
23513	153	Port Input	2	2725416	2964	4
23513	153	Response	3	2725416	2964	4
23513	154	Nothing	1000	2725431	0	0			0		other	0
23513	155	Nothing	62	2725538	0	1			0		other	0
23513	156	Nothing	101	2725659	0	1			0		false_alarm	939
23513	156	Port Input	2	2726971	1312	4
23513	156	Response	3	2726971	1312	4
23513	156	Port Input	2	2731829	6169	4
23513	156	Response	3	2731829	6169	4
23513	157	Nothing	19	2758509	0	1			0		other	0
23513	157	Port Input	1	2779272	20763	4
23513	157	Response	2	2779272	20763	4
23513	157	Port Input	2	2781148	22639	4
23513	157	Response	3	2781148	22639	4
23513	158	Nothing	19	2799147	0	1			0		other	0
23513	159	Nothing	51	2827739	0	1			0		other	0
23513	159	Port Input	2	2830068	2330	4
23513	159	Response	3	2830068	2330	4
23513	160	Nothing	1000	2830085	0	1			0		other	0
23513	161	Nothing	62	2830193	0	1			0		other	0
23513	162	Nothing	101	2830310	0	0			0		other	0
23513	163	Nothing	19	2863163	0	0			0		other	0
23513	164	Nothing	51	2879935	0	0			0		other	0
23513	164	Port Input	2	2889699	9764	4
23513	164	Response	3	2889699	9764	4
23513	165	Nothing	1000	2889713	0	0			0		other	0
23513	166	Nothing	62	2889822	0	1			0		other	0
23513	167	Nothing	101	2889939	0	1			0		false_alarm	962
23513	167	Port Input	2	2891454	1514	4
23513	167	Response	3	2891454	1514	4
23513	168	Nothing	19	2922866	0	0			0		other	0
23513	169	Nothing	52	2959873	0	0			0		other	0
23513	169	Port Input	2	2962366	2493	4
23513	169	Response	3	2962366	2493	4
23513	170	Nothing	1000	2962381	0	1			0		other	0
23513	171	Nothing	62	2962491	0	1			0		other	0
23513	172	Nothing	111	2962614	0	1			0		false_alarm	971
23513	172	Port Input	2	2981371	18758	4
23513	172	Response	3	2981371	18758	4
23513	172	Port Input	2	2983723	21109	4
23513	172	Response	3	2983723	21109	4
23513	172	Port Input	2	2984985	22371	4
23513	172	Response	3	2984985	22371	4
23513	172	Port Input	2	2986254	23640	5
23513	172	Response	3	2986254	23640	5
23513	172	Port Input	2	2987641	25028	4
23513	172	Response	3	2987641	25028	4
23513	172	Port Input	2	2990416	27803	4
23513	172	Response	3	2990416	27803	4
23513	172	Port Input	1	2991779	29166	4
23513	172	Response	2	2991779	29166	4
23513	172	Port Input	1	2992963	30350	4
23513	172	Response	2	2992963	30350	4
23513	173	Nothing	19	2995460	0	1			0		other	0
23513	173	Port Input	2	3000394	4934	6
23513	173	Response	3	3000394	4934	6
23513	173	Port Input	2	3001959	6498	4
23513	173	Response	3	3001959	6498	4
23513	173	Port Input	1	3003951	8491	5
23513	173	Response	2	3003951	8491	5
23513	174	Nothing	19	3020960	0	1			0		other	0
23513	176	Nothing	52	3054115	0	0			0		other	0
23513	176	Port Input	2	3055855	1740	4
23513	176	Response	3	3055855	1740	4
23513	177	Nothing	1000	3055870	0	1			0		other	0
23513	178	Nothing	62	3055979	0	1			0		other	0
23513	179	Nothing	111	3056100	0	1			0		false_alarm	1001
23513	179	Port Input	2	3057129	1029	4
23513	179	Response	3	3057129	1029	4
23513	179	Port Input	2	3059505	3405	4
23513	179	Response	3	3059505	3405	4
23513	179	Port Input	2	3060925	4825	4
23513	179	Response	3	3060925	4825	4
23513	179	Port Input	2	3062349	6249	4
23513	179	Response	3	3062349	6249	4
23513	179	Port Input	2	3063829	7729	5
23513	179	Response	3	3063829	7729	5
23513	179	Port Input	2	3066337	10237	5
23513	179	Response	3	3066337	10237	5
23513	179	Port Input	1	3069105	13005	4
23513	179	Response	2	3069105	13005	4
23513	179	Port Input	1	3070554	14454	4
23513	179	Response	2	3070554	14454	4
23513	179	Port Input	1	3072114	16014	4
23513	179	Response	2	3072114	16014	4
23513	179	Port Input	1	3073585	17485	4
23513	179	Response	2	3073585	17485	4
23513	179	Port Input	1	3075214	19114	4
23513	179	Response	2	3075214	19114	4
23513	180	Nothing	19	3088965	0	1			0		other	0
23513	180	Port Input	2	3091836	2871	4
23513	180	Response	3	3091836	2871	4
23513	180	Port Input	2	3093306	4341	4
23513	180	Response	3	3093306	4341	4
23513	180	Port Input	1	3095090	6125	5
23513	180	Response	2	3095090	6125	5
23513	181	Nothing	19	3101399	0	1			0		other	0
23513	182	Nothing	51	3144354	0	1			0		other	0
23513	182	Port Input	2	3153037	8684	4
23513	182	Response	3	3153037	8684	4
23513	183	Nothing	1000	3153053	0	0			0		other	0
23513	184	Nothing	62	3153161	0	1			0		other	0
23513	185	Nothing	101	3153277	0	1			0		other	0
23513	186	Nothing	19	3186128	0	0			0		other	0
23513	187	Nothing	51	3236411	0	1			0		other	0
23513	187	Port Input	2	3239264	2853	5
23513	187	Response	3	3239264	2853	5
23513	188	Nothing	1003	3239282	0	1			0		other	0
23513	189	Nothing	63	3239395	0	1			0		other	0
23513	190	Nothing	101	3239513	0	1			0		false_alarm	1044
23513	190	Port Input	2	3240611	1098	4
23513	190	Response	3	3240611	1098	4
23513	191	Nothing	19	3272379	0	1			0		other	0
23513	192	Nothing	51	3286860	0	1			0		other	0
23513	192	Port Input	2	3289762	2903	4
23513	192	Response	3	3289762	2903	4
23513	193	Nothing	1003	3289777	0	1			0		other	0
23513	194	Nothing	63	3289888	0	1			0		other	0
23513	195	Nothing	101	3290010	0	1			0		other	0
23513	196	Nothing	19	3322993	0	1			0		other	0
23513	197	Nothing	51	3356122	0	0			0		other	0
23513	197	Port Input	2	3358937	2815	4
23513	197	Response	3	3358937	2815	4
23513	198	Nothing	1000	3358953	0	0			0		other	0
23513	199	Nothing	62	3359062	0	1			0		other	0
23513	200	Nothing	101	3359177	0	1			0		false_alarm	1060
23513	200	Port Input	2	3360612	1435	4
23513	200	Response	3	3360612	1435	4
23513	200	Port Input	2	3361751	2574	4
23513	200	Response	3	3361751	2574	4
23513	201	Nothing	19	3392163	0	0			0		other	0
23513	203	Nothing	51	3405253	0	0			0		other	0
23513	203	Port Input	2	3409778	4525	4
23513	203	Response	3	3409778	4525	4
23513	204	Nothing	1000	3409793	0	1			0		other	0
23513	205	Nothing	62	3409902	0	1			0		other	0
23513	206	Nothing	101	3410024	0	1			0		false_alarm	1071
23513	206	Port Input	2	3411070	1046	4
23513	206	Response	3	3411070	1046	4
23513	207	Nothing	19	3442965	0	1			0		other	0
23513	208	Nothing	51	3462380	0	1			0		other	0
23513	208	Port Input	2	3465374	2994	4
23513	208	Response	3	3465374	2994	4
23513	209	Nothing	1000	3465389	0	1			0		other	0
23513	210	Nothing	62	3465498	0	1			0		other	0
23513	211	Nothing	101	3465616	0	1			0		other	0
23513	212	Nothing	19	3498480	0	0			0		other	0
23513	212	Port Input	2	3509100	10620	4
23513	212	Response	3	3509100	10620	4
23513	213	Nothing	19	3513370	0	1			0		other	0
23513	214	Nothing	51	3546037	0	1			0		other	0
23513	214	Port Input	2	3548910	2873	4
23513	214	Response	3	3548910	2873	4
23513	215	Nothing	1000	3548926	0	1			0		other	0
23513	216	Nothing	62	3549034	0	1			0		other	0
23513	217	Nothing	101	3549153	0	1			0		other	0
23513	218	Nothing	19	3582009	0	1			0		other	0
23513	218	Port Input	2	3604893	22884	4
23513	218	Response	3	3604893	22884	4
23513	218	Port Input	2	3608403	26394	4
23513	218	Response	3	3608403	26394	4
23513	218	Port Input	2	3609539	27530	9
23513	218	Response	3	3609539	27530	9
23513	219	Nothing	19	3609780	0	1			0		other	0
23513	219	Port Input	2	3610657	877	4
23513	219	Response	3	3610657	877	4
23513	219	Port Input	2	3610711	931	4
23513	219	Port Input	2	3611653	1873	4
23513	219	Response	3	3611653	1873	4
23513	219	Port Input	2	3612596	2815	6
23513	219	Response	3	3612596	2815	6
23513	219	Port Input	2	3613639	3859	4
23513	219	Response	3	3613639	3859	4
23513	219	Port Input	2	3613683	3903	4
23513	219	Port Input	2	3614733	4953	4
23513	219	Response	3	3614733	4953	4
23513	219	Port Input	2	3615871	6090	4
23513	219	Response	3	3615871	6090	4
23513	219	Port Input	2	3615896	6116	4
23513	219	Port Input	2	3617002	7221	4
23513	219	Response	3	3617002	7221	4
23513	219	Port Input	2	3618273	8493	4
23513	219	Response	3	3618273	8493	4
23513	219	Port Input	2	3618302	8521	4
23513	219	Port Input	2	3619841	10061	4
23513	219	Response	3	3619841	10061	4
23513	219	Port Input	2	3621656	11876	4
23513	219	Response	3	3621656	11876	4
23513	219	Port Input	2	3621836	12056	4
23513	220	Nothing	19	3627276	0	1			0		other	0
23513	221	Nothing	51	3660535	0	1			0		other	0
23513	221	Port Input	2	3665173	4638	4
23513	221	Response	3	3665173	4638	4
23513	222	Nothing	1000	3665188	0	1			0		other	0
23513	223	Nothing	62	3665296	0	1			0		other	0
23513	224	Nothing	101	3665412	0	1			0		other	0
23513	225	Nothing	19	3698305	0	1			0		other	0
23513	226	Nothing	51	3716885	0	1			0		other	0
23513	226	Port Input	2	3719422	2537	5
23513	226	Response	3	3719422	2537	5
23513	227	Nothing	1000	3719440	0	1			0		other	0
23513	228	Nothing	62	3719549	0	1			0		other	0
23513	229	Nothing	101	3719665	0	1			0		other	0
23513	230	Nothing	19	3752539	0	0			0		other	0
23513	232	Nothing	51	3787621	0	1			0		other	0
23513	232	Port Input	1	3790821	3200	7
23513	232	Response	2	3790821	3200	7
23513	233	Nothing	1000	3790840	0	1			0		other	0
23513	234	Nothing	62	3790949	0	1			0		other	0
23513	235	Nothing	100	3791070	0	0			0		false_alarm	1144
23513	235	Port Input	2	3794229	3159	4
23513	235	Response	3	3794229	3159	4
23513	235	Port Input	1	3795745	4675	4
23513	235	Response	2	3795745	4675	4
23513	235	Port Input	1	3799244	8174	4
23513	235	Response	2	3799244	8174	4
23513	235	Port Input	1	3800410	9340	7
23513	235	Response	2	3800410	9340	7
23513	235	Port Input	1	3801685	10615	8
23513	235	Response	2	3801685	10615	8
23513	235	Port Input	1	3802950	11880	4
23513	235	Response	2	3802950	11880	4
23513	235	Port Input	1	3804144	13074	5
23513	235	Response	2	3804144	13074	5
23513	235	Port Input	1	3805437	14367	4
23513	235	Response	2	3805437	14367	4
23513	235	Port Input	1	3806646	15576	5
23513	235	Response	2	3806646	15576	5
23513	235	Port Input	1	3808035	16965	4
23513	235	Response	2	3808035	16965	4
23513	235	Port Input	1	3809403	18333	4
23513	235	Response	2	3809403	18333	4
23513	235	Port Input	1	3810770	19700	4
23513	235	Response	2	3810770	19700	4
23513	235	Port Input	1	3812135	21065	4
23513	235	Response	2	3812135	21065	4
23513	235	Port Input	1	3813608	22538	4
23513	235	Response	2	3813608	22538	4
23513	235	Port Input	1	3815066	23996	4
23513	235	Response	2	3815066	23996	4
23513	235	Port Input	1	3816742	25672	8
23513	235	Response	2	3816742	25672	8
23513	235	Port Input	1	3818280	27210	4
23513	235	Response	2	3818280	27210	4
23513	235	Port Input	1	3819764	28694	4
23513	235	Response	2	3819764	28694	4
23513	235	Port Input	1	3821344	30274	4
23513	235	Response	2	3821344	30274	4
23513	235	Port Input	1	3822944	31874	4
23513	235	Response	2	3822944	31874	4
23513	236	Nothing	19	3824158	0	0			0		other	0
23513	236	Port Input	1	3824456	298	5
23513	236	Response	2	3824456	298	5
23513	236	Port Input	1	3825908	1750	4
23513	236	Response	2	3825908	1750	4
23513	236	Port Input	1	3827541	3383	4
23513	236	Response	2	3827541	3383	4
23513	236	Port Input	1	3829221	5063	4
23513	236	Response	2	3829221	5063	4
23513	236	Port Input	1	3830911	6753	4
23513	236	Response	2	3830911	6753	4
23513	237	Nothing	19	3835528	0	1			0		other	0
23513	238	Nothing	52	3851094	0	1			0		other	0
23513	238	Port Input	2	3852677	1583	4
23513	238	Response	3	3852677	1583	4
23513	239	Nothing	1000	3852692	0	1			0		other	0
23513	240	Nothing	62	3852800	0	1			0		other	0
23513	241	Nothing	111	3852923	0	1			0		false_alarm	1203
23513	241	Port Input	2	3852933	11	4
23513	241	Port Input	2	3854157	1234	4
23513	241	Response	3	3854157	1234	4
23513	241	Port Input	2	3856696	3773	4
23513	241	Response	3	3856696	3773	4
23513	241	Port Input	2	3858212	5290	4
23513	241	Response	3	3858212	5290	4
23513	241	Port Input	2	3859682	6760	4
23513	241	Response	3	3859682	6760	4
23513	241	Port Input	1	3861137	8214	9
23513	241	Response	2	3861137	8214	9
23513	241	Port Input	1	3864893	11971	4
23513	241	Response	2	3864893	11971	4
23513	241	Port Input	1	3867677	14755	4
23513	241	Response	2	3867677	14755	4
23513	241	Port Input	1	3869158	16235	5
23513	241	Response	2	3869158	16235	5
23513	241	Port Input	1	3870678	17756	4
23513	241	Response	2	3870678	17756	4
23513	241	Port Input	1	3872190	19268	4
23513	241	Response	2	3872190	19268	4
23513	241	Port Input	1	3875596	22673	4
23513	241	Response	2	3875596	22673	4
23513	241	Port Input	2	3877758	24835	4
23513	241	Response	3	3877758	24835	4
23513	241	Port Input	2	3879166	26243	4
23513	241	Response	3	3879166	26243	4
23513	241	Port Input	2	3880663	27740	4
23513	241	Response	3	3880663	27740	4
23513	241	Port Input	1	3882719	29797	4
23513	241	Response	2	3882719	29797	4
23513	241	Port Input	1	3884196	31273	4
23513	241	Response	2	3884196	31273	4
23513	242	Nothing	19	3886050	0	1			0		other	0
23513	242	Port Input	1	3887185	1135	4
23513	242	Response	2	3887185	1135	4
23513	242	Port Input	1	3888628	2578	5
23513	242	Response	2	3888628	2578	5
23513	242	Port Input	1	3890323	4273	4
23513	242	Response	2	3890323	4273	4
23513	243	Nothing	19	3907815	0	1			0		other	0
23513	244	Nothing	51	3929694	0	1			0		other	0
23513	244	Port Input	2	3931450	1756	4
23513	244	Response	3	3931450	1756	4
23513	245	Nothing	1000	3931472	0	0			0		other	0
23513	246	Nothing	62	3931580	0	0			0		other	0
23513	247	Nothing	101	3931696	0	0			0		false_alarm	1249
23513	247	Port Input	2	3934065	2370	4
23513	247	Response	3	3934065	2370	4
23513	247	Port Input	2	3956458	24763	6
23513	247	Response	3	3956458	24763	6
23513	247	Port Input	2	3958124	26429	4
23513	247	Response	3	3958124	26429	4
23513	247	Port Input	2	3959703	28007	4
23513	247	Response	3	3959703	28007	4
23513	247	Port Input	1	3961693	29997	4
23513	247	Response	2	3961693	29997	4
23513	248	Nothing	19	3964691	0	0			0		other	0
23513	249	Nothing	51	4013013	0	0			0		other	0
23513	249	Port Input	2	4019054	6041	4
23513	249	Response	3	4019054	6041	4
23513	250	Nothing	1000	4019069	0	1			0		other	0
23513	251	Nothing	62	4019177	0	1			0		other	0
23513	252	Nothing	101	4019293	0	1			0		other	0
23513	253	Nothing	19	4052294	0	0			0		other	0
23513	253	Port Input	2	4092028	39734	4
23513	253	Response	3	4092028	39734	4
23513	254	Nothing	19	4093216	0	1			0		other	0
23513	255	Nothing	51	4107692	0	1			0		other	0
23513	255	Port Input	1	4109470	1778	4
23513	255	Response	2	4109470	1778	4
23513	256	Nothing	1000	4109486	0	1			0		other	0
23513	257	Nothing	62	4109594	0	0			0		other	0
23513	258	Nothing	100	4109715	0	1			0		false_alarm	1276
23513	258	Port Input	1	4110699	985	4
23513	258	Response	2	4110699	985	4
23513	258	Port Input	1	4112921	3206	4
23513	258	Response	2	4112921	3206	4
23513	258	Port Input	1	4114193	4478	5
23513	258	Response	2	4114193	4478	5
23513	258	Port Input	1	4115474	5759	4
23513	258	Response	2	4115474	5759	4
23513	258	Port Input	1	4116690	6975	4
23513	258	Response	2	4116690	6975	4
23513	258	Port Input	1	4117944	8229	4
23513	258	Response	2	4117944	8229	4
23513	258	Port Input	1	4119264	9549	5
23513	258	Response	2	4119264	9549	5
23513	258	Port Input	1	4120591	10876	5
23513	258	Response	2	4120591	10876	5
23513	258	Port Input	1	4121938	12223	4
23513	258	Response	2	4121938	12223	4
23513	258	Port Input	1	4123413	13698	6
23513	258	Response	2	4123413	13698	6
23513	258	Port Input	1	4124842	15127	30
23513	258	Response	2	4124842	15127	30
23513	258	Port Input	1	4126297	16582	4
23513	258	Response	2	4126297	16582	4
23513	258	Port Input	1	4127810	18095	4
23513	258	Response	2	4127810	18095	4
23513	258	Port Input	1	4129291	19576	4
23513	258	Response	2	4129291	19576	4
23513	258	Port Input	1	4130721	21006	4
23513	258	Response	2	4130721	21006	4
23513	258	Port Input	1	4132216	22501	4
23513	258	Response	2	4132216	22501	4
23513	258	Port Input	1	4133728	24013	4
23513	258	Response	2	4133728	24013	4
23513	258	Port Input	1	4135253	25538	6
23513	258	Response	2	4135253	25538	6
23513	258	Port Input	1	4136808	27093	4
23513	258	Response	2	4136808	27093	4
23513	258	Port Input	1	4138430	28715	4
23513	258	Response	2	4138430	28715	4
23513	258	Port Input	1	4140005	30290	4
23513	258	Response	2	4140005	30290	4
23513	258	Port Input	1	4141638	31923	4
23513	258	Response	2	4141638	31923	4
23513	259	Nothing	19	4142828	0	1			0		other	0
23513	259	Port Input	1	4143267	439	4
23513	259	Response	2	4143267	439	4
23513	259	Port Input	1	4144949	2121	4
23513	259	Response	2	4144949	2121	4
23513	259	Port Input	1	4146658	3830	4
23513	259	Response	2	4146658	3830	4
23513	259	Port Input	1	4148371	5543	4
23513	259	Response	2	4148371	5543	4
23513	259	Port Input	1	4149964	7136	4
23513	259	Response	2	4149964	7136	4
23513	259	Port Input	1	4151567	8739	5
23513	259	Response	2	4151567	8739	5
23513	259	Port Input	1	4152955	10127	4
23513	259	Response	2	4152955	10127	4
23513	259	Port Input	1	4154790	11962	4
23513	259	Response	2	4154790	11962	4
23513	259	Port Input	1	4156355	13527	4
23513	259	Response	2	4156355	13527	4
23513	259	Port Input	1	4158172	15344	4
23513	259	Response	2	4158172	15344	4
23513	260	Nothing	19	4167610	0	1			0		other	0
23513	262	Nothing	51	4178932	0	0			0		other	0
23513	262	Port Input	2	4180753	1820	5
23513	262	Response	3	4180753	1820	5
23513	263	Nothing	1000	4180777	0	1			0		other	0
23513	264	Nothing	62	4180888	0	1			0		other	0
23513	265	Nothing	101	4181003	0	1			0		false_alarm	1348
23513	265	Port Input	2	4181068	65	4
23513	265	Response	3	4181068	65	4
23513	265	Port Input	2	4182207	1205	4
23513	265	Response	3	4182207	1205	4
23513	265	Port Input	2	4202945	21942	4
23513	265	Response	3	4202945	21942	4
23513	266	Nothing	19	4214127	0	1			0		other	0
23513	267	Nothing	51	4232628	0	1			0		other	0
23513	268	Nothing	77	4252638	0	1			0		other	0
23513	269	Nothing	1000	4282645	0	1			0		other	0
23513	270	Nothing	19	4285256	0	1			0		other	0
23513	271	Nothing	51	4326641	0	1			0		other	0
23513	272	Nothing	77	4346651	0	1			0		other	0
23513	273	Nothing	1000	4376658	0	1			0		other	0
23513	274	Nothing	19	4379139	0	1			0		other	0
23513	275	Nothing	51	4409125	0	1			0		other	0
23513	276	Nothing	77	4429137	0	1			0		other	0
23513	277	Nothing	1000	4459144	0	1			0		other	0
23513	278	Nothing	19	4461735	0	1			0		other	0
23513	279	Nothing	51	4472631	0	1			0		other	0
23513	280	Nothing	77	4492641	0	1			0		other	0
23513	281	Nothing	1000	4522648	0	0			0		other	0
23513	282	Nothing	19	4525180	0	0			0		other	0
23513	284	Nothing	52	4541798	0	0			0		other	0
23513	284	Port Input	1	4548853	7055	4
23513	284	Response	2	4548853	7055	4
23513	285	Nothing	1000	4548867	0	1			0		other	0
23513	286	Nothing	62	4548975	0	0			0		other	0
23513	287	Nothing	110	4549099	0	1			0		other	0
23513	288	Nothing	19	4582344	0	0			0		other	0
23513	289	Nothing	52	4605252	0	1			0		other	0
23513	290	Nothing	77	4625265	0	0			0		other	0
23513	291	Nothing	1000	4655271	0	1			0		other	0
23513	292	Nothing	19	4657864	0	1			0		other	0
23513	293	Nothing	52	4676538	0	0			0		other	0
23513	294	Nothing	77	4696549	0	1			0		other	0
23513	295	Nothing	1000	4726563	0	1			0		other	0
23513	296	Nothing	19	4729056	0	1			0		other	0
23513	297	Nothing	51	4740999	0	1			0		other	0
23513	298	Nothing	77	4761008	0	0			0		other	0
23513	299	Nothing	1000	4791015	0	1			0		other	0
23513	300	Nothing	19	4793569	0	0			0		other	0
23513	301	Nothing	51	4817864	0	1			0		other	0
23513	302	Nothing	77	4837874	0	1			0		other	0
23513	303	Nothing	1000	4867881	0	1			0		other	0
23513	304	Nothing	19	4870368	0	1			0		other	0
23513	306	Nothing	51	4886244	0	1			0		other	0
23513	307	Nothing	77	4906254	0	1			0		other	0
23513	308	Nothing	1000	4936260	0	1			0		other	0
23513	309	Nothing	19	4938764	0	1			0		other	0
23513	310	Nothing	52	4980266	0	1			0		other	0
23513	311	Nothing	77	5000277	0	1			0		other	0
23513	312	Nothing	1000	5030284	0	1			0		other	0
23513	313	Nothing	19	5032777	0	1			0		other	0
23513	314	Nothing	51	5045524	0	1			0		other	0
23513	315	Nothing	77	5065534	0	0			0		other	0
23513	316	Nothing	1000	5095541	0	1			0		other	0
23513	317	Nothing	19	5098024	0	1			0		other	0
23513	318	Nothing	52	5128644	0	1			0		other	0
23513	319	Nothing	77	5148654	0	1			0		other	0
23513	320	Nothing	1000	5178660	0	1			0		other	0
23513	321	Nothing	19	5181163	0	1			0		other	0
23513	321	Port Input	2	5210604	29441	4
23513	321	Response	3	5210604	29441	4
23513	322	Nothing	19	5224055	0	1			0		other	0
23513	323	Nothing	52	5246683	0	1			0		other	0
23513	324	Nothing	77	5266693	0	1			0		other	0
23513	324	Port Input	2	5271204	4511	6
23513	324	Response	3	5271204	4511	6
23513	325	Nothing	1000	5296700	0	0			0		other	0
23513	326	Nothing	19	5299178	0	1			0		other	0
23513	328	Nothing	51	5327341	0	1			0		other	0
23513	329	Nothing	77	5347355	0	1			0		other	0
23513	330	Nothing	1000	5377362	0	1			0		other	0
23513	331	Nothing	19	5379837	0	1			0		other	0
23513	331	Port Input	2	5386056	6219	4
23513	331	Response	3	5386056	6219	4
23513	331	Port Input	2	5386098	6261	4
23513	331	Port Input	2	5389628	9791	4
23513	331	Response	3	5389628	9791	4
23513	331	Port Input	2	5398807	18970	5
23513	331	Response	3	5398807	18970	5
23513	332	Nothing	19	5399206	0	1			0		other	0
23513	333	Nothing	62	5416763	0	1			0		other	0
23513	333	Port Input	2	5419186	2423	6
23513	333	Response	3	5419186	2423	6
23513	334	Nothing	60	5426770	0	1			0		other	0
