Scenario - phase2_matchingPennies_algorithm1
Logfile written - 06/26/2023 13:19:45

Subject	Trial	Event Type	Code	Time	TTime	Uncertainty	Duration	Uncertainty	ReqTime	ReqDur	Stim Type	Pair Index

23527	1	Nothing	61	10437	0	0			0		other	0
23527	1	Manual	06/26/2023 13:14:26	10589	152	NA
23527	1	Port Input	1	473117	462680	3
23527	1	Response	2	473117	462680	3
23527	1	Port Input	1	473120	462683	3
23527	1	Port Input	1	474738	464301	5
23527	1	Response	2	474738	464301	5
23527	1	Port Input	1	474823	464386	4
23527	1	Port Input	1	474865	464428	4
23527	1	Port Input	1	475820	465383	5
23527	1	Response	2	475820	465383	5
23527	1	Port Input	1	475963	465526	4
23527	1	Port Input	1	476059	465622	4
23527	1	Port Input	1	477297	466860	3
23527	1	Port Input	2	477361	466924	4
23527	1	Response	3	477361	466924	4
23527	1	Port Input	2	478844	468407	3
23527	1	Response	3	478844	468407	3
23527	1	Port Input	1	478884	468447	4
23527	1	Response	2	478884	468447	4
23527	1	Port Input	1	480564	470127	4
23527	1	Response	2	480564	470127	4
23527	1	Port Input	2	480571	470134	4
23527	1	Response	3	480571	470134	4
23527	1	Port Input	2	480575	470138	4
23527	1	Port Input	2	482516	472079	4
23527	1	Response	3	482516	472079	4
23527	1	Port Input	1	484601	474164	4
23527	1	Response	2	484601	474164	4
23527	1	Port Input	1	484605	474168	3
23527	1	Port Input	2	486754	476317	3
23527	1	Response	3	486754	476317	3
23527	1	Port Input	2	491777	481340	4
23527	1	Port Input	2	498381	487944	4
23527	1	Port Input	2	498424	487987	3
23527	1	Port Input	2	499039	488602	4
23527	1	Response	3	499039	488602	4
23527	1	Port Input	2	503368	492931	3
23527	1	Response	3	503368	492931	3
23527	1	Port Input	2	504754	494317	4
23527	1	Response	3	504754	494317	4
23527	1	Port Input	2	615304	604867	4
23527	1	Port Input	2	615308	604871	4
23527	1	Port Input	2	618137	607700	4
23527	1	Response	3	618137	607700	4
23527	2	Nothing	52	671090	0	1			0		other	0
23527	2	Port Input	1	674877	3787	11
23527	2	Response	2	674877	3787	11
23527	3	Nothing	1000	674899	0	1			0		other	0
23527	4	Nothing	62	675008	0	1			0		other	0
23527	5	Nothing	110	675125	0	1			0		false_alarm	53
23527	5	Port Input	1	676310	1185	4
23527	5	Response	2	676310	1185	4
23527	5	Port Input	2	677782	2657	3
23527	5	Response	3	677782	2657	3
23527	5	Port Input	1	679394	4269	4
23527	5	Response	2	679394	4269	4
23527	5	Port Input	1	679398	4273	3
23527	6	Nothing	19	705650	0	1			0		other	0
23527	7	Nothing	52	747263	0	1			0		other	0
23527	7	Port Input	2	750757	3494	4
23527	7	Response	3	750757	3494	4
23527	8	Nothing	1000	750772	0	1			0		other	0
23527	9	Nothing	62	750880	0	1			0		other	0
23527	10	Nothing	111	751000	0	1			0		false_alarm	67
23527	10	Port Input	2	752307	1307	4
23527	10	Response	3	752307	1307	4
23527	10	Port Input	2	753566	2566	4
23527	10	Response	3	753566	2566	4
23527	10	Port Input	2	754700	3701	5
23527	10	Response	3	754700	3701	5
23527	10	Port Input	2	755995	4996	6
23527	10	Response	3	755995	4996	6
23527	10	Port Input	2	757312	6312	4
23527	10	Response	3	757312	6312	4
23527	10	Port Input	2	758601	7602	3
23527	10	Response	3	758601	7602	3
23527	10	Port Input	2	759848	8848	4
23527	10	Response	3	759848	8848	4
23527	10	Port Input	2	761161	10161	4
23527	10	Response	3	761161	10161	4
23527	10	Port Input	2	762435	11435	4
23527	10	Response	3	762435	11435	4
23527	10	Port Input	2	763873	12874	4
23527	10	Response	3	763873	12874	4
23527	10	Port Input	2	765270	14270	4
23527	10	Response	3	765270	14270	4
23527	10	Port Input	2	768191	17191	4
23527	10	Response	3	768191	17191	4
23527	10	Port Input	2	769791	18791	4
23527	10	Response	3	769791	18791	4
23527	10	Port Input	2	769794	18795	4
23527	10	Port Input	2	771444	20444	4
23527	10	Response	3	771444	20444	4
23527	11	Nothing	19	781408	0	1			0		other	0
23527	12	Nothing	52	807634	0	1			0		other	0
23527	12	Port Input	2	811325	3691	3
23527	12	Response	3	811325	3691	3
23527	13	Nothing	1000	811336	0	0			0		other	0
23527	14	Nothing	62	811444	0	0			0		other	0
23527	15	Nothing	111	811562	0	1			0		false_alarm	103
23527	15	Port Input	2	812713	1150	4
23527	15	Response	3	812713	1150	4
23527	15	Port Input	2	813906	2344	3
23527	15	Response	3	813906	2344	3
23527	15	Port Input	2	815258	3696	4
23527	15	Response	3	815258	3696	4
23527	15	Port Input	2	816606	5043	4
23527	15	Response	3	816606	5043	4
23527	15	Port Input	2	817938	6376	4
23527	15	Response	3	817938	6376	4
23527	15	Port Input	2	819372	7810	4
23527	15	Response	3	819372	7810	4
23527	15	Port Input	2	820969	9407	3
23527	15	Response	3	820969	9407	3
23527	15	Port Input	2	822746	11184	4
23527	15	Response	3	822746	11184	4
23527	15	Port Input	2	824366	12804	3
23527	15	Response	3	824366	12804	3
23527	15	Port Input	2	826022	14460	4
23527	15	Response	3	826022	14460	4
23527	15	Port Input	2	827703	16140	3
23527	15	Response	3	827703	16140	3
23527	15	Port Input	2	833826	22264	4
23527	15	Response	3	833826	22264	4
23527	15	Port Input	2	833830	22268	3
23527	16	Nothing	19	841870	0	1			0		other	0
23527	17	Nothing	51	857249	0	1			0		other	0
23527	17	Port Input	2	859593	2344	4
23527	17	Response	3	859593	2344	4
23527	18	Nothing	1000	859607	0	1			0		other	0
23527	19	Nothing	62	859716	0	1			0		other	0
23527	20	Nothing	101	859828	0	1			0		false_alarm	135
23527	20	Port Input	2	861046	1218	4
23527	20	Response	3	861046	1218	4
23527	20	Port Input	2	862340	2512	4
23527	20	Response	3	862340	2512	4
23527	21	Nothing	19	890101	0	1			0		other	0
23527	23	Nothing	52	927964	0	1			0		other	0
23527	23	Port Input	2	931108	3144	4
23527	23	Response	3	931108	3144	4
23527	24	Nothing	1000	931120	0	1			0		other	0
23527	25	Nothing	62	931227	0	1			0		other	0
23527	26	Nothing	111	931346	0	0			0		false_alarm	146
23527	26	Port Input	2	932628	1282	3
23527	26	Response	3	932628	1282	3
23527	26	Port Input	2	933924	2577	8
23527	26	Response	3	933924	2577	8
23527	26	Port Input	2	935268	3922	4
23527	26	Response	3	935268	3922	4
23527	26	Port Input	2	936624	5278	3
23527	26	Response	3	936624	5278	3
23527	26	Port Input	2	937919	6573	3
23527	26	Response	3	937919	6573	3
23527	26	Port Input	2	939311	7964	4
23527	26	Response	3	939311	7964	4
23527	26	Port Input	2	940860	9514	3
23527	26	Response	3	940860	9514	3
23527	26	Port Input	2	942506	11160	4
23527	26	Response	3	942506	11160	4
23527	27	Nothing	19	962042	0	1			0		other	0
23527	28	Nothing	51	1009226	0	1			0		other	0
23527	28	Port Input	2	1012729	3503	4
23527	28	Response	3	1012729	3503	4
23527	29	Nothing	1000	1012743	0	1			0		other	0
23527	30	Nothing	62	1012850	0	1			0		other	0
23527	31	Nothing	101	1012964	0	1			0		false_alarm	169
23527	31	Port Input	2	1014190	1226	3
23527	31	Response	3	1014190	1226	3
23527	31	Port Input	2	1015528	2564	8
23527	31	Response	3	1015528	2564	8
23527	31	Port Input	2	1017044	4080	3
23527	31	Response	3	1017044	4080	3
23527	32	Nothing	19	1045492	0	1			0		other	0
23527	33	Nothing	52	1080758	0	1			0		other	0
23527	33	Port Input	2	1084320	3563	3
23527	33	Response	3	1084320	3563	3
23527	34	Nothing	1000	1084333	0	0			0		other	0
23527	35	Nothing	62	1084440	0	0			0		other	0
23527	36	Nothing	111	1084561	0	1			0		false_alarm	182
23527	36	Port Input	2	1085733	1173	3
23527	36	Response	3	1085733	1173	3
23527	36	Port Input	2	1086994	2433	4
23527	36	Response	3	1086994	2433	4
23527	36	Port Input	2	1088252	3692	3
23527	36	Response	3	1088252	3692	3
23527	36	Port Input	2	1089611	5050	4
23527	36	Response	3	1089611	5050	4
23527	36	Port Input	2	1090945	6384	3
23527	36	Response	3	1090945	6384	3
23527	36	Port Input	2	1092305	7744	4
23527	36	Response	3	1092305	7744	4
23527	36	Port Input	2	1093741	9180	5
23527	36	Response	3	1093741	9180	5
23527	36	Port Input	2	1095283	10722	4
23527	36	Response	3	1095283	10722	4
23527	36	Port Input	2	1096924	12364	4
23527	36	Response	3	1096924	12364	4
23527	36	Port Input	2	1098570	14010	3
23527	36	Response	3	1098570	14010	3
23527	37	Nothing	19	1117052	0	1			0		other	0
23527	38	Nothing	52	1142694	0	0			0		other	0
23527	39	Nothing	77	1162704	0	1			0		other	0
23527	40	Nothing	1000	1192710	0	1			0		other	0
23527	41	Nothing	19	1195066	0	1			0		other	0
23527	42	Nothing	51	1224054	0	0			0		other	0
23527	42	Port Input	2	1228062	4008	3
23527	42	Response	3	1228062	4008	3
23527	43	Nothing	1000	1228073	0	1			0		other	0
23527	44	Nothing	62	1228182	0	0			0		other	0
23527	45	Nothing	101	1228298	0	1			0		false_alarm	214
23527	45	Port Input	2	1229458	1160	4
23527	45	Port Input	2	1230991	2693	4
23527	45	Response	3	1230991	2693	4
23527	45	Port Input	2	1232356	4059	4
23527	45	Response	3	1232356	4059	4
23527	46	Nothing	19	1261120	0	1			0		other	0
23527	48	Nothing	52	1283208	0	0			0		other	0
23527	48	Port Input	2	1286658	3450	4
23527	48	Response	3	1286658	3450	4
23527	49	Nothing	1000	1286672	0	1			0		other	0
23527	50	Nothing	62	1286779	0	1			0		other	0
23527	51	Nothing	111	1286896	0	0			0		false_alarm	225
23527	51	Port Input	2	1288111	1215	4
23527	51	Response	3	1288111	1215	4
23527	51	Port Input	2	1289338	2442	4
23527	51	Response	3	1289338	2442	4
23527	51	Port Input	2	1290611	3715	4
23527	51	Response	3	1290611	3715	4
23527	51	Port Input	2	1291921	5025	4
23527	51	Response	3	1291921	5025	4
23527	51	Port Input	2	1293252	6356	4
23527	51	Response	3	1293252	6356	4
23527	51	Port Input	2	1294584	7687	5
23527	51	Response	3	1294584	7687	5
23527	51	Port Input	2	1295997	9101	3
23527	51	Response	3	1295997	9101	3
23527	51	Port Input	2	1297412	10516	3
23527	51	Response	3	1297412	10516	3
23527	51	Port Input	2	1298882	11986	4
23527	51	Response	3	1298882	11986	4
23527	51	Port Input	2	1311339	24443	4
23527	51	Port Input	2	1313203	26307	4
23527	51	Response	3	1313203	26307	4
23527	51	Port Input	2	1314605	27709	3
23527	51	Response	3	1314605	27709	3
23527	52	Nothing	19	1319551	0	1			0		other	0
23527	53	Nothing	51	1337997	0	0			0		other	0
23527	53	Port Input	2	1341535	3538	3
23527	53	Response	3	1341535	3538	3
23527	54	Nothing	1000	1341549	0	1			0		other	0
23527	55	Nothing	62	1341656	0	0			0		other	0
23527	56	Nothing	101	1341771	0	0			0		false_alarm	255
23527	56	Port Input	2	1343047	1276	4
23527	56	Response	3	1343047	1276	4
23527	56	Port Input	2	1344525	2754	3
23527	56	Response	3	1344525	2754	3
23527	57	Nothing	19	1374491	0	1			0		other	0
23527	58	Nothing	51	1423902	0	1			0		other	0
23527	58	Port Input	2	1427310	3408	3
23527	58	Response	3	1427310	3408	3
23527	59	Nothing	1000	1427321	0	1			0		other	0
23527	60	Nothing	62	1427427	0	1			0		other	0
23527	61	Nothing	101	1427542	0	1			0		false_alarm	266
23527	61	Port Input	2	1428594	1052	4
23527	61	Response	3	1428594	1052	4
23527	61	Port Input	2	1431667	4125	4
23527	61	Response	3	1431667	4125	4
23527	62	Nothing	19	1460087	0	1			0		other	0
23527	63	Nothing	51	1482411	0	1			0		other	0
23527	64	Nothing	77	1502421	0	1			0		other	0
23527	65	Nothing	1000	1532427	0	1			0		other	0
23527	66	Nothing	19	1534810	0	0			0		other	0
23527	67	Nothing	51	1547700	0	1			0		other	0
23527	68	Nothing	77	1567710	0	1			0		other	0
23527	69	Nothing	1000	1597717	0	1			0		other	0
23527	70	Nothing	19	1599982	0	1			0		other	0
23527	72	Nothing	51	1634240	0	1			0		other	0
23527	72	Port Input	2	1640763	6523	4
23527	73	Nothing	77	1654248	0	0			0		other	0
23527	74	Nothing	1000	1684255	0	1			0		other	0
23527	75	Nothing	19	1686526	0	1			0		other	0
23527	76	Nothing	51	1709984	0	1			0		other	0
23527	76	Port Input	2	1713535	3552	3
23527	76	Response	3	1713535	3552	3
23527	77	Nothing	1000	1713547	0	1			0		other	0
23527	78	Nothing	62	1713654	0	1			0		other	0
23527	79	Nothing	101	1713770	0	0			0		false_alarm	290
23527	79	Port Input	2	1715067	1297	5
23527	79	Response	3	1715067	1297	5
23527	80	Nothing	19	1746600	0	0			0		other	0
23527	81	Nothing	51	1777226	0	1			0		other	0
23527	81	Port Input	2	1783842	6616	4
23527	81	Response	3	1783842	6616	4
23527	81	Port Input	2	1783846	6619	4
23527	82	Nothing	1003	1783855	0	1			0		other	0
23527	83	Nothing	63	1783965	0	1			0		other	0
23527	84	Nothing	101	1784080	0	1			0		other	0
23527	85	Nothing	19	1816647	0	1			0		other	0
23527	86	Nothing	51	1844384	0	1			0		other	0
23527	86	Port Input	2	1849448	5064	4
23527	86	Response	3	1849448	5064	4
23527	87	Nothing	1000	1849464	0	1			0		other	0
23527	88	Nothing	62	1849571	0	1			0		other	0
23527	89	Nothing	101	1849686	0	1			0		false_alarm	307
23527	89	Port Input	2	1850883	1197	4
23527	89	Response	3	1850883	1197	4
23527	90	Nothing	19	1882261	0	1			0		other	0
23527	91	Nothing	51	1921273	0	0			0		other	0
23527	91	Port Input	2	1927921	6648	4
23527	91	Response	3	1927921	6648	4
23527	92	Nothing	1000	1927936	0	1			0		other	0
23527	93	Nothing	62	1928046	0	1			0		other	0
23527	94	Nothing	101	1928159	0	1			0		other	0
23527	95	Nothing	19	1960735	0	1			0		other	0
23527	97	Nothing	51	1982401	0	1			0		other	0
23527	97	Port Input	1	1989014	6613	4
23527	97	Port Input	1	1991800	9398	4
23527	97	Response	2	1991800	9398	4
23527	98	Nothing	1000	1991811	0	1			0		other	0
23527	99	Nothing	62	1991918	0	1			0		other	0
23527	100	Nothing	100	1992035	0	1			0		false_alarm	324
23527	100	Port Input	1	1999121	7086	3
23527	100	Response	2	1999121	7086	3
23527	100	Port Input	1	1999124	7089	3
23527	100	Port Input	1	2001503	9468	4
23527	100	Response	2	2001503	9468	4
23527	100	Port Input	1	2001506	9471	4
23527	100	Port Input	1	2002801	10766	4
23527	100	Response	2	2002801	10766	4
23527	100	Port Input	1	2004032	11997	3
23527	100	Response	2	2004032	11997	3
23527	100	Port Input	1	2005187	13152	4
23527	100	Response	2	2005187	13152	4
23527	100	Port Input	2	2006306	14271	3
23527	100	Response	3	2006306	14271	3
23527	100	Port Input	2	2007584	15549	3
23527	100	Response	3	2007584	15549	3
23527	100	Port Input	2	2008936	16901	4
23527	100	Response	3	2008936	16901	4
23527	100	Port Input	2	2012136	20101	3
23527	100	Response	3	2012136	20101	3
23527	101	Nothing	19	2024835	0	1			0		other	0
23527	101	Port Input	2	2043270	18435	4
23527	101	Port Input	2	2047789	22954	5
23527	101	Response	3	2047789	22954	5
23527	102	Nothing	19	2055973	0	0			0		other	0
23527	103	Nothing	51	2102410	0	1			0		other	0
23527	103	Port Input	2	2109623	7213	6
23527	103	Response	3	2109623	7213	6
23527	104	Nothing	1000	2109639	0	1			0		other	0
23527	105	Nothing	62	2109747	0	1			0		other	0
23527	106	Nothing	101	2109860	0	0			0		other	0
23527	107	Nothing	19	2142709	0	1			0		other	0
23527	108	Nothing	51	2153927	0	1			0		other	0
23527	109	Nothing	77	2173937	0	1			0		other	0
23527	109	Port Input	1	2196275	22338	5
23527	109	Response	2	2196275	22338	5
23527	109	Port Input	1	2196335	22398	4
23527	109	Port Input	1	2196340	22403	3
23527	109	Port Input	1	2196392	22455	4
23527	109	Port Input	1	2197297	23361	4
23527	109	Response	2	2197297	23361	4
23527	109	Port Input	1	2197440	23503	3
23527	109	Port Input	2	2197450	23514	3
23527	109	Port Input	1	2197525	23589	4
23527	109	Port Input	1	2198686	24749	4
23527	109	Response	2	2198686	24749	4
23527	109	Port Input	1	2198785	24848	4
23527	109	Port Input	2	2198934	24997	4
23527	109	Port Input	1	2200057	26121	3
23527	109	Response	2	2200057	26121	3
23527	109	Port Input	1	2200170	26233	3
23527	109	Port Input	2	2200352	26415	4
23527	109	Port Input	1	2201833	27897	3
23527	109	Response	2	2201833	27897	3
23527	109	Port Input	1	2203007	29070	3
23527	109	Port Input	1	2203122	29185	4
23527	109	Port Input	1	2203256	29319	3
23527	109	Port Input	1	2203319	29382	4
23527	109	Port Input	2	2203384	29447	4
23527	110	Nothing	1000	2203943	0	0			0		other	0
23527	110	Port Input	1	2204613	670	4
23527	110	Port Input	1	2204822	879	3
23527	110	Port Input	2	2204975	1032	3
23527	110	Response	3	2204975	1032	3
23527	111	Nothing	19	2206351	0	1			0		other	0
23527	111	Port Input	2	2206859	509	4
23527	111	Port Input	1	2208819	2468	3
23527	111	Port Input	1	2208825	2474	4
23527	111	Port Input	2	2208885	2535	4
23527	111	Response	3	2208885	2535	4
23527	111	Port Input	2	2208890	2540	4
23527	111	Port Input	2	2211074	4723	6
23527	111	Response	3	2211074	4723	6
23527	111	Port Input	1	2213331	6981	4
23527	111	Port Input	2	2213635	7285	3
23527	111	Port Input	1	2216499	10148	5
23527	111	Response	2	2216499	10148	5
23527	112	Nothing	19	2222665	0	1			0		other	0
23527	113	Nothing	51	2263230	0	1			0		other	0
23527	113	Port Input	2	2267049	3819	3
23527	113	Port Input	2	2267117	3887	4
23527	113	Port Input	2	2268482	5252	4
23527	113	Response	3	2268482	5252	4
23527	114	Nothing	1000	2268496	0	1			0		other	0
23527	115	Nothing	62	2268604	0	0			0		other	0
23527	116	Nothing	101	2268719	0	0			0		false_alarm	410
23527	116	Port Input	2	2269867	1149	4
23527	116	Response	3	2269867	1149	4
23527	116	Port Input	2	2271307	2589	4
23527	116	Response	3	2271307	2589	4
23527	116	Port Input	2	2271311	2593	3
23527	117	Nothing	19	2301670	0	1			0		other	0
23527	118	Nothing	51	2336169	0	0			0		other	0
23527	118	Port Input	2	2339878	3709	4
23527	118	Response	3	2339878	3709	4
23527	119	Nothing	1000	2339895	0	1			0		other	0
23527	120	Nothing	62	2340003	0	1			0		other	0
23527	121	Nothing	101	2340116	0	0			0		false_alarm	422
23527	121	Port Input	2	2341202	1086	3
23527	121	Response	3	2341202	1086	3
23527	121	Port Input	2	2341205	1089	3
23527	122	Nothing	19	2372811	0	1			0		other	0
23527	124	Nothing	51	2395176	0	1			0		other	0
23527	125	Nothing	77	2415184	0	0			0		other	0
23527	126	Nothing	1000	2445190	0	1			0		other	0
23527	127	Nothing	19	2447773	0	1			0		other	0
23527	128	Nothing	51	2493675	0	1			0		other	0
23527	129	Nothing	77	2513683	0	0			0		other	0
23527	130	Nothing	1000	2543689	0	1			0		other	0
23527	131	Nothing	19	2546008	0	1			0		other	0
23527	132	Nothing	51	2574750	0	1			0		other	0
23527	133	Nothing	77	2594760	0	1			0		other	0
23527	134	Nothing	1000	2624768	0	1			0		other	0
23527	135	Nothing	19	2627008	0	1			0		other	0
23527	136	Nothing	51	2645244	0	1			0		other	0
23527	137	Nothing	77	2665252	0	0			0		other	0
23527	138	Nothing	1000	2695257	0	1			0		other	0
23527	139	Nothing	19	2697680	0	0			0		other	0
23527	140	Nothing	51	2735796	0	1			0		other	0
23527	141	Nothing	77	2755806	0	1			0		other	0
23527	141	Port Input	1	2771257	15451	4
23527	141	Response	2	2771257	15451	4
23527	141	Port Input	1	2774182	18375	4
23527	141	Response	2	2774182	18375	4
23527	141	Port Input	1	2775703	19897	4
23527	141	Response	2	2775703	19897	4
23527	142	Nothing	1000	2785813	0	1			0		other	0
23527	143	Nothing	19	2788080	0	0			0		other	0
23527	145	Nothing	51	2799106	0	1			0		other	0
23527	146	Nothing	77	2819120	0	1			0		other	0
23527	147	Nothing	1000	2849126	0	0			0		other	0
23527	148	Nothing	19	2851392	0	1			0		other	0
23527	149	Nothing	51	2863515	0	1			0		other	0
23527	150	Nothing	77	2883525	0	1			0		other	0
23527	151	Nothing	1000	2913533	0	1			0		other	0
23527	152	Nothing	19	2915775	0	1			0		other	0
23527	153	Nothing	51	2940816	0	1			0		other	0
23527	154	Nothing	77	2960825	0	0			0		other	0
23527	155	Nothing	1000	2990831	0	0			0		other	0
23527	156	Nothing	19	2993064	0	1			0		other	0
23527	157	Nothing	51	3015228	0	1			0		other	0
23527	158	Nothing	77	3035242	0	1			0		other	0
23527	159	Nothing	1000	3065248	0	1			0		other	0
23527	160	Nothing	19	3067518	0	1			0		other	0
23527	160	Port Input	2	3098582	31064	4
23527	160	Response	3	3098582	31064	4
23527	160	Port Input	2	3100058	32540	3
23527	160	Response	3	3100058	32540	3
23527	160	Port Input	2	3100060	32542	4
23527	161	Nothing	19	3105286	0	0			0		other	0
23527	162	Nothing	51	3125723	0	1			0		other	0
23527	163	Nothing	77	3145731	0	1			0		other	0
23527	164	Nothing	1000	3175738	0	1			0		other	0
23527	165	Nothing	19	3178030	0	1			0		other	0
23527	167	Nothing	62	3189322	0	1			0		other	0
23527	168	Nothing	60	3199330	0	0			0		other	0
